<?xml version="1.0" encoding="UTF-8"?>
<!-- Generated by org.testng.reporters.JUnitXMLReporter -->
<testsuite hostname="SDEVPCSVU7112" name="Coupons - Testing" tests="1" failures="1" timestamp="19 Sep 2016 11:24:40 GMT" time="62.926" errors="0">
  <testcase name="couponPageFullLoad" time="31.605" classname="com.test.regression.cub.testscripts.Coupons">
    <failure type="java.lang.AssertionError" message="expected [193] but found [24]">
      <![CDATA[java.lang.AssertionError: expected [193] but found [24]
	at com.test.regression.cub.testscripts.Coupons.couponPageFullLoad(Coupons.java:342)
... Removed 29 stack frames]]>
    </failure>
  </testcase> <!-- couponPageFullLoad -->
</testsuite> <!-- Coupons - Testing -->
