<?xml version="1.0" encoding="UTF-8"?>
<!-- Generated by org.testng.reporters.JUnitXMLReporter -->
<testsuite hostname="SDEVPCSVU7112" name="Header Footer Navigation - Testing" tests="20" failures="0" timestamp="13 Jul 2016 09:50:33 GMT" time="734.92" errors="0">
  <testcase name="aboutUs" time="6.238" classname="com.test.regression.cub.testscripts.HeaderFooterNavigation"/>
  <testcase name="Careers" time="10.354" classname="com.test.regression.cub.testscripts.HeaderFooterNavigation"/>
  <testcase name="Recalls" time="6.499" classname="com.test.regression.cub.testscripts.HeaderFooterNavigation"/>
  <testcase name="PrivacyPolicy" time="6.23" classname="com.test.regression.cub.testscripts.HeaderFooterNavigation"/>
  <testcase name="TermsAndConditions" time="5.501" classname="com.test.regression.cub.testscripts.HeaderFooterNavigation"/>
  <testcase name="CustomerService" time="8.661" classname="com.test.regression.cub.testscripts.HeaderFooterNavigation"/>
  <testcase name="aboutUsSignedInUser" time="16.991" classname="com.test.regression.cub.testscripts.HeaderFooterNavigation"/>
  <testcase name="CareersSignedInUser" time="12.771" classname="com.test.regression.cub.testscripts.HeaderFooterNavigation"/>
  <testcase name="RecallsSignedInUser" time="16.919" classname="com.test.regression.cub.testscripts.HeaderFooterNavigation"/>
  <testcase name="PrivacyPolicySignedInUser" time="20.686" classname="com.test.regression.cub.testscripts.HeaderFooterNavigation"/>
  <testcase name="TermsAndConditionsSignedInUser" time="19.393" classname="com.test.regression.cub.testscripts.HeaderFooterNavigation"/>
  <testcase name="CustomerServiceSignedInUser" time="20.538" classname="com.test.regression.cub.testscripts.HeaderFooterNavigation"/>
  <testcase name="WeeklyAdTile" time="21.249" classname="com.test.regression.cub.testscripts.HeaderFooterNavigation"/>
  <testcase name="CouponTile" time="8.494" classname="com.test.regression.cub.testscripts.HeaderFooterNavigation"/>
  <testcase name="CakesandPartyTile" time="3.728" classname="com.test.regression.cub.testscripts.HeaderFooterNavigation"/>
  <testcase name="CubRewardsTile" time="5.907" classname="com.test.regression.cub.testscripts.HeaderFooterNavigation"/>
  <testcase name="WeeklyAdTileSignedInUser" time="37.76" classname="com.test.regression.cub.testscripts.HeaderFooterNavigation"/>
  <testcase name="CouponTileSignedInUser" time="19.386" classname="com.test.regression.cub.testscripts.HeaderFooterNavigation"/>
  <testcase name="CakesandPartyTileSignedInUser" time="17.569" classname="com.test.regression.cub.testscripts.HeaderFooterNavigation"/>
  <testcase name="CubRewardsTileSignedInUser" time="20.437" classname="com.test.regression.cub.testscripts.HeaderFooterNavigation"/>
</testsuite> <!-- Header Footer Navigation - Testing -->
