<?xml version="1.0" encoding="UTF-8"?>
<!-- Generated by org.testng.reporters.JUnitXMLReporter -->
<testsuite hostname="sdwvpctcs2813" name="My Account- Testing" tests="6" failures="0" timestamp="11 Jul 2016 10:50:57 GMT" time="215.373" errors="0">
  <testcase name="ChangePwdValid" time="36.897" classname="com.test.regression.cub.testscripts.MyAccount"/>
  <testcase name="ChangePwdWrongOldPwd" time="18.268" classname="com.test.regression.cub.testscripts.MyAccount"/>
  <testcase name="ChangePwdSpace" time="18.201" classname="com.test.regression.cub.testscripts.MyAccount"/>
  <testcase name="ChangePwdLengthyPwd" time="42.55" classname="com.test.regression.cub.testscripts.MyAccount"/>
  <testcase name="ChangePwdShortPwd" time="16.605" classname="com.test.regression.cub.testscripts.MyAccount"/>
  <testcase name="ChangePwdDifferentNewPwds" time="17.963" classname="com.test.regression.cub.testscripts.MyAccount"/>
</testsuite> <!-- My Account- Testing -->
