<?xml version="1.0" encoding="UTF-8"?>
<!-- Generated by org.testng.reporters.JUnitXMLReporter -->
<testsuite hostname="SDEVPCSVU7112" name="My Account- Testing" tests="1" failures="1" timestamp="20 Sep 2016 05:29:00 GMT" time="89.783" errors="0">
  <testcase name="ChngContInfoInvalidLastName" time="58.777" classname="com.test.regression.cub.testscripts.MyAccount">
    <failure type="java.lang.AssertionError" message="The following asserts failed:

 Failed for LastName with Special Characters, 
 Failed for LastName with Numbers">
      <![CDATA[java.lang.AssertionError: The following asserts failed:

 Failed for LastName with Special Characters, 
 Failed for LastName with Numbers
	at com.test.regression.cub.testscripts.MyAccount.ChngContInfoInvalidLastName(MyAccount.java:701)
... Removed 25 stack frames]]>
    </failure>
  </testcase> <!-- ChngContInfoInvalidLastName -->
</testsuite> <!-- My Account- Testing -->
