<?xml version="1.0" encoding="UTF-8"?>
<!-- Generated by org.testng.reporters.JUnitXMLReporter -->
<testsuite hostname="sdwvpctcs2813" name="My Account- Testing" tests="16" failures="0" timestamp="27 Jul 2016 11:49:18 GMT" time="9.569" errors="0">
  <testcase name="@BeforeMethod initialization" time="0.0" classname="com.test.regression.cub.testscripts.MyAccount">
    <failure type="org.openqa.selenium.WebDriverException" message="unknown error: cannot get automation extension
from chrome not reachable
  (Session info: chrome=51.0.2704.106)
  (Driver info: chromedriver=2.22.397933 (1cab651507b88dec79b2b2a22d1943c01833cc1b),platform=Windows NT 6.1.7601 SP1 x86_64) (WARNING: The server did not provide any stacktrace information)
Command duration or timeout: 4.11 seconds
Build info: version: &amp;apos;2.53.0&amp;apos;, revision: &amp;apos;35ae25b1534ae328c771e0856c93e187490ca824&amp;apos;, time: &amp;apos;2016-03-15 10:43:46&amp;apos;
System info: host: &amp;apos;sdwvpctcs2813&amp;apos;, ip: &amp;apos;10.15.11.210&amp;apos;, os.name: &amp;apos;Windows 7&amp;apos;, os.arch: &amp;apos;amd64&amp;apos;, os.version: &amp;apos;6.1&amp;apos;, java.version: &amp;apos;1.8.0_91&amp;apos;
Driver info: org.openqa.selenium.chrome.ChromeDriver
Capabilities [{applicationCacheEnabled=false, rotatable=false, mobileEmulationEnabled=false, chrome={chromedriverVersion=2.22.397933 (1cab651507b88dec79b2b2a22d1943c01833cc1b), userDataDir=C:\Users\hxdxa4\AppData\Local\Temp\scoped_dir7776_26500}, takesHeapSnapshot=true, databaseEnabled=false, handlesAlerts=true, hasTouchScreen=false, version=51.0.2704.106, platform=XP, browserConnectionEnabled=false, nativeEvents=true, acceptSslCerts=true, locationContextEnabled=true, webStorageEnabled=true, browserName=chrome, takesScreenshot=true, javascriptEnabled=true, cssSelectorsEnabled=true}]
Session ID: cbd421d1659796b05d3e422dbca84cb9">
      <![CDATA[org.openqa.selenium.WebDriverException: unknown error: cannot get automation extension
from chrome not reachable
  (Session info: chrome=51.0.2704.106)
  (Driver info: chromedriver=2.22.397933 (1cab651507b88dec79b2b2a22d1943c01833cc1b),platform=Windows NT 6.1.7601 SP1 x86_64) (WARNING: The server did not provide any stacktrace information)
Command duration or timeout: 4.11 seconds
Build info: version: '2.53.0', revision: '35ae25b1534ae328c771e0856c93e187490ca824', time: '2016-03-15 10:43:46'
System info: host: 'sdwvpctcs2813', ip: '10.15.11.210', os.name: 'Windows 7', os.arch: 'amd64', os.version: '6.1', java.version: '1.8.0_91'
Driver info: org.openqa.selenium.chrome.ChromeDriver
Capabilities [{applicationCacheEnabled=false, rotatable=false, mobileEmulationEnabled=false, chrome={chromedriverVersion=2.22.397933 (1cab651507b88dec79b2b2a22d1943c01833cc1b), userDataDir=C:\Users\hxdxa4\AppData\Local\Temp\scoped_dir7776_26500}, takesHeapSnapshot=true, databaseEnabled=false, handlesAlerts=true, hasTouchScreen=false, version=51.0.2704.106, platform=XP, browserConnectionEnabled=false, nativeEvents=true, acceptSslCerts=true, locationContextEnabled=true, webStorageEnabled=true, browserName=chrome, takesScreenshot=true, javascriptEnabled=true, cssSelectorsEnabled=true}]
Session ID: cbd421d1659796b05d3e422dbca84cb9
	at org.openqa.selenium.remote.ErrorHandler.createThrowable(ErrorHandler.java:206)
	at org.openqa.selenium.remote.ErrorHandler.throwIfResponseFailed(ErrorHandler.java:158)
	at org.openqa.selenium.remote.RemoteWebDriver.execute(RemoteWebDriver.java:678)
	at org.openqa.selenium.remote.RemoteWebDriver$RemoteWebDriverOptions$RemoteWindow.maximize(RemoteWebDriver.java:945)
	at com.test.regression.cub.utils.SuiteBase.InitializeDriver(SuiteBase.java:104)
	at com.test.regression.cub.utils.SuiteBase.initialization(SuiteBase.java:60)
... Removed 30 stack frames]]>
    </failure>
  </testcase> <!-- @BeforeMethod initialization -->
  <testcase name="@AfterMethod breakDown" time="0.0" classname="com.test.regression.cub.testscripts.MyAccount">
    <skipped/>
  </testcase> <!-- @AfterMethod breakDown -->
  <testcase name="@AfterMethod closeDriver" time="0.0" classname="com.test.regression.cub.testscripts.MyAccount">
    <skipped/>
  </testcase> <!-- @AfterMethod closeDriver -->
  <testcase name="@BeforeMethod initialization" time="0.0" classname="com.test.regression.cub.testscripts.MyAccount">
    <skipped/>
  </testcase> <!-- @BeforeMethod initialization -->
  <testcase name="@AfterMethod breakDown" time="0.0" classname="com.test.regression.cub.testscripts.MyAccount">
    <skipped/>
  </testcase> <!-- @AfterMethod breakDown -->
  <testcase name="@AfterMethod closeDriver" time="0.0" classname="com.test.regression.cub.testscripts.MyAccount">
    <skipped/>
  </testcase> <!-- @AfterMethod closeDriver -->
  <testcase name="@BeforeMethod initialization" time="0.0" classname="com.test.regression.cub.testscripts.MyAccount">
    <skipped/>
  </testcase> <!-- @BeforeMethod initialization -->
  <testcase name="@AfterMethod breakDown" time="0.0" classname="com.test.regression.cub.testscripts.MyAccount">
    <skipped/>
  </testcase> <!-- @AfterMethod breakDown -->
  <testcase name="@AfterMethod closeDriver" time="0.0" classname="com.test.regression.cub.testscripts.MyAccount">
    <skipped/>
  </testcase> <!-- @AfterMethod closeDriver -->
  <testcase name="@BeforeMethod initialization" time="0.0" classname="com.test.regression.cub.testscripts.MyAccount">
    <skipped/>
  </testcase> <!-- @BeforeMethod initialization -->
  <testcase name="@AfterMethod breakDown" time="0.0" classname="com.test.regression.cub.testscripts.MyAccount">
    <skipped/>
  </testcase> <!-- @AfterMethod breakDown -->
  <testcase name="@AfterMethod closeDriver" time="0.0" classname="com.test.regression.cub.testscripts.MyAccount">
    <skipped/>
  </testcase> <!-- @AfterMethod closeDriver -->
  <testcase name="@BeforeMethod initialization" time="0.0" classname="com.test.regression.cub.testscripts.MyAccount">
    <skipped/>
  </testcase> <!-- @BeforeMethod initialization -->
  <testcase name="@AfterMethod breakDown" time="0.0" classname="com.test.regression.cub.testscripts.MyAccount">
    <skipped/>
  </testcase> <!-- @AfterMethod breakDown -->
  <testcase name="@AfterMethod closeDriver" time="0.0" classname="com.test.regression.cub.testscripts.MyAccount">
    <skipped/>
  </testcase> <!-- @AfterMethod closeDriver -->
  <testcase name="@BeforeMethod initialization" time="0.0" classname="com.test.regression.cub.testscripts.MyAccount">
    <skipped/>
  </testcase> <!-- @BeforeMethod initialization -->
  <testcase name="@AfterMethod breakDown" time="0.0" classname="com.test.regression.cub.testscripts.MyAccount">
    <skipped/>
  </testcase> <!-- @AfterMethod breakDown -->
  <testcase name="@AfterMethod closeDriver" time="0.0" classname="com.test.regression.cub.testscripts.MyAccount">
    <skipped/>
  </testcase> <!-- @AfterMethod closeDriver -->
  <testcase name="@BeforeMethod initialization" time="0.0" classname="com.test.regression.cub.testscripts.MyAccount">
    <skipped/>
  </testcase> <!-- @BeforeMethod initialization -->
  <testcase name="@AfterMethod breakDown" time="0.0" classname="com.test.regression.cub.testscripts.MyAccount">
    <skipped/>
  </testcase> <!-- @AfterMethod breakDown -->
  <testcase name="@AfterMethod closeDriver" time="0.0" classname="com.test.regression.cub.testscripts.MyAccount">
    <skipped/>
  </testcase> <!-- @AfterMethod closeDriver -->
  <testcase name="@BeforeMethod initialization" time="0.0" classname="com.test.regression.cub.testscripts.MyAccount">
    <skipped/>
  </testcase> <!-- @BeforeMethod initialization -->
  <testcase name="@AfterMethod breakDown" time="0.0" classname="com.test.regression.cub.testscripts.MyAccount">
    <skipped/>
  </testcase> <!-- @AfterMethod breakDown -->
  <testcase name="@AfterMethod closeDriver" time="0.0" classname="com.test.regression.cub.testscripts.MyAccount">
    <skipped/>
  </testcase> <!-- @AfterMethod closeDriver -->
  <testcase name="@BeforeMethod initialization" time="0.0" classname="com.test.regression.cub.testscripts.MyAccount">
    <skipped/>
  </testcase> <!-- @BeforeMethod initialization -->
  <testcase name="@AfterMethod breakDown" time="0.0" classname="com.test.regression.cub.testscripts.MyAccount">
    <skipped/>
  </testcase> <!-- @AfterMethod breakDown -->
  <testcase name="@AfterMethod closeDriver" time="0.0" classname="com.test.regression.cub.testscripts.MyAccount">
    <skipped/>
  </testcase> <!-- @AfterMethod closeDriver -->
  <testcase name="@BeforeMethod initialization" time="0.0" classname="com.test.regression.cub.testscripts.MyAccount">
    <skipped/>
  </testcase> <!-- @BeforeMethod initialization -->
  <testcase name="@AfterMethod breakDown" time="0.0" classname="com.test.regression.cub.testscripts.MyAccount">
    <skipped/>
  </testcase> <!-- @AfterMethod breakDown -->
  <testcase name="@AfterMethod closeDriver" time="0.0" classname="com.test.regression.cub.testscripts.MyAccount">
    <skipped/>
  </testcase> <!-- @AfterMethod closeDriver -->
  <testcase name="@BeforeMethod initialization" time="0.0" classname="com.test.regression.cub.testscripts.MyAccount">
    <skipped/>
  </testcase> <!-- @BeforeMethod initialization -->
  <testcase name="@AfterMethod breakDown" time="0.0" classname="com.test.regression.cub.testscripts.MyAccount">
    <skipped/>
  </testcase> <!-- @AfterMethod breakDown -->
  <testcase name="@AfterMethod closeDriver" time="0.0" classname="com.test.regression.cub.testscripts.MyAccount">
    <skipped/>
  </testcase> <!-- @AfterMethod closeDriver -->
  <testcase name="@BeforeMethod initialization" time="0.0" classname="com.test.regression.cub.testscripts.MyAccount">
    <skipped/>
  </testcase> <!-- @BeforeMethod initialization -->
  <testcase name="@AfterMethod breakDown" time="0.0" classname="com.test.regression.cub.testscripts.MyAccount">
    <skipped/>
  </testcase> <!-- @AfterMethod breakDown -->
  <testcase name="@AfterMethod closeDriver" time="0.0" classname="com.test.regression.cub.testscripts.MyAccount">
    <skipped/>
  </testcase> <!-- @AfterMethod closeDriver -->
  <testcase name="@BeforeMethod initialization" time="0.0" classname="com.test.regression.cub.testscripts.MyAccount">
    <skipped/>
  </testcase> <!-- @BeforeMethod initialization -->
  <testcase name="@AfterMethod breakDown" time="0.0" classname="com.test.regression.cub.testscripts.MyAccount">
    <skipped/>
  </testcase> <!-- @AfterMethod breakDown -->
  <testcase name="@AfterMethod closeDriver" time="0.0" classname="com.test.regression.cub.testscripts.MyAccount">
    <skipped/>
  </testcase> <!-- @AfterMethod closeDriver -->
  <testcase name="@BeforeMethod initialization" time="0.0" classname="com.test.regression.cub.testscripts.MyAccount">
    <skipped/>
  </testcase> <!-- @BeforeMethod initialization -->
  <testcase name="@AfterMethod breakDown" time="0.0" classname="com.test.regression.cub.testscripts.MyAccount">
    <skipped/>
  </testcase> <!-- @AfterMethod breakDown -->
  <testcase name="@AfterMethod closeDriver" time="0.0" classname="com.test.regression.cub.testscripts.MyAccount">
    <skipped/>
  </testcase> <!-- @AfterMethod closeDriver -->
  <testcase name="@BeforeMethod initialization" time="0.0" classname="com.test.regression.cub.testscripts.MyAccount">
    <skipped/>
  </testcase> <!-- @BeforeMethod initialization -->
  <testcase name="@AfterMethod breakDown" time="0.0" classname="com.test.regression.cub.testscripts.MyAccount">
    <skipped/>
  </testcase> <!-- @AfterMethod breakDown -->
  <testcase name="@AfterMethod closeDriver" time="0.0" classname="com.test.regression.cub.testscripts.MyAccount">
    <skipped/>
  </testcase> <!-- @AfterMethod closeDriver -->
  <testcase name="@BeforeMethod initialization" time="0.0" classname="com.test.regression.cub.testscripts.MyAccount">
    <skipped/>
  </testcase> <!-- @BeforeMethod initialization -->
  <testcase name="@AfterMethod breakDown" time="0.0" classname="com.test.regression.cub.testscripts.MyAccount">
    <skipped/>
  </testcase> <!-- @AfterMethod breakDown -->
  <testcase name="@AfterMethod closeDriver" time="0.0" classname="com.test.regression.cub.testscripts.MyAccount">
    <skipped/>
  </testcase> <!-- @AfterMethod closeDriver -->
  <testcase name="ChngPwdValid" time="0.002" classname="com.test.regression.cub.testscripts.MyAccount">
    <skipped/>
  </testcase> <!-- ChngPwdValid -->
  <testcase name="ChngPwdWrongOldPwd" time="0.003" classname="com.test.regression.cub.testscripts.MyAccount">
    <skipped/>
  </testcase> <!-- ChngPwdWrongOldPwd -->
  <testcase name="ChngPwdSpace" time="0.007" classname="com.test.regression.cub.testscripts.MyAccount">
    <skipped/>
  </testcase> <!-- ChngPwdSpace -->
  <testcase name="ChngPwdLengthyPwd" time="0.002" classname="com.test.regression.cub.testscripts.MyAccount">
    <skipped/>
  </testcase> <!-- ChngPwdLengthyPwd -->
  <testcase name="ChngPwdShortPwd" time="0.001" classname="com.test.regression.cub.testscripts.MyAccount">
    <skipped/>
  </testcase> <!-- ChngPwdShortPwd -->
  <testcase name="ChngPwdDifferentNewPwds" time="0.0" classname="com.test.regression.cub.testscripts.MyAccount">
    <skipped/>
  </testcase> <!-- ChngPwdDifferentNewPwds -->
  <testcase name="ChngContInfoSuccessfully" time="0.001" classname="com.test.regression.cub.testscripts.MyAccount">
    <skipped/>
  </testcase> <!-- ChngContInfoSuccessfully -->
  <testcase name="ChngContInfoInvalidFirstName" time="0.112" classname="com.test.regression.cub.testscripts.MyAccount">
    <skipped/>
  </testcase> <!-- ChngContInfoInvalidFirstName -->
  <testcase name="ChngContInfoInvalidLastName" time="0.004" classname="com.test.regression.cub.testscripts.MyAccount">
    <skipped/>
  </testcase> <!-- ChngContInfoInvalidLastName -->
  <testcase name="ChngContInfoInvalidZIP" time="0.002" classname="com.test.regression.cub.testscripts.MyAccount">
    <skipped/>
  </testcase> <!-- ChngContInfoInvalidZIP -->
  <testcase name="ChngContInfoInvalidCity" time="0.026" classname="com.test.regression.cub.testscripts.MyAccount">
    <skipped/>
  </testcase> <!-- ChngContInfoInvalidCity -->
  <testcase name="ChngContInfoInvalidHomeNumber" time="0.001" classname="com.test.regression.cub.testscripts.MyAccount">
    <skipped/>
  </testcase> <!-- ChngContInfoInvalidHomeNumber -->
  <testcase name="ChngContInfoInvalidMobileNumber" time="0.003" classname="com.test.regression.cub.testscripts.MyAccount">
    <skipped/>
  </testcase> <!-- ChngContInfoInvalidMobileNumber -->
  <testcase name="ChngContInfoNullAddress" time="0.0" classname="com.test.regression.cub.testscripts.MyAccount">
    <skipped/>
  </testcase> <!-- ChngContInfoNullAddress -->
  <testcase name="ChngContInfoUsingEditLinkInPopUp" time="0.0" classname="com.test.regression.cub.testscripts.MyAccount">
    <skipped/>
  </testcase> <!-- ChngContInfoUsingEditLinkInPopUp -->
  <testcase name="PPLinkInUpdateContactInfoPopUp" time="0.001" classname="com.test.regression.cub.testscripts.MyAccount">
    <skipped/>
  </testcase> <!-- PPLinkInUpdateContactInfoPopUp -->
</testsuite> <!-- My Account- Testing -->
