<?xml version="1.0" encoding="UTF-8"?>
<!-- Generated by org.testng.reporters.JUnitXMLReporter -->
<testsuite hostname="SDEVPCSVU7112" name="My Account- Testing" tests="6" failures="1" timestamp="13 Jul 2016 09:56:09 GMT" time="334.855" errors="0">
  <testcase name="ChangePwdValid" time="52.533" classname="com.test.regression.cub.testscripts.MyAccount">
    <failure type="java.lang.AssertionError" message="unknown error: Element is not clickable at point (907, 87). Other element would receive the click: &amp;lt;div class=&amp;quot;ss-overlay&amp;quot; style=&amp;quot;display: block;&amp;quot;&amp;gt;&amp;lt;/div&amp;gt;
  (Session info: chrome=51.0.2704.103)
  (Driver info: chromedriver=2.22.397933 (1cab651507b88dec79b2b2a22d1943c01833cc1b),platform=Windows NT 6.1.7601 SP1 x86_64) (WARNING: The server did not provide any stacktrace information)
Command duration or timeout: 72 milliseconds
Build info: version: &amp;apos;2.53.0&amp;apos;, revision: &amp;apos;35ae25b1534ae328c771e0856c93e187490ca824&amp;apos;, time: &amp;apos;2016-03-15 10:43:46&amp;apos;
System info: host: &amp;apos;SDEVPCSVU7112&amp;apos;, ip: &amp;apos;10.15.142.48&amp;apos;, os.name: &amp;apos;Windows 7&amp;apos;, os.arch: &amp;apos;amd64&amp;apos;, os.version: &amp;apos;6.1&amp;apos;, java.version: &amp;apos;1.8.0_91&amp;apos;
Driver info: org.openqa.selenium.chrome.ChromeDriver
Capabilities [{applicationCacheEnabled=false, rotatable=false, mobileEmulationEnabled=false, chrome={chromedriverVersion=2.22.397933 (1cab651507b88dec79b2b2a22d1943c01833cc1b), userDataDir=C:\Users\jrag00m\AppData\Local\Temp\scoped_dir731536_22148}, takesHeapSnapshot=true, databaseEnabled=false, handlesAlerts=true, hasTouchScreen=false, version=51.0.2704.103, platform=XP, browserConnectionEnabled=false, nativeEvents=true, acceptSslCerts=true, locationContextEnabled=true, webStorageEnabled=true, browserName=chrome, takesScreenshot=true, javascriptEnabled=true, cssSelectorsEnabled=true}]
Session ID: 72f3b6e492cf64a6a0dcfaf613a41d02">
      <![CDATA[java.lang.AssertionError: unknown error: Element is not clickable at point (907, 87). Other element would receive the click: <div class="ss-overlay" style="display: block;"></div>
  (Session info: chrome=51.0.2704.103)
  (Driver info: chromedriver=2.22.397933 (1cab651507b88dec79b2b2a22d1943c01833cc1b),platform=Windows NT 6.1.7601 SP1 x86_64) (WARNING: The server did not provide any stacktrace information)
Command duration or timeout: 72 milliseconds
Build info: version: '2.53.0', revision: '35ae25b1534ae328c771e0856c93e187490ca824', time: '2016-03-15 10:43:46'
System info: host: 'SDEVPCSVU7112', ip: '10.15.142.48', os.name: 'Windows 7', os.arch: 'amd64', os.version: '6.1', java.version: '1.8.0_91'
Driver info: org.openqa.selenium.chrome.ChromeDriver
Capabilities [{applicationCacheEnabled=false, rotatable=false, mobileEmulationEnabled=false, chrome={chromedriverVersion=2.22.397933 (1cab651507b88dec79b2b2a22d1943c01833cc1b), userDataDir=C:\Users\jrag00m\AppData\Local\Temp\scoped_dir731536_22148}, takesHeapSnapshot=true, databaseEnabled=false, handlesAlerts=true, hasTouchScreen=false, version=51.0.2704.103, platform=XP, browserConnectionEnabled=false, nativeEvents=true, acceptSslCerts=true, locationContextEnabled=true, webStorageEnabled=true, browserName=chrome, takesScreenshot=true, javascriptEnabled=true, cssSelectorsEnabled=true}]
Session ID: 72f3b6e492cf64a6a0dcfaf613a41d02
	at com.test.regression.cub.testscripts.MyAccount.ChangePwdValid(MyAccount.java:105)
... Removed 25 stack frames]]>
    </failure>
  </testcase> <!-- ChangePwdValid -->
  <testcase name="ChangePwdWrongOldPwd" time="21.602" classname="com.test.regression.cub.testscripts.MyAccount"/>
  <testcase name="ChangePwdSpace" time="28.664" classname="com.test.regression.cub.testscripts.MyAccount"/>
  <testcase name="ChangePwdLengthyPwd" time="68.107" classname="com.test.regression.cub.testscripts.MyAccount"/>
  <testcase name="ChangePwdShortPwd" time="20.551" classname="com.test.regression.cub.testscripts.MyAccount"/>
  <testcase name="ChangePwdDifferentNewPwds" time="21.589" classname="com.test.regression.cub.testscripts.MyAccount"/>
</testsuite> <!-- My Account- Testing -->
