<?xml version="1.0" encoding="UTF-8"?>
<!-- Generated by org.testng.reporters.JUnitXMLReporter -->
<testsuite hostname="SDEVPCSVU7112" name="Shopping List - Testing" tests="3" failures="0" timestamp="26 Sep 2016 06:19:14 GMT" time="1208.024" errors="0">
  <testcase name="slOtherPagesWidget" time="344.848" classname="com.test.regression.cub.testscripts.ShoppingLists"/>
  <testcase name="AddnEditItemsInShoppingList" time="414.969" classname="com.test.regression.cub.testscripts.ShoppingLists"/>
  <testcase name="addMoreThan1SL" time="173.521" classname="com.test.regression.cub.testscripts.ShoppingLists"/>
</testsuite> <!-- Shopping List - Testing -->
