<?xml version="1.0" encoding="UTF-8"?>
<!-- Generated by org.testng.reporters.JUnitXMLReporter -->
<testsuite hostname="SDEVPCSVU7112" name="Shopping List - Testing" tests="3" failures="0" timestamp="19 Sep 2016 05:34:14 GMT" time="416.752" errors="0">
  <testcase name="slOtherPagesWidget" time="112.019" classname="com.test.regression.cub.testscripts.ShoppingLists"/>
  <testcase name="AddnEditItemsInShoppingList" time="168.67" classname="com.test.regression.cub.testscripts.ShoppingLists"/>
  <testcase name="addMoreThan1SL" time="81.416" classname="com.test.regression.cub.testscripts.ShoppingLists"/>
</testsuite> <!-- Shopping List - Testing -->
