<?xml version="1.0" encoding="UTF-8"?>
<!-- Generated by org.testng.reporters.JUnitXMLReporter -->
<testsuite hostname="SDEVPCSVU7112" name="Sign Up - Testing" tests="1" failures="1" timestamp="19 Sep 2016 07:02:51 GMT" time="54.231" errors="0">
  <testcase name="userNameNPasswordFieldValidationSignUp" time="26.148" classname="com.test.regression.cub.testscripts.SignUp">
    <failure type="java.lang.AssertionError" message="no such element: Unable to locate element: {&amp;quot;method&amp;quot;:&amp;quot;xpath&amp;quot;,&amp;quot;selector&amp;quot;:&amp;quot;//p[text()=&amp;apos; This looks like an invalid email address.&amp;apos;]&amp;quot;}
  (Session info: chrome=53.0.2785.116)
  (Driver info: chromedriver=2.23.409699 (49b0fa931cda1caad0ae15b7d1b68004acd05129),platform=Windows NT 6.1.7601 SP1 x86_64) (WARNING: The server did not provide any stacktrace information)
Command duration or timeout: 20.02 seconds
For documentation on this error, please visit: http://seleniumhq.org/exceptions/no_such_element.html
Build info: version: &amp;apos;2.53.0&amp;apos;, revision: &amp;apos;35ae25b1534ae328c771e0856c93e187490ca824&amp;apos;, time: &amp;apos;2016-03-15 10:43:46&amp;apos;
System info: host: &amp;apos;SDEVPCSVU7112&amp;apos;, ip: &amp;apos;10.15.142.48&amp;apos;, os.name: &amp;apos;Windows 7&amp;apos;, os.arch: &amp;apos;amd64&amp;apos;, os.version: &amp;apos;6.1&amp;apos;, java.version: &amp;apos;1.8.0_91&amp;apos;
Driver info: org.openqa.selenium.chrome.ChromeDriver
Capabilities [{applicationCacheEnabled=false, rotatable=false, mobileEmulationEnabled=false, networkConnectionEnabled=false, chrome={chromedriverVersion=2.23.409699 (49b0fa931cda1caad0ae15b7d1b68004acd05129), userDataDir=C:\Users\jrag00m\AppData\Local\Temp\scoped_dir459392_9506}, takesHeapSnapshot=true, databaseEnabled=false, handlesAlerts=true, hasTouchScreen=false, version=53.0.2785.116, platform=XP, browserConnectionEnabled=false, nativeEvents=true, acceptSslCerts=true, locationContextEnabled=true, webStorageEnabled=true, browserName=chrome, takesScreenshot=true, javascriptEnabled=true, cssSelectorsEnabled=true}]
Session ID: 466b60b5eefaaa6e2a6053c855d3a8f9
*** Element info: {Using=xpath, value=//p[text()=&amp;apos; This looks like an invalid email address.&amp;apos;]}">
      <![CDATA[java.lang.AssertionError: no such element: Unable to locate element: {"method":"xpath","selector":"//p[text()=' This looks like an invalid email address.']"}
  (Session info: chrome=53.0.2785.116)
  (Driver info: chromedriver=2.23.409699 (49b0fa931cda1caad0ae15b7d1b68004acd05129),platform=Windows NT 6.1.7601 SP1 x86_64) (WARNING: The server did not provide any stacktrace information)
Command duration or timeout: 20.02 seconds
For documentation on this error, please visit: http://seleniumhq.org/exceptions/no_such_element.html
Build info: version: '2.53.0', revision: '35ae25b1534ae328c771e0856c93e187490ca824', time: '2016-03-15 10:43:46'
System info: host: 'SDEVPCSVU7112', ip: '10.15.142.48', os.name: 'Windows 7', os.arch: 'amd64', os.version: '6.1', java.version: '1.8.0_91'
Driver info: org.openqa.selenium.chrome.ChromeDriver
Capabilities [{applicationCacheEnabled=false, rotatable=false, mobileEmulationEnabled=false, networkConnectionEnabled=false, chrome={chromedriverVersion=2.23.409699 (49b0fa931cda1caad0ae15b7d1b68004acd05129), userDataDir=C:\Users\jrag00m\AppData\Local\Temp\scoped_dir459392_9506}, takesHeapSnapshot=true, databaseEnabled=false, handlesAlerts=true, hasTouchScreen=false, version=53.0.2785.116, platform=XP, browserConnectionEnabled=false, nativeEvents=true, acceptSslCerts=true, locationContextEnabled=true, webStorageEnabled=true, browserName=chrome, takesScreenshot=true, javascriptEnabled=true, cssSelectorsEnabled=true}]
Session ID: 466b60b5eefaaa6e2a6053c855d3a8f9
*** Element info: {Using=xpath, value=//p[text()=' This looks like an invalid email address.']}
	at com.test.regression.cub.testscripts.SignUp.userNameNPasswordFieldValidationSignUp(SignUp.java:286)
... Removed 25 stack frames]]>
    </failure>
  </testcase> <!-- userNameNPasswordFieldValidationSignUp -->
</testsuite> <!-- Sign Up - Testing -->
