<?xml version="1.0" encoding="UTF-8"?>
<!-- Generated by org.testng.reporters.JUnitXMLReporter -->
<testsuite hostname="SDEVPCSVU7112" name="Sign In - Testing" tests="7" failures="0" timestamp="26 Sep 2016 05:45:01 GMT" time="576.081" errors="0">
  <testcase name="forgotPassword" time="17.147" classname="com.test.regression.cub.testscripts.SignIn"/>
  <testcase name="validLogin" time="43.535" classname="com.test.regression.cub.testscripts.SignIn"/>
  <testcase name="inValidLogin" time="14.323" classname="com.test.regression.cub.testscripts.SignIn"/>
  <testcase name="userNameNPasswordFieldValidation" time="28.975" classname="com.test.regression.cub.testscripts.SignIn"/>
  <testcase name="validLoginFromShoppingListPage" time="97.86" classname="com.test.regression.cub.testscripts.SignIn"/>
  <testcase name="validLoginFromCouponsPage" time="67.363" classname="com.test.regression.cub.testscripts.SignIn"/>
  <testcase name="validateSignUpLinkInSignInPopup" time="2.258" classname="com.test.regression.cub.testscripts.SignIn"/>
</testsuite> <!-- Sign In - Testing -->
