<html xmlns:math="http://exslt.org/math" xmlns:testng="http://testng.org">
   <head>
      <title>TestNG Results</title>
      <meta http-equiv="content-type" content="text/html; charset=utf-8"></meta>
      <meta http-equiv="pragma" content="no-cache"></meta>
      <meta http-equiv="cache-control" content="max-age=0"></meta>
      <meta http-equiv="cache-control" content="no-cache"></meta>
      <meta http-equiv="cache-control" content="no-store"></meta>
      <LINK rel="stylesheet" href="style.css"></LINK>
      <script type="text/javascript" src="main.js"></script>
   </head>
   <body>
      <table width="100%" style="font-size: 16px; margin-bottom: 10px;" cellspacing="1">
         <tr>
            <td width="100%">
               Test case
               
               <b>Shopping Lists - Testing</b>
            </td>
            <td style="background-color: #FFBBBB; padding: 3px 3px 3px 0;" align="center">
               <div style="width: 50px;">1</div>
            </td>
            <td style="background-color: lightgreen; padding: 3px 3px 3px 0;" align="center">
               <div style="width: 50px;">4</div>
            </td>
            <td style="background-color: #FFFFBB; padding: 3px 3px 3px 0;" align="center">
               <div style="width: 50px;">0</div>
            </td>
            <td align="center" style="background-color: #eaf0f7; padding: 3px 3px 3px 0;">
               <div style="width: 50px;">5</div>
            </td>
            <td align="center"
                style="font-weight: bold; background-color: #eaf0f7; padding: 3px 3px 3px 0;">
               <div style="width: 50px;">80%</div>
            </td>
            <td style="background-color: #eaf0f7; padding: 3px 3px 3px 0;" align="center"
                nowrap="true">6m
               32s
               
            </td>
         </tr>
      </table>
      <div style="width: 200px;">
         <label for="groupMethodsCheckBox" style="font-weight: bold; margin: 0;">
            <input id="groupMethodsCheckBox" type="checkbox" onclick="switchTestMethodsView(this)"
                   checked=""></input>
            Group by class
            
         </label>
         <br></br>
         <label for="methodsFilter_ALL" style="font-weight: bold; margin: 0;">
            <input id="methodsFilter_ALL" type="checkbox"
                   onclick="testMethodsFilterChanged(this, 'ALL')"
                   checked=""></input>
            All
            
         </label>
      </div>
      <label for="methodsFilter_FAIL" style="margin-left: 20px;">
         <input id="methodsFilter_FAIL" type="checkbox"
                onclick="testMethodsFilterChanged(this, 'FAIL')"
                checked=""></input>
         Failed
         
      </label>
      <label for="methodsFilter_PASS">
         <input id="methodsFilter_PASS" type="checkbox"
                onclick="testMethodsFilterChanged(this, 'PASS')"
                checked=""></input>
         Passed
         
      </label>
      <label for="methodsFilter_SKIP">
         <input id="methodsFilter_SKIP" type="checkbox"
                onclick="testMethodsFilterChanged(this, 'SKIP')"
                checked=""></input>
         Skipped
         
      </label>
      <label for="methodsFilter_CONF">
         <input id="methodsFilter_CONF" type="checkbox"
                onclick="testMethodsFilterChanged(this, 'CONF')"
                checked=""></input>
         Config
         
      </label>
      <br></br>
      <div id="testMethodsByStatus" style="display: none;">
         <table class="testMethodsTable" cellpadding="0" cellspacing="0">
            <tr class="methodsTableHeader">
               <td width="100%">Name</td>
               <td nowrap="true">Started</td>
               <td nowrap="true">Duration</td>
               <td>Exception</td>
            </tr>
            <tr id="com.test.regression.cub.shoppingLists_Tests_deleteItemFromSL_byStatus_failed_FAIL1_row"
                class="testMethodStatusFAIL">
               <td width="100%" class="firstMethodCell">
                  <a onclick="toggleDetailsVisibility('com.test.regression.cub.shoppingLists_Tests_deleteItemFromSL_byStatus_failed_FAIL1_details')">deleteItemFromSL()</a>
               </td>
               <td nowrap="true">15:31:02</td>
               <td nowrap="true" align="right">55s
                  
               </td>
               <td nowrap="true">
                  <a onclick="toggleDetailsVisibility('com.test.regression.cub.shoppingLists_Tests_deleteItemFromSL_byStatus_failed_FAIL1_exception')">org.openqa.selenium.TimeoutException: 
                     Timed out after 10 seconds waiting for visibility of Proxy element for: DefaultElementLocator 'By.xpath: //button[text()='Create
                     a new list']'
                     Build info: version: '2.53.0', revision: '35ae25b1534ae328c771e0856c93e187490ca824', time: '2016-03-15 10:43:46'
                     System info: host: 'sdwvpctcs2813', ip: '10.15.11.210', os.name: 'Windows 7', os.arch: 'amd64', os.version: '6.1', java.version:
                     '1.8.0_91'
                     Driver info: org.openqa.selenium.chrome.ChromeDriver
                     Capabilities [{applicationCacheEnabled=false, rotatable=false, mobileEmulationEnabled=false, chrome={chromedriverVersion=2.22.397933
                     (1cab651507b88dec79b2b2a22d1943c01833cc1b), userDataDir=C:\Users\hxdxa4\AppData\Local\Temp\scoped_dir4552_32465}, takesHeapSnapshot=true,
                     databaseEnabled=false, handlesAlerts=true, hasTouchScreen=false, version=51.0.2704.106, platform=XP, browserConnectionEnabled=false,
                     nativeEvents=true, acceptSslCerts=true, locationContextEnabled=true, webStorageEnabled=true, browserName=chrome, takesScreenshot=true,
                     javascriptEnabled=true, cssSelectorsEnabled=true}]
                     Session ID: de5cee75b8864b936666fc31496b008b
                     
                  </a>
                   
                  
               </td>
            </tr>
            <tr>
               <td colspan="4" class="detailsBox">
                  <div id="com.test.regression.cub.shoppingLists_Tests_deleteItemFromSL_byStatus_failed_FAIL1_details"
                       class="testMethodDetails">
                     <div>
                        <b>Name: </b>deleteItemFromSL
                     </div>
                     <div>
                        <b>Signature: </b>deleteItemFromSL()[pri:0, instance:com.test.regression.cub.shoppingLists_Tests@6f1fba17]
                     </div>
                     <div>
                        <b>Start time: </b>15:31:02
                     </div>
                     <div>
                        <b>End time: </b>15:31:58
                     </div>
                     <div>
                        <b>Duration: </b>55s
                        
                     </div>
                  </div>
               </td>
            </tr>
            <tr>
               <td colspan="4" class="detailsBox">
                  <div id="com.test.regression.cub.shoppingLists_Tests_deleteItemFromSL_byStatus_failed_FAIL1_exception"
                       class="testMethodDetails">
                     <pre style="padding: 5px; margin: 0;">org.openqa.selenium.TimeoutException: Timed out after 10 seconds waiting for visibility of Proxy element for: DefaultElementLocator
                        'By.xpath: //button[text()='Create a new list']'
                        Build info: version: '2.53.0', revision: '35ae25b1534ae328c771e0856c93e187490ca824', time: '2016-03-15 10:43:46'
                        System info: host: 'sdwvpctcs2813', ip: '10.15.11.210', os.name: 'Windows 7', os.arch: 'amd64', os.version: '6.1', java.version:
                        '1.8.0_91'
                        Driver info: org.openqa.selenium.chrome.ChromeDriver
                        Capabilities [{applicationCacheEnabled=false, rotatable=false, mobileEmulationEnabled=false, chrome={chromedriverVersion=2.22.397933
                        (1cab651507b88dec79b2b2a22d1943c01833cc1b), userDataDir=C:\Users\hxdxa4\AppData\Local\Temp\scoped_dir4552_32465}, takesHeapSnapshot=true,
                        databaseEnabled=false, handlesAlerts=true, hasTouchScreen=false, version=51.0.2704.106, platform=XP, browserConnectionEnabled=false,
                        nativeEvents=true, acceptSslCerts=true, locationContextEnabled=true, webStorageEnabled=true, browserName=chrome, takesScreenshot=true,
                        javascriptEnabled=true, cssSelectorsEnabled=true}]
                        Session ID: de5cee75b8864b936666fc31496b008b
                        	at org.openqa.selenium.support.ui.WebDriverWait.timeoutException(WebDriverWait.java:80)
                        	at org.openqa.selenium.support.ui.FluentWait.until(FluentWait.java:261)
                        	at com.test.regression.cub.utils.SuiteBase.waitFor(SuiteBase.java:111)
                        	at com.test.regression.cub.utils.SuiteBase.waitFor(SuiteBase.java:115)
                        	at com.test.regression.cub.pages.ShoppingList.addNewShoppingList(ShoppingList.java:65)
                        	at com.test.regression.cub.shoppingLists_Tests.deleteItemFromSL(shoppingLists_Tests.java:169)
                        	at sun.reflect.NativeMethodAccessorImpl.invoke0(Native Method)
                        	at sun.reflect.NativeMethodAccessorImpl.invoke(Unknown Source)
                        	at sun.reflect.DelegatingMethodAccessorImpl.invoke(Unknown Source)
                        	at java.lang.reflect.Method.invoke(Unknown Source)
                        	at org.testng.internal.MethodInvocationHelper.invokeMethod(MethodInvocationHelper.java:80)
                        	at org.testng.internal.Invoker.invokeMethod(Invoker.java:714)
                        	at org.testng.internal.Invoker.invokeTestMethod(Invoker.java:901)
                        	at org.testng.internal.Invoker.invokeTestMethods(Invoker.java:1231)
                        	at org.testng.internal.TestMethodWorker.invokeTestMethods(TestMethodWorker.java:127)
                        	at org.testng.internal.TestMethodWorker.run(TestMethodWorker.java:111)
                        	at org.testng.TestRunner.privateRun(TestRunner.java:767)
                        	at org.testng.TestRunner.run(TestRunner.java:617)
                        	at org.testng.SuiteRunner.runTest(SuiteRunner.java:334)
                        	at org.testng.SuiteRunner.runSequentially(SuiteRunner.java:329)
                        	at org.testng.SuiteRunner.privateRun(SuiteRunner.java:291)
                        	at org.testng.SuiteRunner.run(SuiteRunner.java:240)
                        	at org.testng.SuiteRunnerWorker.runSuite(SuiteRunnerWorker.java:52)
                        	at org.testng.SuiteRunnerWorker.run(SuiteRunnerWorker.java:86)
                        	at org.testng.TestNG.runSuitesSequentially(TestNG.java:1198)
                        	at org.testng.TestNG.runSuitesLocally(TestNG.java:1123)
                        	at org.testng.TestNG.run(TestNG.java:1031)
                        	at org.testng.remote.AbstractRemoteTestNG.run(AbstractRemoteTestNG.java:126)
                        	at org.testng.remote.RemoteTestNG.initAndRun(RemoteTestNG.java:137)
                        	at org.testng.remote.RemoteTestNG.main(RemoteTestNG.java:58)
                        Caused by: org.openqa.selenium.NoSuchElementException: no such element: Unable to locate element: {"method":"xpath","selector":"//button[text()='Create
                        a new list']"}
                        (Session info: chrome=51.0.2704.106)
                        (Driver info: chromedriver=2.22.397933 (1cab651507b88dec79b2b2a22d1943c01833cc1b),platform=Windows NT 6.1.7601 SP1 x86_64)
                        (WARNING: The server did not provide any stacktrace information)
                        Command duration or timeout: 20.78 seconds
                        For documentation on this error, please visit: http://seleniumhq.org/exceptions/no_such_element.html
                        Build info: version: '2.53.0', revision: '35ae25b1534ae328c771e0856c93e187490ca824', time: '2016-03-15 10:43:46'
                        System info: host: 'sdwvpctcs2813', ip: '10.15.11.210', os.name: 'Windows 7', os.arch: 'amd64', os.version: '6.1', java.version:
                        '1.8.0_91'
                        Driver info: org.openqa.selenium.chrome.ChromeDriver
                        Capabilities [{applicationCacheEnabled=false, rotatable=false, mobileEmulationEnabled=false, chrome={chromedriverVersion=2.22.397933
                        (1cab651507b88dec79b2b2a22d1943c01833cc1b), userDataDir=C:\Users\hxdxa4\AppData\Local\Temp\scoped_dir4552_32465}, takesHeapSnapshot=true,
                        databaseEnabled=false, handlesAlerts=true, hasTouchScreen=false, version=51.0.2704.106, platform=XP, browserConnectionEnabled=false,
                        nativeEvents=true, acceptSslCerts=true, locationContextEnabled=true, webStorageEnabled=true, browserName=chrome, takesScreenshot=true,
                        javascriptEnabled=true, cssSelectorsEnabled=true}]
                        Session ID: de5cee75b8864b936666fc31496b008b
                        *** Element info: {Using=xpath, value=//button[text()='Create a new list']}
                        	at sun.reflect.NativeConstructorAccessorImpl.newInstance0(Native Method)
                        	at sun.reflect.NativeConstructorAccessorImpl.newInstance(Unknown Source)
                        	at sun.reflect.DelegatingConstructorAccessorImpl.newInstance(Unknown Source)
                        	at java.lang.reflect.Constructor.newInstance(Unknown Source)
                        	at org.openqa.selenium.remote.ErrorHandler.createThrowable(ErrorHandler.java:206)
                        	at org.openqa.selenium.remote.ErrorHandler.throwIfResponseFailed(ErrorHandler.java:158)
                        	at org.openqa.selenium.remote.RemoteWebDriver.execute(RemoteWebDriver.java:678)
                        	at org.openqa.selenium.remote.RemoteWebDriver.findElement(RemoteWebDriver.java:363)
                        	at org.openqa.selenium.remote.RemoteWebDriver.findElementByXPath(RemoteWebDriver.java:500)
                        	at org.openqa.selenium.By$ByXPath.findElement(By.java:361)
                        	at org.openqa.selenium.remote.RemoteWebDriver.findElement(RemoteWebDriver.java:355)
                        	at org.openqa.selenium.support.pagefactory.DefaultElementLocator.findElement(DefaultElementLocator.java:69)
                        	at org.openqa.selenium.support.pagefactory.internal.LocatingElementHandler.invoke(LocatingElementHandler.java:38)
                        	at com.sun.proxy.$Proxy7.isDisplayed(Unknown Source)
                        	at org.openqa.selenium.support.ui.ExpectedConditions.elementIfVisible(ExpectedConditions.java:302)
                        	at org.openqa.selenium.support.ui.ExpectedConditions.access$100(ExpectedConditions.java:41)
                        	at org.openqa.selenium.support.ui.ExpectedConditions$10.apply(ExpectedConditions.java:288)
                        	at org.openqa.selenium.support.ui.ExpectedConditions$10.apply(ExpectedConditions.java:285)
                        	at org.openqa.selenium.support.ui.FluentWait.until(FluentWait.java:238)
                        	... 28 more
                     </pre>
                  </div>
               </td>
            </tr>
            <tr id="com.test.regression.cub.shoppingLists_Tests_startExtent_byStatus_passed_PASS1_row"
                class="testMethodStatusPASS testMethodStatusCONF">
               <td width="100%" class="firstMethodCell">
                  <a onclick="toggleDetailsVisibility('com.test.regression.cub.shoppingLists_Tests_startExtent_byStatus_passed_PASS1_details')">startExtent(public void com.test.regression.cub.shoppingLists_Tests.createShoppingList() throws java.lang.InterruptedException,java.io.IOException,javax.xml.xpath.XPathExpressionException,javax.xml.parsers.ParserConfigurationException,org.xml.sax.SAXException)</a>
               </td>
               <td nowrap="true">15:29:31</td>
               <td nowrap="true" align="right">18s
                  
               </td>
               <td nowrap="true">
                   
                  
               </td>
            </tr>
            <tr>
               <td colspan="4" class="detailsBox">
                  <div id="com.test.regression.cub.shoppingLists_Tests_startExtent_byStatus_passed_PASS1_details"
                       class="testMethodDetails">
                     <div>
                        <b>Name: </b>startExtent
                     </div>
                     <div>
                        <b>Signature: </b>startExtent(java.lang.reflect.Method)[pri:0, instance:com.test.regression.cub.shoppingLists_Tests@6f1fba17]
                     </div>
                     <div>
                        <b>Parameters: </b>
                        
                        public void com.test.regression.cub.shoppingLists_Tests.createShoppingList() throws java.lang.InterruptedException,java.io.IOException,javax.xml.xpath.XPathExpressionException,javax.xml.parsers.ParserConfigurationException,org.xml.sax.SAXException
                        
                        
                     </div>
                     <div>
                        <b>Start time: </b>15:29:31
                     </div>
                     <div>
                        <b>End time: </b>15:29:50
                     </div>
                     <div>
                        <b>Duration: </b>18s
                        
                     </div>
                  </div>
               </td>
            </tr>
            <tr></tr>
            <tr id="com.test.regression.cub.shoppingLists_Tests_createShoppingList_byStatus_passed_PASS2_row"
                class="testMethodStatusPASS">
               <td width="100%" class="firstMethodCell">
                  <a onclick="toggleDetailsVisibility('com.test.regression.cub.shoppingLists_Tests_createShoppingList_byStatus_passed_PASS2_details')">createShoppingList()</a>
               </td>
               <td nowrap="true">15:29:50</td>
               <td nowrap="true" align="right">51s
                  
               </td>
               <td nowrap="true">
                   
                  
               </td>
            </tr>
            <tr>
               <td colspan="4" class="detailsBox">
                  <div id="com.test.regression.cub.shoppingLists_Tests_createShoppingList_byStatus_passed_PASS2_details"
                       class="testMethodDetails">
                     <div>
                        <b>Name: </b>createShoppingList
                     </div>
                     <div>
                        <b>Signature: </b>createShoppingList()[pri:0, instance:com.test.regression.cub.shoppingLists_Tests@6f1fba17]
                     </div>
                     <div>
                        <b>Start time: </b>15:29:50
                     </div>
                     <div>
                        <b>End time: </b>15:30:42
                     </div>
                     <div>
                        <b>Duration: </b>51s
                        
                     </div>
                  </div>
               </td>
            </tr>
            <tr></tr>
            <tr id="com.test.regression.cub.shoppingLists_Tests_breakDown_byStatus_passed_PASS3_row"
                class="testMethodStatusPASS testMethodStatusCONF">
               <td width="100%" class="firstMethodCell">
                  <a onclick="toggleDetailsVisibility('com.test.regression.cub.shoppingLists_Tests_breakDown_byStatus_passed_PASS3_details')">breakDown([TestResult name=createShoppingList status=SUCCESS method=shoppingLists_Tests.createShoppingList()[pri:0, instance:com.test.regression.cub.shoppingLists_Tests@6f1fba17]
                     output={null}])
                  </a>
               </td>
               <td nowrap="true">15:30:42</td>
               <td nowrap="true" align="right">1s
                  
               </td>
               <td nowrap="true">
                   
                  
               </td>
            </tr>
            <tr>
               <td colspan="4" class="detailsBox">
                  <div id="com.test.regression.cub.shoppingLists_Tests_breakDown_byStatus_passed_PASS3_details"
                       class="testMethodDetails">
                     <div>
                        <b>Name: </b>breakDown
                     </div>
                     <div>
                        <b>Signature: </b>breakDown(org.testng.ITestResult)[pri:0, instance:com.test.regression.cub.shoppingLists_Tests@6f1fba17]
                     </div>
                     <div>
                        <b>Parameters: </b>
                        
                        [TestResult name=createShoppingList status=SUCCESS method=shoppingLists_Tests.createShoppingList()[pri:0, instance:com.test.regression.cub.shoppingLists_Tests@6f1fba17]
                        output={null}]
                        
                        
                     </div>
                     <div>
                        <b>Start time: </b>15:30:42
                     </div>
                     <div>
                        <b>End time: </b>15:30:44
                     </div>
                     <div>
                        <b>Duration: </b>1s
                        
                     </div>
                  </div>
               </td>
            </tr>
            <tr></tr>
            <tr id="com.test.regression.cub.shoppingLists_Tests_closeDriver_byStatus_passed_PASS4_row"
                class="testMethodStatusPASS testMethodStatusCONF">
               <td width="100%" class="firstMethodCell">
                  <a onclick="toggleDetailsVisibility('com.test.regression.cub.shoppingLists_Tests_closeDriver_byStatus_passed_PASS4_details')">closeDriver()</a>
               </td>
               <td nowrap="true">15:30:44</td>
               <td nowrap="true" align="right">2s
                  
               </td>
               <td nowrap="true">
                   
                  
               </td>
            </tr>
            <tr>
               <td colspan="4" class="detailsBox">
                  <div id="com.test.regression.cub.shoppingLists_Tests_closeDriver_byStatus_passed_PASS4_details"
                       class="testMethodDetails">
                     <div>
                        <b>Name: </b>closeDriver
                     </div>
                     <div>
                        <b>Signature: </b>closeDriver()[pri:0, instance:com.test.regression.cub.shoppingLists_Tests@6f1fba17]
                     </div>
                     <div>
                        <b>Start time: </b>15:30:44
                     </div>
                     <div>
                        <b>End time: </b>15:30:46
                     </div>
                     <div>
                        <b>Duration: </b>2s
                        
                     </div>
                  </div>
               </td>
            </tr>
            <tr></tr>
            <tr id="com.test.regression.cub.shoppingLists_Tests_startExtent_byStatus_passed_PASS5_row"
                class="testMethodStatusPASS testMethodStatusCONF">
               <td width="100%" class="firstMethodCell">
                  <a onclick="toggleDetailsVisibility('com.test.regression.cub.shoppingLists_Tests_startExtent_byStatus_passed_PASS5_details')">startExtent(public void com.test.regression.cub.shoppingLists_Tests.deleteItemFromSL() throws java.lang.InterruptedException,java.io.IOException,javax.xml.xpath.XPathExpressionException,javax.xml.parsers.ParserConfigurationException,org.xml.sax.SAXException)</a>
               </td>
               <td nowrap="true">15:30:46</td>
               <td nowrap="true" align="right">16s
                  
               </td>
               <td nowrap="true">
                   
                  
               </td>
            </tr>
            <tr>
               <td colspan="4" class="detailsBox">
                  <div id="com.test.regression.cub.shoppingLists_Tests_startExtent_byStatus_passed_PASS5_details"
                       class="testMethodDetails">
                     <div>
                        <b>Name: </b>startExtent
                     </div>
                     <div>
                        <b>Signature: </b>startExtent(java.lang.reflect.Method)[pri:0, instance:com.test.regression.cub.shoppingLists_Tests@6f1fba17]
                     </div>
                     <div>
                        <b>Parameters: </b>
                        
                        public void com.test.regression.cub.shoppingLists_Tests.deleteItemFromSL() throws java.lang.InterruptedException,java.io.IOException,javax.xml.xpath.XPathExpressionException,javax.xml.parsers.ParserConfigurationException,org.xml.sax.SAXException
                        
                        
                     </div>
                     <div>
                        <b>Start time: </b>15:30:46
                     </div>
                     <div>
                        <b>End time: </b>15:31:02
                     </div>
                     <div>
                        <b>Duration: </b>16s
                        
                     </div>
                  </div>
               </td>
            </tr>
            <tr></tr>
            <tr id="com.test.regression.cub.shoppingLists_Tests_breakDown_byStatus_passed_PASS6_row"
                class="testMethodStatusPASS testMethodStatusCONF">
               <td width="100%" class="firstMethodCell">
                  <a onclick="toggleDetailsVisibility('com.test.regression.cub.shoppingLists_Tests_breakDown_byStatus_passed_PASS6_details')">breakDown([TestResult name=deleteItemFromSL status=FAILURE method=shoppingLists_Tests.deleteItemFromSL()[pri:0, instance:com.test.regression.cub.shoppingLists_Tests@6f1fba17]
                     output={null}])
                  </a>
               </td>
               <td nowrap="true">15:31:58</td>
               <td nowrap="true" align="right">514 ms
                  
               </td>
               <td nowrap="true">
                   
                  
               </td>
            </tr>
            <tr>
               <td colspan="4" class="detailsBox">
                  <div id="com.test.regression.cub.shoppingLists_Tests_breakDown_byStatus_passed_PASS6_details"
                       class="testMethodDetails">
                     <div>
                        <b>Name: </b>breakDown
                     </div>
                     <div>
                        <b>Signature: </b>breakDown(org.testng.ITestResult)[pri:0, instance:com.test.regression.cub.shoppingLists_Tests@6f1fba17]
                     </div>
                     <div>
                        <b>Parameters: </b>
                        
                        [TestResult name=deleteItemFromSL status=FAILURE method=shoppingLists_Tests.deleteItemFromSL()[pri:0, instance:com.test.regression.cub.shoppingLists_Tests@6f1fba17]
                        output={null}]
                        
                        
                     </div>
                     <div>
                        <b>Start time: </b>15:31:58
                     </div>
                     <div>
                        <b>End time: </b>15:31:58
                     </div>
                     <div>
                        <b>Duration: </b>514 ms
                        
                     </div>
                  </div>
               </td>
            </tr>
            <tr></tr>
            <tr id="com.test.regression.cub.shoppingLists_Tests_closeDriver_byStatus_passed_PASS7_row"
                class="testMethodStatusPASS testMethodStatusCONF">
               <td width="100%" class="firstMethodCell">
                  <a onclick="toggleDetailsVisibility('com.test.regression.cub.shoppingLists_Tests_closeDriver_byStatus_passed_PASS7_details')">closeDriver()</a>
               </td>
               <td nowrap="true">15:31:58</td>
               <td nowrap="true" align="right">2s
                  
               </td>
               <td nowrap="true">
                   
                  
               </td>
            </tr>
            <tr>
               <td colspan="4" class="detailsBox">
                  <div id="com.test.regression.cub.shoppingLists_Tests_closeDriver_byStatus_passed_PASS7_details"
                       class="testMethodDetails">
                     <div>
                        <b>Name: </b>closeDriver
                     </div>
                     <div>
                        <b>Signature: </b>closeDriver()[pri:0, instance:com.test.regression.cub.shoppingLists_Tests@6f1fba17]
                     </div>
                     <div>
                        <b>Start time: </b>15:31:58
                     </div>
                     <div>
                        <b>End time: </b>15:32:00
                     </div>
                     <div>
                        <b>Duration: </b>2s
                        
                     </div>
                  </div>
               </td>
            </tr>
            <tr></tr>
            <tr id="com.test.regression.cub.shoppingLists_Tests_startExtent_byStatus_passed_PASS8_row"
                class="testMethodStatusPASS testMethodStatusCONF">
               <td width="100%" class="firstMethodCell">
                  <a onclick="toggleDetailsVisibility('com.test.regression.cub.shoppingLists_Tests_startExtent_byStatus_passed_PASS8_details')">startExtent(public void com.test.regression.cub.shoppingLists_Tests.testClearList() throws java.lang.InterruptedException,java.io.IOException,javax.xml.xpath.XPathExpressionException,javax.xml.parsers.ParserConfigurationException,org.xml.sax.SAXException)</a>
               </td>
               <td nowrap="true">15:32:00</td>
               <td nowrap="true" align="right">15s
                  
               </td>
               <td nowrap="true">
                   
                  
               </td>
            </tr>
            <tr>
               <td colspan="4" class="detailsBox">
                  <div id="com.test.regression.cub.shoppingLists_Tests_startExtent_byStatus_passed_PASS8_details"
                       class="testMethodDetails">
                     <div>
                        <b>Name: </b>startExtent
                     </div>
                     <div>
                        <b>Signature: </b>startExtent(java.lang.reflect.Method)[pri:0, instance:com.test.regression.cub.shoppingLists_Tests@6f1fba17]
                     </div>
                     <div>
                        <b>Parameters: </b>
                        
                        public void com.test.regression.cub.shoppingLists_Tests.testClearList() throws java.lang.InterruptedException,java.io.IOException,javax.xml.xpath.XPathExpressionException,javax.xml.parsers.ParserConfigurationException,org.xml.sax.SAXException
                        
                        
                     </div>
                     <div>
                        <b>Start time: </b>15:32:00
                     </div>
                     <div>
                        <b>End time: </b>15:32:16
                     </div>
                     <div>
                        <b>Duration: </b>15s
                        
                     </div>
                  </div>
               </td>
            </tr>
            <tr></tr>
            <tr id="com.test.regression.cub.shoppingLists_Tests_testClearList_byStatus_passed_PASS9_row"
                class="testMethodStatusPASS">
               <td width="100%" class="firstMethodCell">
                  <a onclick="toggleDetailsVisibility('com.test.regression.cub.shoppingLists_Tests_testClearList_byStatus_passed_PASS9_details')">testClearList()</a>
               </td>
               <td nowrap="true">15:32:16</td>
               <td nowrap="true" align="right">1m
                  26s
                  
               </td>
               <td nowrap="true">
                   
                  
               </td>
            </tr>
            <tr>
               <td colspan="4" class="detailsBox">
                  <div id="com.test.regression.cub.shoppingLists_Tests_testClearList_byStatus_passed_PASS9_details"
                       class="testMethodDetails">
                     <div>
                        <b>Name: </b>testClearList
                     </div>
                     <div>
                        <b>Signature: </b>testClearList()[pri:0, instance:com.test.regression.cub.shoppingLists_Tests@6f1fba17]
                     </div>
                     <div>
                        <b>Start time: </b>15:32:16
                     </div>
                     <div>
                        <b>End time: </b>15:33:43
                     </div>
                     <div>
                        <b>Duration: </b>1m
                        26s
                        
                     </div>
                  </div>
               </td>
            </tr>
            <tr></tr>
            <tr id="com.test.regression.cub.shoppingLists_Tests_breakDown_byStatus_passed_PASS10_row"
                class="testMethodStatusPASS testMethodStatusCONF">
               <td width="100%" class="firstMethodCell">
                  <a onclick="toggleDetailsVisibility('com.test.regression.cub.shoppingLists_Tests_breakDown_byStatus_passed_PASS10_details')">breakDown([TestResult name=testClearList status=SUCCESS method=shoppingLists_Tests.testClearList()[pri:0, instance:com.test.regression.cub.shoppingLists_Tests@6f1fba17]
                     output={null}])
                  </a>
               </td>
               <td nowrap="true">15:33:43</td>
               <td nowrap="true" align="right">301 ms
                  
               </td>
               <td nowrap="true">
                   
                  
               </td>
            </tr>
            <tr>
               <td colspan="4" class="detailsBox">
                  <div id="com.test.regression.cub.shoppingLists_Tests_breakDown_byStatus_passed_PASS10_details"
                       class="testMethodDetails">
                     <div>
                        <b>Name: </b>breakDown
                     </div>
                     <div>
                        <b>Signature: </b>breakDown(org.testng.ITestResult)[pri:0, instance:com.test.regression.cub.shoppingLists_Tests@6f1fba17]
                     </div>
                     <div>
                        <b>Parameters: </b>
                        
                        [TestResult name=testClearList status=SUCCESS method=shoppingLists_Tests.testClearList()[pri:0, instance:com.test.regression.cub.shoppingLists_Tests@6f1fba17]
                        output={null}]
                        
                        
                     </div>
                     <div>
                        <b>Start time: </b>15:33:43
                     </div>
                     <div>
                        <b>End time: </b>15:33:43
                     </div>
                     <div>
                        <b>Duration: </b>301 ms
                        
                     </div>
                  </div>
               </td>
            </tr>
            <tr></tr>
            <tr id="com.test.regression.cub.shoppingLists_Tests_closeDriver_byStatus_passed_PASS11_row"
                class="testMethodStatusPASS testMethodStatusCONF">
               <td width="100%" class="firstMethodCell">
                  <a onclick="toggleDetailsVisibility('com.test.regression.cub.shoppingLists_Tests_closeDriver_byStatus_passed_PASS11_details')">closeDriver()</a>
               </td>
               <td nowrap="true">15:33:43</td>
               <td nowrap="true" align="right">1s
                  
               </td>
               <td nowrap="true">
                   
                  
               </td>
            </tr>
            <tr>
               <td colspan="4" class="detailsBox">
                  <div id="com.test.regression.cub.shoppingLists_Tests_closeDriver_byStatus_passed_PASS11_details"
                       class="testMethodDetails">
                     <div>
                        <b>Name: </b>closeDriver
                     </div>
                     <div>
                        <b>Signature: </b>closeDriver()[pri:0, instance:com.test.regression.cub.shoppingLists_Tests@6f1fba17]
                     </div>
                     <div>
                        <b>Start time: </b>15:33:43
                     </div>
                     <div>
                        <b>End time: </b>15:33:45
                     </div>
                     <div>
                        <b>Duration: </b>1s
                        
                     </div>
                  </div>
               </td>
            </tr>
            <tr></tr>
            <tr id="com.test.regression.cub.shoppingLists_Tests_startExtent_byStatus_passed_PASS12_row"
                class="testMethodStatusPASS testMethodStatusCONF">
               <td width="100%" class="firstMethodCell">
                  <a onclick="toggleDetailsVisibility('com.test.regression.cub.shoppingLists_Tests_startExtent_byStatus_passed_PASS12_details')">startExtent(public void com.test.regression.cub.shoppingLists_Tests.AddItems2ShoppingList() throws java.lang.InterruptedException,java.io.IOException,javax.xml.xpath.XPathExpressionException,javax.xml.parsers.ParserConfigurationException,org.xml.sax.SAXException)</a>
               </td>
               <td nowrap="true">15:33:45</td>
               <td nowrap="true" align="right">10s
                  
               </td>
               <td nowrap="true">
                   
                  
               </td>
            </tr>
            <tr>
               <td colspan="4" class="detailsBox">
                  <div id="com.test.regression.cub.shoppingLists_Tests_startExtent_byStatus_passed_PASS12_details"
                       class="testMethodDetails">
                     <div>
                        <b>Name: </b>startExtent
                     </div>
                     <div>
                        <b>Signature: </b>startExtent(java.lang.reflect.Method)[pri:0, instance:com.test.regression.cub.shoppingLists_Tests@6f1fba17]
                     </div>
                     <div>
                        <b>Parameters: </b>
                        
                        public void com.test.regression.cub.shoppingLists_Tests.AddItems2ShoppingList() throws java.lang.InterruptedException,java.io.IOException,javax.xml.xpath.XPathExpressionException,javax.xml.parsers.ParserConfigurationException,org.xml.sax.SAXException
                        
                        
                     </div>
                     <div>
                        <b>Start time: </b>15:33:45
                     </div>
                     <div>
                        <b>End time: </b>15:33:56
                     </div>
                     <div>
                        <b>Duration: </b>10s
                        
                     </div>
                  </div>
               </td>
            </tr>
            <tr></tr>
            <tr id="com.test.regression.cub.shoppingLists_Tests_AddItems2ShoppingList_byStatus_passed_PASS13_row"
                class="testMethodStatusPASS">
               <td width="100%" class="firstMethodCell">
                  <a onclick="toggleDetailsVisibility('com.test.regression.cub.shoppingLists_Tests_AddItems2ShoppingList_byStatus_passed_PASS13_details')">AddItems2ShoppingList()</a>
               </td>
               <td nowrap="true">15:33:56</td>
               <td nowrap="true" align="right">54s
                  
               </td>
               <td nowrap="true">
                   
                  
               </td>
            </tr>
            <tr>
               <td colspan="4" class="detailsBox">
                  <div id="com.test.regression.cub.shoppingLists_Tests_AddItems2ShoppingList_byStatus_passed_PASS13_details"
                       class="testMethodDetails">
                     <div>
                        <b>Name: </b>AddItems2ShoppingList
                     </div>
                     <div>
                        <b>Signature: </b>AddItems2ShoppingList()[pri:0, instance:com.test.regression.cub.shoppingLists_Tests@6f1fba17]
                     </div>
                     <div>
                        <b>Start time: </b>15:33:56
                     </div>
                     <div>
                        <b>End time: </b>15:34:50
                     </div>
                     <div>
                        <b>Duration: </b>54s
                        
                     </div>
                  </div>
               </td>
            </tr>
            <tr></tr>
            <tr id="com.test.regression.cub.shoppingLists_Tests_breakDown_byStatus_passed_PASS14_row"
                class="testMethodStatusPASS testMethodStatusCONF">
               <td width="100%" class="firstMethodCell">
                  <a onclick="toggleDetailsVisibility('com.test.regression.cub.shoppingLists_Tests_breakDown_byStatus_passed_PASS14_details')">breakDown([TestResult name=AddItems2ShoppingList status=SUCCESS method=shoppingLists_Tests.AddItems2ShoppingList()[pri:0,
                     instance:com.test.regression.cub.shoppingLists_Tests@6f1fba17] output={null}])
                  </a>
               </td>
               <td nowrap="true">15:34:50</td>
               <td nowrap="true" align="right">464 ms
                  
               </td>
               <td nowrap="true">
                   
                  
               </td>
            </tr>
            <tr>
               <td colspan="4" class="detailsBox">
                  <div id="com.test.regression.cub.shoppingLists_Tests_breakDown_byStatus_passed_PASS14_details"
                       class="testMethodDetails">
                     <div>
                        <b>Name: </b>breakDown
                     </div>
                     <div>
                        <b>Signature: </b>breakDown(org.testng.ITestResult)[pri:0, instance:com.test.regression.cub.shoppingLists_Tests@6f1fba17]
                     </div>
                     <div>
                        <b>Parameters: </b>
                        
                        [TestResult name=AddItems2ShoppingList status=SUCCESS method=shoppingLists_Tests.AddItems2ShoppingList()[pri:0, instance:com.test.regression.cub.shoppingLists_Tests@6f1fba17]
                        output={null}]
                        
                        
                     </div>
                     <div>
                        <b>Start time: </b>15:34:50
                     </div>
                     <div>
                        <b>End time: </b>15:34:50
                     </div>
                     <div>
                        <b>Duration: </b>464 ms
                        
                     </div>
                  </div>
               </td>
            </tr>
            <tr></tr>
            <tr id="com.test.regression.cub.shoppingLists_Tests_closeDriver_byStatus_passed_PASS15_row"
                class="testMethodStatusPASS testMethodStatusCONF">
               <td width="100%" class="firstMethodCell">
                  <a onclick="toggleDetailsVisibility('com.test.regression.cub.shoppingLists_Tests_closeDriver_byStatus_passed_PASS15_details')">closeDriver()</a>
               </td>
               <td nowrap="true">15:34:50</td>
               <td nowrap="true" align="right">3s
                  
               </td>
               <td nowrap="true">
                   
                  
               </td>
            </tr>
            <tr>
               <td colspan="4" class="detailsBox">
                  <div id="com.test.regression.cub.shoppingLists_Tests_closeDriver_byStatus_passed_PASS15_details"
                       class="testMethodDetails">
                     <div>
                        <b>Name: </b>closeDriver
                     </div>
                     <div>
                        <b>Signature: </b>closeDriver()[pri:0, instance:com.test.regression.cub.shoppingLists_Tests@6f1fba17]
                     </div>
                     <div>
                        <b>Start time: </b>15:34:50
                     </div>
                     <div>
                        <b>End time: </b>15:34:54
                     </div>
                     <div>
                        <b>Duration: </b>3s
                        
                     </div>
                  </div>
               </td>
            </tr>
            <tr></tr>
            <tr id="com.test.regression.cub.shoppingLists_Tests_startExtent_byStatus_passed_PASS16_row"
                class="testMethodStatusPASS testMethodStatusCONF">
               <td width="100%" class="firstMethodCell">
                  <a onclick="toggleDetailsVisibility('com.test.regression.cub.shoppingLists_Tests_startExtent_byStatus_passed_PASS16_details')">startExtent(public void com.test.regression.cub.shoppingLists_Tests.AddnEditItemsInShoppingList() throws java.lang.InterruptedException,java.io.IOException,javax.xml.xpath.XPathExpressionException,javax.xml.parsers.ParserConfigurationException,org.xml.sax.SAXException)</a>
               </td>
               <td nowrap="true">15:34:54</td>
               <td nowrap="true" align="right">13s
                  
               </td>
               <td nowrap="true">
                   
                  
               </td>
            </tr>
            <tr>
               <td colspan="4" class="detailsBox">
                  <div id="com.test.regression.cub.shoppingLists_Tests_startExtent_byStatus_passed_PASS16_details"
                       class="testMethodDetails">
                     <div>
                        <b>Name: </b>startExtent
                     </div>
                     <div>
                        <b>Signature: </b>startExtent(java.lang.reflect.Method)[pri:0, instance:com.test.regression.cub.shoppingLists_Tests@6f1fba17]
                     </div>
                     <div>
                        <b>Parameters: </b>
                        
                        public void com.test.regression.cub.shoppingLists_Tests.AddnEditItemsInShoppingList() throws java.lang.InterruptedException,java.io.IOException,javax.xml.xpath.XPathExpressionException,javax.xml.parsers.ParserConfigurationException,org.xml.sax.SAXException
                        
                        
                     </div>
                     <div>
                        <b>Start time: </b>15:34:54
                     </div>
                     <div>
                        <b>End time: </b>15:35:07
                     </div>
                     <div>
                        <b>Duration: </b>13s
                        
                     </div>
                  </div>
               </td>
            </tr>
            <tr></tr>
            <tr id="com.test.regression.cub.shoppingLists_Tests_AddnEditItemsInShoppingList_byStatus_passed_PASS17_row"
                class="testMethodStatusPASS">
               <td width="100%" class="firstMethodCell">
                  <a onclick="toggleDetailsVisibility('com.test.regression.cub.shoppingLists_Tests_AddnEditItemsInShoppingList_byStatus_passed_PASS17_details')">AddnEditItemsInShoppingList()</a>
               </td>
               <td nowrap="true">15:35:07</td>
               <td nowrap="true" align="right">54s
                  
               </td>
               <td nowrap="true">
                   
                  
               </td>
            </tr>
            <tr>
               <td colspan="4" class="detailsBox">
                  <div id="com.test.regression.cub.shoppingLists_Tests_AddnEditItemsInShoppingList_byStatus_passed_PASS17_details"
                       class="testMethodDetails">
                     <div>
                        <b>Name: </b>AddnEditItemsInShoppingList
                     </div>
                     <div>
                        <b>Signature: </b>AddnEditItemsInShoppingList()[pri:0, instance:com.test.regression.cub.shoppingLists_Tests@6f1fba17]
                     </div>
                     <div>
                        <b>Start time: </b>15:35:07
                     </div>
                     <div>
                        <b>End time: </b>15:36:02
                     </div>
                     <div>
                        <b>Duration: </b>54s
                        
                     </div>
                  </div>
               </td>
            </tr>
            <tr></tr>
            <tr id="com.test.regression.cub.shoppingLists_Tests_breakDown_byStatus_passed_PASS18_row"
                class="testMethodStatusPASS testMethodStatusCONF">
               <td width="100%" class="firstMethodCell">
                  <a onclick="toggleDetailsVisibility('com.test.regression.cub.shoppingLists_Tests_breakDown_byStatus_passed_PASS18_details')">breakDown([TestResult name=AddnEditItemsInShoppingList status=SUCCESS method=shoppingLists_Tests.AddnEditItemsInShoppingList()[pri:0,
                     instance:com.test.regression.cub.shoppingLists_Tests@6f1fba17] output={null}])
                  </a>
               </td>
               <td nowrap="true">15:36:02</td>
               <td nowrap="true" align="right">275 ms
                  
               </td>
               <td nowrap="true">
                   
                  
               </td>
            </tr>
            <tr>
               <td colspan="4" class="detailsBox">
                  <div id="com.test.regression.cub.shoppingLists_Tests_breakDown_byStatus_passed_PASS18_details"
                       class="testMethodDetails">
                     <div>
                        <b>Name: </b>breakDown
                     </div>
                     <div>
                        <b>Signature: </b>breakDown(org.testng.ITestResult)[pri:0, instance:com.test.regression.cub.shoppingLists_Tests@6f1fba17]
                     </div>
                     <div>
                        <b>Parameters: </b>
                        
                        [TestResult name=AddnEditItemsInShoppingList status=SUCCESS method=shoppingLists_Tests.AddnEditItemsInShoppingList()[pri:0,
                        instance:com.test.regression.cub.shoppingLists_Tests@6f1fba17] output={null}]
                        
                        
                     </div>
                     <div>
                        <b>Start time: </b>15:36:02
                     </div>
                     <div>
                        <b>End time: </b>15:36:02
                     </div>
                     <div>
                        <b>Duration: </b>275 ms
                        
                     </div>
                  </div>
               </td>
            </tr>
            <tr></tr>
            <tr id="com.test.regression.cub.shoppingLists_Tests_closeDriver_byStatus_passed_PASS19_row"
                class="testMethodStatusPASS testMethodStatusCONF">
               <td width="100%" class="firstMethodCell">
                  <a onclick="toggleDetailsVisibility('com.test.regression.cub.shoppingLists_Tests_closeDriver_byStatus_passed_PASS19_details')">closeDriver()</a>
               </td>
               <td nowrap="true">15:36:02</td>
               <td nowrap="true" align="right">1s
                  
               </td>
               <td nowrap="true">
                   
                  
               </td>
            </tr>
            <tr>
               <td colspan="4" class="detailsBox">
                  <div id="com.test.regression.cub.shoppingLists_Tests_closeDriver_byStatus_passed_PASS19_details"
                       class="testMethodDetails">
                     <div>
                        <b>Name: </b>closeDriver
                     </div>
                     <div>
                        <b>Signature: </b>closeDriver()[pri:0, instance:com.test.regression.cub.shoppingLists_Tests@6f1fba17]
                     </div>
                     <div>
                        <b>Start time: </b>15:36:02
                     </div>
                     <div>
                        <b>End time: </b>15:36:04
                     </div>
                     <div>
                        <b>Duration: </b>1s
                        
                     </div>
                  </div>
               </td>
            </tr>
            <tr></tr>
         </table>
      </div>
      <div id="testMethodsByClass">
         <table class="testMethodsTable" cellpadding="0" cellspacing="0">
            <tr>
               <td colspan="4">
                  <h3 style="display: inline;">com.test.regression.cub.shoppingLists_Tests</h3>
               </td>
            </tr>
            <tr class="methodsTableHeader">
               <td width="100%">Name</td>
               <td nowrap="true">Started</td>
               <td nowrap="true">Duration</td>
               <td>Exception</td>
            </tr>
            <tr id="com.test.regression.cub.shoppingLists_Tests_startExtent_byClass_PASS1_row"
                class="testMethodStatusPASS testMethodStatusCONF">
               <td width="100%" class="firstMethodCell">
                  <a onclick="toggleDetailsVisibility('com.test.regression.cub.shoppingLists_Tests_startExtent_byClass_PASS1_details')">startExtent(public void com.test.regression.cub.shoppingLists_Tests.createShoppingList() throws java.lang.InterruptedException,java.io.IOException,javax.xml.xpath.XPathExpressionException,javax.xml.parsers.ParserConfigurationException,org.xml.sax.SAXException)</a>
               </td>
               <td nowrap="true">15:29:31</td>
               <td nowrap="true" align="right">18s
                  
               </td>
               <td nowrap="true">
                   
                  
               </td>
            </tr>
            <tr>
               <td colspan="4" class="detailsBox">
                  <div id="com.test.regression.cub.shoppingLists_Tests_startExtent_byClass_PASS1_details"
                       class="testMethodDetails">
                     <div>
                        <b>Name: </b>startExtent
                     </div>
                     <div>
                        <b>Signature: </b>startExtent(java.lang.reflect.Method)[pri:0, instance:com.test.regression.cub.shoppingLists_Tests@6f1fba17]
                     </div>
                     <div>
                        <b>Parameters: </b>
                        
                        public void com.test.regression.cub.shoppingLists_Tests.createShoppingList() throws java.lang.InterruptedException,java.io.IOException,javax.xml.xpath.XPathExpressionException,javax.xml.parsers.ParserConfigurationException,org.xml.sax.SAXException
                        
                        
                     </div>
                     <div>
                        <b>Start time: </b>15:29:31
                     </div>
                     <div>
                        <b>End time: </b>15:29:50
                     </div>
                     <div>
                        <b>Duration: </b>18s
                        
                     </div>
                  </div>
               </td>
            </tr>
            <tr></tr>
            <tr id="com.test.regression.cub.shoppingLists_Tests_createShoppingList_byClass_PASS2_row"
                class="testMethodStatusPASS">
               <td width="100%" class="firstMethodCell">
                  <a onclick="toggleDetailsVisibility('com.test.regression.cub.shoppingLists_Tests_createShoppingList_byClass_PASS2_details')">createShoppingList()</a>
               </td>
               <td nowrap="true">15:29:50</td>
               <td nowrap="true" align="right">51s
                  
               </td>
               <td nowrap="true">
                   
                  
               </td>
            </tr>
            <tr>
               <td colspan="4" class="detailsBox">
                  <div id="com.test.regression.cub.shoppingLists_Tests_createShoppingList_byClass_PASS2_details"
                       class="testMethodDetails">
                     <div>
                        <b>Name: </b>createShoppingList
                     </div>
                     <div>
                        <b>Signature: </b>createShoppingList()[pri:0, instance:com.test.regression.cub.shoppingLists_Tests@6f1fba17]
                     </div>
                     <div>
                        <b>Start time: </b>15:29:50
                     </div>
                     <div>
                        <b>End time: </b>15:30:42
                     </div>
                     <div>
                        <b>Duration: </b>51s
                        
                     </div>
                  </div>
               </td>
            </tr>
            <tr></tr>
            <tr id="com.test.regression.cub.shoppingLists_Tests_breakDown_byClass_PASS3_row"
                class="testMethodStatusPASS testMethodStatusCONF">
               <td width="100%" class="firstMethodCell">
                  <a onclick="toggleDetailsVisibility('com.test.regression.cub.shoppingLists_Tests_breakDown_byClass_PASS3_details')">breakDown([TestResult name=createShoppingList status=SUCCESS method=shoppingLists_Tests.createShoppingList()[pri:0, instance:com.test.regression.cub.shoppingLists_Tests@6f1fba17]
                     output={null}])
                  </a>
               </td>
               <td nowrap="true">15:30:42</td>
               <td nowrap="true" align="right">1s
                  
               </td>
               <td nowrap="true">
                   
                  
               </td>
            </tr>
            <tr>
               <td colspan="4" class="detailsBox">
                  <div id="com.test.regression.cub.shoppingLists_Tests_breakDown_byClass_PASS3_details"
                       class="testMethodDetails">
                     <div>
                        <b>Name: </b>breakDown
                     </div>
                     <div>
                        <b>Signature: </b>breakDown(org.testng.ITestResult)[pri:0, instance:com.test.regression.cub.shoppingLists_Tests@6f1fba17]
                     </div>
                     <div>
                        <b>Parameters: </b>
                        
                        [TestResult name=createShoppingList status=SUCCESS method=shoppingLists_Tests.createShoppingList()[pri:0, instance:com.test.regression.cub.shoppingLists_Tests@6f1fba17]
                        output={null}]
                        
                        
                     </div>
                     <div>
                        <b>Start time: </b>15:30:42
                     </div>
                     <div>
                        <b>End time: </b>15:30:44
                     </div>
                     <div>
                        <b>Duration: </b>1s
                        
                     </div>
                  </div>
               </td>
            </tr>
            <tr></tr>
            <tr id="com.test.regression.cub.shoppingLists_Tests_closeDriver_byClass_PASS4_row"
                class="testMethodStatusPASS testMethodStatusCONF">
               <td width="100%" class="firstMethodCell">
                  <a onclick="toggleDetailsVisibility('com.test.regression.cub.shoppingLists_Tests_closeDriver_byClass_PASS4_details')">closeDriver()</a>
               </td>
               <td nowrap="true">15:30:44</td>
               <td nowrap="true" align="right">2s
                  
               </td>
               <td nowrap="true">
                   
                  
               </td>
            </tr>
            <tr>
               <td colspan="4" class="detailsBox">
                  <div id="com.test.regression.cub.shoppingLists_Tests_closeDriver_byClass_PASS4_details"
                       class="testMethodDetails">
                     <div>
                        <b>Name: </b>closeDriver
                     </div>
                     <div>
                        <b>Signature: </b>closeDriver()[pri:0, instance:com.test.regression.cub.shoppingLists_Tests@6f1fba17]
                     </div>
                     <div>
                        <b>Start time: </b>15:30:44
                     </div>
                     <div>
                        <b>End time: </b>15:30:46
                     </div>
                     <div>
                        <b>Duration: </b>2s
                        
                     </div>
                  </div>
               </td>
            </tr>
            <tr></tr>
            <tr id="com.test.regression.cub.shoppingLists_Tests_startExtent_byClass_PASS5_row"
                class="testMethodStatusPASS testMethodStatusCONF">
               <td width="100%" class="firstMethodCell">
                  <a onclick="toggleDetailsVisibility('com.test.regression.cub.shoppingLists_Tests_startExtent_byClass_PASS5_details')">startExtent(public void com.test.regression.cub.shoppingLists_Tests.deleteItemFromSL() throws java.lang.InterruptedException,java.io.IOException,javax.xml.xpath.XPathExpressionException,javax.xml.parsers.ParserConfigurationException,org.xml.sax.SAXException)</a>
               </td>
               <td nowrap="true">15:30:46</td>
               <td nowrap="true" align="right">16s
                  
               </td>
               <td nowrap="true">
                   
                  
               </td>
            </tr>
            <tr>
               <td colspan="4" class="detailsBox">
                  <div id="com.test.regression.cub.shoppingLists_Tests_startExtent_byClass_PASS5_details"
                       class="testMethodDetails">
                     <div>
                        <b>Name: </b>startExtent
                     </div>
                     <div>
                        <b>Signature: </b>startExtent(java.lang.reflect.Method)[pri:0, instance:com.test.regression.cub.shoppingLists_Tests@6f1fba17]
                     </div>
                     <div>
                        <b>Parameters: </b>
                        
                        public void com.test.regression.cub.shoppingLists_Tests.deleteItemFromSL() throws java.lang.InterruptedException,java.io.IOException,javax.xml.xpath.XPathExpressionException,javax.xml.parsers.ParserConfigurationException,org.xml.sax.SAXException
                        
                        
                     </div>
                     <div>
                        <b>Start time: </b>15:30:46
                     </div>
                     <div>
                        <b>End time: </b>15:31:02
                     </div>
                     <div>
                        <b>Duration: </b>16s
                        
                     </div>
                  </div>
               </td>
            </tr>
            <tr></tr>
            <tr id="com.test.regression.cub.shoppingLists_Tests_deleteItemFromSL_byClass_FAIL6_row"
                class="testMethodStatusFAIL">
               <td width="100%" class="firstMethodCell">
                  <a onclick="toggleDetailsVisibility('com.test.regression.cub.shoppingLists_Tests_deleteItemFromSL_byClass_FAIL6_details')">deleteItemFromSL()</a>
               </td>
               <td nowrap="true">15:31:02</td>
               <td nowrap="true" align="right">55s
                  
               </td>
               <td nowrap="true">
                  <a onclick="toggleDetailsVisibility('com.test.regression.cub.shoppingLists_Tests_deleteItemFromSL_byClass_FAIL6_exception')">org.openqa.selenium.TimeoutException: 
                     Timed out after 10 seconds waiting for visibility of Proxy element for: DefaultElementLocator 'By.xpath: //button[text()='Create
                     a new list']'
                     Build info: version: '2.53.0', revision: '35ae25b1534ae328c771e0856c93e187490ca824', time: '2016-03-15 10:43:46'
                     System info: host: 'sdwvpctcs2813', ip: '10.15.11.210', os.name: 'Windows 7', os.arch: 'amd64', os.version: '6.1', java.version:
                     '1.8.0_91'
                     Driver info: org.openqa.selenium.chrome.ChromeDriver
                     Capabilities [{applicationCacheEnabled=false, rotatable=false, mobileEmulationEnabled=false, chrome={chromedriverVersion=2.22.397933
                     (1cab651507b88dec79b2b2a22d1943c01833cc1b), userDataDir=C:\Users\hxdxa4\AppData\Local\Temp\scoped_dir4552_32465}, takesHeapSnapshot=true,
                     databaseEnabled=false, handlesAlerts=true, hasTouchScreen=false, version=51.0.2704.106, platform=XP, browserConnectionEnabled=false,
                     nativeEvents=true, acceptSslCerts=true, locationContextEnabled=true, webStorageEnabled=true, browserName=chrome, takesScreenshot=true,
                     javascriptEnabled=true, cssSelectorsEnabled=true}]
                     Session ID: de5cee75b8864b936666fc31496b008b
                     
                  </a>
                   
                  
               </td>
            </tr>
            <tr>
               <td colspan="4" class="detailsBox">
                  <div id="com.test.regression.cub.shoppingLists_Tests_deleteItemFromSL_byClass_FAIL6_details"
                       class="testMethodDetails">
                     <div>
                        <b>Name: </b>deleteItemFromSL
                     </div>
                     <div>
                        <b>Signature: </b>deleteItemFromSL()[pri:0, instance:com.test.regression.cub.shoppingLists_Tests@6f1fba17]
                     </div>
                     <div>
                        <b>Start time: </b>15:31:02
                     </div>
                     <div>
                        <b>End time: </b>15:31:58
                     </div>
                     <div>
                        <b>Duration: </b>55s
                        
                     </div>
                  </div>
               </td>
            </tr>
            <tr>
               <td colspan="4" class="detailsBox">
                  <div id="com.test.regression.cub.shoppingLists_Tests_deleteItemFromSL_byClass_FAIL6_exception"
                       class="testMethodDetails">
                     <pre style="padding: 5px; margin: 0;">org.openqa.selenium.TimeoutException: Timed out after 10 seconds waiting for visibility of Proxy element for: DefaultElementLocator
                        'By.xpath: //button[text()='Create a new list']'
                        Build info: version: '2.53.0', revision: '35ae25b1534ae328c771e0856c93e187490ca824', time: '2016-03-15 10:43:46'
                        System info: host: 'sdwvpctcs2813', ip: '10.15.11.210', os.name: 'Windows 7', os.arch: 'amd64', os.version: '6.1', java.version:
                        '1.8.0_91'
                        Driver info: org.openqa.selenium.chrome.ChromeDriver
                        Capabilities [{applicationCacheEnabled=false, rotatable=false, mobileEmulationEnabled=false, chrome={chromedriverVersion=2.22.397933
                        (1cab651507b88dec79b2b2a22d1943c01833cc1b), userDataDir=C:\Users\hxdxa4\AppData\Local\Temp\scoped_dir4552_32465}, takesHeapSnapshot=true,
                        databaseEnabled=false, handlesAlerts=true, hasTouchScreen=false, version=51.0.2704.106, platform=XP, browserConnectionEnabled=false,
                        nativeEvents=true, acceptSslCerts=true, locationContextEnabled=true, webStorageEnabled=true, browserName=chrome, takesScreenshot=true,
                        javascriptEnabled=true, cssSelectorsEnabled=true}]
                        Session ID: de5cee75b8864b936666fc31496b008b
                        	at org.openqa.selenium.support.ui.WebDriverWait.timeoutException(WebDriverWait.java:80)
                        	at org.openqa.selenium.support.ui.FluentWait.until(FluentWait.java:261)
                        	at com.test.regression.cub.utils.SuiteBase.waitFor(SuiteBase.java:111)
                        	at com.test.regression.cub.utils.SuiteBase.waitFor(SuiteBase.java:115)
                        	at com.test.regression.cub.pages.ShoppingList.addNewShoppingList(ShoppingList.java:65)
                        	at com.test.regression.cub.shoppingLists_Tests.deleteItemFromSL(shoppingLists_Tests.java:169)
                        	at sun.reflect.NativeMethodAccessorImpl.invoke0(Native Method)
                        	at sun.reflect.NativeMethodAccessorImpl.invoke(Unknown Source)
                        	at sun.reflect.DelegatingMethodAccessorImpl.invoke(Unknown Source)
                        	at java.lang.reflect.Method.invoke(Unknown Source)
                        	at org.testng.internal.MethodInvocationHelper.invokeMethod(MethodInvocationHelper.java:80)
                        	at org.testng.internal.Invoker.invokeMethod(Invoker.java:714)
                        	at org.testng.internal.Invoker.invokeTestMethod(Invoker.java:901)
                        	at org.testng.internal.Invoker.invokeTestMethods(Invoker.java:1231)
                        	at org.testng.internal.TestMethodWorker.invokeTestMethods(TestMethodWorker.java:127)
                        	at org.testng.internal.TestMethodWorker.run(TestMethodWorker.java:111)
                        	at org.testng.TestRunner.privateRun(TestRunner.java:767)
                        	at org.testng.TestRunner.run(TestRunner.java:617)
                        	at org.testng.SuiteRunner.runTest(SuiteRunner.java:334)
                        	at org.testng.SuiteRunner.runSequentially(SuiteRunner.java:329)
                        	at org.testng.SuiteRunner.privateRun(SuiteRunner.java:291)
                        	at org.testng.SuiteRunner.run(SuiteRunner.java:240)
                        	at org.testng.SuiteRunnerWorker.runSuite(SuiteRunnerWorker.java:52)
                        	at org.testng.SuiteRunnerWorker.run(SuiteRunnerWorker.java:86)
                        	at org.testng.TestNG.runSuitesSequentially(TestNG.java:1198)
                        	at org.testng.TestNG.runSuitesLocally(TestNG.java:1123)
                        	at org.testng.TestNG.run(TestNG.java:1031)
                        	at org.testng.remote.AbstractRemoteTestNG.run(AbstractRemoteTestNG.java:126)
                        	at org.testng.remote.RemoteTestNG.initAndRun(RemoteTestNG.java:137)
                        	at org.testng.remote.RemoteTestNG.main(RemoteTestNG.java:58)
                        Caused by: org.openqa.selenium.NoSuchElementException: no such element: Unable to locate element: {"method":"xpath","selector":"//button[text()='Create
                        a new list']"}
                        (Session info: chrome=51.0.2704.106)
                        (Driver info: chromedriver=2.22.397933 (1cab651507b88dec79b2b2a22d1943c01833cc1b),platform=Windows NT 6.1.7601 SP1 x86_64)
                        (WARNING: The server did not provide any stacktrace information)
                        Command duration or timeout: 20.78 seconds
                        For documentation on this error, please visit: http://seleniumhq.org/exceptions/no_such_element.html
                        Build info: version: '2.53.0', revision: '35ae25b1534ae328c771e0856c93e187490ca824', time: '2016-03-15 10:43:46'
                        System info: host: 'sdwvpctcs2813', ip: '10.15.11.210', os.name: 'Windows 7', os.arch: 'amd64', os.version: '6.1', java.version:
                        '1.8.0_91'
                        Driver info: org.openqa.selenium.chrome.ChromeDriver
                        Capabilities [{applicationCacheEnabled=false, rotatable=false, mobileEmulationEnabled=false, chrome={chromedriverVersion=2.22.397933
                        (1cab651507b88dec79b2b2a22d1943c01833cc1b), userDataDir=C:\Users\hxdxa4\AppData\Local\Temp\scoped_dir4552_32465}, takesHeapSnapshot=true,
                        databaseEnabled=false, handlesAlerts=true, hasTouchScreen=false, version=51.0.2704.106, platform=XP, browserConnectionEnabled=false,
                        nativeEvents=true, acceptSslCerts=true, locationContextEnabled=true, webStorageEnabled=true, browserName=chrome, takesScreenshot=true,
                        javascriptEnabled=true, cssSelectorsEnabled=true}]
                        Session ID: de5cee75b8864b936666fc31496b008b
                        *** Element info: {Using=xpath, value=//button[text()='Create a new list']}
                        	at sun.reflect.NativeConstructorAccessorImpl.newInstance0(Native Method)
                        	at sun.reflect.NativeConstructorAccessorImpl.newInstance(Unknown Source)
                        	at sun.reflect.DelegatingConstructorAccessorImpl.newInstance(Unknown Source)
                        	at java.lang.reflect.Constructor.newInstance(Unknown Source)
                        	at org.openqa.selenium.remote.ErrorHandler.createThrowable(ErrorHandler.java:206)
                        	at org.openqa.selenium.remote.ErrorHandler.throwIfResponseFailed(ErrorHandler.java:158)
                        	at org.openqa.selenium.remote.RemoteWebDriver.execute(RemoteWebDriver.java:678)
                        	at org.openqa.selenium.remote.RemoteWebDriver.findElement(RemoteWebDriver.java:363)
                        	at org.openqa.selenium.remote.RemoteWebDriver.findElementByXPath(RemoteWebDriver.java:500)
                        	at org.openqa.selenium.By$ByXPath.findElement(By.java:361)
                        	at org.openqa.selenium.remote.RemoteWebDriver.findElement(RemoteWebDriver.java:355)
                        	at org.openqa.selenium.support.pagefactory.DefaultElementLocator.findElement(DefaultElementLocator.java:69)
                        	at org.openqa.selenium.support.pagefactory.internal.LocatingElementHandler.invoke(LocatingElementHandler.java:38)
                        	at com.sun.proxy.$Proxy7.isDisplayed(Unknown Source)
                        	at org.openqa.selenium.support.ui.ExpectedConditions.elementIfVisible(ExpectedConditions.java:302)
                        	at org.openqa.selenium.support.ui.ExpectedConditions.access$100(ExpectedConditions.java:41)
                        	at org.openqa.selenium.support.ui.ExpectedConditions$10.apply(ExpectedConditions.java:288)
                        	at org.openqa.selenium.support.ui.ExpectedConditions$10.apply(ExpectedConditions.java:285)
                        	at org.openqa.selenium.support.ui.FluentWait.until(FluentWait.java:238)
                        	... 28 more
                     </pre>
                  </div>
               </td>
            </tr>
            <tr id="com.test.regression.cub.shoppingLists_Tests_breakDown_byClass_PASS7_row"
                class="testMethodStatusPASS testMethodStatusCONF">
               <td width="100%" class="firstMethodCell">
                  <a onclick="toggleDetailsVisibility('com.test.regression.cub.shoppingLists_Tests_breakDown_byClass_PASS7_details')">breakDown([TestResult name=deleteItemFromSL status=FAILURE method=shoppingLists_Tests.deleteItemFromSL()[pri:0, instance:com.test.regression.cub.shoppingLists_Tests@6f1fba17]
                     output={null}])
                  </a>
               </td>
               <td nowrap="true">15:31:58</td>
               <td nowrap="true" align="right">514 ms
                  
               </td>
               <td nowrap="true">
                   
                  
               </td>
            </tr>
            <tr>
               <td colspan="4" class="detailsBox">
                  <div id="com.test.regression.cub.shoppingLists_Tests_breakDown_byClass_PASS7_details"
                       class="testMethodDetails">
                     <div>
                        <b>Name: </b>breakDown
                     </div>
                     <div>
                        <b>Signature: </b>breakDown(org.testng.ITestResult)[pri:0, instance:com.test.regression.cub.shoppingLists_Tests@6f1fba17]
                     </div>
                     <div>
                        <b>Parameters: </b>
                        
                        [TestResult name=deleteItemFromSL status=FAILURE method=shoppingLists_Tests.deleteItemFromSL()[pri:0, instance:com.test.regression.cub.shoppingLists_Tests@6f1fba17]
                        output={null}]
                        
                        
                     </div>
                     <div>
                        <b>Start time: </b>15:31:58
                     </div>
                     <div>
                        <b>End time: </b>15:31:58
                     </div>
                     <div>
                        <b>Duration: </b>514 ms
                        
                     </div>
                  </div>
               </td>
            </tr>
            <tr></tr>
            <tr id="com.test.regression.cub.shoppingLists_Tests_closeDriver_byClass_PASS8_row"
                class="testMethodStatusPASS testMethodStatusCONF">
               <td width="100%" class="firstMethodCell">
                  <a onclick="toggleDetailsVisibility('com.test.regression.cub.shoppingLists_Tests_closeDriver_byClass_PASS8_details')">closeDriver()</a>
               </td>
               <td nowrap="true">15:31:58</td>
               <td nowrap="true" align="right">2s
                  
               </td>
               <td nowrap="true">
                   
                  
               </td>
            </tr>
            <tr>
               <td colspan="4" class="detailsBox">
                  <div id="com.test.regression.cub.shoppingLists_Tests_closeDriver_byClass_PASS8_details"
                       class="testMethodDetails">
                     <div>
                        <b>Name: </b>closeDriver
                     </div>
                     <div>
                        <b>Signature: </b>closeDriver()[pri:0, instance:com.test.regression.cub.shoppingLists_Tests@6f1fba17]
                     </div>
                     <div>
                        <b>Start time: </b>15:31:58
                     </div>
                     <div>
                        <b>End time: </b>15:32:00
                     </div>
                     <div>
                        <b>Duration: </b>2s
                        
                     </div>
                  </div>
               </td>
            </tr>
            <tr></tr>
            <tr id="com.test.regression.cub.shoppingLists_Tests_startExtent_byClass_PASS9_row"
                class="testMethodStatusPASS testMethodStatusCONF">
               <td width="100%" class="firstMethodCell">
                  <a onclick="toggleDetailsVisibility('com.test.regression.cub.shoppingLists_Tests_startExtent_byClass_PASS9_details')">startExtent(public void com.test.regression.cub.shoppingLists_Tests.testClearList() throws java.lang.InterruptedException,java.io.IOException,javax.xml.xpath.XPathExpressionException,javax.xml.parsers.ParserConfigurationException,org.xml.sax.SAXException)</a>
               </td>
               <td nowrap="true">15:32:00</td>
               <td nowrap="true" align="right">15s
                  
               </td>
               <td nowrap="true">
                   
                  
               </td>
            </tr>
            <tr>
               <td colspan="4" class="detailsBox">
                  <div id="com.test.regression.cub.shoppingLists_Tests_startExtent_byClass_PASS9_details"
                       class="testMethodDetails">
                     <div>
                        <b>Name: </b>startExtent
                     </div>
                     <div>
                        <b>Signature: </b>startExtent(java.lang.reflect.Method)[pri:0, instance:com.test.regression.cub.shoppingLists_Tests@6f1fba17]
                     </div>
                     <div>
                        <b>Parameters: </b>
                        
                        public void com.test.regression.cub.shoppingLists_Tests.testClearList() throws java.lang.InterruptedException,java.io.IOException,javax.xml.xpath.XPathExpressionException,javax.xml.parsers.ParserConfigurationException,org.xml.sax.SAXException
                        
                        
                     </div>
                     <div>
                        <b>Start time: </b>15:32:00
                     </div>
                     <div>
                        <b>End time: </b>15:32:16
                     </div>
                     <div>
                        <b>Duration: </b>15s
                        
                     </div>
                  </div>
               </td>
            </tr>
            <tr></tr>
            <tr id="com.test.regression.cub.shoppingLists_Tests_testClearList_byClass_PASS10_row"
                class="testMethodStatusPASS">
               <td width="100%" class="firstMethodCell">
                  <a onclick="toggleDetailsVisibility('com.test.regression.cub.shoppingLists_Tests_testClearList_byClass_PASS10_details')">testClearList()</a>
               </td>
               <td nowrap="true">15:32:16</td>
               <td nowrap="true" align="right">1m
                  26s
                  
               </td>
               <td nowrap="true">
                   
                  
               </td>
            </tr>
            <tr>
               <td colspan="4" class="detailsBox">
                  <div id="com.test.regression.cub.shoppingLists_Tests_testClearList_byClass_PASS10_details"
                       class="testMethodDetails">
                     <div>
                        <b>Name: </b>testClearList
                     </div>
                     <div>
                        <b>Signature: </b>testClearList()[pri:0, instance:com.test.regression.cub.shoppingLists_Tests@6f1fba17]
                     </div>
                     <div>
                        <b>Start time: </b>15:32:16
                     </div>
                     <div>
                        <b>End time: </b>15:33:43
                     </div>
                     <div>
                        <b>Duration: </b>1m
                        26s
                        
                     </div>
                  </div>
               </td>
            </tr>
            <tr></tr>
            <tr id="com.test.regression.cub.shoppingLists_Tests_breakDown_byClass_PASS11_row"
                class="testMethodStatusPASS testMethodStatusCONF">
               <td width="100%" class="firstMethodCell">
                  <a onclick="toggleDetailsVisibility('com.test.regression.cub.shoppingLists_Tests_breakDown_byClass_PASS11_details')">breakDown([TestResult name=testClearList status=SUCCESS method=shoppingLists_Tests.testClearList()[pri:0, instance:com.test.regression.cub.shoppingLists_Tests@6f1fba17]
                     output={null}])
                  </a>
               </td>
               <td nowrap="true">15:33:43</td>
               <td nowrap="true" align="right">301 ms
                  
               </td>
               <td nowrap="true">
                   
                  
               </td>
            </tr>
            <tr>
               <td colspan="4" class="detailsBox">
                  <div id="com.test.regression.cub.shoppingLists_Tests_breakDown_byClass_PASS11_details"
                       class="testMethodDetails">
                     <div>
                        <b>Name: </b>breakDown
                     </div>
                     <div>
                        <b>Signature: </b>breakDown(org.testng.ITestResult)[pri:0, instance:com.test.regression.cub.shoppingLists_Tests@6f1fba17]
                     </div>
                     <div>
                        <b>Parameters: </b>
                        
                        [TestResult name=testClearList status=SUCCESS method=shoppingLists_Tests.testClearList()[pri:0, instance:com.test.regression.cub.shoppingLists_Tests@6f1fba17]
                        output={null}]
                        
                        
                     </div>
                     <div>
                        <b>Start time: </b>15:33:43
                     </div>
                     <div>
                        <b>End time: </b>15:33:43
                     </div>
                     <div>
                        <b>Duration: </b>301 ms
                        
                     </div>
                  </div>
               </td>
            </tr>
            <tr></tr>
            <tr id="com.test.regression.cub.shoppingLists_Tests_closeDriver_byClass_PASS12_row"
                class="testMethodStatusPASS testMethodStatusCONF">
               <td width="100%" class="firstMethodCell">
                  <a onclick="toggleDetailsVisibility('com.test.regression.cub.shoppingLists_Tests_closeDriver_byClass_PASS12_details')">closeDriver()</a>
               </td>
               <td nowrap="true">15:33:43</td>
               <td nowrap="true" align="right">1s
                  
               </td>
               <td nowrap="true">
                   
                  
               </td>
            </tr>
            <tr>
               <td colspan="4" class="detailsBox">
                  <div id="com.test.regression.cub.shoppingLists_Tests_closeDriver_byClass_PASS12_details"
                       class="testMethodDetails">
                     <div>
                        <b>Name: </b>closeDriver
                     </div>
                     <div>
                        <b>Signature: </b>closeDriver()[pri:0, instance:com.test.regression.cub.shoppingLists_Tests@6f1fba17]
                     </div>
                     <div>
                        <b>Start time: </b>15:33:43
                     </div>
                     <div>
                        <b>End time: </b>15:33:45
                     </div>
                     <div>
                        <b>Duration: </b>1s
                        
                     </div>
                  </div>
               </td>
            </tr>
            <tr></tr>
            <tr id="com.test.regression.cub.shoppingLists_Tests_startExtent_byClass_PASS13_row"
                class="testMethodStatusPASS testMethodStatusCONF">
               <td width="100%" class="firstMethodCell">
                  <a onclick="toggleDetailsVisibility('com.test.regression.cub.shoppingLists_Tests_startExtent_byClass_PASS13_details')">startExtent(public void com.test.regression.cub.shoppingLists_Tests.AddItems2ShoppingList() throws java.lang.InterruptedException,java.io.IOException,javax.xml.xpath.XPathExpressionException,javax.xml.parsers.ParserConfigurationException,org.xml.sax.SAXException)</a>
               </td>
               <td nowrap="true">15:33:45</td>
               <td nowrap="true" align="right">10s
                  
               </td>
               <td nowrap="true">
                   
                  
               </td>
            </tr>
            <tr>
               <td colspan="4" class="detailsBox">
                  <div id="com.test.regression.cub.shoppingLists_Tests_startExtent_byClass_PASS13_details"
                       class="testMethodDetails">
                     <div>
                        <b>Name: </b>startExtent
                     </div>
                     <div>
                        <b>Signature: </b>startExtent(java.lang.reflect.Method)[pri:0, instance:com.test.regression.cub.shoppingLists_Tests@6f1fba17]
                     </div>
                     <div>
                        <b>Parameters: </b>
                        
                        public void com.test.regression.cub.shoppingLists_Tests.AddItems2ShoppingList() throws java.lang.InterruptedException,java.io.IOException,javax.xml.xpath.XPathExpressionException,javax.xml.parsers.ParserConfigurationException,org.xml.sax.SAXException
                        
                        
                     </div>
                     <div>
                        <b>Start time: </b>15:33:45
                     </div>
                     <div>
                        <b>End time: </b>15:33:56
                     </div>
                     <div>
                        <b>Duration: </b>10s
                        
                     </div>
                  </div>
               </td>
            </tr>
            <tr></tr>
            <tr id="com.test.regression.cub.shoppingLists_Tests_AddItems2ShoppingList_byClass_PASS14_row"
                class="testMethodStatusPASS">
               <td width="100%" class="firstMethodCell">
                  <a onclick="toggleDetailsVisibility('com.test.regression.cub.shoppingLists_Tests_AddItems2ShoppingList_byClass_PASS14_details')">AddItems2ShoppingList()</a>
               </td>
               <td nowrap="true">15:33:56</td>
               <td nowrap="true" align="right">54s
                  
               </td>
               <td nowrap="true">
                   
                  
               </td>
            </tr>
            <tr>
               <td colspan="4" class="detailsBox">
                  <div id="com.test.regression.cub.shoppingLists_Tests_AddItems2ShoppingList_byClass_PASS14_details"
                       class="testMethodDetails">
                     <div>
                        <b>Name: </b>AddItems2ShoppingList
                     </div>
                     <div>
                        <b>Signature: </b>AddItems2ShoppingList()[pri:0, instance:com.test.regression.cub.shoppingLists_Tests@6f1fba17]
                     </div>
                     <div>
                        <b>Start time: </b>15:33:56
                     </div>
                     <div>
                        <b>End time: </b>15:34:50
                     </div>
                     <div>
                        <b>Duration: </b>54s
                        
                     </div>
                  </div>
               </td>
            </tr>
            <tr></tr>
            <tr id="com.test.regression.cub.shoppingLists_Tests_breakDown_byClass_PASS15_row"
                class="testMethodStatusPASS testMethodStatusCONF">
               <td width="100%" class="firstMethodCell">
                  <a onclick="toggleDetailsVisibility('com.test.regression.cub.shoppingLists_Tests_breakDown_byClass_PASS15_details')">breakDown([TestResult name=AddItems2ShoppingList status=SUCCESS method=shoppingLists_Tests.AddItems2ShoppingList()[pri:0,
                     instance:com.test.regression.cub.shoppingLists_Tests@6f1fba17] output={null}])
                  </a>
               </td>
               <td nowrap="true">15:34:50</td>
               <td nowrap="true" align="right">464 ms
                  
               </td>
               <td nowrap="true">
                   
                  
               </td>
            </tr>
            <tr>
               <td colspan="4" class="detailsBox">
                  <div id="com.test.regression.cub.shoppingLists_Tests_breakDown_byClass_PASS15_details"
                       class="testMethodDetails">
                     <div>
                        <b>Name: </b>breakDown
                     </div>
                     <div>
                        <b>Signature: </b>breakDown(org.testng.ITestResult)[pri:0, instance:com.test.regression.cub.shoppingLists_Tests@6f1fba17]
                     </div>
                     <div>
                        <b>Parameters: </b>
                        
                        [TestResult name=AddItems2ShoppingList status=SUCCESS method=shoppingLists_Tests.AddItems2ShoppingList()[pri:0, instance:com.test.regression.cub.shoppingLists_Tests@6f1fba17]
                        output={null}]
                        
                        
                     </div>
                     <div>
                        <b>Start time: </b>15:34:50
                     </div>
                     <div>
                        <b>End time: </b>15:34:50
                     </div>
                     <div>
                        <b>Duration: </b>464 ms
                        
                     </div>
                  </div>
               </td>
            </tr>
            <tr></tr>
            <tr id="com.test.regression.cub.shoppingLists_Tests_closeDriver_byClass_PASS16_row"
                class="testMethodStatusPASS testMethodStatusCONF">
               <td width="100%" class="firstMethodCell">
                  <a onclick="toggleDetailsVisibility('com.test.regression.cub.shoppingLists_Tests_closeDriver_byClass_PASS16_details')">closeDriver()</a>
               </td>
               <td nowrap="true">15:34:50</td>
               <td nowrap="true" align="right">3s
                  
               </td>
               <td nowrap="true">
                   
                  
               </td>
            </tr>
            <tr>
               <td colspan="4" class="detailsBox">
                  <div id="com.test.regression.cub.shoppingLists_Tests_closeDriver_byClass_PASS16_details"
                       class="testMethodDetails">
                     <div>
                        <b>Name: </b>closeDriver
                     </div>
                     <div>
                        <b>Signature: </b>closeDriver()[pri:0, instance:com.test.regression.cub.shoppingLists_Tests@6f1fba17]
                     </div>
                     <div>
                        <b>Start time: </b>15:34:50
                     </div>
                     <div>
                        <b>End time: </b>15:34:54
                     </div>
                     <div>
                        <b>Duration: </b>3s
                        
                     </div>
                  </div>
               </td>
            </tr>
            <tr></tr>
            <tr id="com.test.regression.cub.shoppingLists_Tests_startExtent_byClass_PASS17_row"
                class="testMethodStatusPASS testMethodStatusCONF">
               <td width="100%" class="firstMethodCell">
                  <a onclick="toggleDetailsVisibility('com.test.regression.cub.shoppingLists_Tests_startExtent_byClass_PASS17_details')">startExtent(public void com.test.regression.cub.shoppingLists_Tests.AddnEditItemsInShoppingList() throws java.lang.InterruptedException,java.io.IOException,javax.xml.xpath.XPathExpressionException,javax.xml.parsers.ParserConfigurationException,org.xml.sax.SAXException)</a>
               </td>
               <td nowrap="true">15:34:54</td>
               <td nowrap="true" align="right">13s
                  
               </td>
               <td nowrap="true">
                   
                  
               </td>
            </tr>
            <tr>
               <td colspan="4" class="detailsBox">
                  <div id="com.test.regression.cub.shoppingLists_Tests_startExtent_byClass_PASS17_details"
                       class="testMethodDetails">
                     <div>
                        <b>Name: </b>startExtent
                     </div>
                     <div>
                        <b>Signature: </b>startExtent(java.lang.reflect.Method)[pri:0, instance:com.test.regression.cub.shoppingLists_Tests@6f1fba17]
                     </div>
                     <div>
                        <b>Parameters: </b>
                        
                        public void com.test.regression.cub.shoppingLists_Tests.AddnEditItemsInShoppingList() throws java.lang.InterruptedException,java.io.IOException,javax.xml.xpath.XPathExpressionException,javax.xml.parsers.ParserConfigurationException,org.xml.sax.SAXException
                        
                        
                     </div>
                     <div>
                        <b>Start time: </b>15:34:54
                     </div>
                     <div>
                        <b>End time: </b>15:35:07
                     </div>
                     <div>
                        <b>Duration: </b>13s
                        
                     </div>
                  </div>
               </td>
            </tr>
            <tr></tr>
            <tr id="com.test.regression.cub.shoppingLists_Tests_AddnEditItemsInShoppingList_byClass_PASS18_row"
                class="testMethodStatusPASS">
               <td width="100%" class="firstMethodCell">
                  <a onclick="toggleDetailsVisibility('com.test.regression.cub.shoppingLists_Tests_AddnEditItemsInShoppingList_byClass_PASS18_details')">AddnEditItemsInShoppingList()</a>
               </td>
               <td nowrap="true">15:35:07</td>
               <td nowrap="true" align="right">54s
                  
               </td>
               <td nowrap="true">
                   
                  
               </td>
            </tr>
            <tr>
               <td colspan="4" class="detailsBox">
                  <div id="com.test.regression.cub.shoppingLists_Tests_AddnEditItemsInShoppingList_byClass_PASS18_details"
                       class="testMethodDetails">
                     <div>
                        <b>Name: </b>AddnEditItemsInShoppingList
                     </div>
                     <div>
                        <b>Signature: </b>AddnEditItemsInShoppingList()[pri:0, instance:com.test.regression.cub.shoppingLists_Tests@6f1fba17]
                     </div>
                     <div>
                        <b>Start time: </b>15:35:07
                     </div>
                     <div>
                        <b>End time: </b>15:36:02
                     </div>
                     <div>
                        <b>Duration: </b>54s
                        
                     </div>
                  </div>
               </td>
            </tr>
            <tr></tr>
            <tr id="com.test.regression.cub.shoppingLists_Tests_breakDown_byClass_PASS19_row"
                class="testMethodStatusPASS testMethodStatusCONF">
               <td width="100%" class="firstMethodCell">
                  <a onclick="toggleDetailsVisibility('com.test.regression.cub.shoppingLists_Tests_breakDown_byClass_PASS19_details')">breakDown([TestResult name=AddnEditItemsInShoppingList status=SUCCESS method=shoppingLists_Tests.AddnEditItemsInShoppingList()[pri:0,
                     instance:com.test.regression.cub.shoppingLists_Tests@6f1fba17] output={null}])
                  </a>
               </td>
               <td nowrap="true">15:36:02</td>
               <td nowrap="true" align="right">275 ms
                  
               </td>
               <td nowrap="true">
                   
                  
               </td>
            </tr>
            <tr>
               <td colspan="4" class="detailsBox">
                  <div id="com.test.regression.cub.shoppingLists_Tests_breakDown_byClass_PASS19_details"
                       class="testMethodDetails">
                     <div>
                        <b>Name: </b>breakDown
                     </div>
                     <div>
                        <b>Signature: </b>breakDown(org.testng.ITestResult)[pri:0, instance:com.test.regression.cub.shoppingLists_Tests@6f1fba17]
                     </div>
                     <div>
                        <b>Parameters: </b>
                        
                        [TestResult name=AddnEditItemsInShoppingList status=SUCCESS method=shoppingLists_Tests.AddnEditItemsInShoppingList()[pri:0,
                        instance:com.test.regression.cub.shoppingLists_Tests@6f1fba17] output={null}]
                        
                        
                     </div>
                     <div>
                        <b>Start time: </b>15:36:02
                     </div>
                     <div>
                        <b>End time: </b>15:36:02
                     </div>
                     <div>
                        <b>Duration: </b>275 ms
                        
                     </div>
                  </div>
               </td>
            </tr>
            <tr></tr>
            <tr id="com.test.regression.cub.shoppingLists_Tests_closeDriver_byClass_PASS20_row"
                class="testMethodStatusPASS testMethodStatusCONF">
               <td width="100%" class="firstMethodCell">
                  <a onclick="toggleDetailsVisibility('com.test.regression.cub.shoppingLists_Tests_closeDriver_byClass_PASS20_details')">closeDriver()</a>
               </td>
               <td nowrap="true">15:36:02</td>
               <td nowrap="true" align="right">1s
                  
               </td>
               <td nowrap="true">
                   
                  
               </td>
            </tr>
            <tr>
               <td colspan="4" class="detailsBox">
                  <div id="com.test.regression.cub.shoppingLists_Tests_closeDriver_byClass_PASS20_details"
                       class="testMethodDetails">
                     <div>
                        <b>Name: </b>closeDriver
                     </div>
                     <div>
                        <b>Signature: </b>closeDriver()[pri:0, instance:com.test.regression.cub.shoppingLists_Tests@6f1fba17]
                     </div>
                     <div>
                        <b>Start time: </b>15:36:02
                     </div>
                     <div>
                        <b>End time: </b>15:36:04
                     </div>
                     <div>
                        <b>Duration: </b>1s
                        
                     </div>
                  </div>
               </td>
            </tr>
            <tr></tr>
         </table>
         <br></br>
      </div>
      <div style="margin-top: 15px; color: gray; text-align: center; font-size: 9px;">
         Generated with
         
         <a href="http://code.google.com/p/testng-xslt/" style="color: #8888aa;"
            target="_blank">
            TestNG XSLT
            
         </a>
      </div>
   </body>
</html>