<html xmlns:math="http://exslt.org/math" xmlns:testng="http://testng.org">
   <head>
      <title>TestNG Results</title>
      <meta http-equiv="content-type" content="text/html; charset=utf-8"></meta>
      <meta http-equiv="pragma" content="no-cache"></meta>
      <meta http-equiv="cache-control" content="max-age=0"></meta>
      <meta http-equiv="cache-control" content="no-cache"></meta>
      <meta http-equiv="cache-control" content="no-store"></meta>
      <LINK rel="stylesheet" href="style.css"></LINK>
      <script type="text/javascript" src="main.js"></script>
   </head>
   <body>
      <table width="100%" style="font-size: 16px; margin-bottom: 10px;" cellspacing="1">
         <tr>
            <td width="100%">
               Test case
               
               <b>Header Footer Navigation - Testing</b>
            </td>
            <td style="background-color: #FFBBBB; padding: 3px 3px 3px 0;" align="center">
               <div style="width: 50px;">2</div>
            </td>
            <td style="background-color: lightgreen; padding: 3px 3px 3px 0;" align="center">
               <div style="width: 50px;">8</div>
            </td>
            <td style="background-color: #FFFFBB; padding: 3px 3px 3px 0;" align="center">
               <div style="width: 50px;">0</div>
            </td>
            <td align="center" style="background-color: #eaf0f7; padding: 3px 3px 3px 0;">
               <div style="width: 50px;">10</div>
            </td>
            <td align="center"
                style="font-weight: bold; background-color: #eaf0f7; padding: 3px 3px 3px 0;">
               <div style="width: 50px;">80%</div>
            </td>
            <td style="background-color: #eaf0f7; padding: 3px 3px 3px 0;" align="center"
                nowrap="true">3m
               43s
               
            </td>
         </tr>
      </table>
      <div style="width: 200px;">
         <label for="groupMethodsCheckBox" style="font-weight: bold; margin: 0;">
            <input id="groupMethodsCheckBox" type="checkbox" onclick="switchTestMethodsView(this)"
                   checked=""></input>
            Group by class
            
         </label>
         <br></br>
         <label for="methodsFilter_ALL" style="font-weight: bold; margin: 0;">
            <input id="methodsFilter_ALL" type="checkbox"
                   onclick="testMethodsFilterChanged(this, 'ALL')"
                   checked=""></input>
            All
            
         </label>
      </div>
      <label for="methodsFilter_FAIL" style="margin-left: 20px;">
         <input id="methodsFilter_FAIL" type="checkbox"
                onclick="testMethodsFilterChanged(this, 'FAIL')"
                checked=""></input>
         Failed
         
      </label>
      <label for="methodsFilter_PASS">
         <input id="methodsFilter_PASS" type="checkbox"
                onclick="testMethodsFilterChanged(this, 'PASS')"
                checked=""></input>
         Passed
         
      </label>
      <label for="methodsFilter_SKIP">
         <input id="methodsFilter_SKIP" type="checkbox"
                onclick="testMethodsFilterChanged(this, 'SKIP')"
                checked=""></input>
         Skipped
         
      </label>
      <label for="methodsFilter_CONF">
         <input id="methodsFilter_CONF" type="checkbox"
                onclick="testMethodsFilterChanged(this, 'CONF')"
                checked=""></input>
         Config
         
      </label>
      <br></br>
      <div id="testMethodsByStatus" style="display: none;">
         <table class="testMethodsTable" cellpadding="0" cellspacing="0">
            <tr class="methodsTableHeader">
               <td width="100%">Name</td>
               <td nowrap="true">Started</td>
               <td nowrap="true">Duration</td>
               <td>Exception</td>
            </tr>
            <tr id="com.test.regression.cub.HeaderFooterNavigation_TermsAndConditions_byStatus_failed_FAIL1_row"
                class="testMethodStatusFAIL">
               <td width="100%" class="firstMethodCell">
                  <a onclick="toggleDetailsVisibility('com.test.regression.cub.HeaderFooterNavigation_TermsAndConditions_byStatus_failed_FAIL1_details')">TermsAndConditions()</a>
               </td>
               <td nowrap="true">15:37:33</td>
               <td nowrap="true" align="right">40s
                  
               </td>
               <td nowrap="true">
                  <a onclick="toggleDetailsVisibility('com.test.regression.cub.HeaderFooterNavigation_TermsAndConditions_byStatus_failed_FAIL1_exception')">org.openqa.selenium.TimeoutException: 
                     Timed out after 10 seconds waiting for visibility of Proxy element for: DefaultElementLocator 'By.xpath: (//a[text()='Terms
                     of Use'])[3]'
                     Build info: version: '2.53.0', revision: '35ae25b1534ae328c771e0856c93e187490ca824', time: '2016-03-15 10:43:46'
                     System info: host: 'sdwvpctcs2813', ip: '10.15.11.210', os.name: 'Windows 7', os.arch: 'amd64', os.version: '6.1', java.version:
                     '1.8.0_91'
                     Driver info: org.openqa.selenium.chrome.ChromeDriver
                     Capabilities [{applicationCacheEnabled=false, rotatable=false, mobileEmulationEnabled=false, chrome={chromedriverVersion=2.22.397933
                     (1cab651507b88dec79b2b2a22d1943c01833cc1b), userDataDir=C:\Users\hxdxa4\AppData\Local\Temp\scoped_dir3360_22730}, takesHeapSnapshot=true,
                     databaseEnabled=false, handlesAlerts=true, hasTouchScreen=false, version=51.0.2704.106, platform=XP, browserConnectionEnabled=false,
                     nativeEvents=true, acceptSslCerts=true, locationContextEnabled=true, webStorageEnabled=true, browserName=chrome, takesScreenshot=true,
                     javascriptEnabled=true, cssSelectorsEnabled=true}]
                     Session ID: c476ae920f981d6d4b252db73f7f736a
                     
                  </a>
                   
                  
               </td>
            </tr>
            <tr>
               <td colspan="4" class="detailsBox">
                  <div id="com.test.regression.cub.HeaderFooterNavigation_TermsAndConditions_byStatus_failed_FAIL1_details"
                       class="testMethodDetails">
                     <div>
                        <b>Name: </b>TermsAndConditions
                     </div>
                     <div>
                        <b>Signature: </b>TermsAndConditions()[pri:0, instance:com.test.regression.cub.HeaderFooterNavigation@57536d79]
                     </div>
                     <div>
                        <b>Start time: </b>15:37:33
                     </div>
                     <div>
                        <b>End time: </b>15:38:14
                     </div>
                     <div>
                        <b>Duration: </b>40s
                        
                     </div>
                  </div>
               </td>
            </tr>
            <tr>
               <td colspan="4" class="detailsBox">
                  <div id="com.test.regression.cub.HeaderFooterNavigation_TermsAndConditions_byStatus_failed_FAIL1_exception"
                       class="testMethodDetails">
                     <pre style="padding: 5px; margin: 0;">org.openqa.selenium.TimeoutException: Timed out after 10 seconds waiting for visibility of Proxy element for: DefaultElementLocator
                        'By.xpath: (//a[text()='Terms of Use'])[3]'
                        Build info: version: '2.53.0', revision: '35ae25b1534ae328c771e0856c93e187490ca824', time: '2016-03-15 10:43:46'
                        System info: host: 'sdwvpctcs2813', ip: '10.15.11.210', os.name: 'Windows 7', os.arch: 'amd64', os.version: '6.1', java.version:
                        '1.8.0_91'
                        Driver info: org.openqa.selenium.chrome.ChromeDriver
                        Capabilities [{applicationCacheEnabled=false, rotatable=false, mobileEmulationEnabled=false, chrome={chromedriverVersion=2.22.397933
                        (1cab651507b88dec79b2b2a22d1943c01833cc1b), userDataDir=C:\Users\hxdxa4\AppData\Local\Temp\scoped_dir3360_22730}, takesHeapSnapshot=true,
                        databaseEnabled=false, handlesAlerts=true, hasTouchScreen=false, version=51.0.2704.106, platform=XP, browserConnectionEnabled=false,
                        nativeEvents=true, acceptSslCerts=true, locationContextEnabled=true, webStorageEnabled=true, browserName=chrome, takesScreenshot=true,
                        javascriptEnabled=true, cssSelectorsEnabled=true}]
                        Session ID: c476ae920f981d6d4b252db73f7f736a
                        	at org.openqa.selenium.support.ui.WebDriverWait.timeoutException(WebDriverWait.java:80)
                        	at org.openqa.selenium.support.ui.FluentWait.until(FluentWait.java:261)
                        	at com.test.regression.cub.utils.SuiteBase.waitFor(SuiteBase.java:111)
                        	at com.test.regression.cub.utils.SuiteBase.waitFor(SuiteBase.java:115)
                        	at com.test.regression.cub.pages.CubHome.clickTermsOfUse(CubHome.java:218)
                        	at com.test.regression.cub.HeaderFooterNavigation.TermsAndConditions(HeaderFooterNavigation.java:65)
                        	at sun.reflect.NativeMethodAccessorImpl.invoke0(Native Method)
                        	at sun.reflect.NativeMethodAccessorImpl.invoke(Unknown Source)
                        	at sun.reflect.DelegatingMethodAccessorImpl.invoke(Unknown Source)
                        	at java.lang.reflect.Method.invoke(Unknown Source)
                        	at org.testng.internal.MethodInvocationHelper.invokeMethod(MethodInvocationHelper.java:80)
                        	at org.testng.internal.Invoker.invokeMethod(Invoker.java:714)
                        	at org.testng.internal.Invoker.invokeTestMethod(Invoker.java:901)
                        	at org.testng.internal.Invoker.invokeTestMethods(Invoker.java:1231)
                        	at org.testng.internal.TestMethodWorker.invokeTestMethods(TestMethodWorker.java:127)
                        	at org.testng.internal.TestMethodWorker.run(TestMethodWorker.java:111)
                        	at org.testng.TestRunner.privateRun(TestRunner.java:767)
                        	at org.testng.TestRunner.run(TestRunner.java:617)
                        	at org.testng.SuiteRunner.runTest(SuiteRunner.java:334)
                        	at org.testng.SuiteRunner.runSequentially(SuiteRunner.java:329)
                        	at org.testng.SuiteRunner.privateRun(SuiteRunner.java:291)
                        	at org.testng.SuiteRunner.run(SuiteRunner.java:240)
                        	at org.testng.SuiteRunnerWorker.runSuite(SuiteRunnerWorker.java:52)
                        	at org.testng.SuiteRunnerWorker.run(SuiteRunnerWorker.java:86)
                        	at org.testng.TestNG.runSuitesSequentially(TestNG.java:1198)
                        	at org.testng.TestNG.runSuitesLocally(TestNG.java:1123)
                        	at org.testng.TestNG.run(TestNG.java:1031)
                        	at org.testng.remote.AbstractRemoteTestNG.run(AbstractRemoteTestNG.java:126)
                        	at org.testng.remote.RemoteTestNG.initAndRun(RemoteTestNG.java:137)
                        	at org.testng.remote.RemoteTestNG.main(RemoteTestNG.java:58)
                        Caused by: org.openqa.selenium.NoSuchElementException: no such element: Unable to locate element: {"method":"xpath","selector":"(//a[text()='Terms
                        of Use'])[3]"}
                        (Session info: chrome=51.0.2704.106)
                        (Driver info: chromedriver=2.22.397933 (1cab651507b88dec79b2b2a22d1943c01833cc1b),platform=Windows NT 6.1.7601 SP1 x86_64)
                        (WARNING: The server did not provide any stacktrace information)
                        Command duration or timeout: 20.08 seconds
                        For documentation on this error, please visit: http://seleniumhq.org/exceptions/no_such_element.html
                        Build info: version: '2.53.0', revision: '35ae25b1534ae328c771e0856c93e187490ca824', time: '2016-03-15 10:43:46'
                        System info: host: 'sdwvpctcs2813', ip: '10.15.11.210', os.name: 'Windows 7', os.arch: 'amd64', os.version: '6.1', java.version:
                        '1.8.0_91'
                        Driver info: org.openqa.selenium.chrome.ChromeDriver
                        Capabilities [{applicationCacheEnabled=false, rotatable=false, mobileEmulationEnabled=false, chrome={chromedriverVersion=2.22.397933
                        (1cab651507b88dec79b2b2a22d1943c01833cc1b), userDataDir=C:\Users\hxdxa4\AppData\Local\Temp\scoped_dir3360_22730}, takesHeapSnapshot=true,
                        databaseEnabled=false, handlesAlerts=true, hasTouchScreen=false, version=51.0.2704.106, platform=XP, browserConnectionEnabled=false,
                        nativeEvents=true, acceptSslCerts=true, locationContextEnabled=true, webStorageEnabled=true, browserName=chrome, takesScreenshot=true,
                        javascriptEnabled=true, cssSelectorsEnabled=true}]
                        Session ID: c476ae920f981d6d4b252db73f7f736a
                        *** Element info: {Using=xpath, value=(//a[text()='Terms of Use'])[3]}
                        	at sun.reflect.NativeConstructorAccessorImpl.newInstance0(Native Method)
                        	at sun.reflect.NativeConstructorAccessorImpl.newInstance(Unknown Source)
                        	at sun.reflect.DelegatingConstructorAccessorImpl.newInstance(Unknown Source)
                        	at java.lang.reflect.Constructor.newInstance(Unknown Source)
                        	at org.openqa.selenium.remote.ErrorHandler.createThrowable(ErrorHandler.java:206)
                        	at org.openqa.selenium.remote.ErrorHandler.throwIfResponseFailed(ErrorHandler.java:158)
                        	at org.openqa.selenium.remote.RemoteWebDriver.execute(RemoteWebDriver.java:678)
                        	at org.openqa.selenium.remote.RemoteWebDriver.findElement(RemoteWebDriver.java:363)
                        	at org.openqa.selenium.remote.RemoteWebDriver.findElementByXPath(RemoteWebDriver.java:500)
                        	at org.openqa.selenium.By$ByXPath.findElement(By.java:361)
                        	at org.openqa.selenium.remote.RemoteWebDriver.findElement(RemoteWebDriver.java:355)
                        	at org.openqa.selenium.support.pagefactory.DefaultElementLocator.findElement(DefaultElementLocator.java:69)
                        	at org.openqa.selenium.support.pagefactory.internal.LocatingElementHandler.invoke(LocatingElementHandler.java:38)
                        	at com.sun.proxy.$Proxy7.isDisplayed(Unknown Source)
                        	at org.openqa.selenium.support.ui.ExpectedConditions.elementIfVisible(ExpectedConditions.java:302)
                        	at org.openqa.selenium.support.ui.ExpectedConditions.access$100(ExpectedConditions.java:41)
                        	at org.openqa.selenium.support.ui.ExpectedConditions$10.apply(ExpectedConditions.java:288)
                        	at org.openqa.selenium.support.ui.ExpectedConditions$10.apply(ExpectedConditions.java:285)
                        	at org.openqa.selenium.support.ui.FluentWait.until(FluentWait.java:238)
                        	... 28 more
                     </pre>
                  </div>
               </td>
            </tr>
            <tr id="com.test.regression.cub.HeaderFooterNavigation_CustomerService_byStatus_failed_FAIL2_row"
                class="testMethodStatusFAIL">
               <td width="100%" class="firstMethodCell">
                  <a onclick="toggleDetailsVisibility('com.test.regression.cub.HeaderFooterNavigation_CustomerService_byStatus_failed_FAIL2_details')">CustomerService()</a>
               </td>
               <td nowrap="true">15:38:25</td>
               <td nowrap="true" align="right">10s
                  
               </td>
               <td nowrap="true">
                  <a onclick="toggleDetailsVisibility('com.test.regression.cub.HeaderFooterNavigation_CustomerService_byStatus_failed_FAIL2_exception')">org.openqa.selenium.TimeoutException: 
                     Timed out after 10 seconds waiting for visibility of Proxy element for: DefaultElementLocator 'By.xpath: (//a[text()='Customer
                     Service']'
                     Build info: version: '2.53.0', revision: '35ae25b1534ae328c771e0856c93e187490ca824', time: '2016-03-15 10:43:46'
                     System info: host: 'sdwvpctcs2813', ip: '10.15.11.210', os.name: 'Windows 7', os.arch: 'amd64', os.version: '6.1', java.version:
                     '1.8.0_91'
                     Driver info: org.openqa.selenium.chrome.ChromeDriver
                     Capabilities [{applicationCacheEnabled=false, rotatable=false, mobileEmulationEnabled=false, chrome={chromedriverVersion=2.22.397933
                     (1cab651507b88dec79b2b2a22d1943c01833cc1b), userDataDir=C:\Users\hxdxa4\AppData\Local\Temp\scoped_dir3240_14555}, takesHeapSnapshot=true,
                     databaseEnabled=false, handlesAlerts=true, hasTouchScreen=false, version=51.0.2704.106, platform=XP, browserConnectionEnabled=false,
                     nativeEvents=true, acceptSslCerts=true, locationContextEnabled=true, webStorageEnabled=true, browserName=chrome, takesScreenshot=true,
                     javascriptEnabled=true, cssSelectorsEnabled=true}]
                     Session ID: 6ebcf602774ea563f1bd50c96c86c024
                     
                  </a>
                   
                  
               </td>
            </tr>
            <tr>
               <td colspan="4" class="detailsBox">
                  <div id="com.test.regression.cub.HeaderFooterNavigation_CustomerService_byStatus_failed_FAIL2_details"
                       class="testMethodDetails">
                     <div>
                        <b>Name: </b>CustomerService
                     </div>
                     <div>
                        <b>Signature: </b>CustomerService()[pri:0, instance:com.test.regression.cub.HeaderFooterNavigation@57536d79]
                     </div>
                     <div>
                        <b>Start time: </b>15:38:25
                     </div>
                     <div>
                        <b>End time: </b>15:38:36
                     </div>
                     <div>
                        <b>Duration: </b>10s
                        
                     </div>
                  </div>
               </td>
            </tr>
            <tr>
               <td colspan="4" class="detailsBox">
                  <div id="com.test.regression.cub.HeaderFooterNavigation_CustomerService_byStatus_failed_FAIL2_exception"
                       class="testMethodDetails">
                     <pre style="padding: 5px; margin: 0;">org.openqa.selenium.TimeoutException: Timed out after 10 seconds waiting for visibility of Proxy element for: DefaultElementLocator
                        'By.xpath: (//a[text()='Customer Service']'
                        Build info: version: '2.53.0', revision: '35ae25b1534ae328c771e0856c93e187490ca824', time: '2016-03-15 10:43:46'
                        System info: host: 'sdwvpctcs2813', ip: '10.15.11.210', os.name: 'Windows 7', os.arch: 'amd64', os.version: '6.1', java.version:
                        '1.8.0_91'
                        Driver info: org.openqa.selenium.chrome.ChromeDriver
                        Capabilities [{applicationCacheEnabled=false, rotatable=false, mobileEmulationEnabled=false, chrome={chromedriverVersion=2.22.397933
                        (1cab651507b88dec79b2b2a22d1943c01833cc1b), userDataDir=C:\Users\hxdxa4\AppData\Local\Temp\scoped_dir3240_14555}, takesHeapSnapshot=true,
                        databaseEnabled=false, handlesAlerts=true, hasTouchScreen=false, version=51.0.2704.106, platform=XP, browserConnectionEnabled=false,
                        nativeEvents=true, acceptSslCerts=true, locationContextEnabled=true, webStorageEnabled=true, browserName=chrome, takesScreenshot=true,
                        javascriptEnabled=true, cssSelectorsEnabled=true}]
                        Session ID: 6ebcf602774ea563f1bd50c96c86c024
                        	at org.openqa.selenium.support.ui.WebDriverWait.timeoutException(WebDriverWait.java:80)
                        	at org.openqa.selenium.support.ui.FluentWait.until(FluentWait.java:261)
                        	at com.test.regression.cub.utils.SuiteBase.waitFor(SuiteBase.java:111)
                        	at com.test.regression.cub.utils.SuiteBase.waitFor(SuiteBase.java:115)
                        	at com.test.regression.cub.pages.CubHome.clickCustomerService(CubHome.java:225)
                        	at com.test.regression.cub.HeaderFooterNavigation.CustomerService(HeaderFooterNavigation.java:76)
                        	at sun.reflect.NativeMethodAccessorImpl.invoke0(Native Method)
                        	at sun.reflect.NativeMethodAccessorImpl.invoke(Unknown Source)
                        	at sun.reflect.DelegatingMethodAccessorImpl.invoke(Unknown Source)
                        	at java.lang.reflect.Method.invoke(Unknown Source)
                        	at org.testng.internal.MethodInvocationHelper.invokeMethod(MethodInvocationHelper.java:80)
                        	at org.testng.internal.Invoker.invokeMethod(Invoker.java:714)
                        	at org.testng.internal.Invoker.invokeTestMethod(Invoker.java:901)
                        	at org.testng.internal.Invoker.invokeTestMethods(Invoker.java:1231)
                        	at org.testng.internal.TestMethodWorker.invokeTestMethods(TestMethodWorker.java:127)
                        	at org.testng.internal.TestMethodWorker.run(TestMethodWorker.java:111)
                        	at org.testng.TestRunner.privateRun(TestRunner.java:767)
                        	at org.testng.TestRunner.run(TestRunner.java:617)
                        	at org.testng.SuiteRunner.runTest(SuiteRunner.java:334)
                        	at org.testng.SuiteRunner.runSequentially(SuiteRunner.java:329)
                        	at org.testng.SuiteRunner.privateRun(SuiteRunner.java:291)
                        	at org.testng.SuiteRunner.run(SuiteRunner.java:240)
                        	at org.testng.SuiteRunnerWorker.runSuite(SuiteRunnerWorker.java:52)
                        	at org.testng.SuiteRunnerWorker.run(SuiteRunnerWorker.java:86)
                        	at org.testng.TestNG.runSuitesSequentially(TestNG.java:1198)
                        	at org.testng.TestNG.runSuitesLocally(TestNG.java:1123)
                        	at org.testng.TestNG.run(TestNG.java:1031)
                        	at org.testng.remote.AbstractRemoteTestNG.run(AbstractRemoteTestNG.java:126)
                        	at org.testng.remote.RemoteTestNG.initAndRun(RemoteTestNG.java:137)
                        	at org.testng.remote.RemoteTestNG.main(RemoteTestNG.java:58)
                        Caused by: org.openqa.selenium.InvalidSelectorException: invalid selector: Unable to locate an element with the xpath expression
                        (//a[text()='Customer Service'] because of the following error:
                        SyntaxError: Failed to execute 'evaluate' on 'Document': The string '(//a[text()='Customer Service']' is not a valid XPath
                        expression.
                        (Session info: chrome=51.0.2704.106)
                        (Driver info: chromedriver=2.22.397933 (1cab651507b88dec79b2b2a22d1943c01833cc1b),platform=Windows NT 6.1.7601 SP1 x86_64)
                        (WARNING: The server did not provide any stacktrace information)
                        Command duration or timeout: 31 milliseconds
                        For documentation on this error, please visit: http://seleniumhq.org/exceptions/invalid_selector_exception.html
                        Build info: version: '2.53.0', revision: '35ae25b1534ae328c771e0856c93e187490ca824', time: '2016-03-15 10:43:46'
                        System info: host: 'sdwvpctcs2813', ip: '10.15.11.210', os.name: 'Windows 7', os.arch: 'amd64', os.version: '6.1', java.version:
                        '1.8.0_91'
                        Driver info: org.openqa.selenium.chrome.ChromeDriver
                        Capabilities [{applicationCacheEnabled=false, rotatable=false, mobileEmulationEnabled=false, chrome={chromedriverVersion=2.22.397933
                        (1cab651507b88dec79b2b2a22d1943c01833cc1b), userDataDir=C:\Users\hxdxa4\AppData\Local\Temp\scoped_dir3240_14555}, takesHeapSnapshot=true,
                        databaseEnabled=false, handlesAlerts=true, hasTouchScreen=false, version=51.0.2704.106, platform=XP, browserConnectionEnabled=false,
                        nativeEvents=true, acceptSslCerts=true, locationContextEnabled=true, webStorageEnabled=true, browserName=chrome, takesScreenshot=true,
                        javascriptEnabled=true, cssSelectorsEnabled=true}]
                        Session ID: 6ebcf602774ea563f1bd50c96c86c024
                        *** Element info: {Using=xpath, value=(//a[text()='Customer Service']}
                        	at sun.reflect.GeneratedConstructorAccessor13.newInstance(Unknown Source)
                        	at sun.reflect.DelegatingConstructorAccessorImpl.newInstance(Unknown Source)
                        	at java.lang.reflect.Constructor.newInstance(Unknown Source)
                        	at org.openqa.selenium.remote.ErrorHandler.createThrowable(ErrorHandler.java:206)
                        	at org.openqa.selenium.remote.ErrorHandler.throwIfResponseFailed(ErrorHandler.java:158)
                        	at org.openqa.selenium.remote.RemoteWebDriver.execute(RemoteWebDriver.java:678)
                        	at org.openqa.selenium.remote.RemoteWebDriver.findElement(RemoteWebDriver.java:363)
                        	at org.openqa.selenium.remote.RemoteWebDriver.findElementByXPath(RemoteWebDriver.java:500)
                        	at org.openqa.selenium.By$ByXPath.findElement(By.java:361)
                        	at org.openqa.selenium.remote.RemoteWebDriver.findElement(RemoteWebDriver.java:355)
                        	at org.openqa.selenium.support.pagefactory.DefaultElementLocator.findElement(DefaultElementLocator.java:69)
                        	at org.openqa.selenium.support.pagefactory.internal.LocatingElementHandler.invoke(LocatingElementHandler.java:38)
                        	at com.sun.proxy.$Proxy7.isDisplayed(Unknown Source)
                        	at org.openqa.selenium.support.ui.ExpectedConditions.elementIfVisible(ExpectedConditions.java:302)
                        	at org.openqa.selenium.support.ui.ExpectedConditions.access$100(ExpectedConditions.java:41)
                        	at org.openqa.selenium.support.ui.ExpectedConditions$10.apply(ExpectedConditions.java:288)
                        	at org.openqa.selenium.support.ui.ExpectedConditions$10.apply(ExpectedConditions.java:285)
                        	at org.openqa.selenium.support.ui.FluentWait.until(FluentWait.java:238)
                        	... 28 more
                     </pre>
                  </div>
               </td>
            </tr>
            <tr id="com.test.regression.cub.HeaderFooterNavigation_startExtent_byStatus_passed_PASS1_row"
                class="testMethodStatusPASS testMethodStatusCONF">
               <td width="100%" class="firstMethodCell">
                  <a onclick="toggleDetailsVisibility('com.test.regression.cub.HeaderFooterNavigation_startExtent_byStatus_passed_PASS1_details')">startExtent(public void com.test.regression.cub.HeaderFooterNavigation.aboutUs())</a>
               </td>
               <td nowrap="true">15:36:04</td>
               <td nowrap="true" align="right">18s
                  
               </td>
               <td nowrap="true">
                   
                  
               </td>
            </tr>
            <tr>
               <td colspan="4" class="detailsBox">
                  <div id="com.test.regression.cub.HeaderFooterNavigation_startExtent_byStatus_passed_PASS1_details"
                       class="testMethodDetails">
                     <div>
                        <b>Name: </b>startExtent
                     </div>
                     <div>
                        <b>Signature: </b>startExtent(java.lang.reflect.Method)[pri:0, instance:com.test.regression.cub.HeaderFooterNavigation@57536d79]
                     </div>
                     <div>
                        <b>Parameters: </b>
                        
                        public void com.test.regression.cub.HeaderFooterNavigation.aboutUs()
                        
                        
                     </div>
                     <div>
                        <b>Start time: </b>15:36:04
                     </div>
                     <div>
                        <b>End time: </b>15:36:22
                     </div>
                     <div>
                        <b>Duration: </b>18s
                        
                     </div>
                  </div>
               </td>
            </tr>
            <tr></tr>
            <tr id="com.test.regression.cub.HeaderFooterNavigation_aboutUs_byStatus_passed_PASS2_row"
                class="testMethodStatusPASS">
               <td width="100%" class="firstMethodCell">
                  <a onclick="toggleDetailsVisibility('com.test.regression.cub.HeaderFooterNavigation_aboutUs_byStatus_passed_PASS2_details')">aboutUs()</a>
               </td>
               <td nowrap="true">15:36:22</td>
               <td nowrap="true" align="right">3s
                  
               </td>
               <td nowrap="true">
                   
                  
               </td>
            </tr>
            <tr>
               <td colspan="4" class="detailsBox">
                  <div id="com.test.regression.cub.HeaderFooterNavigation_aboutUs_byStatus_passed_PASS2_details"
                       class="testMethodDetails">
                     <div>
                        <b>Name: </b>aboutUs
                     </div>
                     <div>
                        <b>Signature: </b>aboutUs()[pri:0, instance:com.test.regression.cub.HeaderFooterNavigation@57536d79]
                     </div>
                     <div>
                        <b>Start time: </b>15:36:22
                     </div>
                     <div>
                        <b>End time: </b>15:36:26
                     </div>
                     <div>
                        <b>Duration: </b>3s
                        
                     </div>
                  </div>
               </td>
            </tr>
            <tr></tr>
            <tr id="com.test.regression.cub.HeaderFooterNavigation_breakDown_byStatus_passed_PASS3_row"
                class="testMethodStatusPASS testMethodStatusCONF">
               <td width="100%" class="firstMethodCell">
                  <a onclick="toggleDetailsVisibility('com.test.regression.cub.HeaderFooterNavigation_breakDown_byStatus_passed_PASS3_details')">breakDown([TestResult name=aboutUs status=SUCCESS method=HeaderFooterNavigation.aboutUs()[pri:0, instance:com.test.regression.cub.HeaderFooterNavigation@57536d79]
                     output={null}])
                  </a>
               </td>
               <td nowrap="true">15:36:26</td>
               <td nowrap="true" align="right">243 ms
                  
               </td>
               <td nowrap="true">
                   
                  
               </td>
            </tr>
            <tr>
               <td colspan="4" class="detailsBox">
                  <div id="com.test.regression.cub.HeaderFooterNavigation_breakDown_byStatus_passed_PASS3_details"
                       class="testMethodDetails">
                     <div>
                        <b>Name: </b>breakDown
                     </div>
                     <div>
                        <b>Signature: </b>breakDown(org.testng.ITestResult)[pri:0, instance:com.test.regression.cub.HeaderFooterNavigation@57536d79]
                     </div>
                     <div>
                        <b>Parameters: </b>
                        
                        [TestResult name=aboutUs status=SUCCESS method=HeaderFooterNavigation.aboutUs()[pri:0, instance:com.test.regression.cub.HeaderFooterNavigation@57536d79]
                        output={null}]
                        
                        
                     </div>
                     <div>
                        <b>Start time: </b>15:36:26
                     </div>
                     <div>
                        <b>End time: </b>15:36:26
                     </div>
                     <div>
                        <b>Duration: </b>243 ms
                        
                     </div>
                  </div>
               </td>
            </tr>
            <tr></tr>
            <tr id="com.test.regression.cub.HeaderFooterNavigation_closeDriver_byStatus_passed_PASS4_row"
                class="testMethodStatusPASS testMethodStatusCONF">
               <td width="100%" class="firstMethodCell">
                  <a onclick="toggleDetailsVisibility('com.test.regression.cub.HeaderFooterNavigation_closeDriver_byStatus_passed_PASS4_details')">closeDriver()</a>
               </td>
               <td nowrap="true">15:36:26</td>
               <td nowrap="true" align="right">1s
                  
               </td>
               <td nowrap="true">
                   
                  
               </td>
            </tr>
            <tr>
               <td colspan="4" class="detailsBox">
                  <div id="com.test.regression.cub.HeaderFooterNavigation_closeDriver_byStatus_passed_PASS4_details"
                       class="testMethodDetails">
                     <div>
                        <b>Name: </b>closeDriver
                     </div>
                     <div>
                        <b>Signature: </b>closeDriver()[pri:0, instance:com.test.regression.cub.HeaderFooterNavigation@57536d79]
                     </div>
                     <div>
                        <b>Start time: </b>15:36:26
                     </div>
                     <div>
                        <b>End time: </b>15:36:28
                     </div>
                     <div>
                        <b>Duration: </b>1s
                        
                     </div>
                  </div>
               </td>
            </tr>
            <tr></tr>
            <tr id="com.test.regression.cub.HeaderFooterNavigation_startExtent_byStatus_passed_PASS5_row"
                class="testMethodStatusPASS testMethodStatusCONF">
               <td width="100%" class="firstMethodCell">
                  <a onclick="toggleDetailsVisibility('com.test.regression.cub.HeaderFooterNavigation_startExtent_byStatus_passed_PASS5_details')">startExtent(public void com.test.regression.cub.HeaderFooterNavigation.Careers())</a>
               </td>
               <td nowrap="true">15:36:28</td>
               <td nowrap="true" align="right">11s
                  
               </td>
               <td nowrap="true">
                   
                  
               </td>
            </tr>
            <tr>
               <td colspan="4" class="detailsBox">
                  <div id="com.test.regression.cub.HeaderFooterNavigation_startExtent_byStatus_passed_PASS5_details"
                       class="testMethodDetails">
                     <div>
                        <b>Name: </b>startExtent
                     </div>
                     <div>
                        <b>Signature: </b>startExtent(java.lang.reflect.Method)[pri:0, instance:com.test.regression.cub.HeaderFooterNavigation@57536d79]
                     </div>
                     <div>
                        <b>Parameters: </b>
                        
                        public void com.test.regression.cub.HeaderFooterNavigation.Careers()
                        
                        
                     </div>
                     <div>
                        <b>Start time: </b>15:36:28
                     </div>
                     <div>
                        <b>End time: </b>15:36:39
                     </div>
                     <div>
                        <b>Duration: </b>11s
                        
                     </div>
                  </div>
               </td>
            </tr>
            <tr></tr>
            <tr id="com.test.regression.cub.HeaderFooterNavigation_Careers_byStatus_passed_PASS6_row"
                class="testMethodStatusPASS">
               <td width="100%" class="firstMethodCell">
                  <a onclick="toggleDetailsVisibility('com.test.regression.cub.HeaderFooterNavigation_Careers_byStatus_passed_PASS6_details')">Careers()</a>
               </td>
               <td nowrap="true">15:36:39</td>
               <td nowrap="true" align="right">2s
                  
               </td>
               <td nowrap="true">
                   
                  
               </td>
            </tr>
            <tr>
               <td colspan="4" class="detailsBox">
                  <div id="com.test.regression.cub.HeaderFooterNavigation_Careers_byStatus_passed_PASS6_details"
                       class="testMethodDetails">
                     <div>
                        <b>Name: </b>Careers
                     </div>
                     <div>
                        <b>Signature: </b>Careers()[pri:0, instance:com.test.regression.cub.HeaderFooterNavigation@57536d79]
                     </div>
                     <div>
                        <b>Start time: </b>15:36:39
                     </div>
                     <div>
                        <b>End time: </b>15:36:42
                     </div>
                     <div>
                        <b>Duration: </b>2s
                        
                     </div>
                  </div>
               </td>
            </tr>
            <tr></tr>
            <tr id="com.test.regression.cub.HeaderFooterNavigation_breakDown_byStatus_passed_PASS7_row"
                class="testMethodStatusPASS testMethodStatusCONF">
               <td width="100%" class="firstMethodCell">
                  <a onclick="toggleDetailsVisibility('com.test.regression.cub.HeaderFooterNavigation_breakDown_byStatus_passed_PASS7_details')">breakDown([TestResult name=Careers status=SUCCESS method=HeaderFooterNavigation.Careers()[pri:0, instance:com.test.regression.cub.HeaderFooterNavigation@57536d79]
                     output={null}])
                  </a>
               </td>
               <td nowrap="true">15:36:42</td>
               <td nowrap="true" align="right">248 ms
                  
               </td>
               <td nowrap="true">
                   
                  
               </td>
            </tr>
            <tr>
               <td colspan="4" class="detailsBox">
                  <div id="com.test.regression.cub.HeaderFooterNavigation_breakDown_byStatus_passed_PASS7_details"
                       class="testMethodDetails">
                     <div>
                        <b>Name: </b>breakDown
                     </div>
                     <div>
                        <b>Signature: </b>breakDown(org.testng.ITestResult)[pri:0, instance:com.test.regression.cub.HeaderFooterNavigation@57536d79]
                     </div>
                     <div>
                        <b>Parameters: </b>
                        
                        [TestResult name=Careers status=SUCCESS method=HeaderFooterNavigation.Careers()[pri:0, instance:com.test.regression.cub.HeaderFooterNavigation@57536d79]
                        output={null}]
                        
                        
                     </div>
                     <div>
                        <b>Start time: </b>15:36:42
                     </div>
                     <div>
                        <b>End time: </b>15:36:42
                     </div>
                     <div>
                        <b>Duration: </b>248 ms
                        
                     </div>
                  </div>
               </td>
            </tr>
            <tr></tr>
            <tr id="com.test.regression.cub.HeaderFooterNavigation_closeDriver_byStatus_passed_PASS8_row"
                class="testMethodStatusPASS testMethodStatusCONF">
               <td width="100%" class="firstMethodCell">
                  <a onclick="toggleDetailsVisibility('com.test.regression.cub.HeaderFooterNavigation_closeDriver_byStatus_passed_PASS8_details')">closeDriver()</a>
               </td>
               <td nowrap="true">15:36:42</td>
               <td nowrap="true" align="right">1s
                  
               </td>
               <td nowrap="true">
                   
                  
               </td>
            </tr>
            <tr>
               <td colspan="4" class="detailsBox">
                  <div id="com.test.regression.cub.HeaderFooterNavigation_closeDriver_byStatus_passed_PASS8_details"
                       class="testMethodDetails">
                     <div>
                        <b>Name: </b>closeDriver
                     </div>
                     <div>
                        <b>Signature: </b>closeDriver()[pri:0, instance:com.test.regression.cub.HeaderFooterNavigation@57536d79]
                     </div>
                     <div>
                        <b>Start time: </b>15:36:42
                     </div>
                     <div>
                        <b>End time: </b>15:36:44
                     </div>
                     <div>
                        <b>Duration: </b>1s
                        
                     </div>
                  </div>
               </td>
            </tr>
            <tr></tr>
            <tr id="com.test.regression.cub.HeaderFooterNavigation_startExtent_byStatus_passed_PASS9_row"
                class="testMethodStatusPASS testMethodStatusCONF">
               <td width="100%" class="firstMethodCell">
                  <a onclick="toggleDetailsVisibility('com.test.regression.cub.HeaderFooterNavigation_startExtent_byStatus_passed_PASS9_details')">startExtent(public void com.test.regression.cub.HeaderFooterNavigation.Recalls())</a>
               </td>
               <td nowrap="true">15:36:44</td>
               <td nowrap="true" align="right">15s
                  
               </td>
               <td nowrap="true">
                   
                  
               </td>
            </tr>
            <tr>
               <td colspan="4" class="detailsBox">
                  <div id="com.test.regression.cub.HeaderFooterNavigation_startExtent_byStatus_passed_PASS9_details"
                       class="testMethodDetails">
                     <div>
                        <b>Name: </b>startExtent
                     </div>
                     <div>
                        <b>Signature: </b>startExtent(java.lang.reflect.Method)[pri:0, instance:com.test.regression.cub.HeaderFooterNavigation@57536d79]
                     </div>
                     <div>
                        <b>Parameters: </b>
                        
                        public void com.test.regression.cub.HeaderFooterNavigation.Recalls()
                        
                        
                     </div>
                     <div>
                        <b>Start time: </b>15:36:44
                     </div>
                     <div>
                        <b>End time: </b>15:36:59
                     </div>
                     <div>
                        <b>Duration: </b>15s
                        
                     </div>
                  </div>
               </td>
            </tr>
            <tr></tr>
            <tr id="com.test.regression.cub.HeaderFooterNavigation_Recalls_byStatus_passed_PASS10_row"
                class="testMethodStatusPASS">
               <td width="100%" class="firstMethodCell">
                  <a onclick="toggleDetailsVisibility('com.test.regression.cub.HeaderFooterNavigation_Recalls_byStatus_passed_PASS10_details')">Recalls()</a>
               </td>
               <td nowrap="true">15:36:59</td>
               <td nowrap="true" align="right">2s
                  
               </td>
               <td nowrap="true">
                   
                  
               </td>
            </tr>
            <tr>
               <td colspan="4" class="detailsBox">
                  <div id="com.test.regression.cub.HeaderFooterNavigation_Recalls_byStatus_passed_PASS10_details"
                       class="testMethodDetails">
                     <div>
                        <b>Name: </b>Recalls
                     </div>
                     <div>
                        <b>Signature: </b>Recalls()[pri:0, instance:com.test.regression.cub.HeaderFooterNavigation@57536d79]
                     </div>
                     <div>
                        <b>Start time: </b>15:36:59
                     </div>
                     <div>
                        <b>End time: </b>15:37:02
                     </div>
                     <div>
                        <b>Duration: </b>2s
                        
                     </div>
                  </div>
               </td>
            </tr>
            <tr></tr>
            <tr id="com.test.regression.cub.HeaderFooterNavigation_breakDown_byStatus_passed_PASS11_row"
                class="testMethodStatusPASS testMethodStatusCONF">
               <td width="100%" class="firstMethodCell">
                  <a onclick="toggleDetailsVisibility('com.test.regression.cub.HeaderFooterNavigation_breakDown_byStatus_passed_PASS11_details')">breakDown([TestResult name=Recalls status=SUCCESS method=HeaderFooterNavigation.Recalls()[pri:0, instance:com.test.regression.cub.HeaderFooterNavigation@57536d79]
                     output={null}])
                  </a>
               </td>
               <td nowrap="true">15:37:02</td>
               <td nowrap="true" align="right">247 ms
                  
               </td>
               <td nowrap="true">
                   
                  
               </td>
            </tr>
            <tr>
               <td colspan="4" class="detailsBox">
                  <div id="com.test.regression.cub.HeaderFooterNavigation_breakDown_byStatus_passed_PASS11_details"
                       class="testMethodDetails">
                     <div>
                        <b>Name: </b>breakDown
                     </div>
                     <div>
                        <b>Signature: </b>breakDown(org.testng.ITestResult)[pri:0, instance:com.test.regression.cub.HeaderFooterNavigation@57536d79]
                     </div>
                     <div>
                        <b>Parameters: </b>
                        
                        [TestResult name=Recalls status=SUCCESS method=HeaderFooterNavigation.Recalls()[pri:0, instance:com.test.regression.cub.HeaderFooterNavigation@57536d79]
                        output={null}]
                        
                        
                     </div>
                     <div>
                        <b>Start time: </b>15:37:02
                     </div>
                     <div>
                        <b>End time: </b>15:37:02
                     </div>
                     <div>
                        <b>Duration: </b>247 ms
                        
                     </div>
                  </div>
               </td>
            </tr>
            <tr></tr>
            <tr id="com.test.regression.cub.HeaderFooterNavigation_closeDriver_byStatus_passed_PASS12_row"
                class="testMethodStatusPASS testMethodStatusCONF">
               <td width="100%" class="firstMethodCell">
                  <a onclick="toggleDetailsVisibility('com.test.regression.cub.HeaderFooterNavigation_closeDriver_byStatus_passed_PASS12_details')">closeDriver()</a>
               </td>
               <td nowrap="true">15:37:02</td>
               <td nowrap="true" align="right">1s
                  
               </td>
               <td nowrap="true">
                   
                  
               </td>
            </tr>
            <tr>
               <td colspan="4" class="detailsBox">
                  <div id="com.test.regression.cub.HeaderFooterNavigation_closeDriver_byStatus_passed_PASS12_details"
                       class="testMethodDetails">
                     <div>
                        <b>Name: </b>closeDriver
                     </div>
                     <div>
                        <b>Signature: </b>closeDriver()[pri:0, instance:com.test.regression.cub.HeaderFooterNavigation@57536d79]
                     </div>
                     <div>
                        <b>Start time: </b>15:37:02
                     </div>
                     <div>
                        <b>End time: </b>15:37:04
                     </div>
                     <div>
                        <b>Duration: </b>1s
                        
                     </div>
                  </div>
               </td>
            </tr>
            <tr></tr>
            <tr id="com.test.regression.cub.HeaderFooterNavigation_startExtent_byStatus_passed_PASS13_row"
                class="testMethodStatusPASS testMethodStatusCONF">
               <td width="100%" class="firstMethodCell">
                  <a onclick="toggleDetailsVisibility('com.test.regression.cub.HeaderFooterNavigation_startExtent_byStatus_passed_PASS13_details')">startExtent(public void com.test.regression.cub.HeaderFooterNavigation.PrivacyPolicy())</a>
               </td>
               <td nowrap="true">15:37:04</td>
               <td nowrap="true" align="right">11s
                  
               </td>
               <td nowrap="true">
                   
                  
               </td>
            </tr>
            <tr>
               <td colspan="4" class="detailsBox">
                  <div id="com.test.regression.cub.HeaderFooterNavigation_startExtent_byStatus_passed_PASS13_details"
                       class="testMethodDetails">
                     <div>
                        <b>Name: </b>startExtent
                     </div>
                     <div>
                        <b>Signature: </b>startExtent(java.lang.reflect.Method)[pri:0, instance:com.test.regression.cub.HeaderFooterNavigation@57536d79]
                     </div>
                     <div>
                        <b>Parameters: </b>
                        
                        public void com.test.regression.cub.HeaderFooterNavigation.PrivacyPolicy()
                        
                        
                     </div>
                     <div>
                        <b>Start time: </b>15:37:04
                     </div>
                     <div>
                        <b>End time: </b>15:37:15
                     </div>
                     <div>
                        <b>Duration: </b>11s
                        
                     </div>
                  </div>
               </td>
            </tr>
            <tr></tr>
            <tr id="com.test.regression.cub.HeaderFooterNavigation_PrivacyPolicy_byStatus_passed_PASS14_row"
                class="testMethodStatusPASS">
               <td width="100%" class="firstMethodCell">
                  <a onclick="toggleDetailsVisibility('com.test.regression.cub.HeaderFooterNavigation_PrivacyPolicy_byStatus_passed_PASS14_details')">PrivacyPolicy()</a>
               </td>
               <td nowrap="true">15:37:15</td>
               <td nowrap="true" align="right">3s
                  
               </td>
               <td nowrap="true">
                   
                  
               </td>
            </tr>
            <tr>
               <td colspan="4" class="detailsBox">
                  <div id="com.test.regression.cub.HeaderFooterNavigation_PrivacyPolicy_byStatus_passed_PASS14_details"
                       class="testMethodDetails">
                     <div>
                        <b>Name: </b>PrivacyPolicy
                     </div>
                     <div>
                        <b>Signature: </b>PrivacyPolicy()[pri:0, instance:com.test.regression.cub.HeaderFooterNavigation@57536d79]
                     </div>
                     <div>
                        <b>Start time: </b>15:37:15
                     </div>
                     <div>
                        <b>End time: </b>15:37:19
                     </div>
                     <div>
                        <b>Duration: </b>3s
                        
                     </div>
                  </div>
               </td>
            </tr>
            <tr></tr>
            <tr id="com.test.regression.cub.HeaderFooterNavigation_breakDown_byStatus_passed_PASS15_row"
                class="testMethodStatusPASS testMethodStatusCONF">
               <td width="100%" class="firstMethodCell">
                  <a onclick="toggleDetailsVisibility('com.test.regression.cub.HeaderFooterNavigation_breakDown_byStatus_passed_PASS15_details')">breakDown([TestResult name=PrivacyPolicy status=SUCCESS method=HeaderFooterNavigation.PrivacyPolicy()[pri:0, instance:com.test.regression.cub.HeaderFooterNavigation@57536d79]
                     output={null}])
                  </a>
               </td>
               <td nowrap="true">15:37:19</td>
               <td nowrap="true" align="right">316 ms
                  
               </td>
               <td nowrap="true">
                   
                  
               </td>
            </tr>
            <tr>
               <td colspan="4" class="detailsBox">
                  <div id="com.test.regression.cub.HeaderFooterNavigation_breakDown_byStatus_passed_PASS15_details"
                       class="testMethodDetails">
                     <div>
                        <b>Name: </b>breakDown
                     </div>
                     <div>
                        <b>Signature: </b>breakDown(org.testng.ITestResult)[pri:0, instance:com.test.regression.cub.HeaderFooterNavigation@57536d79]
                     </div>
                     <div>
                        <b>Parameters: </b>
                        
                        [TestResult name=PrivacyPolicy status=SUCCESS method=HeaderFooterNavigation.PrivacyPolicy()[pri:0, instance:com.test.regression.cub.HeaderFooterNavigation@57536d79]
                        output={null}]
                        
                        
                     </div>
                     <div>
                        <b>Start time: </b>15:37:19
                     </div>
                     <div>
                        <b>End time: </b>15:37:19
                     </div>
                     <div>
                        <b>Duration: </b>316 ms
                        
                     </div>
                  </div>
               </td>
            </tr>
            <tr></tr>
            <tr id="com.test.regression.cub.HeaderFooterNavigation_closeDriver_byStatus_passed_PASS16_row"
                class="testMethodStatusPASS testMethodStatusCONF">
               <td width="100%" class="firstMethodCell">
                  <a onclick="toggleDetailsVisibility('com.test.regression.cub.HeaderFooterNavigation_closeDriver_byStatus_passed_PASS16_details')">closeDriver()</a>
               </td>
               <td nowrap="true">15:37:19</td>
               <td nowrap="true" align="right">1s
                  
               </td>
               <td nowrap="true">
                   
                  
               </td>
            </tr>
            <tr>
               <td colspan="4" class="detailsBox">
                  <div id="com.test.regression.cub.HeaderFooterNavigation_closeDriver_byStatus_passed_PASS16_details"
                       class="testMethodDetails">
                     <div>
                        <b>Name: </b>closeDriver
                     </div>
                     <div>
                        <b>Signature: </b>closeDriver()[pri:0, instance:com.test.regression.cub.HeaderFooterNavigation@57536d79]
                     </div>
                     <div>
                        <b>Start time: </b>15:37:19
                     </div>
                     <div>
                        <b>End time: </b>15:37:21
                     </div>
                     <div>
                        <b>Duration: </b>1s
                        
                     </div>
                  </div>
               </td>
            </tr>
            <tr></tr>
            <tr id="com.test.regression.cub.HeaderFooterNavigation_startExtent_byStatus_passed_PASS17_row"
                class="testMethodStatusPASS testMethodStatusCONF">
               <td width="100%" class="firstMethodCell">
                  <a onclick="toggleDetailsVisibility('com.test.regression.cub.HeaderFooterNavigation_startExtent_byStatus_passed_PASS17_details')">startExtent(public void com.test.regression.cub.HeaderFooterNavigation.TermsAndConditions())</a>
               </td>
               <td nowrap="true">15:37:21</td>
               <td nowrap="true" align="right">12s
                  
               </td>
               <td nowrap="true">
                   
                  
               </td>
            </tr>
            <tr>
               <td colspan="4" class="detailsBox">
                  <div id="com.test.regression.cub.HeaderFooterNavigation_startExtent_byStatus_passed_PASS17_details"
                       class="testMethodDetails">
                     <div>
                        <b>Name: </b>startExtent
                     </div>
                     <div>
                        <b>Signature: </b>startExtent(java.lang.reflect.Method)[pri:0, instance:com.test.regression.cub.HeaderFooterNavigation@57536d79]
                     </div>
                     <div>
                        <b>Parameters: </b>
                        
                        public void com.test.regression.cub.HeaderFooterNavigation.TermsAndConditions()
                        
                        
                     </div>
                     <div>
                        <b>Start time: </b>15:37:21
                     </div>
                     <div>
                        <b>End time: </b>15:37:33
                     </div>
                     <div>
                        <b>Duration: </b>12s
                        
                     </div>
                  </div>
               </td>
            </tr>
            <tr></tr>
            <tr id="com.test.regression.cub.HeaderFooterNavigation_breakDown_byStatus_passed_PASS18_row"
                class="testMethodStatusPASS testMethodStatusCONF">
               <td width="100%" class="firstMethodCell">
                  <a onclick="toggleDetailsVisibility('com.test.regression.cub.HeaderFooterNavigation_breakDown_byStatus_passed_PASS18_details')">breakDown([TestResult name=TermsAndConditions status=FAILURE method=HeaderFooterNavigation.TermsAndConditions()[pri:0, instance:com.test.regression.cub.HeaderFooterNavigation@57536d79]
                     output={null}])
                  </a>
               </td>
               <td nowrap="true">15:38:14</td>
               <td nowrap="true" align="right">542 ms
                  
               </td>
               <td nowrap="true">
                   
                  
               </td>
            </tr>
            <tr>
               <td colspan="4" class="detailsBox">
                  <div id="com.test.regression.cub.HeaderFooterNavigation_breakDown_byStatus_passed_PASS18_details"
                       class="testMethodDetails">
                     <div>
                        <b>Name: </b>breakDown
                     </div>
                     <div>
                        <b>Signature: </b>breakDown(org.testng.ITestResult)[pri:0, instance:com.test.regression.cub.HeaderFooterNavigation@57536d79]
                     </div>
                     <div>
                        <b>Parameters: </b>
                        
                        [TestResult name=TermsAndConditions status=FAILURE method=HeaderFooterNavigation.TermsAndConditions()[pri:0, instance:com.test.regression.cub.HeaderFooterNavigation@57536d79]
                        output={null}]
                        
                        
                     </div>
                     <div>
                        <b>Start time: </b>15:38:14
                     </div>
                     <div>
                        <b>End time: </b>15:38:14
                     </div>
                     <div>
                        <b>Duration: </b>542 ms
                        
                     </div>
                  </div>
               </td>
            </tr>
            <tr></tr>
            <tr id="com.test.regression.cub.HeaderFooterNavigation_closeDriver_byStatus_passed_PASS19_row"
                class="testMethodStatusPASS testMethodStatusCONF">
               <td width="100%" class="firstMethodCell">
                  <a onclick="toggleDetailsVisibility('com.test.regression.cub.HeaderFooterNavigation_closeDriver_byStatus_passed_PASS19_details')">closeDriver()</a>
               </td>
               <td nowrap="true">15:38:14</td>
               <td nowrap="true" align="right">1s
                  
               </td>
               <td nowrap="true">
                   
                  
               </td>
            </tr>
            <tr>
               <td colspan="4" class="detailsBox">
                  <div id="com.test.regression.cub.HeaderFooterNavigation_closeDriver_byStatus_passed_PASS19_details"
                       class="testMethodDetails">
                     <div>
                        <b>Name: </b>closeDriver
                     </div>
                     <div>
                        <b>Signature: </b>closeDriver()[pri:0, instance:com.test.regression.cub.HeaderFooterNavigation@57536d79]
                     </div>
                     <div>
                        <b>Start time: </b>15:38:14
                     </div>
                     <div>
                        <b>End time: </b>15:38:15
                     </div>
                     <div>
                        <b>Duration: </b>1s
                        
                     </div>
                  </div>
               </td>
            </tr>
            <tr></tr>
            <tr id="com.test.regression.cub.HeaderFooterNavigation_startExtent_byStatus_passed_PASS20_row"
                class="testMethodStatusPASS testMethodStatusCONF">
               <td width="100%" class="firstMethodCell">
                  <a onclick="toggleDetailsVisibility('com.test.regression.cub.HeaderFooterNavigation_startExtent_byStatus_passed_PASS20_details')">startExtent(public void com.test.regression.cub.HeaderFooterNavigation.CustomerService())</a>
               </td>
               <td nowrap="true">15:38:15</td>
               <td nowrap="true" align="right">9s
                  
               </td>
               <td nowrap="true">
                   
                  
               </td>
            </tr>
            <tr>
               <td colspan="4" class="detailsBox">
                  <div id="com.test.regression.cub.HeaderFooterNavigation_startExtent_byStatus_passed_PASS20_details"
                       class="testMethodDetails">
                     <div>
                        <b>Name: </b>startExtent
                     </div>
                     <div>
                        <b>Signature: </b>startExtent(java.lang.reflect.Method)[pri:0, instance:com.test.regression.cub.HeaderFooterNavigation@57536d79]
                     </div>
                     <div>
                        <b>Parameters: </b>
                        
                        public void com.test.regression.cub.HeaderFooterNavigation.CustomerService()
                        
                        
                     </div>
                     <div>
                        <b>Start time: </b>15:38:15
                     </div>
                     <div>
                        <b>End time: </b>15:38:25
                     </div>
                     <div>
                        <b>Duration: </b>9s
                        
                     </div>
                  </div>
               </td>
            </tr>
            <tr></tr>
            <tr id="com.test.regression.cub.HeaderFooterNavigation_breakDown_byStatus_passed_PASS21_row"
                class="testMethodStatusPASS testMethodStatusCONF">
               <td width="100%" class="firstMethodCell">
                  <a onclick="toggleDetailsVisibility('com.test.regression.cub.HeaderFooterNavigation_breakDown_byStatus_passed_PASS21_details')">breakDown([TestResult name=CustomerService status=FAILURE method=HeaderFooterNavigation.CustomerService()[pri:0, instance:com.test.regression.cub.HeaderFooterNavigation@57536d79]
                     output={null}])
                  </a>
               </td>
               <td nowrap="true">15:38:36</td>
               <td nowrap="true" align="right">322 ms
                  
               </td>
               <td nowrap="true">
                   
                  
               </td>
            </tr>
            <tr>
               <td colspan="4" class="detailsBox">
                  <div id="com.test.regression.cub.HeaderFooterNavigation_breakDown_byStatus_passed_PASS21_details"
                       class="testMethodDetails">
                     <div>
                        <b>Name: </b>breakDown
                     </div>
                     <div>
                        <b>Signature: </b>breakDown(org.testng.ITestResult)[pri:0, instance:com.test.regression.cub.HeaderFooterNavigation@57536d79]
                     </div>
                     <div>
                        <b>Parameters: </b>
                        
                        [TestResult name=CustomerService status=FAILURE method=HeaderFooterNavigation.CustomerService()[pri:0, instance:com.test.regression.cub.HeaderFooterNavigation@57536d79]
                        output={null}]
                        
                        
                     </div>
                     <div>
                        <b>Start time: </b>15:38:36
                     </div>
                     <div>
                        <b>End time: </b>15:38:36
                     </div>
                     <div>
                        <b>Duration: </b>322 ms
                        
                     </div>
                  </div>
               </td>
            </tr>
            <tr></tr>
            <tr id="com.test.regression.cub.HeaderFooterNavigation_closeDriver_byStatus_passed_PASS22_row"
                class="testMethodStatusPASS testMethodStatusCONF">
               <td width="100%" class="firstMethodCell">
                  <a onclick="toggleDetailsVisibility('com.test.regression.cub.HeaderFooterNavigation_closeDriver_byStatus_passed_PASS22_details')">closeDriver()</a>
               </td>
               <td nowrap="true">15:38:36</td>
               <td nowrap="true" align="right">2s
                  
               </td>
               <td nowrap="true">
                   
                  
               </td>
            </tr>
            <tr>
               <td colspan="4" class="detailsBox">
                  <div id="com.test.regression.cub.HeaderFooterNavigation_closeDriver_byStatus_passed_PASS22_details"
                       class="testMethodDetails">
                     <div>
                        <b>Name: </b>closeDriver
                     </div>
                     <div>
                        <b>Signature: </b>closeDriver()[pri:0, instance:com.test.regression.cub.HeaderFooterNavigation@57536d79]
                     </div>
                     <div>
                        <b>Start time: </b>15:38:36
                     </div>
                     <div>
                        <b>End time: </b>15:38:39
                     </div>
                     <div>
                        <b>Duration: </b>2s
                        
                     </div>
                  </div>
               </td>
            </tr>
            <tr></tr>
            <tr id="com.test.regression.cub.HeaderFooterNavigation_startExtent_byStatus_passed_PASS23_row"
                class="testMethodStatusPASS testMethodStatusCONF">
               <td width="100%" class="firstMethodCell">
                  <a onclick="toggleDetailsVisibility('com.test.regression.cub.HeaderFooterNavigation_startExtent_byStatus_passed_PASS23_details')">startExtent(public void com.test.regression.cub.HeaderFooterNavigation.WeeklyAdTile())</a>
               </td>
               <td nowrap="true">15:38:39</td>
               <td nowrap="true" align="right">9s
                  
               </td>
               <td nowrap="true">
                   
                  
               </td>
            </tr>
            <tr>
               <td colspan="4" class="detailsBox">
                  <div id="com.test.regression.cub.HeaderFooterNavigation_startExtent_byStatus_passed_PASS23_details"
                       class="testMethodDetails">
                     <div>
                        <b>Name: </b>startExtent
                     </div>
                     <div>
                        <b>Signature: </b>startExtent(java.lang.reflect.Method)[pri:0, instance:com.test.regression.cub.HeaderFooterNavigation@57536d79]
                     </div>
                     <div>
                        <b>Parameters: </b>
                        
                        public void com.test.regression.cub.HeaderFooterNavigation.WeeklyAdTile()
                        
                        
                     </div>
                     <div>
                        <b>Start time: </b>15:38:39
                     </div>
                     <div>
                        <b>End time: </b>15:38:49
                     </div>
                     <div>
                        <b>Duration: </b>9s
                        
                     </div>
                  </div>
               </td>
            </tr>
            <tr></tr>
            <tr id="com.test.regression.cub.HeaderFooterNavigation_WeeklyAdTile_byStatus_passed_PASS24_row"
                class="testMethodStatusPASS">
               <td width="100%" class="firstMethodCell">
                  <a onclick="toggleDetailsVisibility('com.test.regression.cub.HeaderFooterNavigation_WeeklyAdTile_byStatus_passed_PASS24_details')">WeeklyAdTile()</a>
               </td>
               <td nowrap="true">15:38:49</td>
               <td nowrap="true" align="right">8s
                  
               </td>
               <td nowrap="true">
                   
                  
               </td>
            </tr>
            <tr>
               <td colspan="4" class="detailsBox">
                  <div id="com.test.regression.cub.HeaderFooterNavigation_WeeklyAdTile_byStatus_passed_PASS24_details"
                       class="testMethodDetails">
                     <div>
                        <b>Name: </b>WeeklyAdTile
                     </div>
                     <div>
                        <b>Signature: </b>WeeklyAdTile()[pri:0, instance:com.test.regression.cub.HeaderFooterNavigation@57536d79]
                     </div>
                     <div>
                        <b>Start time: </b>15:38:49
                     </div>
                     <div>
                        <b>End time: </b>15:38:57
                     </div>
                     <div>
                        <b>Duration: </b>8s
                        
                     </div>
                  </div>
               </td>
            </tr>
            <tr></tr>
            <tr id="com.test.regression.cub.HeaderFooterNavigation_breakDown_byStatus_passed_PASS25_row"
                class="testMethodStatusPASS testMethodStatusCONF">
               <td width="100%" class="firstMethodCell">
                  <a onclick="toggleDetailsVisibility('com.test.regression.cub.HeaderFooterNavigation_breakDown_byStatus_passed_PASS25_details')">breakDown([TestResult name=WeeklyAdTile status=SUCCESS method=HeaderFooterNavigation.WeeklyAdTile()[pri:0, instance:com.test.regression.cub.HeaderFooterNavigation@57536d79]
                     output={null}])
                  </a>
               </td>
               <td nowrap="true">15:38:57</td>
               <td nowrap="true" align="right">346 ms
                  
               </td>
               <td nowrap="true">
                   
                  
               </td>
            </tr>
            <tr>
               <td colspan="4" class="detailsBox">
                  <div id="com.test.regression.cub.HeaderFooterNavigation_breakDown_byStatus_passed_PASS25_details"
                       class="testMethodDetails">
                     <div>
                        <b>Name: </b>breakDown
                     </div>
                     <div>
                        <b>Signature: </b>breakDown(org.testng.ITestResult)[pri:0, instance:com.test.regression.cub.HeaderFooterNavigation@57536d79]
                     </div>
                     <div>
                        <b>Parameters: </b>
                        
                        [TestResult name=WeeklyAdTile status=SUCCESS method=HeaderFooterNavigation.WeeklyAdTile()[pri:0, instance:com.test.regression.cub.HeaderFooterNavigation@57536d79]
                        output={null}]
                        
                        
                     </div>
                     <div>
                        <b>Start time: </b>15:38:57
                     </div>
                     <div>
                        <b>End time: </b>15:38:58
                     </div>
                     <div>
                        <b>Duration: </b>346 ms
                        
                     </div>
                  </div>
               </td>
            </tr>
            <tr></tr>
            <tr id="com.test.regression.cub.HeaderFooterNavigation_closeDriver_byStatus_passed_PASS26_row"
                class="testMethodStatusPASS testMethodStatusCONF">
               <td width="100%" class="firstMethodCell">
                  <a onclick="toggleDetailsVisibility('com.test.regression.cub.HeaderFooterNavigation_closeDriver_byStatus_passed_PASS26_details')">closeDriver()</a>
               </td>
               <td nowrap="true">15:38:58</td>
               <td nowrap="true" align="right">1s
                  
               </td>
               <td nowrap="true">
                   
                  
               </td>
            </tr>
            <tr>
               <td colspan="4" class="detailsBox">
                  <div id="com.test.regression.cub.HeaderFooterNavigation_closeDriver_byStatus_passed_PASS26_details"
                       class="testMethodDetails">
                     <div>
                        <b>Name: </b>closeDriver
                     </div>
                     <div>
                        <b>Signature: </b>closeDriver()[pri:0, instance:com.test.regression.cub.HeaderFooterNavigation@57536d79]
                     </div>
                     <div>
                        <b>Start time: </b>15:38:58
                     </div>
                     <div>
                        <b>End time: </b>15:38:59
                     </div>
                     <div>
                        <b>Duration: </b>1s
                        
                     </div>
                  </div>
               </td>
            </tr>
            <tr></tr>
            <tr id="com.test.regression.cub.HeaderFooterNavigation_startExtent_byStatus_passed_PASS27_row"
                class="testMethodStatusPASS testMethodStatusCONF">
               <td width="100%" class="firstMethodCell">
                  <a onclick="toggleDetailsVisibility('com.test.regression.cub.HeaderFooterNavigation_startExtent_byStatus_passed_PASS27_details')">startExtent(public void com.test.regression.cub.HeaderFooterNavigation.CouponTile())</a>
               </td>
               <td nowrap="true">15:38:59</td>
               <td nowrap="true" align="right">12s
                  
               </td>
               <td nowrap="true">
                   
                  
               </td>
            </tr>
            <tr>
               <td colspan="4" class="detailsBox">
                  <div id="com.test.regression.cub.HeaderFooterNavigation_startExtent_byStatus_passed_PASS27_details"
                       class="testMethodDetails">
                     <div>
                        <b>Name: </b>startExtent
                     </div>
                     <div>
                        <b>Signature: </b>startExtent(java.lang.reflect.Method)[pri:0, instance:com.test.regression.cub.HeaderFooterNavigation@57536d79]
                     </div>
                     <div>
                        <b>Parameters: </b>
                        
                        public void com.test.regression.cub.HeaderFooterNavigation.CouponTile()
                        
                        
                     </div>
                     <div>
                        <b>Start time: </b>15:38:59
                     </div>
                     <div>
                        <b>End time: </b>15:39:12
                     </div>
                     <div>
                        <b>Duration: </b>12s
                        
                     </div>
                  </div>
               </td>
            </tr>
            <tr></tr>
            <tr id="com.test.regression.cub.HeaderFooterNavigation_CouponTile_byStatus_passed_PASS28_row"
                class="testMethodStatusPASS">
               <td width="100%" class="firstMethodCell">
                  <a onclick="toggleDetailsVisibility('com.test.regression.cub.HeaderFooterNavigation_CouponTile_byStatus_passed_PASS28_details')">CouponTile()</a>
               </td>
               <td nowrap="true">15:39:12</td>
               <td nowrap="true" align="right">3s
                  
               </td>
               <td nowrap="true">
                   
                  
               </td>
            </tr>
            <tr>
               <td colspan="4" class="detailsBox">
                  <div id="com.test.regression.cub.HeaderFooterNavigation_CouponTile_byStatus_passed_PASS28_details"
                       class="testMethodDetails">
                     <div>
                        <b>Name: </b>CouponTile
                     </div>
                     <div>
                        <b>Signature: </b>CouponTile()[pri:0, instance:com.test.regression.cub.HeaderFooterNavigation@57536d79]
                     </div>
                     <div>
                        <b>Start time: </b>15:39:12
                     </div>
                     <div>
                        <b>End time: </b>15:39:15
                     </div>
                     <div>
                        <b>Duration: </b>3s
                        
                     </div>
                  </div>
               </td>
            </tr>
            <tr></tr>
            <tr id="com.test.regression.cub.HeaderFooterNavigation_breakDown_byStatus_passed_PASS29_row"
                class="testMethodStatusPASS testMethodStatusCONF">
               <td width="100%" class="firstMethodCell">
                  <a onclick="toggleDetailsVisibility('com.test.regression.cub.HeaderFooterNavigation_breakDown_byStatus_passed_PASS29_details')">breakDown([TestResult name=CouponTile status=SUCCESS method=HeaderFooterNavigation.CouponTile()[pri:0, instance:com.test.regression.cub.HeaderFooterNavigation@57536d79]
                     output={null}])
                  </a>
               </td>
               <td nowrap="true">15:39:15</td>
               <td nowrap="true" align="right">321 ms
                  
               </td>
               <td nowrap="true">
                   
                  
               </td>
            </tr>
            <tr>
               <td colspan="4" class="detailsBox">
                  <div id="com.test.regression.cub.HeaderFooterNavigation_breakDown_byStatus_passed_PASS29_details"
                       class="testMethodDetails">
                     <div>
                        <b>Name: </b>breakDown
                     </div>
                     <div>
                        <b>Signature: </b>breakDown(org.testng.ITestResult)[pri:0, instance:com.test.regression.cub.HeaderFooterNavigation@57536d79]
                     </div>
                     <div>
                        <b>Parameters: </b>
                        
                        [TestResult name=CouponTile status=SUCCESS method=HeaderFooterNavigation.CouponTile()[pri:0, instance:com.test.regression.cub.HeaderFooterNavigation@57536d79]
                        output={null}]
                        
                        
                     </div>
                     <div>
                        <b>Start time: </b>15:39:15
                     </div>
                     <div>
                        <b>End time: </b>15:39:15
                     </div>
                     <div>
                        <b>Duration: </b>321 ms
                        
                     </div>
                  </div>
               </td>
            </tr>
            <tr></tr>
            <tr id="com.test.regression.cub.HeaderFooterNavigation_closeDriver_byStatus_passed_PASS30_row"
                class="testMethodStatusPASS testMethodStatusCONF">
               <td width="100%" class="firstMethodCell">
                  <a onclick="toggleDetailsVisibility('com.test.regression.cub.HeaderFooterNavigation_closeDriver_byStatus_passed_PASS30_details')">closeDriver()</a>
               </td>
               <td nowrap="true">15:39:15</td>
               <td nowrap="true" align="right">1s
                  
               </td>
               <td nowrap="true">
                   
                  
               </td>
            </tr>
            <tr>
               <td colspan="4" class="detailsBox">
                  <div id="com.test.regression.cub.HeaderFooterNavigation_closeDriver_byStatus_passed_PASS30_details"
                       class="testMethodDetails">
                     <div>
                        <b>Name: </b>closeDriver
                     </div>
                     <div>
                        <b>Signature: </b>closeDriver()[pri:0, instance:com.test.regression.cub.HeaderFooterNavigation@57536d79]
                     </div>
                     <div>
                        <b>Start time: </b>15:39:15
                     </div>
                     <div>
                        <b>End time: </b>15:39:16
                     </div>
                     <div>
                        <b>Duration: </b>1s
                        
                     </div>
                  </div>
               </td>
            </tr>
            <tr></tr>
            <tr id="com.test.regression.cub.HeaderFooterNavigation_startExtent_byStatus_passed_PASS31_row"
                class="testMethodStatusPASS testMethodStatusCONF">
               <td width="100%" class="firstMethodCell">
                  <a onclick="toggleDetailsVisibility('com.test.regression.cub.HeaderFooterNavigation_startExtent_byStatus_passed_PASS31_details')">startExtent(public void com.test.regression.cub.HeaderFooterNavigation.CakesandPartyTile())</a>
               </td>
               <td nowrap="true">15:39:16</td>
               <td nowrap="true" align="right">9s
                  
               </td>
               <td nowrap="true">
                   
                  
               </td>
            </tr>
            <tr>
               <td colspan="4" class="detailsBox">
                  <div id="com.test.regression.cub.HeaderFooterNavigation_startExtent_byStatus_passed_PASS31_details"
                       class="testMethodDetails">
                     <div>
                        <b>Name: </b>startExtent
                     </div>
                     <div>
                        <b>Signature: </b>startExtent(java.lang.reflect.Method)[pri:0, instance:com.test.regression.cub.HeaderFooterNavigation@57536d79]
                     </div>
                     <div>
                        <b>Parameters: </b>
                        
                        public void com.test.regression.cub.HeaderFooterNavigation.CakesandPartyTile()
                        
                        
                     </div>
                     <div>
                        <b>Start time: </b>15:39:16
                     </div>
                     <div>
                        <b>End time: </b>15:39:26
                     </div>
                     <div>
                        <b>Duration: </b>9s
                        
                     </div>
                  </div>
               </td>
            </tr>
            <tr></tr>
            <tr id="com.test.regression.cub.HeaderFooterNavigation_CakesandPartyTile_byStatus_passed_PASS32_row"
                class="testMethodStatusPASS">
               <td width="100%" class="firstMethodCell">
                  <a onclick="toggleDetailsVisibility('com.test.regression.cub.HeaderFooterNavigation_CakesandPartyTile_byStatus_passed_PASS32_details')">CakesandPartyTile()</a>
               </td>
               <td nowrap="true">15:39:26</td>
               <td nowrap="true" align="right">3s
                  
               </td>
               <td nowrap="true">
                   
                  
               </td>
            </tr>
            <tr>
               <td colspan="4" class="detailsBox">
                  <div id="com.test.regression.cub.HeaderFooterNavigation_CakesandPartyTile_byStatus_passed_PASS32_details"
                       class="testMethodDetails">
                     <div>
                        <b>Name: </b>CakesandPartyTile
                     </div>
                     <div>
                        <b>Signature: </b>CakesandPartyTile()[pri:0, instance:com.test.regression.cub.HeaderFooterNavigation@57536d79]
                     </div>
                     <div>
                        <b>Start time: </b>15:39:26
                     </div>
                     <div>
                        <b>End time: </b>15:39:29
                     </div>
                     <div>
                        <b>Duration: </b>3s
                        
                     </div>
                  </div>
               </td>
            </tr>
            <tr></tr>
            <tr id="com.test.regression.cub.HeaderFooterNavigation_breakDown_byStatus_passed_PASS33_row"
                class="testMethodStatusPASS testMethodStatusCONF">
               <td width="100%" class="firstMethodCell">
                  <a onclick="toggleDetailsVisibility('com.test.regression.cub.HeaderFooterNavigation_breakDown_byStatus_passed_PASS33_details')">breakDown([TestResult name=CakesandPartyTile status=SUCCESS method=HeaderFooterNavigation.CakesandPartyTile()[pri:0, instance:com.test.regression.cub.HeaderFooterNavigation@57536d79]
                     output={null}])
                  </a>
               </td>
               <td nowrap="true">15:39:29</td>
               <td nowrap="true" align="right">456 ms
                  
               </td>
               <td nowrap="true">
                   
                  
               </td>
            </tr>
            <tr>
               <td colspan="4" class="detailsBox">
                  <div id="com.test.regression.cub.HeaderFooterNavigation_breakDown_byStatus_passed_PASS33_details"
                       class="testMethodDetails">
                     <div>
                        <b>Name: </b>breakDown
                     </div>
                     <div>
                        <b>Signature: </b>breakDown(org.testng.ITestResult)[pri:0, instance:com.test.regression.cub.HeaderFooterNavigation@57536d79]
                     </div>
                     <div>
                        <b>Parameters: </b>
                        
                        [TestResult name=CakesandPartyTile status=SUCCESS method=HeaderFooterNavigation.CakesandPartyTile()[pri:0, instance:com.test.regression.cub.HeaderFooterNavigation@57536d79]
                        output={null}]
                        
                        
                     </div>
                     <div>
                        <b>Start time: </b>15:39:29
                     </div>
                     <div>
                        <b>End time: </b>15:39:30
                     </div>
                     <div>
                        <b>Duration: </b>456 ms
                        
                     </div>
                  </div>
               </td>
            </tr>
            <tr></tr>
            <tr id="com.test.regression.cub.HeaderFooterNavigation_closeDriver_byStatus_passed_PASS34_row"
                class="testMethodStatusPASS testMethodStatusCONF">
               <td width="100%" class="firstMethodCell">
                  <a onclick="toggleDetailsVisibility('com.test.regression.cub.HeaderFooterNavigation_closeDriver_byStatus_passed_PASS34_details')">closeDriver()</a>
               </td>
               <td nowrap="true">15:39:30</td>
               <td nowrap="true" align="right">1s
                  
               </td>
               <td nowrap="true">
                   
                  
               </td>
            </tr>
            <tr>
               <td colspan="4" class="detailsBox">
                  <div id="com.test.regression.cub.HeaderFooterNavigation_closeDriver_byStatus_passed_PASS34_details"
                       class="testMethodDetails">
                     <div>
                        <b>Name: </b>closeDriver
                     </div>
                     <div>
                        <b>Signature: </b>closeDriver()[pri:0, instance:com.test.regression.cub.HeaderFooterNavigation@57536d79]
                     </div>
                     <div>
                        <b>Start time: </b>15:39:30
                     </div>
                     <div>
                        <b>End time: </b>15:39:32
                     </div>
                     <div>
                        <b>Duration: </b>1s
                        
                     </div>
                  </div>
               </td>
            </tr>
            <tr></tr>
            <tr id="com.test.regression.cub.HeaderFooterNavigation_startExtent_byStatus_passed_PASS35_row"
                class="testMethodStatusPASS testMethodStatusCONF">
               <td width="100%" class="firstMethodCell">
                  <a onclick="toggleDetailsVisibility('com.test.regression.cub.HeaderFooterNavigation_startExtent_byStatus_passed_PASS35_details')">startExtent(public void com.test.regression.cub.HeaderFooterNavigation.CubRewardsTile())</a>
               </td>
               <td nowrap="true">15:39:32</td>
               <td nowrap="true" align="right">10s
                  
               </td>
               <td nowrap="true">
                   
                  
               </td>
            </tr>
            <tr>
               <td colspan="4" class="detailsBox">
                  <div id="com.test.regression.cub.HeaderFooterNavigation_startExtent_byStatus_passed_PASS35_details"
                       class="testMethodDetails">
                     <div>
                        <b>Name: </b>startExtent
                     </div>
                     <div>
                        <b>Signature: </b>startExtent(java.lang.reflect.Method)[pri:0, instance:com.test.regression.cub.HeaderFooterNavigation@57536d79]
                     </div>
                     <div>
                        <b>Parameters: </b>
                        
                        public void com.test.regression.cub.HeaderFooterNavigation.CubRewardsTile()
                        
                        
                     </div>
                     <div>
                        <b>Start time: </b>15:39:32
                     </div>
                     <div>
                        <b>End time: </b>15:39:42
                     </div>
                     <div>
                        <b>Duration: </b>10s
                        
                     </div>
                  </div>
               </td>
            </tr>
            <tr></tr>
            <tr id="com.test.regression.cub.HeaderFooterNavigation_CubRewardsTile_byStatus_passed_PASS36_row"
                class="testMethodStatusPASS">
               <td width="100%" class="firstMethodCell">
                  <a onclick="toggleDetailsVisibility('com.test.regression.cub.HeaderFooterNavigation_CubRewardsTile_byStatus_passed_PASS36_details')">CubRewardsTile()</a>
               </td>
               <td nowrap="true">15:39:42</td>
               <td nowrap="true" align="right">2s
                  
               </td>
               <td nowrap="true">
                   
                  
               </td>
            </tr>
            <tr>
               <td colspan="4" class="detailsBox">
                  <div id="com.test.regression.cub.HeaderFooterNavigation_CubRewardsTile_byStatus_passed_PASS36_details"
                       class="testMethodDetails">
                     <div>
                        <b>Name: </b>CubRewardsTile
                     </div>
                     <div>
                        <b>Signature: </b>CubRewardsTile()[pri:0, instance:com.test.regression.cub.HeaderFooterNavigation@57536d79]
                     </div>
                     <div>
                        <b>Start time: </b>15:39:42
                     </div>
                     <div>
                        <b>End time: </b>15:39:45
                     </div>
                     <div>
                        <b>Duration: </b>2s
                        
                     </div>
                  </div>
               </td>
            </tr>
            <tr></tr>
            <tr id="com.test.regression.cub.HeaderFooterNavigation_breakDown_byStatus_passed_PASS37_row"
                class="testMethodStatusPASS testMethodStatusCONF">
               <td width="100%" class="firstMethodCell">
                  <a onclick="toggleDetailsVisibility('com.test.regression.cub.HeaderFooterNavigation_breakDown_byStatus_passed_PASS37_details')">breakDown([TestResult name=CubRewardsTile status=SUCCESS method=HeaderFooterNavigation.CubRewardsTile()[pri:0, instance:com.test.regression.cub.HeaderFooterNavigation@57536d79]
                     output={null}])
                  </a>
               </td>
               <td nowrap="true">15:39:45</td>
               <td nowrap="true" align="right">223 ms
                  
               </td>
               <td nowrap="true">
                   
                  
               </td>
            </tr>
            <tr>
               <td colspan="4" class="detailsBox">
                  <div id="com.test.regression.cub.HeaderFooterNavigation_breakDown_byStatus_passed_PASS37_details"
                       class="testMethodDetails">
                     <div>
                        <b>Name: </b>breakDown
                     </div>
                     <div>
                        <b>Signature: </b>breakDown(org.testng.ITestResult)[pri:0, instance:com.test.regression.cub.HeaderFooterNavigation@57536d79]
                     </div>
                     <div>
                        <b>Parameters: </b>
                        
                        [TestResult name=CubRewardsTile status=SUCCESS method=HeaderFooterNavigation.CubRewardsTile()[pri:0, instance:com.test.regression.cub.HeaderFooterNavigation@57536d79]
                        output={null}]
                        
                        
                     </div>
                     <div>
                        <b>Start time: </b>15:39:45
                     </div>
                     <div>
                        <b>End time: </b>15:39:45
                     </div>
                     <div>
                        <b>Duration: </b>223 ms
                        
                     </div>
                  </div>
               </td>
            </tr>
            <tr></tr>
            <tr id="com.test.regression.cub.HeaderFooterNavigation_closeDriver_byStatus_passed_PASS38_row"
                class="testMethodStatusPASS testMethodStatusCONF">
               <td width="100%" class="firstMethodCell">
                  <a onclick="toggleDetailsVisibility('com.test.regression.cub.HeaderFooterNavigation_closeDriver_byStatus_passed_PASS38_details')">closeDriver()</a>
               </td>
               <td nowrap="true">15:39:45</td>
               <td nowrap="true" align="right">2s
                  
               </td>
               <td nowrap="true">
                   
                  
               </td>
            </tr>
            <tr>
               <td colspan="4" class="detailsBox">
                  <div id="com.test.regression.cub.HeaderFooterNavigation_closeDriver_byStatus_passed_PASS38_details"
                       class="testMethodDetails">
                     <div>
                        <b>Name: </b>closeDriver
                     </div>
                     <div>
                        <b>Signature: </b>closeDriver()[pri:0, instance:com.test.regression.cub.HeaderFooterNavigation@57536d79]
                     </div>
                     <div>
                        <b>Start time: </b>15:39:45
                     </div>
                     <div>
                        <b>End time: </b>15:39:48
                     </div>
                     <div>
                        <b>Duration: </b>2s
                        
                     </div>
                  </div>
               </td>
            </tr>
            <tr></tr>
         </table>
      </div>
      <div id="testMethodsByClass">
         <table class="testMethodsTable" cellpadding="0" cellspacing="0">
            <tr>
               <td colspan="4">
                  <h3 style="display: inline;">com.test.regression.cub.HeaderFooterNavigation</h3>
               </td>
            </tr>
            <tr class="methodsTableHeader">
               <td width="100%">Name</td>
               <td nowrap="true">Started</td>
               <td nowrap="true">Duration</td>
               <td>Exception</td>
            </tr>
            <tr id="com.test.regression.cub.HeaderFooterNavigation_startExtent_byClass_PASS1_row"
                class="testMethodStatusPASS testMethodStatusCONF">
               <td width="100%" class="firstMethodCell">
                  <a onclick="toggleDetailsVisibility('com.test.regression.cub.HeaderFooterNavigation_startExtent_byClass_PASS1_details')">startExtent(public void com.test.regression.cub.HeaderFooterNavigation.aboutUs())</a>
               </td>
               <td nowrap="true">15:36:04</td>
               <td nowrap="true" align="right">18s
                  
               </td>
               <td nowrap="true">
                   
                  
               </td>
            </tr>
            <tr>
               <td colspan="4" class="detailsBox">
                  <div id="com.test.regression.cub.HeaderFooterNavigation_startExtent_byClass_PASS1_details"
                       class="testMethodDetails">
                     <div>
                        <b>Name: </b>startExtent
                     </div>
                     <div>
                        <b>Signature: </b>startExtent(java.lang.reflect.Method)[pri:0, instance:com.test.regression.cub.HeaderFooterNavigation@57536d79]
                     </div>
                     <div>
                        <b>Parameters: </b>
                        
                        public void com.test.regression.cub.HeaderFooterNavigation.aboutUs()
                        
                        
                     </div>
                     <div>
                        <b>Start time: </b>15:36:04
                     </div>
                     <div>
                        <b>End time: </b>15:36:22
                     </div>
                     <div>
                        <b>Duration: </b>18s
                        
                     </div>
                  </div>
               </td>
            </tr>
            <tr></tr>
            <tr id="com.test.regression.cub.HeaderFooterNavigation_aboutUs_byClass_PASS2_row"
                class="testMethodStatusPASS">
               <td width="100%" class="firstMethodCell">
                  <a onclick="toggleDetailsVisibility('com.test.regression.cub.HeaderFooterNavigation_aboutUs_byClass_PASS2_details')">aboutUs()</a>
               </td>
               <td nowrap="true">15:36:22</td>
               <td nowrap="true" align="right">3s
                  
               </td>
               <td nowrap="true">
                   
                  
               </td>
            </tr>
            <tr>
               <td colspan="4" class="detailsBox">
                  <div id="com.test.regression.cub.HeaderFooterNavigation_aboutUs_byClass_PASS2_details"
                       class="testMethodDetails">
                     <div>
                        <b>Name: </b>aboutUs
                     </div>
                     <div>
                        <b>Signature: </b>aboutUs()[pri:0, instance:com.test.regression.cub.HeaderFooterNavigation@57536d79]
                     </div>
                     <div>
                        <b>Start time: </b>15:36:22
                     </div>
                     <div>
                        <b>End time: </b>15:36:26
                     </div>
                     <div>
                        <b>Duration: </b>3s
                        
                     </div>
                  </div>
               </td>
            </tr>
            <tr></tr>
            <tr id="com.test.regression.cub.HeaderFooterNavigation_breakDown_byClass_PASS3_row"
                class="testMethodStatusPASS testMethodStatusCONF">
               <td width="100%" class="firstMethodCell">
                  <a onclick="toggleDetailsVisibility('com.test.regression.cub.HeaderFooterNavigation_breakDown_byClass_PASS3_details')">breakDown([TestResult name=aboutUs status=SUCCESS method=HeaderFooterNavigation.aboutUs()[pri:0, instance:com.test.regression.cub.HeaderFooterNavigation@57536d79]
                     output={null}])
                  </a>
               </td>
               <td nowrap="true">15:36:26</td>
               <td nowrap="true" align="right">243 ms
                  
               </td>
               <td nowrap="true">
                   
                  
               </td>
            </tr>
            <tr>
               <td colspan="4" class="detailsBox">
                  <div id="com.test.regression.cub.HeaderFooterNavigation_breakDown_byClass_PASS3_details"
                       class="testMethodDetails">
                     <div>
                        <b>Name: </b>breakDown
                     </div>
                     <div>
                        <b>Signature: </b>breakDown(org.testng.ITestResult)[pri:0, instance:com.test.regression.cub.HeaderFooterNavigation@57536d79]
                     </div>
                     <div>
                        <b>Parameters: </b>
                        
                        [TestResult name=aboutUs status=SUCCESS method=HeaderFooterNavigation.aboutUs()[pri:0, instance:com.test.regression.cub.HeaderFooterNavigation@57536d79]
                        output={null}]
                        
                        
                     </div>
                     <div>
                        <b>Start time: </b>15:36:26
                     </div>
                     <div>
                        <b>End time: </b>15:36:26
                     </div>
                     <div>
                        <b>Duration: </b>243 ms
                        
                     </div>
                  </div>
               </td>
            </tr>
            <tr></tr>
            <tr id="com.test.regression.cub.HeaderFooterNavigation_closeDriver_byClass_PASS4_row"
                class="testMethodStatusPASS testMethodStatusCONF">
               <td width="100%" class="firstMethodCell">
                  <a onclick="toggleDetailsVisibility('com.test.regression.cub.HeaderFooterNavigation_closeDriver_byClass_PASS4_details')">closeDriver()</a>
               </td>
               <td nowrap="true">15:36:26</td>
               <td nowrap="true" align="right">1s
                  
               </td>
               <td nowrap="true">
                   
                  
               </td>
            </tr>
            <tr>
               <td colspan="4" class="detailsBox">
                  <div id="com.test.regression.cub.HeaderFooterNavigation_closeDriver_byClass_PASS4_details"
                       class="testMethodDetails">
                     <div>
                        <b>Name: </b>closeDriver
                     </div>
                     <div>
                        <b>Signature: </b>closeDriver()[pri:0, instance:com.test.regression.cub.HeaderFooterNavigation@57536d79]
                     </div>
                     <div>
                        <b>Start time: </b>15:36:26
                     </div>
                     <div>
                        <b>End time: </b>15:36:28
                     </div>
                     <div>
                        <b>Duration: </b>1s
                        
                     </div>
                  </div>
               </td>
            </tr>
            <tr></tr>
            <tr id="com.test.regression.cub.HeaderFooterNavigation_startExtent_byClass_PASS5_row"
                class="testMethodStatusPASS testMethodStatusCONF">
               <td width="100%" class="firstMethodCell">
                  <a onclick="toggleDetailsVisibility('com.test.regression.cub.HeaderFooterNavigation_startExtent_byClass_PASS5_details')">startExtent(public void com.test.regression.cub.HeaderFooterNavigation.Careers())</a>
               </td>
               <td nowrap="true">15:36:28</td>
               <td nowrap="true" align="right">11s
                  
               </td>
               <td nowrap="true">
                   
                  
               </td>
            </tr>
            <tr>
               <td colspan="4" class="detailsBox">
                  <div id="com.test.regression.cub.HeaderFooterNavigation_startExtent_byClass_PASS5_details"
                       class="testMethodDetails">
                     <div>
                        <b>Name: </b>startExtent
                     </div>
                     <div>
                        <b>Signature: </b>startExtent(java.lang.reflect.Method)[pri:0, instance:com.test.regression.cub.HeaderFooterNavigation@57536d79]
                     </div>
                     <div>
                        <b>Parameters: </b>
                        
                        public void com.test.regression.cub.HeaderFooterNavigation.Careers()
                        
                        
                     </div>
                     <div>
                        <b>Start time: </b>15:36:28
                     </div>
                     <div>
                        <b>End time: </b>15:36:39
                     </div>
                     <div>
                        <b>Duration: </b>11s
                        
                     </div>
                  </div>
               </td>
            </tr>
            <tr></tr>
            <tr id="com.test.regression.cub.HeaderFooterNavigation_Careers_byClass_PASS6_row"
                class="testMethodStatusPASS">
               <td width="100%" class="firstMethodCell">
                  <a onclick="toggleDetailsVisibility('com.test.regression.cub.HeaderFooterNavigation_Careers_byClass_PASS6_details')">Careers()</a>
               </td>
               <td nowrap="true">15:36:39</td>
               <td nowrap="true" align="right">2s
                  
               </td>
               <td nowrap="true">
                   
                  
               </td>
            </tr>
            <tr>
               <td colspan="4" class="detailsBox">
                  <div id="com.test.regression.cub.HeaderFooterNavigation_Careers_byClass_PASS6_details"
                       class="testMethodDetails">
                     <div>
                        <b>Name: </b>Careers
                     </div>
                     <div>
                        <b>Signature: </b>Careers()[pri:0, instance:com.test.regression.cub.HeaderFooterNavigation@57536d79]
                     </div>
                     <div>
                        <b>Start time: </b>15:36:39
                     </div>
                     <div>
                        <b>End time: </b>15:36:42
                     </div>
                     <div>
                        <b>Duration: </b>2s
                        
                     </div>
                  </div>
               </td>
            </tr>
            <tr></tr>
            <tr id="com.test.regression.cub.HeaderFooterNavigation_breakDown_byClass_PASS7_row"
                class="testMethodStatusPASS testMethodStatusCONF">
               <td width="100%" class="firstMethodCell">
                  <a onclick="toggleDetailsVisibility('com.test.regression.cub.HeaderFooterNavigation_breakDown_byClass_PASS7_details')">breakDown([TestResult name=Careers status=SUCCESS method=HeaderFooterNavigation.Careers()[pri:0, instance:com.test.regression.cub.HeaderFooterNavigation@57536d79]
                     output={null}])
                  </a>
               </td>
               <td nowrap="true">15:36:42</td>
               <td nowrap="true" align="right">248 ms
                  
               </td>
               <td nowrap="true">
                   
                  
               </td>
            </tr>
            <tr>
               <td colspan="4" class="detailsBox">
                  <div id="com.test.regression.cub.HeaderFooterNavigation_breakDown_byClass_PASS7_details"
                       class="testMethodDetails">
                     <div>
                        <b>Name: </b>breakDown
                     </div>
                     <div>
                        <b>Signature: </b>breakDown(org.testng.ITestResult)[pri:0, instance:com.test.regression.cub.HeaderFooterNavigation@57536d79]
                     </div>
                     <div>
                        <b>Parameters: </b>
                        
                        [TestResult name=Careers status=SUCCESS method=HeaderFooterNavigation.Careers()[pri:0, instance:com.test.regression.cub.HeaderFooterNavigation@57536d79]
                        output={null}]
                        
                        
                     </div>
                     <div>
                        <b>Start time: </b>15:36:42
                     </div>
                     <div>
                        <b>End time: </b>15:36:42
                     </div>
                     <div>
                        <b>Duration: </b>248 ms
                        
                     </div>
                  </div>
               </td>
            </tr>
            <tr></tr>
            <tr id="com.test.regression.cub.HeaderFooterNavigation_closeDriver_byClass_PASS8_row"
                class="testMethodStatusPASS testMethodStatusCONF">
               <td width="100%" class="firstMethodCell">
                  <a onclick="toggleDetailsVisibility('com.test.regression.cub.HeaderFooterNavigation_closeDriver_byClass_PASS8_details')">closeDriver()</a>
               </td>
               <td nowrap="true">15:36:42</td>
               <td nowrap="true" align="right">1s
                  
               </td>
               <td nowrap="true">
                   
                  
               </td>
            </tr>
            <tr>
               <td colspan="4" class="detailsBox">
                  <div id="com.test.regression.cub.HeaderFooterNavigation_closeDriver_byClass_PASS8_details"
                       class="testMethodDetails">
                     <div>
                        <b>Name: </b>closeDriver
                     </div>
                     <div>
                        <b>Signature: </b>closeDriver()[pri:0, instance:com.test.regression.cub.HeaderFooterNavigation@57536d79]
                     </div>
                     <div>
                        <b>Start time: </b>15:36:42
                     </div>
                     <div>
                        <b>End time: </b>15:36:44
                     </div>
                     <div>
                        <b>Duration: </b>1s
                        
                     </div>
                  </div>
               </td>
            </tr>
            <tr></tr>
            <tr id="com.test.regression.cub.HeaderFooterNavigation_startExtent_byClass_PASS9_row"
                class="testMethodStatusPASS testMethodStatusCONF">
               <td width="100%" class="firstMethodCell">
                  <a onclick="toggleDetailsVisibility('com.test.regression.cub.HeaderFooterNavigation_startExtent_byClass_PASS9_details')">startExtent(public void com.test.regression.cub.HeaderFooterNavigation.Recalls())</a>
               </td>
               <td nowrap="true">15:36:44</td>
               <td nowrap="true" align="right">15s
                  
               </td>
               <td nowrap="true">
                   
                  
               </td>
            </tr>
            <tr>
               <td colspan="4" class="detailsBox">
                  <div id="com.test.regression.cub.HeaderFooterNavigation_startExtent_byClass_PASS9_details"
                       class="testMethodDetails">
                     <div>
                        <b>Name: </b>startExtent
                     </div>
                     <div>
                        <b>Signature: </b>startExtent(java.lang.reflect.Method)[pri:0, instance:com.test.regression.cub.HeaderFooterNavigation@57536d79]
                     </div>
                     <div>
                        <b>Parameters: </b>
                        
                        public void com.test.regression.cub.HeaderFooterNavigation.Recalls()
                        
                        
                     </div>
                     <div>
                        <b>Start time: </b>15:36:44
                     </div>
                     <div>
                        <b>End time: </b>15:36:59
                     </div>
                     <div>
                        <b>Duration: </b>15s
                        
                     </div>
                  </div>
               </td>
            </tr>
            <tr></tr>
            <tr id="com.test.regression.cub.HeaderFooterNavigation_Recalls_byClass_PASS10_row"
                class="testMethodStatusPASS">
               <td width="100%" class="firstMethodCell">
                  <a onclick="toggleDetailsVisibility('com.test.regression.cub.HeaderFooterNavigation_Recalls_byClass_PASS10_details')">Recalls()</a>
               </td>
               <td nowrap="true">15:36:59</td>
               <td nowrap="true" align="right">2s
                  
               </td>
               <td nowrap="true">
                   
                  
               </td>
            </tr>
            <tr>
               <td colspan="4" class="detailsBox">
                  <div id="com.test.regression.cub.HeaderFooterNavigation_Recalls_byClass_PASS10_details"
                       class="testMethodDetails">
                     <div>
                        <b>Name: </b>Recalls
                     </div>
                     <div>
                        <b>Signature: </b>Recalls()[pri:0, instance:com.test.regression.cub.HeaderFooterNavigation@57536d79]
                     </div>
                     <div>
                        <b>Start time: </b>15:36:59
                     </div>
                     <div>
                        <b>End time: </b>15:37:02
                     </div>
                     <div>
                        <b>Duration: </b>2s
                        
                     </div>
                  </div>
               </td>
            </tr>
            <tr></tr>
            <tr id="com.test.regression.cub.HeaderFooterNavigation_breakDown_byClass_PASS11_row"
                class="testMethodStatusPASS testMethodStatusCONF">
               <td width="100%" class="firstMethodCell">
                  <a onclick="toggleDetailsVisibility('com.test.regression.cub.HeaderFooterNavigation_breakDown_byClass_PASS11_details')">breakDown([TestResult name=Recalls status=SUCCESS method=HeaderFooterNavigation.Recalls()[pri:0, instance:com.test.regression.cub.HeaderFooterNavigation@57536d79]
                     output={null}])
                  </a>
               </td>
               <td nowrap="true">15:37:02</td>
               <td nowrap="true" align="right">247 ms
                  
               </td>
               <td nowrap="true">
                   
                  
               </td>
            </tr>
            <tr>
               <td colspan="4" class="detailsBox">
                  <div id="com.test.regression.cub.HeaderFooterNavigation_breakDown_byClass_PASS11_details"
                       class="testMethodDetails">
                     <div>
                        <b>Name: </b>breakDown
                     </div>
                     <div>
                        <b>Signature: </b>breakDown(org.testng.ITestResult)[pri:0, instance:com.test.regression.cub.HeaderFooterNavigation@57536d79]
                     </div>
                     <div>
                        <b>Parameters: </b>
                        
                        [TestResult name=Recalls status=SUCCESS method=HeaderFooterNavigation.Recalls()[pri:0, instance:com.test.regression.cub.HeaderFooterNavigation@57536d79]
                        output={null}]
                        
                        
                     </div>
                     <div>
                        <b>Start time: </b>15:37:02
                     </div>
                     <div>
                        <b>End time: </b>15:37:02
                     </div>
                     <div>
                        <b>Duration: </b>247 ms
                        
                     </div>
                  </div>
               </td>
            </tr>
            <tr></tr>
            <tr id="com.test.regression.cub.HeaderFooterNavigation_closeDriver_byClass_PASS12_row"
                class="testMethodStatusPASS testMethodStatusCONF">
               <td width="100%" class="firstMethodCell">
                  <a onclick="toggleDetailsVisibility('com.test.regression.cub.HeaderFooterNavigation_closeDriver_byClass_PASS12_details')">closeDriver()</a>
               </td>
               <td nowrap="true">15:37:02</td>
               <td nowrap="true" align="right">1s
                  
               </td>
               <td nowrap="true">
                   
                  
               </td>
            </tr>
            <tr>
               <td colspan="4" class="detailsBox">
                  <div id="com.test.regression.cub.HeaderFooterNavigation_closeDriver_byClass_PASS12_details"
                       class="testMethodDetails">
                     <div>
                        <b>Name: </b>closeDriver
                     </div>
                     <div>
                        <b>Signature: </b>closeDriver()[pri:0, instance:com.test.regression.cub.HeaderFooterNavigation@57536d79]
                     </div>
                     <div>
                        <b>Start time: </b>15:37:02
                     </div>
                     <div>
                        <b>End time: </b>15:37:04
                     </div>
                     <div>
                        <b>Duration: </b>1s
                        
                     </div>
                  </div>
               </td>
            </tr>
            <tr></tr>
            <tr id="com.test.regression.cub.HeaderFooterNavigation_startExtent_byClass_PASS13_row"
                class="testMethodStatusPASS testMethodStatusCONF">
               <td width="100%" class="firstMethodCell">
                  <a onclick="toggleDetailsVisibility('com.test.regression.cub.HeaderFooterNavigation_startExtent_byClass_PASS13_details')">startExtent(public void com.test.regression.cub.HeaderFooterNavigation.PrivacyPolicy())</a>
               </td>
               <td nowrap="true">15:37:04</td>
               <td nowrap="true" align="right">11s
                  
               </td>
               <td nowrap="true">
                   
                  
               </td>
            </tr>
            <tr>
               <td colspan="4" class="detailsBox">
                  <div id="com.test.regression.cub.HeaderFooterNavigation_startExtent_byClass_PASS13_details"
                       class="testMethodDetails">
                     <div>
                        <b>Name: </b>startExtent
                     </div>
                     <div>
                        <b>Signature: </b>startExtent(java.lang.reflect.Method)[pri:0, instance:com.test.regression.cub.HeaderFooterNavigation@57536d79]
                     </div>
                     <div>
                        <b>Parameters: </b>
                        
                        public void com.test.regression.cub.HeaderFooterNavigation.PrivacyPolicy()
                        
                        
                     </div>
                     <div>
                        <b>Start time: </b>15:37:04
                     </div>
                     <div>
                        <b>End time: </b>15:37:15
                     </div>
                     <div>
                        <b>Duration: </b>11s
                        
                     </div>
                  </div>
               </td>
            </tr>
            <tr></tr>
            <tr id="com.test.regression.cub.HeaderFooterNavigation_PrivacyPolicy_byClass_PASS14_row"
                class="testMethodStatusPASS">
               <td width="100%" class="firstMethodCell">
                  <a onclick="toggleDetailsVisibility('com.test.regression.cub.HeaderFooterNavigation_PrivacyPolicy_byClass_PASS14_details')">PrivacyPolicy()</a>
               </td>
               <td nowrap="true">15:37:15</td>
               <td nowrap="true" align="right">3s
                  
               </td>
               <td nowrap="true">
                   
                  
               </td>
            </tr>
            <tr>
               <td colspan="4" class="detailsBox">
                  <div id="com.test.regression.cub.HeaderFooterNavigation_PrivacyPolicy_byClass_PASS14_details"
                       class="testMethodDetails">
                     <div>
                        <b>Name: </b>PrivacyPolicy
                     </div>
                     <div>
                        <b>Signature: </b>PrivacyPolicy()[pri:0, instance:com.test.regression.cub.HeaderFooterNavigation@57536d79]
                     </div>
                     <div>
                        <b>Start time: </b>15:37:15
                     </div>
                     <div>
                        <b>End time: </b>15:37:19
                     </div>
                     <div>
                        <b>Duration: </b>3s
                        
                     </div>
                  </div>
               </td>
            </tr>
            <tr></tr>
            <tr id="com.test.regression.cub.HeaderFooterNavigation_breakDown_byClass_PASS15_row"
                class="testMethodStatusPASS testMethodStatusCONF">
               <td width="100%" class="firstMethodCell">
                  <a onclick="toggleDetailsVisibility('com.test.regression.cub.HeaderFooterNavigation_breakDown_byClass_PASS15_details')">breakDown([TestResult name=PrivacyPolicy status=SUCCESS method=HeaderFooterNavigation.PrivacyPolicy()[pri:0, instance:com.test.regression.cub.HeaderFooterNavigation@57536d79]
                     output={null}])
                  </a>
               </td>
               <td nowrap="true">15:37:19</td>
               <td nowrap="true" align="right">316 ms
                  
               </td>
               <td nowrap="true">
                   
                  
               </td>
            </tr>
            <tr>
               <td colspan="4" class="detailsBox">
                  <div id="com.test.regression.cub.HeaderFooterNavigation_breakDown_byClass_PASS15_details"
                       class="testMethodDetails">
                     <div>
                        <b>Name: </b>breakDown
                     </div>
                     <div>
                        <b>Signature: </b>breakDown(org.testng.ITestResult)[pri:0, instance:com.test.regression.cub.HeaderFooterNavigation@57536d79]
                     </div>
                     <div>
                        <b>Parameters: </b>
                        
                        [TestResult name=PrivacyPolicy status=SUCCESS method=HeaderFooterNavigation.PrivacyPolicy()[pri:0, instance:com.test.regression.cub.HeaderFooterNavigation@57536d79]
                        output={null}]
                        
                        
                     </div>
                     <div>
                        <b>Start time: </b>15:37:19
                     </div>
                     <div>
                        <b>End time: </b>15:37:19
                     </div>
                     <div>
                        <b>Duration: </b>316 ms
                        
                     </div>
                  </div>
               </td>
            </tr>
            <tr></tr>
            <tr id="com.test.regression.cub.HeaderFooterNavigation_closeDriver_byClass_PASS16_row"
                class="testMethodStatusPASS testMethodStatusCONF">
               <td width="100%" class="firstMethodCell">
                  <a onclick="toggleDetailsVisibility('com.test.regression.cub.HeaderFooterNavigation_closeDriver_byClass_PASS16_details')">closeDriver()</a>
               </td>
               <td nowrap="true">15:37:19</td>
               <td nowrap="true" align="right">1s
                  
               </td>
               <td nowrap="true">
                   
                  
               </td>
            </tr>
            <tr>
               <td colspan="4" class="detailsBox">
                  <div id="com.test.regression.cub.HeaderFooterNavigation_closeDriver_byClass_PASS16_details"
                       class="testMethodDetails">
                     <div>
                        <b>Name: </b>closeDriver
                     </div>
                     <div>
                        <b>Signature: </b>closeDriver()[pri:0, instance:com.test.regression.cub.HeaderFooterNavigation@57536d79]
                     </div>
                     <div>
                        <b>Start time: </b>15:37:19
                     </div>
                     <div>
                        <b>End time: </b>15:37:21
                     </div>
                     <div>
                        <b>Duration: </b>1s
                        
                     </div>
                  </div>
               </td>
            </tr>
            <tr></tr>
            <tr id="com.test.regression.cub.HeaderFooterNavigation_startExtent_byClass_PASS17_row"
                class="testMethodStatusPASS testMethodStatusCONF">
               <td width="100%" class="firstMethodCell">
                  <a onclick="toggleDetailsVisibility('com.test.regression.cub.HeaderFooterNavigation_startExtent_byClass_PASS17_details')">startExtent(public void com.test.regression.cub.HeaderFooterNavigation.TermsAndConditions())</a>
               </td>
               <td nowrap="true">15:37:21</td>
               <td nowrap="true" align="right">12s
                  
               </td>
               <td nowrap="true">
                   
                  
               </td>
            </tr>
            <tr>
               <td colspan="4" class="detailsBox">
                  <div id="com.test.regression.cub.HeaderFooterNavigation_startExtent_byClass_PASS17_details"
                       class="testMethodDetails">
                     <div>
                        <b>Name: </b>startExtent
                     </div>
                     <div>
                        <b>Signature: </b>startExtent(java.lang.reflect.Method)[pri:0, instance:com.test.regression.cub.HeaderFooterNavigation@57536d79]
                     </div>
                     <div>
                        <b>Parameters: </b>
                        
                        public void com.test.regression.cub.HeaderFooterNavigation.TermsAndConditions()
                        
                        
                     </div>
                     <div>
                        <b>Start time: </b>15:37:21
                     </div>
                     <div>
                        <b>End time: </b>15:37:33
                     </div>
                     <div>
                        <b>Duration: </b>12s
                        
                     </div>
                  </div>
               </td>
            </tr>
            <tr></tr>
            <tr id="com.test.regression.cub.HeaderFooterNavigation_TermsAndConditions_byClass_FAIL18_row"
                class="testMethodStatusFAIL">
               <td width="100%" class="firstMethodCell">
                  <a onclick="toggleDetailsVisibility('com.test.regression.cub.HeaderFooterNavigation_TermsAndConditions_byClass_FAIL18_details')">TermsAndConditions()</a>
               </td>
               <td nowrap="true">15:37:33</td>
               <td nowrap="true" align="right">40s
                  
               </td>
               <td nowrap="true">
                  <a onclick="toggleDetailsVisibility('com.test.regression.cub.HeaderFooterNavigation_TermsAndConditions_byClass_FAIL18_exception')">org.openqa.selenium.TimeoutException: 
                     Timed out after 10 seconds waiting for visibility of Proxy element for: DefaultElementLocator 'By.xpath: (//a[text()='Terms
                     of Use'])[3]'
                     Build info: version: '2.53.0', revision: '35ae25b1534ae328c771e0856c93e187490ca824', time: '2016-03-15 10:43:46'
                     System info: host: 'sdwvpctcs2813', ip: '10.15.11.210', os.name: 'Windows 7', os.arch: 'amd64', os.version: '6.1', java.version:
                     '1.8.0_91'
                     Driver info: org.openqa.selenium.chrome.ChromeDriver
                     Capabilities [{applicationCacheEnabled=false, rotatable=false, mobileEmulationEnabled=false, chrome={chromedriverVersion=2.22.397933
                     (1cab651507b88dec79b2b2a22d1943c01833cc1b), userDataDir=C:\Users\hxdxa4\AppData\Local\Temp\scoped_dir3360_22730}, takesHeapSnapshot=true,
                     databaseEnabled=false, handlesAlerts=true, hasTouchScreen=false, version=51.0.2704.106, platform=XP, browserConnectionEnabled=false,
                     nativeEvents=true, acceptSslCerts=true, locationContextEnabled=true, webStorageEnabled=true, browserName=chrome, takesScreenshot=true,
                     javascriptEnabled=true, cssSelectorsEnabled=true}]
                     Session ID: c476ae920f981d6d4b252db73f7f736a
                     
                  </a>
                   
                  
               </td>
            </tr>
            <tr>
               <td colspan="4" class="detailsBox">
                  <div id="com.test.regression.cub.HeaderFooterNavigation_TermsAndConditions_byClass_FAIL18_details"
                       class="testMethodDetails">
                     <div>
                        <b>Name: </b>TermsAndConditions
                     </div>
                     <div>
                        <b>Signature: </b>TermsAndConditions()[pri:0, instance:com.test.regression.cub.HeaderFooterNavigation@57536d79]
                     </div>
                     <div>
                        <b>Start time: </b>15:37:33
                     </div>
                     <div>
                        <b>End time: </b>15:38:14
                     </div>
                     <div>
                        <b>Duration: </b>40s
                        
                     </div>
                  </div>
               </td>
            </tr>
            <tr>
               <td colspan="4" class="detailsBox">
                  <div id="com.test.regression.cub.HeaderFooterNavigation_TermsAndConditions_byClass_FAIL18_exception"
                       class="testMethodDetails">
                     <pre style="padding: 5px; margin: 0;">org.openqa.selenium.TimeoutException: Timed out after 10 seconds waiting for visibility of Proxy element for: DefaultElementLocator
                        'By.xpath: (//a[text()='Terms of Use'])[3]'
                        Build info: version: '2.53.0', revision: '35ae25b1534ae328c771e0856c93e187490ca824', time: '2016-03-15 10:43:46'
                        System info: host: 'sdwvpctcs2813', ip: '10.15.11.210', os.name: 'Windows 7', os.arch: 'amd64', os.version: '6.1', java.version:
                        '1.8.0_91'
                        Driver info: org.openqa.selenium.chrome.ChromeDriver
                        Capabilities [{applicationCacheEnabled=false, rotatable=false, mobileEmulationEnabled=false, chrome={chromedriverVersion=2.22.397933
                        (1cab651507b88dec79b2b2a22d1943c01833cc1b), userDataDir=C:\Users\hxdxa4\AppData\Local\Temp\scoped_dir3360_22730}, takesHeapSnapshot=true,
                        databaseEnabled=false, handlesAlerts=true, hasTouchScreen=false, version=51.0.2704.106, platform=XP, browserConnectionEnabled=false,
                        nativeEvents=true, acceptSslCerts=true, locationContextEnabled=true, webStorageEnabled=true, browserName=chrome, takesScreenshot=true,
                        javascriptEnabled=true, cssSelectorsEnabled=true}]
                        Session ID: c476ae920f981d6d4b252db73f7f736a
                        	at org.openqa.selenium.support.ui.WebDriverWait.timeoutException(WebDriverWait.java:80)
                        	at org.openqa.selenium.support.ui.FluentWait.until(FluentWait.java:261)
                        	at com.test.regression.cub.utils.SuiteBase.waitFor(SuiteBase.java:111)
                        	at com.test.regression.cub.utils.SuiteBase.waitFor(SuiteBase.java:115)
                        	at com.test.regression.cub.pages.CubHome.clickTermsOfUse(CubHome.java:218)
                        	at com.test.regression.cub.HeaderFooterNavigation.TermsAndConditions(HeaderFooterNavigation.java:65)
                        	at sun.reflect.NativeMethodAccessorImpl.invoke0(Native Method)
                        	at sun.reflect.NativeMethodAccessorImpl.invoke(Unknown Source)
                        	at sun.reflect.DelegatingMethodAccessorImpl.invoke(Unknown Source)
                        	at java.lang.reflect.Method.invoke(Unknown Source)
                        	at org.testng.internal.MethodInvocationHelper.invokeMethod(MethodInvocationHelper.java:80)
                        	at org.testng.internal.Invoker.invokeMethod(Invoker.java:714)
                        	at org.testng.internal.Invoker.invokeTestMethod(Invoker.java:901)
                        	at org.testng.internal.Invoker.invokeTestMethods(Invoker.java:1231)
                        	at org.testng.internal.TestMethodWorker.invokeTestMethods(TestMethodWorker.java:127)
                        	at org.testng.internal.TestMethodWorker.run(TestMethodWorker.java:111)
                        	at org.testng.TestRunner.privateRun(TestRunner.java:767)
                        	at org.testng.TestRunner.run(TestRunner.java:617)
                        	at org.testng.SuiteRunner.runTest(SuiteRunner.java:334)
                        	at org.testng.SuiteRunner.runSequentially(SuiteRunner.java:329)
                        	at org.testng.SuiteRunner.privateRun(SuiteRunner.java:291)
                        	at org.testng.SuiteRunner.run(SuiteRunner.java:240)
                        	at org.testng.SuiteRunnerWorker.runSuite(SuiteRunnerWorker.java:52)
                        	at org.testng.SuiteRunnerWorker.run(SuiteRunnerWorker.java:86)
                        	at org.testng.TestNG.runSuitesSequentially(TestNG.java:1198)
                        	at org.testng.TestNG.runSuitesLocally(TestNG.java:1123)
                        	at org.testng.TestNG.run(TestNG.java:1031)
                        	at org.testng.remote.AbstractRemoteTestNG.run(AbstractRemoteTestNG.java:126)
                        	at org.testng.remote.RemoteTestNG.initAndRun(RemoteTestNG.java:137)
                        	at org.testng.remote.RemoteTestNG.main(RemoteTestNG.java:58)
                        Caused by: org.openqa.selenium.NoSuchElementException: no such element: Unable to locate element: {"method":"xpath","selector":"(//a[text()='Terms
                        of Use'])[3]"}
                        (Session info: chrome=51.0.2704.106)
                        (Driver info: chromedriver=2.22.397933 (1cab651507b88dec79b2b2a22d1943c01833cc1b),platform=Windows NT 6.1.7601 SP1 x86_64)
                        (WARNING: The server did not provide any stacktrace information)
                        Command duration or timeout: 20.08 seconds
                        For documentation on this error, please visit: http://seleniumhq.org/exceptions/no_such_element.html
                        Build info: version: '2.53.0', revision: '35ae25b1534ae328c771e0856c93e187490ca824', time: '2016-03-15 10:43:46'
                        System info: host: 'sdwvpctcs2813', ip: '10.15.11.210', os.name: 'Windows 7', os.arch: 'amd64', os.version: '6.1', java.version:
                        '1.8.0_91'
                        Driver info: org.openqa.selenium.chrome.ChromeDriver
                        Capabilities [{applicationCacheEnabled=false, rotatable=false, mobileEmulationEnabled=false, chrome={chromedriverVersion=2.22.397933
                        (1cab651507b88dec79b2b2a22d1943c01833cc1b), userDataDir=C:\Users\hxdxa4\AppData\Local\Temp\scoped_dir3360_22730}, takesHeapSnapshot=true,
                        databaseEnabled=false, handlesAlerts=true, hasTouchScreen=false, version=51.0.2704.106, platform=XP, browserConnectionEnabled=false,
                        nativeEvents=true, acceptSslCerts=true, locationContextEnabled=true, webStorageEnabled=true, browserName=chrome, takesScreenshot=true,
                        javascriptEnabled=true, cssSelectorsEnabled=true}]
                        Session ID: c476ae920f981d6d4b252db73f7f736a
                        *** Element info: {Using=xpath, value=(//a[text()='Terms of Use'])[3]}
                        	at sun.reflect.NativeConstructorAccessorImpl.newInstance0(Native Method)
                        	at sun.reflect.NativeConstructorAccessorImpl.newInstance(Unknown Source)
                        	at sun.reflect.DelegatingConstructorAccessorImpl.newInstance(Unknown Source)
                        	at java.lang.reflect.Constructor.newInstance(Unknown Source)
                        	at org.openqa.selenium.remote.ErrorHandler.createThrowable(ErrorHandler.java:206)
                        	at org.openqa.selenium.remote.ErrorHandler.throwIfResponseFailed(ErrorHandler.java:158)
                        	at org.openqa.selenium.remote.RemoteWebDriver.execute(RemoteWebDriver.java:678)
                        	at org.openqa.selenium.remote.RemoteWebDriver.findElement(RemoteWebDriver.java:363)
                        	at org.openqa.selenium.remote.RemoteWebDriver.findElementByXPath(RemoteWebDriver.java:500)
                        	at org.openqa.selenium.By$ByXPath.findElement(By.java:361)
                        	at org.openqa.selenium.remote.RemoteWebDriver.findElement(RemoteWebDriver.java:355)
                        	at org.openqa.selenium.support.pagefactory.DefaultElementLocator.findElement(DefaultElementLocator.java:69)
                        	at org.openqa.selenium.support.pagefactory.internal.LocatingElementHandler.invoke(LocatingElementHandler.java:38)
                        	at com.sun.proxy.$Proxy7.isDisplayed(Unknown Source)
                        	at org.openqa.selenium.support.ui.ExpectedConditions.elementIfVisible(ExpectedConditions.java:302)
                        	at org.openqa.selenium.support.ui.ExpectedConditions.access$100(ExpectedConditions.java:41)
                        	at org.openqa.selenium.support.ui.ExpectedConditions$10.apply(ExpectedConditions.java:288)
                        	at org.openqa.selenium.support.ui.ExpectedConditions$10.apply(ExpectedConditions.java:285)
                        	at org.openqa.selenium.support.ui.FluentWait.until(FluentWait.java:238)
                        	... 28 more
                     </pre>
                  </div>
               </td>
            </tr>
            <tr id="com.test.regression.cub.HeaderFooterNavigation_breakDown_byClass_PASS19_row"
                class="testMethodStatusPASS testMethodStatusCONF">
               <td width="100%" class="firstMethodCell">
                  <a onclick="toggleDetailsVisibility('com.test.regression.cub.HeaderFooterNavigation_breakDown_byClass_PASS19_details')">breakDown([TestResult name=TermsAndConditions status=FAILURE method=HeaderFooterNavigation.TermsAndConditions()[pri:0, instance:com.test.regression.cub.HeaderFooterNavigation@57536d79]
                     output={null}])
                  </a>
               </td>
               <td nowrap="true">15:38:14</td>
               <td nowrap="true" align="right">542 ms
                  
               </td>
               <td nowrap="true">
                   
                  
               </td>
            </tr>
            <tr>
               <td colspan="4" class="detailsBox">
                  <div id="com.test.regression.cub.HeaderFooterNavigation_breakDown_byClass_PASS19_details"
                       class="testMethodDetails">
                     <div>
                        <b>Name: </b>breakDown
                     </div>
                     <div>
                        <b>Signature: </b>breakDown(org.testng.ITestResult)[pri:0, instance:com.test.regression.cub.HeaderFooterNavigation@57536d79]
                     </div>
                     <div>
                        <b>Parameters: </b>
                        
                        [TestResult name=TermsAndConditions status=FAILURE method=HeaderFooterNavigation.TermsAndConditions()[pri:0, instance:com.test.regression.cub.HeaderFooterNavigation@57536d79]
                        output={null}]
                        
                        
                     </div>
                     <div>
                        <b>Start time: </b>15:38:14
                     </div>
                     <div>
                        <b>End time: </b>15:38:14
                     </div>
                     <div>
                        <b>Duration: </b>542 ms
                        
                     </div>
                  </div>
               </td>
            </tr>
            <tr></tr>
            <tr id="com.test.regression.cub.HeaderFooterNavigation_closeDriver_byClass_PASS20_row"
                class="testMethodStatusPASS testMethodStatusCONF">
               <td width="100%" class="firstMethodCell">
                  <a onclick="toggleDetailsVisibility('com.test.regression.cub.HeaderFooterNavigation_closeDriver_byClass_PASS20_details')">closeDriver()</a>
               </td>
               <td nowrap="true">15:38:14</td>
               <td nowrap="true" align="right">1s
                  
               </td>
               <td nowrap="true">
                   
                  
               </td>
            </tr>
            <tr>
               <td colspan="4" class="detailsBox">
                  <div id="com.test.regression.cub.HeaderFooterNavigation_closeDriver_byClass_PASS20_details"
                       class="testMethodDetails">
                     <div>
                        <b>Name: </b>closeDriver
                     </div>
                     <div>
                        <b>Signature: </b>closeDriver()[pri:0, instance:com.test.regression.cub.HeaderFooterNavigation@57536d79]
                     </div>
                     <div>
                        <b>Start time: </b>15:38:14
                     </div>
                     <div>
                        <b>End time: </b>15:38:15
                     </div>
                     <div>
                        <b>Duration: </b>1s
                        
                     </div>
                  </div>
               </td>
            </tr>
            <tr></tr>
            <tr id="com.test.regression.cub.HeaderFooterNavigation_startExtent_byClass_PASS21_row"
                class="testMethodStatusPASS testMethodStatusCONF">
               <td width="100%" class="firstMethodCell">
                  <a onclick="toggleDetailsVisibility('com.test.regression.cub.HeaderFooterNavigation_startExtent_byClass_PASS21_details')">startExtent(public void com.test.regression.cub.HeaderFooterNavigation.CustomerService())</a>
               </td>
               <td nowrap="true">15:38:15</td>
               <td nowrap="true" align="right">9s
                  
               </td>
               <td nowrap="true">
                   
                  
               </td>
            </tr>
            <tr>
               <td colspan="4" class="detailsBox">
                  <div id="com.test.regression.cub.HeaderFooterNavigation_startExtent_byClass_PASS21_details"
                       class="testMethodDetails">
                     <div>
                        <b>Name: </b>startExtent
                     </div>
                     <div>
                        <b>Signature: </b>startExtent(java.lang.reflect.Method)[pri:0, instance:com.test.regression.cub.HeaderFooterNavigation@57536d79]
                     </div>
                     <div>
                        <b>Parameters: </b>
                        
                        public void com.test.regression.cub.HeaderFooterNavigation.CustomerService()
                        
                        
                     </div>
                     <div>
                        <b>Start time: </b>15:38:15
                     </div>
                     <div>
                        <b>End time: </b>15:38:25
                     </div>
                     <div>
                        <b>Duration: </b>9s
                        
                     </div>
                  </div>
               </td>
            </tr>
            <tr></tr>
            <tr id="com.test.regression.cub.HeaderFooterNavigation_CustomerService_byClass_FAIL22_row"
                class="testMethodStatusFAIL">
               <td width="100%" class="firstMethodCell">
                  <a onclick="toggleDetailsVisibility('com.test.regression.cub.HeaderFooterNavigation_CustomerService_byClass_FAIL22_details')">CustomerService()</a>
               </td>
               <td nowrap="true">15:38:25</td>
               <td nowrap="true" align="right">10s
                  
               </td>
               <td nowrap="true">
                  <a onclick="toggleDetailsVisibility('com.test.regression.cub.HeaderFooterNavigation_CustomerService_byClass_FAIL22_exception')">org.openqa.selenium.TimeoutException: 
                     Timed out after 10 seconds waiting for visibility of Proxy element for: DefaultElementLocator 'By.xpath: (//a[text()='Customer
                     Service']'
                     Build info: version: '2.53.0', revision: '35ae25b1534ae328c771e0856c93e187490ca824', time: '2016-03-15 10:43:46'
                     System info: host: 'sdwvpctcs2813', ip: '10.15.11.210', os.name: 'Windows 7', os.arch: 'amd64', os.version: '6.1', java.version:
                     '1.8.0_91'
                     Driver info: org.openqa.selenium.chrome.ChromeDriver
                     Capabilities [{applicationCacheEnabled=false, rotatable=false, mobileEmulationEnabled=false, chrome={chromedriverVersion=2.22.397933
                     (1cab651507b88dec79b2b2a22d1943c01833cc1b), userDataDir=C:\Users\hxdxa4\AppData\Local\Temp\scoped_dir3240_14555}, takesHeapSnapshot=true,
                     databaseEnabled=false, handlesAlerts=true, hasTouchScreen=false, version=51.0.2704.106, platform=XP, browserConnectionEnabled=false,
                     nativeEvents=true, acceptSslCerts=true, locationContextEnabled=true, webStorageEnabled=true, browserName=chrome, takesScreenshot=true,
                     javascriptEnabled=true, cssSelectorsEnabled=true}]
                     Session ID: 6ebcf602774ea563f1bd50c96c86c024
                     
                  </a>
                   
                  
               </td>
            </tr>
            <tr>
               <td colspan="4" class="detailsBox">
                  <div id="com.test.regression.cub.HeaderFooterNavigation_CustomerService_byClass_FAIL22_details"
                       class="testMethodDetails">
                     <div>
                        <b>Name: </b>CustomerService
                     </div>
                     <div>
                        <b>Signature: </b>CustomerService()[pri:0, instance:com.test.regression.cub.HeaderFooterNavigation@57536d79]
                     </div>
                     <div>
                        <b>Start time: </b>15:38:25
                     </div>
                     <div>
                        <b>End time: </b>15:38:36
                     </div>
                     <div>
                        <b>Duration: </b>10s
                        
                     </div>
                  </div>
               </td>
            </tr>
            <tr>
               <td colspan="4" class="detailsBox">
                  <div id="com.test.regression.cub.HeaderFooterNavigation_CustomerService_byClass_FAIL22_exception"
                       class="testMethodDetails">
                     <pre style="padding: 5px; margin: 0;">org.openqa.selenium.TimeoutException: Timed out after 10 seconds waiting for visibility of Proxy element for: DefaultElementLocator
                        'By.xpath: (//a[text()='Customer Service']'
                        Build info: version: '2.53.0', revision: '35ae25b1534ae328c771e0856c93e187490ca824', time: '2016-03-15 10:43:46'
                        System info: host: 'sdwvpctcs2813', ip: '10.15.11.210', os.name: 'Windows 7', os.arch: 'amd64', os.version: '6.1', java.version:
                        '1.8.0_91'
                        Driver info: org.openqa.selenium.chrome.ChromeDriver
                        Capabilities [{applicationCacheEnabled=false, rotatable=false, mobileEmulationEnabled=false, chrome={chromedriverVersion=2.22.397933
                        (1cab651507b88dec79b2b2a22d1943c01833cc1b), userDataDir=C:\Users\hxdxa4\AppData\Local\Temp\scoped_dir3240_14555}, takesHeapSnapshot=true,
                        databaseEnabled=false, handlesAlerts=true, hasTouchScreen=false, version=51.0.2704.106, platform=XP, browserConnectionEnabled=false,
                        nativeEvents=true, acceptSslCerts=true, locationContextEnabled=true, webStorageEnabled=true, browserName=chrome, takesScreenshot=true,
                        javascriptEnabled=true, cssSelectorsEnabled=true}]
                        Session ID: 6ebcf602774ea563f1bd50c96c86c024
                        	at org.openqa.selenium.support.ui.WebDriverWait.timeoutException(WebDriverWait.java:80)
                        	at org.openqa.selenium.support.ui.FluentWait.until(FluentWait.java:261)
                        	at com.test.regression.cub.utils.SuiteBase.waitFor(SuiteBase.java:111)
                        	at com.test.regression.cub.utils.SuiteBase.waitFor(SuiteBase.java:115)
                        	at com.test.regression.cub.pages.CubHome.clickCustomerService(CubHome.java:225)
                        	at com.test.regression.cub.HeaderFooterNavigation.CustomerService(HeaderFooterNavigation.java:76)
                        	at sun.reflect.NativeMethodAccessorImpl.invoke0(Native Method)
                        	at sun.reflect.NativeMethodAccessorImpl.invoke(Unknown Source)
                        	at sun.reflect.DelegatingMethodAccessorImpl.invoke(Unknown Source)
                        	at java.lang.reflect.Method.invoke(Unknown Source)
                        	at org.testng.internal.MethodInvocationHelper.invokeMethod(MethodInvocationHelper.java:80)
                        	at org.testng.internal.Invoker.invokeMethod(Invoker.java:714)
                        	at org.testng.internal.Invoker.invokeTestMethod(Invoker.java:901)
                        	at org.testng.internal.Invoker.invokeTestMethods(Invoker.java:1231)
                        	at org.testng.internal.TestMethodWorker.invokeTestMethods(TestMethodWorker.java:127)
                        	at org.testng.internal.TestMethodWorker.run(TestMethodWorker.java:111)
                        	at org.testng.TestRunner.privateRun(TestRunner.java:767)
                        	at org.testng.TestRunner.run(TestRunner.java:617)
                        	at org.testng.SuiteRunner.runTest(SuiteRunner.java:334)
                        	at org.testng.SuiteRunner.runSequentially(SuiteRunner.java:329)
                        	at org.testng.SuiteRunner.privateRun(SuiteRunner.java:291)
                        	at org.testng.SuiteRunner.run(SuiteRunner.java:240)
                        	at org.testng.SuiteRunnerWorker.runSuite(SuiteRunnerWorker.java:52)
                        	at org.testng.SuiteRunnerWorker.run(SuiteRunnerWorker.java:86)
                        	at org.testng.TestNG.runSuitesSequentially(TestNG.java:1198)
                        	at org.testng.TestNG.runSuitesLocally(TestNG.java:1123)
                        	at org.testng.TestNG.run(TestNG.java:1031)
                        	at org.testng.remote.AbstractRemoteTestNG.run(AbstractRemoteTestNG.java:126)
                        	at org.testng.remote.RemoteTestNG.initAndRun(RemoteTestNG.java:137)
                        	at org.testng.remote.RemoteTestNG.main(RemoteTestNG.java:58)
                        Caused by: org.openqa.selenium.InvalidSelectorException: invalid selector: Unable to locate an element with the xpath expression
                        (//a[text()='Customer Service'] because of the following error:
                        SyntaxError: Failed to execute 'evaluate' on 'Document': The string '(//a[text()='Customer Service']' is not a valid XPath
                        expression.
                        (Session info: chrome=51.0.2704.106)
                        (Driver info: chromedriver=2.22.397933 (1cab651507b88dec79b2b2a22d1943c01833cc1b),platform=Windows NT 6.1.7601 SP1 x86_64)
                        (WARNING: The server did not provide any stacktrace information)
                        Command duration or timeout: 31 milliseconds
                        For documentation on this error, please visit: http://seleniumhq.org/exceptions/invalid_selector_exception.html
                        Build info: version: '2.53.0', revision: '35ae25b1534ae328c771e0856c93e187490ca824', time: '2016-03-15 10:43:46'
                        System info: host: 'sdwvpctcs2813', ip: '10.15.11.210', os.name: 'Windows 7', os.arch: 'amd64', os.version: '6.1', java.version:
                        '1.8.0_91'
                        Driver info: org.openqa.selenium.chrome.ChromeDriver
                        Capabilities [{applicationCacheEnabled=false, rotatable=false, mobileEmulationEnabled=false, chrome={chromedriverVersion=2.22.397933
                        (1cab651507b88dec79b2b2a22d1943c01833cc1b), userDataDir=C:\Users\hxdxa4\AppData\Local\Temp\scoped_dir3240_14555}, takesHeapSnapshot=true,
                        databaseEnabled=false, handlesAlerts=true, hasTouchScreen=false, version=51.0.2704.106, platform=XP, browserConnectionEnabled=false,
                        nativeEvents=true, acceptSslCerts=true, locationContextEnabled=true, webStorageEnabled=true, browserName=chrome, takesScreenshot=true,
                        javascriptEnabled=true, cssSelectorsEnabled=true}]
                        Session ID: 6ebcf602774ea563f1bd50c96c86c024
                        *** Element info: {Using=xpath, value=(//a[text()='Customer Service']}
                        	at sun.reflect.GeneratedConstructorAccessor13.newInstance(Unknown Source)
                        	at sun.reflect.DelegatingConstructorAccessorImpl.newInstance(Unknown Source)
                        	at java.lang.reflect.Constructor.newInstance(Unknown Source)
                        	at org.openqa.selenium.remote.ErrorHandler.createThrowable(ErrorHandler.java:206)
                        	at org.openqa.selenium.remote.ErrorHandler.throwIfResponseFailed(ErrorHandler.java:158)
                        	at org.openqa.selenium.remote.RemoteWebDriver.execute(RemoteWebDriver.java:678)
                        	at org.openqa.selenium.remote.RemoteWebDriver.findElement(RemoteWebDriver.java:363)
                        	at org.openqa.selenium.remote.RemoteWebDriver.findElementByXPath(RemoteWebDriver.java:500)
                        	at org.openqa.selenium.By$ByXPath.findElement(By.java:361)
                        	at org.openqa.selenium.remote.RemoteWebDriver.findElement(RemoteWebDriver.java:355)
                        	at org.openqa.selenium.support.pagefactory.DefaultElementLocator.findElement(DefaultElementLocator.java:69)
                        	at org.openqa.selenium.support.pagefactory.internal.LocatingElementHandler.invoke(LocatingElementHandler.java:38)
                        	at com.sun.proxy.$Proxy7.isDisplayed(Unknown Source)
                        	at org.openqa.selenium.support.ui.ExpectedConditions.elementIfVisible(ExpectedConditions.java:302)
                        	at org.openqa.selenium.support.ui.ExpectedConditions.access$100(ExpectedConditions.java:41)
                        	at org.openqa.selenium.support.ui.ExpectedConditions$10.apply(ExpectedConditions.java:288)
                        	at org.openqa.selenium.support.ui.ExpectedConditions$10.apply(ExpectedConditions.java:285)
                        	at org.openqa.selenium.support.ui.FluentWait.until(FluentWait.java:238)
                        	... 28 more
                     </pre>
                  </div>
               </td>
            </tr>
            <tr id="com.test.regression.cub.HeaderFooterNavigation_breakDown_byClass_PASS23_row"
                class="testMethodStatusPASS testMethodStatusCONF">
               <td width="100%" class="firstMethodCell">
                  <a onclick="toggleDetailsVisibility('com.test.regression.cub.HeaderFooterNavigation_breakDown_byClass_PASS23_details')">breakDown([TestResult name=CustomerService status=FAILURE method=HeaderFooterNavigation.CustomerService()[pri:0, instance:com.test.regression.cub.HeaderFooterNavigation@57536d79]
                     output={null}])
                  </a>
               </td>
               <td nowrap="true">15:38:36</td>
               <td nowrap="true" align="right">322 ms
                  
               </td>
               <td nowrap="true">
                   
                  
               </td>
            </tr>
            <tr>
               <td colspan="4" class="detailsBox">
                  <div id="com.test.regression.cub.HeaderFooterNavigation_breakDown_byClass_PASS23_details"
                       class="testMethodDetails">
                     <div>
                        <b>Name: </b>breakDown
                     </div>
                     <div>
                        <b>Signature: </b>breakDown(org.testng.ITestResult)[pri:0, instance:com.test.regression.cub.HeaderFooterNavigation@57536d79]
                     </div>
                     <div>
                        <b>Parameters: </b>
                        
                        [TestResult name=CustomerService status=FAILURE method=HeaderFooterNavigation.CustomerService()[pri:0, instance:com.test.regression.cub.HeaderFooterNavigation@57536d79]
                        output={null}]
                        
                        
                     </div>
                     <div>
                        <b>Start time: </b>15:38:36
                     </div>
                     <div>
                        <b>End time: </b>15:38:36
                     </div>
                     <div>
                        <b>Duration: </b>322 ms
                        
                     </div>
                  </div>
               </td>
            </tr>
            <tr></tr>
            <tr id="com.test.regression.cub.HeaderFooterNavigation_closeDriver_byClass_PASS24_row"
                class="testMethodStatusPASS testMethodStatusCONF">
               <td width="100%" class="firstMethodCell">
                  <a onclick="toggleDetailsVisibility('com.test.regression.cub.HeaderFooterNavigation_closeDriver_byClass_PASS24_details')">closeDriver()</a>
               </td>
               <td nowrap="true">15:38:36</td>
               <td nowrap="true" align="right">2s
                  
               </td>
               <td nowrap="true">
                   
                  
               </td>
            </tr>
            <tr>
               <td colspan="4" class="detailsBox">
                  <div id="com.test.regression.cub.HeaderFooterNavigation_closeDriver_byClass_PASS24_details"
                       class="testMethodDetails">
                     <div>
                        <b>Name: </b>closeDriver
                     </div>
                     <div>
                        <b>Signature: </b>closeDriver()[pri:0, instance:com.test.regression.cub.HeaderFooterNavigation@57536d79]
                     </div>
                     <div>
                        <b>Start time: </b>15:38:36
                     </div>
                     <div>
                        <b>End time: </b>15:38:39
                     </div>
                     <div>
                        <b>Duration: </b>2s
                        
                     </div>
                  </div>
               </td>
            </tr>
            <tr></tr>
            <tr id="com.test.regression.cub.HeaderFooterNavigation_startExtent_byClass_PASS25_row"
                class="testMethodStatusPASS testMethodStatusCONF">
               <td width="100%" class="firstMethodCell">
                  <a onclick="toggleDetailsVisibility('com.test.regression.cub.HeaderFooterNavigation_startExtent_byClass_PASS25_details')">startExtent(public void com.test.regression.cub.HeaderFooterNavigation.WeeklyAdTile())</a>
               </td>
               <td nowrap="true">15:38:39</td>
               <td nowrap="true" align="right">9s
                  
               </td>
               <td nowrap="true">
                   
                  
               </td>
            </tr>
            <tr>
               <td colspan="4" class="detailsBox">
                  <div id="com.test.regression.cub.HeaderFooterNavigation_startExtent_byClass_PASS25_details"
                       class="testMethodDetails">
                     <div>
                        <b>Name: </b>startExtent
                     </div>
                     <div>
                        <b>Signature: </b>startExtent(java.lang.reflect.Method)[pri:0, instance:com.test.regression.cub.HeaderFooterNavigation@57536d79]
                     </div>
                     <div>
                        <b>Parameters: </b>
                        
                        public void com.test.regression.cub.HeaderFooterNavigation.WeeklyAdTile()
                        
                        
                     </div>
                     <div>
                        <b>Start time: </b>15:38:39
                     </div>
                     <div>
                        <b>End time: </b>15:38:49
                     </div>
                     <div>
                        <b>Duration: </b>9s
                        
                     </div>
                  </div>
               </td>
            </tr>
            <tr></tr>
            <tr id="com.test.regression.cub.HeaderFooterNavigation_WeeklyAdTile_byClass_PASS26_row"
                class="testMethodStatusPASS">
               <td width="100%" class="firstMethodCell">
                  <a onclick="toggleDetailsVisibility('com.test.regression.cub.HeaderFooterNavigation_WeeklyAdTile_byClass_PASS26_details')">WeeklyAdTile()</a>
               </td>
               <td nowrap="true">15:38:49</td>
               <td nowrap="true" align="right">8s
                  
               </td>
               <td nowrap="true">
                   
                  
               </td>
            </tr>
            <tr>
               <td colspan="4" class="detailsBox">
                  <div id="com.test.regression.cub.HeaderFooterNavigation_WeeklyAdTile_byClass_PASS26_details"
                       class="testMethodDetails">
                     <div>
                        <b>Name: </b>WeeklyAdTile
                     </div>
                     <div>
                        <b>Signature: </b>WeeklyAdTile()[pri:0, instance:com.test.regression.cub.HeaderFooterNavigation@57536d79]
                     </div>
                     <div>
                        <b>Start time: </b>15:38:49
                     </div>
                     <div>
                        <b>End time: </b>15:38:57
                     </div>
                     <div>
                        <b>Duration: </b>8s
                        
                     </div>
                  </div>
               </td>
            </tr>
            <tr></tr>
            <tr id="com.test.regression.cub.HeaderFooterNavigation_breakDown_byClass_PASS27_row"
                class="testMethodStatusPASS testMethodStatusCONF">
               <td width="100%" class="firstMethodCell">
                  <a onclick="toggleDetailsVisibility('com.test.regression.cub.HeaderFooterNavigation_breakDown_byClass_PASS27_details')">breakDown([TestResult name=WeeklyAdTile status=SUCCESS method=HeaderFooterNavigation.WeeklyAdTile()[pri:0, instance:com.test.regression.cub.HeaderFooterNavigation@57536d79]
                     output={null}])
                  </a>
               </td>
               <td nowrap="true">15:38:57</td>
               <td nowrap="true" align="right">346 ms
                  
               </td>
               <td nowrap="true">
                   
                  
               </td>
            </tr>
            <tr>
               <td colspan="4" class="detailsBox">
                  <div id="com.test.regression.cub.HeaderFooterNavigation_breakDown_byClass_PASS27_details"
                       class="testMethodDetails">
                     <div>
                        <b>Name: </b>breakDown
                     </div>
                     <div>
                        <b>Signature: </b>breakDown(org.testng.ITestResult)[pri:0, instance:com.test.regression.cub.HeaderFooterNavigation@57536d79]
                     </div>
                     <div>
                        <b>Parameters: </b>
                        
                        [TestResult name=WeeklyAdTile status=SUCCESS method=HeaderFooterNavigation.WeeklyAdTile()[pri:0, instance:com.test.regression.cub.HeaderFooterNavigation@57536d79]
                        output={null}]
                        
                        
                     </div>
                     <div>
                        <b>Start time: </b>15:38:57
                     </div>
                     <div>
                        <b>End time: </b>15:38:58
                     </div>
                     <div>
                        <b>Duration: </b>346 ms
                        
                     </div>
                  </div>
               </td>
            </tr>
            <tr></tr>
            <tr id="com.test.regression.cub.HeaderFooterNavigation_closeDriver_byClass_PASS28_row"
                class="testMethodStatusPASS testMethodStatusCONF">
               <td width="100%" class="firstMethodCell">
                  <a onclick="toggleDetailsVisibility('com.test.regression.cub.HeaderFooterNavigation_closeDriver_byClass_PASS28_details')">closeDriver()</a>
               </td>
               <td nowrap="true">15:38:58</td>
               <td nowrap="true" align="right">1s
                  
               </td>
               <td nowrap="true">
                   
                  
               </td>
            </tr>
            <tr>
               <td colspan="4" class="detailsBox">
                  <div id="com.test.regression.cub.HeaderFooterNavigation_closeDriver_byClass_PASS28_details"
                       class="testMethodDetails">
                     <div>
                        <b>Name: </b>closeDriver
                     </div>
                     <div>
                        <b>Signature: </b>closeDriver()[pri:0, instance:com.test.regression.cub.HeaderFooterNavigation@57536d79]
                     </div>
                     <div>
                        <b>Start time: </b>15:38:58
                     </div>
                     <div>
                        <b>End time: </b>15:38:59
                     </div>
                     <div>
                        <b>Duration: </b>1s
                        
                     </div>
                  </div>
               </td>
            </tr>
            <tr></tr>
            <tr id="com.test.regression.cub.HeaderFooterNavigation_startExtent_byClass_PASS29_row"
                class="testMethodStatusPASS testMethodStatusCONF">
               <td width="100%" class="firstMethodCell">
                  <a onclick="toggleDetailsVisibility('com.test.regression.cub.HeaderFooterNavigation_startExtent_byClass_PASS29_details')">startExtent(public void com.test.regression.cub.HeaderFooterNavigation.CouponTile())</a>
               </td>
               <td nowrap="true">15:38:59</td>
               <td nowrap="true" align="right">12s
                  
               </td>
               <td nowrap="true">
                   
                  
               </td>
            </tr>
            <tr>
               <td colspan="4" class="detailsBox">
                  <div id="com.test.regression.cub.HeaderFooterNavigation_startExtent_byClass_PASS29_details"
                       class="testMethodDetails">
                     <div>
                        <b>Name: </b>startExtent
                     </div>
                     <div>
                        <b>Signature: </b>startExtent(java.lang.reflect.Method)[pri:0, instance:com.test.regression.cub.HeaderFooterNavigation@57536d79]
                     </div>
                     <div>
                        <b>Parameters: </b>
                        
                        public void com.test.regression.cub.HeaderFooterNavigation.CouponTile()
                        
                        
                     </div>
                     <div>
                        <b>Start time: </b>15:38:59
                     </div>
                     <div>
                        <b>End time: </b>15:39:12
                     </div>
                     <div>
                        <b>Duration: </b>12s
                        
                     </div>
                  </div>
               </td>
            </tr>
            <tr></tr>
            <tr id="com.test.regression.cub.HeaderFooterNavigation_CouponTile_byClass_PASS30_row"
                class="testMethodStatusPASS">
               <td width="100%" class="firstMethodCell">
                  <a onclick="toggleDetailsVisibility('com.test.regression.cub.HeaderFooterNavigation_CouponTile_byClass_PASS30_details')">CouponTile()</a>
               </td>
               <td nowrap="true">15:39:12</td>
               <td nowrap="true" align="right">3s
                  
               </td>
               <td nowrap="true">
                   
                  
               </td>
            </tr>
            <tr>
               <td colspan="4" class="detailsBox">
                  <div id="com.test.regression.cub.HeaderFooterNavigation_CouponTile_byClass_PASS30_details"
                       class="testMethodDetails">
                     <div>
                        <b>Name: </b>CouponTile
                     </div>
                     <div>
                        <b>Signature: </b>CouponTile()[pri:0, instance:com.test.regression.cub.HeaderFooterNavigation@57536d79]
                     </div>
                     <div>
                        <b>Start time: </b>15:39:12
                     </div>
                     <div>
                        <b>End time: </b>15:39:15
                     </div>
                     <div>
                        <b>Duration: </b>3s
                        
                     </div>
                  </div>
               </td>
            </tr>
            <tr></tr>
            <tr id="com.test.regression.cub.HeaderFooterNavigation_breakDown_byClass_PASS31_row"
                class="testMethodStatusPASS testMethodStatusCONF">
               <td width="100%" class="firstMethodCell">
                  <a onclick="toggleDetailsVisibility('com.test.regression.cub.HeaderFooterNavigation_breakDown_byClass_PASS31_details')">breakDown([TestResult name=CouponTile status=SUCCESS method=HeaderFooterNavigation.CouponTile()[pri:0, instance:com.test.regression.cub.HeaderFooterNavigation@57536d79]
                     output={null}])
                  </a>
               </td>
               <td nowrap="true">15:39:15</td>
               <td nowrap="true" align="right">321 ms
                  
               </td>
               <td nowrap="true">
                   
                  
               </td>
            </tr>
            <tr>
               <td colspan="4" class="detailsBox">
                  <div id="com.test.regression.cub.HeaderFooterNavigation_breakDown_byClass_PASS31_details"
                       class="testMethodDetails">
                     <div>
                        <b>Name: </b>breakDown
                     </div>
                     <div>
                        <b>Signature: </b>breakDown(org.testng.ITestResult)[pri:0, instance:com.test.regression.cub.HeaderFooterNavigation@57536d79]
                     </div>
                     <div>
                        <b>Parameters: </b>
                        
                        [TestResult name=CouponTile status=SUCCESS method=HeaderFooterNavigation.CouponTile()[pri:0, instance:com.test.regression.cub.HeaderFooterNavigation@57536d79]
                        output={null}]
                        
                        
                     </div>
                     <div>
                        <b>Start time: </b>15:39:15
                     </div>
                     <div>
                        <b>End time: </b>15:39:15
                     </div>
                     <div>
                        <b>Duration: </b>321 ms
                        
                     </div>
                  </div>
               </td>
            </tr>
            <tr></tr>
            <tr id="com.test.regression.cub.HeaderFooterNavigation_closeDriver_byClass_PASS32_row"
                class="testMethodStatusPASS testMethodStatusCONF">
               <td width="100%" class="firstMethodCell">
                  <a onclick="toggleDetailsVisibility('com.test.regression.cub.HeaderFooterNavigation_closeDriver_byClass_PASS32_details')">closeDriver()</a>
               </td>
               <td nowrap="true">15:39:15</td>
               <td nowrap="true" align="right">1s
                  
               </td>
               <td nowrap="true">
                   
                  
               </td>
            </tr>
            <tr>
               <td colspan="4" class="detailsBox">
                  <div id="com.test.regression.cub.HeaderFooterNavigation_closeDriver_byClass_PASS32_details"
                       class="testMethodDetails">
                     <div>
                        <b>Name: </b>closeDriver
                     </div>
                     <div>
                        <b>Signature: </b>closeDriver()[pri:0, instance:com.test.regression.cub.HeaderFooterNavigation@57536d79]
                     </div>
                     <div>
                        <b>Start time: </b>15:39:15
                     </div>
                     <div>
                        <b>End time: </b>15:39:16
                     </div>
                     <div>
                        <b>Duration: </b>1s
                        
                     </div>
                  </div>
               </td>
            </tr>
            <tr></tr>
            <tr id="com.test.regression.cub.HeaderFooterNavigation_startExtent_byClass_PASS33_row"
                class="testMethodStatusPASS testMethodStatusCONF">
               <td width="100%" class="firstMethodCell">
                  <a onclick="toggleDetailsVisibility('com.test.regression.cub.HeaderFooterNavigation_startExtent_byClass_PASS33_details')">startExtent(public void com.test.regression.cub.HeaderFooterNavigation.CakesandPartyTile())</a>
               </td>
               <td nowrap="true">15:39:16</td>
               <td nowrap="true" align="right">9s
                  
               </td>
               <td nowrap="true">
                   
                  
               </td>
            </tr>
            <tr>
               <td colspan="4" class="detailsBox">
                  <div id="com.test.regression.cub.HeaderFooterNavigation_startExtent_byClass_PASS33_details"
                       class="testMethodDetails">
                     <div>
                        <b>Name: </b>startExtent
                     </div>
                     <div>
                        <b>Signature: </b>startExtent(java.lang.reflect.Method)[pri:0, instance:com.test.regression.cub.HeaderFooterNavigation@57536d79]
                     </div>
                     <div>
                        <b>Parameters: </b>
                        
                        public void com.test.regression.cub.HeaderFooterNavigation.CakesandPartyTile()
                        
                        
                     </div>
                     <div>
                        <b>Start time: </b>15:39:16
                     </div>
                     <div>
                        <b>End time: </b>15:39:26
                     </div>
                     <div>
                        <b>Duration: </b>9s
                        
                     </div>
                  </div>
               </td>
            </tr>
            <tr></tr>
            <tr id="com.test.regression.cub.HeaderFooterNavigation_CakesandPartyTile_byClass_PASS34_row"
                class="testMethodStatusPASS">
               <td width="100%" class="firstMethodCell">
                  <a onclick="toggleDetailsVisibility('com.test.regression.cub.HeaderFooterNavigation_CakesandPartyTile_byClass_PASS34_details')">CakesandPartyTile()</a>
               </td>
               <td nowrap="true">15:39:26</td>
               <td nowrap="true" align="right">3s
                  
               </td>
               <td nowrap="true">
                   
                  
               </td>
            </tr>
            <tr>
               <td colspan="4" class="detailsBox">
                  <div id="com.test.regression.cub.HeaderFooterNavigation_CakesandPartyTile_byClass_PASS34_details"
                       class="testMethodDetails">
                     <div>
                        <b>Name: </b>CakesandPartyTile
                     </div>
                     <div>
                        <b>Signature: </b>CakesandPartyTile()[pri:0, instance:com.test.regression.cub.HeaderFooterNavigation@57536d79]
                     </div>
                     <div>
                        <b>Start time: </b>15:39:26
                     </div>
                     <div>
                        <b>End time: </b>15:39:29
                     </div>
                     <div>
                        <b>Duration: </b>3s
                        
                     </div>
                  </div>
               </td>
            </tr>
            <tr></tr>
            <tr id="com.test.regression.cub.HeaderFooterNavigation_breakDown_byClass_PASS35_row"
                class="testMethodStatusPASS testMethodStatusCONF">
               <td width="100%" class="firstMethodCell">
                  <a onclick="toggleDetailsVisibility('com.test.regression.cub.HeaderFooterNavigation_breakDown_byClass_PASS35_details')">breakDown([TestResult name=CakesandPartyTile status=SUCCESS method=HeaderFooterNavigation.CakesandPartyTile()[pri:0, instance:com.test.regression.cub.HeaderFooterNavigation@57536d79]
                     output={null}])
                  </a>
               </td>
               <td nowrap="true">15:39:29</td>
               <td nowrap="true" align="right">456 ms
                  
               </td>
               <td nowrap="true">
                   
                  
               </td>
            </tr>
            <tr>
               <td colspan="4" class="detailsBox">
                  <div id="com.test.regression.cub.HeaderFooterNavigation_breakDown_byClass_PASS35_details"
                       class="testMethodDetails">
                     <div>
                        <b>Name: </b>breakDown
                     </div>
                     <div>
                        <b>Signature: </b>breakDown(org.testng.ITestResult)[pri:0, instance:com.test.regression.cub.HeaderFooterNavigation@57536d79]
                     </div>
                     <div>
                        <b>Parameters: </b>
                        
                        [TestResult name=CakesandPartyTile status=SUCCESS method=HeaderFooterNavigation.CakesandPartyTile()[pri:0, instance:com.test.regression.cub.HeaderFooterNavigation@57536d79]
                        output={null}]
                        
                        
                     </div>
                     <div>
                        <b>Start time: </b>15:39:29
                     </div>
                     <div>
                        <b>End time: </b>15:39:30
                     </div>
                     <div>
                        <b>Duration: </b>456 ms
                        
                     </div>
                  </div>
               </td>
            </tr>
            <tr></tr>
            <tr id="com.test.regression.cub.HeaderFooterNavigation_closeDriver_byClass_PASS36_row"
                class="testMethodStatusPASS testMethodStatusCONF">
               <td width="100%" class="firstMethodCell">
                  <a onclick="toggleDetailsVisibility('com.test.regression.cub.HeaderFooterNavigation_closeDriver_byClass_PASS36_details')">closeDriver()</a>
               </td>
               <td nowrap="true">15:39:30</td>
               <td nowrap="true" align="right">1s
                  
               </td>
               <td nowrap="true">
                   
                  
               </td>
            </tr>
            <tr>
               <td colspan="4" class="detailsBox">
                  <div id="com.test.regression.cub.HeaderFooterNavigation_closeDriver_byClass_PASS36_details"
                       class="testMethodDetails">
                     <div>
                        <b>Name: </b>closeDriver
                     </div>
                     <div>
                        <b>Signature: </b>closeDriver()[pri:0, instance:com.test.regression.cub.HeaderFooterNavigation@57536d79]
                     </div>
                     <div>
                        <b>Start time: </b>15:39:30
                     </div>
                     <div>
                        <b>End time: </b>15:39:32
                     </div>
                     <div>
                        <b>Duration: </b>1s
                        
                     </div>
                  </div>
               </td>
            </tr>
            <tr></tr>
            <tr id="com.test.regression.cub.HeaderFooterNavigation_startExtent_byClass_PASS37_row"
                class="testMethodStatusPASS testMethodStatusCONF">
               <td width="100%" class="firstMethodCell">
                  <a onclick="toggleDetailsVisibility('com.test.regression.cub.HeaderFooterNavigation_startExtent_byClass_PASS37_details')">startExtent(public void com.test.regression.cub.HeaderFooterNavigation.CubRewardsTile())</a>
               </td>
               <td nowrap="true">15:39:32</td>
               <td nowrap="true" align="right">10s
                  
               </td>
               <td nowrap="true">
                   
                  
               </td>
            </tr>
            <tr>
               <td colspan="4" class="detailsBox">
                  <div id="com.test.regression.cub.HeaderFooterNavigation_startExtent_byClass_PASS37_details"
                       class="testMethodDetails">
                     <div>
                        <b>Name: </b>startExtent
                     </div>
                     <div>
                        <b>Signature: </b>startExtent(java.lang.reflect.Method)[pri:0, instance:com.test.regression.cub.HeaderFooterNavigation@57536d79]
                     </div>
                     <div>
                        <b>Parameters: </b>
                        
                        public void com.test.regression.cub.HeaderFooterNavigation.CubRewardsTile()
                        
                        
                     </div>
                     <div>
                        <b>Start time: </b>15:39:32
                     </div>
                     <div>
                        <b>End time: </b>15:39:42
                     </div>
                     <div>
                        <b>Duration: </b>10s
                        
                     </div>
                  </div>
               </td>
            </tr>
            <tr></tr>
            <tr id="com.test.regression.cub.HeaderFooterNavigation_CubRewardsTile_byClass_PASS38_row"
                class="testMethodStatusPASS">
               <td width="100%" class="firstMethodCell">
                  <a onclick="toggleDetailsVisibility('com.test.regression.cub.HeaderFooterNavigation_CubRewardsTile_byClass_PASS38_details')">CubRewardsTile()</a>
               </td>
               <td nowrap="true">15:39:42</td>
               <td nowrap="true" align="right">2s
                  
               </td>
               <td nowrap="true">
                   
                  
               </td>
            </tr>
            <tr>
               <td colspan="4" class="detailsBox">
                  <div id="com.test.regression.cub.HeaderFooterNavigation_CubRewardsTile_byClass_PASS38_details"
                       class="testMethodDetails">
                     <div>
                        <b>Name: </b>CubRewardsTile
                     </div>
                     <div>
                        <b>Signature: </b>CubRewardsTile()[pri:0, instance:com.test.regression.cub.HeaderFooterNavigation@57536d79]
                     </div>
                     <div>
                        <b>Start time: </b>15:39:42
                     </div>
                     <div>
                        <b>End time: </b>15:39:45
                     </div>
                     <div>
                        <b>Duration: </b>2s
                        
                     </div>
                  </div>
               </td>
            </tr>
            <tr></tr>
            <tr id="com.test.regression.cub.HeaderFooterNavigation_breakDown_byClass_PASS39_row"
                class="testMethodStatusPASS testMethodStatusCONF">
               <td width="100%" class="firstMethodCell">
                  <a onclick="toggleDetailsVisibility('com.test.regression.cub.HeaderFooterNavigation_breakDown_byClass_PASS39_details')">breakDown([TestResult name=CubRewardsTile status=SUCCESS method=HeaderFooterNavigation.CubRewardsTile()[pri:0, instance:com.test.regression.cub.HeaderFooterNavigation@57536d79]
                     output={null}])
                  </a>
               </td>
               <td nowrap="true">15:39:45</td>
               <td nowrap="true" align="right">223 ms
                  
               </td>
               <td nowrap="true">
                   
                  
               </td>
            </tr>
            <tr>
               <td colspan="4" class="detailsBox">
                  <div id="com.test.regression.cub.HeaderFooterNavigation_breakDown_byClass_PASS39_details"
                       class="testMethodDetails">
                     <div>
                        <b>Name: </b>breakDown
                     </div>
                     <div>
                        <b>Signature: </b>breakDown(org.testng.ITestResult)[pri:0, instance:com.test.regression.cub.HeaderFooterNavigation@57536d79]
                     </div>
                     <div>
                        <b>Parameters: </b>
                        
                        [TestResult name=CubRewardsTile status=SUCCESS method=HeaderFooterNavigation.CubRewardsTile()[pri:0, instance:com.test.regression.cub.HeaderFooterNavigation@57536d79]
                        output={null}]
                        
                        
                     </div>
                     <div>
                        <b>Start time: </b>15:39:45
                     </div>
                     <div>
                        <b>End time: </b>15:39:45
                     </div>
                     <div>
                        <b>Duration: </b>223 ms
                        
                     </div>
                  </div>
               </td>
            </tr>
            <tr></tr>
            <tr id="com.test.regression.cub.HeaderFooterNavigation_closeDriver_byClass_PASS40_row"
                class="testMethodStatusPASS testMethodStatusCONF">
               <td width="100%" class="firstMethodCell">
                  <a onclick="toggleDetailsVisibility('com.test.regression.cub.HeaderFooterNavigation_closeDriver_byClass_PASS40_details')">closeDriver()</a>
               </td>
               <td nowrap="true">15:39:45</td>
               <td nowrap="true" align="right">2s
                  
               </td>
               <td nowrap="true">
                   
                  
               </td>
            </tr>
            <tr>
               <td colspan="4" class="detailsBox">
                  <div id="com.test.regression.cub.HeaderFooterNavigation_closeDriver_byClass_PASS40_details"
                       class="testMethodDetails">
                     <div>
                        <b>Name: </b>closeDriver
                     </div>
                     <div>
                        <b>Signature: </b>closeDriver()[pri:0, instance:com.test.regression.cub.HeaderFooterNavigation@57536d79]
                     </div>
                     <div>
                        <b>Start time: </b>15:39:45
                     </div>
                     <div>
                        <b>End time: </b>15:39:48
                     </div>
                     <div>
                        <b>Duration: </b>2s
                        
                     </div>
                  </div>
               </td>
            </tr>
            <tr></tr>
         </table>
         <br></br>
      </div>
      <div style="margin-top: 15px; color: gray; text-align: center; font-size: 9px;">
         Generated with
         
         <a href="http://code.google.com/p/testng-xslt/" style="color: #8888aa;"
            target="_blank">
            TestNG XSLT
            
         </a>
      </div>
   </body>
</html>