<?xml version="1.0" encoding="UTF-8"?>
<!-- Generated by org.testng.reporters.JUnitXMLReporter -->
<testsuite hostname="sdwvpctcs2813" name="Default test" tests="2" failures="0" timestamp="28 Jul 2016 11:55:43 GMT" time="147.837" errors="0">
  <testcase name="TilesNavigationGuestUser" time="62.768" classname="com.test.regression.cub.testscripts.HeaderFooterNavigation"/>
  <testcase name="TilesNavigationSignedInUser" time="59.791" classname="com.test.regression.cub.testscripts.HeaderFooterNavigation"/>
</testsuite> <!-- Default test -->
