<html xmlns:math="http://exslt.org/math" xmlns:testng="http://testng.org">
   <head>
      <title>TestNG Results</title>
      <meta http-equiv="content-type" content="text/html; charset=utf-8"></meta>
      <meta http-equiv="pragma" content="no-cache"></meta>
      <meta http-equiv="cache-control" content="max-age=0"></meta>
      <meta http-equiv="cache-control" content="no-cache"></meta>
      <meta http-equiv="cache-control" content="no-store"></meta>
      <LINK rel="stylesheet" href="style.css"></LINK>
      <script type="text/javascript" src="main.js"></script>
   </head>
   <body>
      <table width="100%" style="font-size: 16px; margin-bottom: 10px;" cellspacing="1">
         <tr>
            <td width="100%">
               Test case
               
               <b>Header Footer Navigation - Testing</b>
            </td>
            <td style="background-color: #FFBBBB; padding: 3px 3px 3px 0;" align="center">
               <div style="width: 50px;">2</div>
            </td>
            <td style="background-color: lightgreen; padding: 3px 3px 3px 0;" align="center">
               <div style="width: 50px;">2</div>
            </td>
            <td style="background-color: #FFFFBB; padding: 3px 3px 3px 0;" align="center">
               <div style="width: 50px;">0</div>
            </td>
            <td align="center" style="background-color: #eaf0f7; padding: 3px 3px 3px 0;">
               <div style="width: 50px;">4</div>
            </td>
            <td align="center"
                style="font-weight: bold; background-color: #eaf0f7; padding: 3px 3px 3px 0;">
               <div style="width: 50px;">50%</div>
            </td>
            <td style="background-color: #eaf0f7; padding: 3px 3px 3px 0;" align="center"
                nowrap="true">3m
               32s
               
            </td>
         </tr>
      </table>
      <div style="width: 200px;">
         <label for="groupMethodsCheckBox" style="font-weight: bold; margin: 0;">
            <input id="groupMethodsCheckBox" type="checkbox" onclick="switchTestMethodsView(this)"
                   checked=""></input>
            Group by class
            
         </label>
         <br></br>
         <label for="methodsFilter_ALL" style="font-weight: bold; margin: 0;">
            <input id="methodsFilter_ALL" type="checkbox"
                   onclick="testMethodsFilterChanged(this, 'ALL')"
                   checked=""></input>
            All
            
         </label>
      </div>
      <label for="methodsFilter_FAIL" style="margin-left: 20px;">
         <input id="methodsFilter_FAIL" type="checkbox"
                onclick="testMethodsFilterChanged(this, 'FAIL')"
                checked=""></input>
         Failed
         
      </label>
      <label for="methodsFilter_PASS">
         <input id="methodsFilter_PASS" type="checkbox"
                onclick="testMethodsFilterChanged(this, 'PASS')"
                checked=""></input>
         Passed
         
      </label>
      <label for="methodsFilter_SKIP">
         <input id="methodsFilter_SKIP" type="checkbox"
                onclick="testMethodsFilterChanged(this, 'SKIP')"
                checked=""></input>
         Skipped
         
      </label>
      <label for="methodsFilter_CONF">
         <input id="methodsFilter_CONF" type="checkbox"
                onclick="testMethodsFilterChanged(this, 'CONF')"
                checked=""></input>
         Config
         
      </label>
      <br></br>
      <div id="testMethodsByStatus" style="display: none;">
         <table class="testMethodsTable" cellpadding="0" cellspacing="0">
            <tr class="methodsTableHeader">
               <td width="100%">Name</td>
               <td nowrap="true">Started</td>
               <td nowrap="true">Duration</td>
               <td>Exception</td>
            </tr>
            <tr id="com.test.regression.cub.testscripts.HeaderFooterNavigation_FooterLinksGuestUser_byStatus_failed_FAIL1_row"
                class="testMethodStatusFAIL">
               <td width="100%" class="firstMethodCell">
                  <a onclick="toggleDetailsVisibility('com.test.regression.cub.testscripts.HeaderFooterNavigation_FooterLinksGuestUser_byStatus_failed_FAIL1_details')">FooterLinksGuestUser()</a>
               </td>
               <td nowrap="true">13:25:20</td>
               <td nowrap="true" align="right">34s
                  
               </td>
               <td nowrap="true">
                  <a onclick="toggleDetailsVisibility('com.test.regression.cub.testscripts.HeaderFooterNavigation_FooterLinksGuestUser_byStatus_failed_FAIL1_exception')">org.openqa.selenium.TimeoutException: 
                     Timed out after 30 seconds waiting for visibility of [[ChromeDriver: chrome on XP (6c5a43e280dfd949c351cea1db88731a)] -&gt; xpath:
                     //a[text()='Careers']]
                     Build info: version: '2.53.0', revision: '35ae25b1534ae328c771e0856c93e187490ca824', time: '2016-03-15 10:43:46'
                     System info: host: 'SDEVPCSVU7112', ip: '10.15.142.48', os.name: 'Windows 7', os.arch: 'amd64', os.version: '6.1', java.version:
                     '1.8.0_73'
                     Driver info: org.openqa.selenium.chrome.ChromeDriver
                     Capabilities [{applicationCacheEnabled=false, rotatable=false, mobileEmulationEnabled=false, chrome={chromedriverVersion=2.22.397933
                     (1cab651507b88dec79b2b2a22d1943c01833cc1b), userDataDir=C:\Users\jrag00m\AppData\Local\Temp\scoped_dir72652_23521}, takesHeapSnapshot=true,
                     databaseEnabled=false, handlesAlerts=true, hasTouchScreen=false, version=52.0.2743.116, platform=XP, browserConnectionEnabled=false,
                     nativeEvents=true, acceptSslCerts=true, locationContextEnabled=true, webStorageEnabled=true, browserName=chrome, takesScreenshot=true,
                     javascriptEnabled=true, cssSelectorsEnabled=true}]
                     Session ID: 6c5a43e280dfd949c351cea1db88731a
                     
                  </a>
                   
                  
               </td>
            </tr>
            <tr>
               <td colspan="4" class="detailsBox">
                  <div id="com.test.regression.cub.testscripts.HeaderFooterNavigation_FooterLinksGuestUser_byStatus_failed_FAIL1_details"
                       class="testMethodDetails">
                     <div>
                        <b>Name: </b>FooterLinksGuestUser
                     </div>
                     <div>
                        <b>Signature: </b>FooterLinksGuestUser()[pri:0, instance:com.test.regression.cub.testscripts.HeaderFooterNavigation@4c70fda8]
                     </div>
                     <div>
                        <b>Start time: </b>13:25:20
                     </div>
                     <div>
                        <b>End time: </b>13:25:54
                     </div>
                     <div>
                        <b>Duration: </b>34s
                        
                     </div>
                  </div>
               </td>
            </tr>
            <tr>
               <td colspan="4" class="detailsBox">
                  <div id="com.test.regression.cub.testscripts.HeaderFooterNavigation_FooterLinksGuestUser_byStatus_failed_FAIL1_exception"
                       class="testMethodDetails">
                     <pre style="padding: 5px; margin: 0;">org.openqa.selenium.TimeoutException: Timed out after 30 seconds waiting for visibility of [[ChromeDriver: chrome on XP (6c5a43e280dfd949c351cea1db88731a)]
                        -&gt; xpath: //a[text()='Careers']]
                        Build info: version: '2.53.0', revision: '35ae25b1534ae328c771e0856c93e187490ca824', time: '2016-03-15 10:43:46'
                        System info: host: 'SDEVPCSVU7112', ip: '10.15.142.48', os.name: 'Windows 7', os.arch: 'amd64', os.version: '6.1', java.version:
                        '1.8.0_73'
                        Driver info: org.openqa.selenium.chrome.ChromeDriver
                        Capabilities [{applicationCacheEnabled=false, rotatable=false, mobileEmulationEnabled=false, chrome={chromedriverVersion=2.22.397933
                        (1cab651507b88dec79b2b2a22d1943c01833cc1b), userDataDir=C:\Users\jrag00m\AppData\Local\Temp\scoped_dir72652_23521}, takesHeapSnapshot=true,
                        databaseEnabled=false, handlesAlerts=true, hasTouchScreen=false, version=52.0.2743.116, platform=XP, browserConnectionEnabled=false,
                        nativeEvents=true, acceptSslCerts=true, locationContextEnabled=true, webStorageEnabled=true, browserName=chrome, takesScreenshot=true,
                        javascriptEnabled=true, cssSelectorsEnabled=true}]
                        Session ID: 6c5a43e280dfd949c351cea1db88731a
                        	at org.openqa.selenium.support.ui.WebDriverWait.timeoutException(WebDriverWait.java:80)
                        	at org.openqa.selenium.support.ui.FluentWait.until(FluentWait.java:261)
                        	at com.test.regression.cub.utils.SuiteBase.waitFor(SuiteBase.java:138)
                        	at com.test.regression.cub.utils.SuiteBase.waitFor(SuiteBase.java:142)
                        	at com.test.regression.cub.pages.CubHome.clickCareers(CubHome.java:270)
                        	at com.test.regression.cub.testscripts.HeaderFooterNavigation.FooterLinksGuestUser(HeaderFooterNavigation.java:41)
                        	at sun.reflect.NativeMethodAccessorImpl.invoke0(Native Method)
                        	at sun.reflect.NativeMethodAccessorImpl.invoke(NativeMethodAccessorImpl.java:62)
                        	at sun.reflect.DelegatingMethodAccessorImpl.invoke(DelegatingMethodAccessorImpl.java:43)
                        	at java.lang.reflect.Method.invoke(Method.java:497)
                        	at org.testng.internal.MethodInvocationHelper.invokeMethod(MethodInvocationHelper.java:80)
                        	at org.testng.internal.Invoker.invokeMethod(Invoker.java:714)
                        	at org.testng.internal.Invoker.invokeTestMethod(Invoker.java:901)
                        	at org.testng.internal.Invoker.invokeTestMethods(Invoker.java:1231)
                        	at org.testng.internal.TestMethodWorker.invokeTestMethods(TestMethodWorker.java:127)
                        	at org.testng.internal.TestMethodWorker.run(TestMethodWorker.java:111)
                        	at org.testng.TestRunner.privateRun(TestRunner.java:767)
                        	at org.testng.TestRunner.run(TestRunner.java:617)
                        	at org.testng.SuiteRunner.runTest(SuiteRunner.java:334)
                        	at org.testng.SuiteRunner.runSequentially(SuiteRunner.java:329)
                        	at org.testng.SuiteRunner.privateRun(SuiteRunner.java:291)
                        	at org.testng.SuiteRunner.run(SuiteRunner.java:240)
                        	at org.testng.SuiteRunnerWorker.runSuite(SuiteRunnerWorker.java:52)
                        	at org.testng.SuiteRunnerWorker.run(SuiteRunnerWorker.java:86)
                        	at org.testng.TestNG.runSuitesSequentially(TestNG.java:1198)
                        	at org.testng.TestNG.runSuitesLocally(TestNG.java:1123)
                        	at org.testng.TestNG.run(TestNG.java:1031)
                        	at org.apache.maven.surefire.testng.TestNGExecutor.run(TestNGExecutor.java:178)
                        	at org.apache.maven.surefire.testng.TestNGXmlTestSuite.execute(TestNGXmlTestSuite.java:92)
                        	at org.apache.maven.surefire.testng.TestNGProvider.invoke(TestNGProvider.java:96)
                        	at sun.reflect.NativeMethodAccessorImpl.invoke0(Native Method)
                        	at sun.reflect.NativeMethodAccessorImpl.invoke(NativeMethodAccessorImpl.java:62)
                        	at sun.reflect.DelegatingMethodAccessorImpl.invoke(DelegatingMethodAccessorImpl.java:43)
                        	at java.lang.reflect.Method.invoke(Method.java:497)
                        	at org.apache.maven.surefire.util.ReflectionUtils.invokeMethodWithArray2(ReflectionUtils.java:208)
                        	at org.apache.maven.surefire.booter.ProviderFactory$ProviderProxy.invoke(ProviderFactory.java:159)
                        	at org.apache.maven.surefire.booter.ProviderFactory.invokeProvider(ProviderFactory.java:87)
                        	at org.apache.maven.surefire.booter.ForkedBooter.runSuitesInProcess(ForkedBooter.java:153)
                        	at org.apache.maven.surefire.booter.ForkedBooter.main(ForkedBooter.java:95)
                     </pre>
                  </div>
               </td>
            </tr>
            <tr id="com.test.regression.cub.testscripts.HeaderFooterNavigation_FooterLinksSignedInUser_byStatus_failed_FAIL2_row"
                class="testMethodStatusFAIL">
               <td width="100%" class="firstMethodCell">
                  <a onclick="toggleDetailsVisibility('com.test.regression.cub.testscripts.HeaderFooterNavigation_FooterLinksSignedInUser_byStatus_failed_FAIL2_details')">FooterLinksSignedInUser()</a>
               </td>
               <td nowrap="true">13:26:09</td>
               <td nowrap="true" align="right">56s
                  
               </td>
               <td nowrap="true">
                  <a onclick="toggleDetailsVisibility('com.test.regression.cub.testscripts.HeaderFooterNavigation_FooterLinksSignedInUser_byStatus_failed_FAIL2_exception')">java.lang.AssertionError: 
                     Timed out after 30 seconds waiting for visibility of [[ChromeDriver: chrome on XP (a76fbed364014fa24ef35906f4c5e75f)] -&gt; xpath:
                     //a[text()='Careers']]
                     Build info: version: '2.53.0', revision: '35ae25b1534ae328c771e0856c93e187490ca824', time: '2016-03-15 10:43:46'
                     System info: host: 'SDEVPCSVU7112', ip: '10.15.142.48', os.name: 'Windows 7', os.arch: 'amd64', os.version: '6.1', java.version:
                     '1.8.0_73'
                     Driver info: org.openqa.selenium.chrome.ChromeDriver
                     Capabilities [{applicationCacheEnabled=false, rotatable=false, mobileEmulationEnabled=false, chrome={chromedriverVersion=2.22.397933
                     (1cab651507b88dec79b2b2a22d1943c01833cc1b), userDataDir=C:\Users\jrag00m\AppData\Local\Temp\scoped_dir75556_19973}, takesHeapSnapshot=true,
                     databaseEnabled=false, handlesAlerts=true, hasTouchScreen=false, version=52.0.2743.116, platform=XP, browserConnectionEnabled=false,
                     nativeEvents=true, acceptSslCerts=true, locationContextEnabled=true, webStorageEnabled=true, browserName=chrome, takesScreenshot=true,
                     javascriptEnabled=true, cssSelectorsEnabled=true}]
                     Session ID: a76fbed364014fa24ef35906f4c5e75f
                     
                  </a>
                   
                  
               </td>
            </tr>
            <tr>
               <td colspan="4" class="detailsBox">
                  <div id="com.test.regression.cub.testscripts.HeaderFooterNavigation_FooterLinksSignedInUser_byStatus_failed_FAIL2_details"
                       class="testMethodDetails">
                     <div>
                        <b>Name: </b>FooterLinksSignedInUser
                     </div>
                     <div>
                        <b>Signature: </b>FooterLinksSignedInUser()[pri:0, instance:com.test.regression.cub.testscripts.HeaderFooterNavigation@4c70fda8]
                     </div>
                     <div>
                        <b>Start time: </b>13:26:09
                     </div>
                     <div>
                        <b>End time: </b>13:27:06
                     </div>
                     <div>
                        <b>Duration: </b>56s
                        
                     </div>
                  </div>
               </td>
            </tr>
            <tr>
               <td colspan="4" class="detailsBox">
                  <div id="com.test.regression.cub.testscripts.HeaderFooterNavigation_FooterLinksSignedInUser_byStatus_failed_FAIL2_exception"
                       class="testMethodDetails">
                     <pre style="padding: 5px; margin: 0;">java.lang.AssertionError: Timed out after 30 seconds waiting for visibility of [[ChromeDriver: chrome on XP (a76fbed364014fa24ef35906f4c5e75f)]
                        -&gt; xpath: //a[text()='Careers']]
                        Build info: version: '2.53.0', revision: '35ae25b1534ae328c771e0856c93e187490ca824', time: '2016-03-15 10:43:46'
                        System info: host: 'SDEVPCSVU7112', ip: '10.15.142.48', os.name: 'Windows 7', os.arch: 'amd64', os.version: '6.1', java.version:
                        '1.8.0_73'
                        Driver info: org.openqa.selenium.chrome.ChromeDriver
                        Capabilities [{applicationCacheEnabled=false, rotatable=false, mobileEmulationEnabled=false, chrome={chromedriverVersion=2.22.397933
                        (1cab651507b88dec79b2b2a22d1943c01833cc1b), userDataDir=C:\Users\jrag00m\AppData\Local\Temp\scoped_dir75556_19973}, takesHeapSnapshot=true,
                        databaseEnabled=false, handlesAlerts=true, hasTouchScreen=false, version=52.0.2743.116, platform=XP, browserConnectionEnabled=false,
                        nativeEvents=true, acceptSslCerts=true, locationContextEnabled=true, webStorageEnabled=true, browserName=chrome, takesScreenshot=true,
                        javascriptEnabled=true, cssSelectorsEnabled=true}]
                        Session ID: a76fbed364014fa24ef35906f4c5e75f
                        	at org.testng.Assert.fail(Assert.java:94)
                        	at com.test.regression.cub.testscripts.HeaderFooterNavigation.FooterLinksSignedInUser(HeaderFooterNavigation.java:153)
                        	at sun.reflect.NativeMethodAccessorImpl.invoke0(Native Method)
                        	at sun.reflect.NativeMethodAccessorImpl.invoke(NativeMethodAccessorImpl.java:62)
                        	at sun.reflect.DelegatingMethodAccessorImpl.invoke(DelegatingMethodAccessorImpl.java:43)
                        	at java.lang.reflect.Method.invoke(Method.java:497)
                        	at org.testng.internal.MethodInvocationHelper.invokeMethod(MethodInvocationHelper.java:80)
                        	at org.testng.internal.Invoker.invokeMethod(Invoker.java:714)
                        	at org.testng.internal.Invoker.invokeTestMethod(Invoker.java:901)
                        	at org.testng.internal.Invoker.invokeTestMethods(Invoker.java:1231)
                        	at org.testng.internal.TestMethodWorker.invokeTestMethods(TestMethodWorker.java:127)
                        	at org.testng.internal.TestMethodWorker.run(TestMethodWorker.java:111)
                        	at org.testng.TestRunner.privateRun(TestRunner.java:767)
                        	at org.testng.TestRunner.run(TestRunner.java:617)
                        	at org.testng.SuiteRunner.runTest(SuiteRunner.java:334)
                        	at org.testng.SuiteRunner.runSequentially(SuiteRunner.java:329)
                        	at org.testng.SuiteRunner.privateRun(SuiteRunner.java:291)
                        	at org.testng.SuiteRunner.run(SuiteRunner.java:240)
                        	at org.testng.SuiteRunnerWorker.runSuite(SuiteRunnerWorker.java:52)
                        	at org.testng.SuiteRunnerWorker.run(SuiteRunnerWorker.java:86)
                        	at org.testng.TestNG.runSuitesSequentially(TestNG.java:1198)
                        	at org.testng.TestNG.runSuitesLocally(TestNG.java:1123)
                        	at org.testng.TestNG.run(TestNG.java:1031)
                        	at org.apache.maven.surefire.testng.TestNGExecutor.run(TestNGExecutor.java:178)
                        	at org.apache.maven.surefire.testng.TestNGXmlTestSuite.execute(TestNGXmlTestSuite.java:92)
                        	at org.apache.maven.surefire.testng.TestNGProvider.invoke(TestNGProvider.java:96)
                        	at sun.reflect.NativeMethodAccessorImpl.invoke0(Native Method)
                        	at sun.reflect.NativeMethodAccessorImpl.invoke(NativeMethodAccessorImpl.java:62)
                        	at sun.reflect.DelegatingMethodAccessorImpl.invoke(DelegatingMethodAccessorImpl.java:43)
                        	at java.lang.reflect.Method.invoke(Method.java:497)
                        	at org.apache.maven.surefire.util.ReflectionUtils.invokeMethodWithArray2(ReflectionUtils.java:208)
                        	at org.apache.maven.surefire.booter.ProviderFactory$ProviderProxy.invoke(ProviderFactory.java:159)
                        	at org.apache.maven.surefire.booter.ProviderFactory.invokeProvider(ProviderFactory.java:87)
                        	at org.apache.maven.surefire.booter.ForkedBooter.runSuitesInProcess(ForkedBooter.java:153)
                        	at org.apache.maven.surefire.booter.ForkedBooter.main(ForkedBooter.java:95)
                     </pre>
                  </div>
               </td>
            </tr>
            <tr id="com.test.regression.cub.testscripts.HeaderFooterNavigation_initialization_byStatus_passed_PASS1_row"
                class="testMethodStatusPASS testMethodStatusCONF">
               <td width="100%" class="firstMethodCell">
                  <a onclick="toggleDetailsVisibility('com.test.regression.cub.testscripts.HeaderFooterNavigation_initialization_byStatus_passed_PASS1_details')">initialization(public void com.test.regression.cub.testscripts.HeaderFooterNavigation.FooterLinksGuestUser())</a>
               </td>
               <td nowrap="true">13:25:09</td>
               <td nowrap="true" align="right">10s
                  
               </td>
               <td nowrap="true">
                   
                  
               </td>
            </tr>
            <tr>
               <td colspan="4" class="detailsBox">
                  <div id="com.test.regression.cub.testscripts.HeaderFooterNavigation_initialization_byStatus_passed_PASS1_details"
                       class="testMethodDetails">
                     <div>
                        <b>Name: </b>initialization
                     </div>
                     <div>
                        <b>Signature: </b>initialization(java.lang.reflect.Method)[pri:0, instance:com.test.regression.cub.testscripts.HeaderFooterNavigation@4c70fda8]
                     </div>
                     <div>
                        <b>Parameters: </b>
                        
                        public void com.test.regression.cub.testscripts.HeaderFooterNavigation.FooterLinksGuestUser()
                        
                        
                     </div>
                     <div>
                        <b>Start time: </b>13:25:09
                     </div>
                     <div>
                        <b>End time: </b>13:25:20
                     </div>
                     <div>
                        <b>Duration: </b>10s
                        
                     </div>
                  </div>
               </td>
            </tr>
            <tr></tr>
            <tr id="com.test.regression.cub.testscripts.HeaderFooterNavigation_breakDown_byStatus_passed_PASS2_row"
                class="testMethodStatusPASS testMethodStatusCONF">
               <td width="100%" class="firstMethodCell">
                  <a onclick="toggleDetailsVisibility('com.test.regression.cub.testscripts.HeaderFooterNavigation_breakDown_byStatus_passed_PASS2_details')">breakDown([TestResult name=FooterLinksGuestUser status=FAILURE method=HeaderFooterNavigation.FooterLinksGuestUser()[pri:0,
                     instance:com.test.regression.cub.testscripts.HeaderFooterNavigation@4c70fda8] output={null}])
                  </a>
               </td>
               <td nowrap="true">13:25:54</td>
               <td nowrap="true" align="right">277 ms
                  
               </td>
               <td nowrap="true">
                   
                  
               </td>
            </tr>
            <tr>
               <td colspan="4" class="detailsBox">
                  <div id="com.test.regression.cub.testscripts.HeaderFooterNavigation_breakDown_byStatus_passed_PASS2_details"
                       class="testMethodDetails">
                     <div>
                        <b>Name: </b>breakDown
                     </div>
                     <div>
                        <b>Signature: </b>breakDown(org.testng.ITestResult)[pri:0, instance:com.test.regression.cub.testscripts.HeaderFooterNavigation@4c70fda8]
                     </div>
                     <div>
                        <b>Parameters: </b>
                        
                        [TestResult name=FooterLinksGuestUser status=FAILURE method=HeaderFooterNavigation.FooterLinksGuestUser()[pri:0, instance:com.test.regression.cub.testscripts.HeaderFooterNavigation@4c70fda8]
                        output={null}]
                        
                        
                     </div>
                     <div>
                        <b>Start time: </b>13:25:54
                     </div>
                     <div>
                        <b>End time: </b>13:25:55
                     </div>
                     <div>
                        <b>Duration: </b>277 ms
                        
                     </div>
                  </div>
               </td>
            </tr>
            <tr></tr>
            <tr id="com.test.regression.cub.testscripts.HeaderFooterNavigation_closeDriver_byStatus_passed_PASS3_row"
                class="testMethodStatusPASS testMethodStatusCONF">
               <td width="100%" class="firstMethodCell">
                  <a onclick="toggleDetailsVisibility('com.test.regression.cub.testscripts.HeaderFooterNavigation_closeDriver_byStatus_passed_PASS3_details')">closeDriver(public void com.test.regression.cub.testscripts.HeaderFooterNavigation.FooterLinksGuestUser())</a>
               </td>
               <td nowrap="true">13:25:55</td>
               <td nowrap="true" align="right">1s
                  
               </td>
               <td nowrap="true">
                   
                  
               </td>
            </tr>
            <tr>
               <td colspan="4" class="detailsBox">
                  <div id="com.test.regression.cub.testscripts.HeaderFooterNavigation_closeDriver_byStatus_passed_PASS3_details"
                       class="testMethodDetails">
                     <div>
                        <b>Name: </b>closeDriver
                     </div>
                     <div>
                        <b>Signature: </b>closeDriver(java.lang.reflect.Method)[pri:0, instance:com.test.regression.cub.testscripts.HeaderFooterNavigation@4c70fda8]
                     </div>
                     <div>
                        <b>Parameters: </b>
                        
                        public void com.test.regression.cub.testscripts.HeaderFooterNavigation.FooterLinksGuestUser()
                        
                        
                     </div>
                     <div>
                        <b>Start time: </b>13:25:55
                     </div>
                     <div>
                        <b>End time: </b>13:25:56
                     </div>
                     <div>
                        <b>Duration: </b>1s
                        
                     </div>
                  </div>
               </td>
            </tr>
            <tr></tr>
            <tr id="com.test.regression.cub.testscripts.HeaderFooterNavigation_initialization_byStatus_passed_PASS4_row"
                class="testMethodStatusPASS testMethodStatusCONF">
               <td width="100%" class="firstMethodCell">
                  <a onclick="toggleDetailsVisibility('com.test.regression.cub.testscripts.HeaderFooterNavigation_initialization_byStatus_passed_PASS4_details')">initialization(public void com.test.regression.cub.testscripts.HeaderFooterNavigation.FooterLinksSignedInUser())</a>
               </td>
               <td nowrap="true">13:25:56</td>
               <td nowrap="true" align="right">12s
                  
               </td>
               <td nowrap="true">
                   
                  
               </td>
            </tr>
            <tr>
               <td colspan="4" class="detailsBox">
                  <div id="com.test.regression.cub.testscripts.HeaderFooterNavigation_initialization_byStatus_passed_PASS4_details"
                       class="testMethodDetails">
                     <div>
                        <b>Name: </b>initialization
                     </div>
                     <div>
                        <b>Signature: </b>initialization(java.lang.reflect.Method)[pri:0, instance:com.test.regression.cub.testscripts.HeaderFooterNavigation@4c70fda8]
                     </div>
                     <div>
                        <b>Parameters: </b>
                        
                        public void com.test.regression.cub.testscripts.HeaderFooterNavigation.FooterLinksSignedInUser()
                        
                        
                     </div>
                     <div>
                        <b>Start time: </b>13:25:56
                     </div>
                     <div>
                        <b>End time: </b>13:26:09
                     </div>
                     <div>
                        <b>Duration: </b>12s
                        
                     </div>
                  </div>
               </td>
            </tr>
            <tr></tr>
            <tr id="com.test.regression.cub.testscripts.HeaderFooterNavigation_breakDown_byStatus_passed_PASS5_row"
                class="testMethodStatusPASS testMethodStatusCONF">
               <td width="100%" class="firstMethodCell">
                  <a onclick="toggleDetailsVisibility('com.test.regression.cub.testscripts.HeaderFooterNavigation_breakDown_byStatus_passed_PASS5_details')">breakDown([TestResult name=FooterLinksSignedInUser status=FAILURE method=HeaderFooterNavigation.FooterLinksSignedInUser()[pri:0,
                     instance:com.test.regression.cub.testscripts.HeaderFooterNavigation@4c70fda8] output={null}])
                  </a>
               </td>
               <td nowrap="true">13:27:06</td>
               <td nowrap="true" align="right">1s
                  
               </td>
               <td nowrap="true">
                   
                  
               </td>
            </tr>
            <tr>
               <td colspan="4" class="detailsBox">
                  <div id="com.test.regression.cub.testscripts.HeaderFooterNavigation_breakDown_byStatus_passed_PASS5_details"
                       class="testMethodDetails">
                     <div>
                        <b>Name: </b>breakDown
                     </div>
                     <div>
                        <b>Signature: </b>breakDown(org.testng.ITestResult)[pri:0, instance:com.test.regression.cub.testscripts.HeaderFooterNavigation@4c70fda8]
                     </div>
                     <div>
                        <b>Parameters: </b>
                        
                        [TestResult name=FooterLinksSignedInUser status=FAILURE method=HeaderFooterNavigation.FooterLinksSignedInUser()[pri:0, instance:com.test.regression.cub.testscripts.HeaderFooterNavigation@4c70fda8]
                        output={null}]
                        
                        
                     </div>
                     <div>
                        <b>Start time: </b>13:27:06
                     </div>
                     <div>
                        <b>End time: </b>13:27:07
                     </div>
                     <div>
                        <b>Duration: </b>1s
                        
                     </div>
                  </div>
               </td>
            </tr>
            <tr></tr>
            <tr id="com.test.regression.cub.testscripts.HeaderFooterNavigation_closeDriver_byStatus_passed_PASS6_row"
                class="testMethodStatusPASS testMethodStatusCONF">
               <td width="100%" class="firstMethodCell">
                  <a onclick="toggleDetailsVisibility('com.test.regression.cub.testscripts.HeaderFooterNavigation_closeDriver_byStatus_passed_PASS6_details')">closeDriver(public void com.test.regression.cub.testscripts.HeaderFooterNavigation.FooterLinksSignedInUser())</a>
               </td>
               <td nowrap="true">13:27:07</td>
               <td nowrap="true" align="right">2s
                  
               </td>
               <td nowrap="true">
                   
                  
               </td>
            </tr>
            <tr>
               <td colspan="4" class="detailsBox">
                  <div id="com.test.regression.cub.testscripts.HeaderFooterNavigation_closeDriver_byStatus_passed_PASS6_details"
                       class="testMethodDetails">
                     <div>
                        <b>Name: </b>closeDriver
                     </div>
                     <div>
                        <b>Signature: </b>closeDriver(java.lang.reflect.Method)[pri:0, instance:com.test.regression.cub.testscripts.HeaderFooterNavigation@4c70fda8]
                     </div>
                     <div>
                        <b>Parameters: </b>
                        
                        public void com.test.regression.cub.testscripts.HeaderFooterNavigation.FooterLinksSignedInUser()
                        
                        
                     </div>
                     <div>
                        <b>Start time: </b>13:27:07
                     </div>
                     <div>
                        <b>End time: </b>13:27:09
                     </div>
                     <div>
                        <b>Duration: </b>2s
                        
                     </div>
                  </div>
               </td>
            </tr>
            <tr></tr>
            <tr id="com.test.regression.cub.testscripts.HeaderFooterNavigation_initialization_byStatus_passed_PASS7_row"
                class="testMethodStatusPASS testMethodStatusCONF">
               <td width="100%" class="firstMethodCell">
                  <a onclick="toggleDetailsVisibility('com.test.regression.cub.testscripts.HeaderFooterNavigation_initialization_byStatus_passed_PASS7_details')">initialization(public void com.test.regression.cub.testscripts.HeaderFooterNavigation.TilesNavigationGuestUser())</a>
               </td>
               <td nowrap="true">13:27:09</td>
               <td nowrap="true" align="right">11s
                  
               </td>
               <td nowrap="true">
                   
                  
               </td>
            </tr>
            <tr>
               <td colspan="4" class="detailsBox">
                  <div id="com.test.regression.cub.testscripts.HeaderFooterNavigation_initialization_byStatus_passed_PASS7_details"
                       class="testMethodDetails">
                     <div>
                        <b>Name: </b>initialization
                     </div>
                     <div>
                        <b>Signature: </b>initialization(java.lang.reflect.Method)[pri:0, instance:com.test.regression.cub.testscripts.HeaderFooterNavigation@4c70fda8]
                     </div>
                     <div>
                        <b>Parameters: </b>
                        
                        public void com.test.regression.cub.testscripts.HeaderFooterNavigation.TilesNavigationGuestUser()
                        
                        
                     </div>
                     <div>
                        <b>Start time: </b>13:27:09
                     </div>
                     <div>
                        <b>End time: </b>13:27:20
                     </div>
                     <div>
                        <b>Duration: </b>11s
                        
                     </div>
                  </div>
               </td>
            </tr>
            <tr></tr>
            <tr id="com.test.regression.cub.testscripts.HeaderFooterNavigation_TilesNavigationGuestUser_byStatus_passed_PASS8_row"
                class="testMethodStatusPASS">
               <td width="100%" class="firstMethodCell">
                  <a onclick="toggleDetailsVisibility('com.test.regression.cub.testscripts.HeaderFooterNavigation_TilesNavigationGuestUser_byStatus_passed_PASS8_details')">TilesNavigationGuestUser()</a>
               </td>
               <td nowrap="true">13:27:20</td>
               <td nowrap="true" align="right">26s
                  
               </td>
               <td nowrap="true">
                   
                  
               </td>
            </tr>
            <tr>
               <td colspan="4" class="detailsBox">
                  <div id="com.test.regression.cub.testscripts.HeaderFooterNavigation_TilesNavigationGuestUser_byStatus_passed_PASS8_details"
                       class="testMethodDetails">
                     <div>
                        <b>Name: </b>TilesNavigationGuestUser
                     </div>
                     <div>
                        <b>Signature: </b>TilesNavigationGuestUser()[pri:0, instance:com.test.regression.cub.testscripts.HeaderFooterNavigation@4c70fda8]
                     </div>
                     <div>
                        <b>Start time: </b>13:27:20
                     </div>
                     <div>
                        <b>End time: </b>13:27:46
                     </div>
                     <div>
                        <b>Duration: </b>26s
                        
                     </div>
                  </div>
               </td>
            </tr>
            <tr></tr>
            <tr id="com.test.regression.cub.testscripts.HeaderFooterNavigation_breakDown_byStatus_passed_PASS9_row"
                class="testMethodStatusPASS testMethodStatusCONF">
               <td width="100%" class="firstMethodCell">
                  <a onclick="toggleDetailsVisibility('com.test.regression.cub.testscripts.HeaderFooterNavigation_breakDown_byStatus_passed_PASS9_details')">breakDown([TestResult name=TilesNavigationGuestUser status=SUCCESS method=HeaderFooterNavigation.TilesNavigationGuestUser()[pri:0,
                     instance:com.test.regression.cub.testscripts.HeaderFooterNavigation@4c70fda8] output={null}])
                  </a>
               </td>
               <td nowrap="true">13:27:46</td>
               <td nowrap="true" align="right">0 ms
                  
               </td>
               <td nowrap="true">
                   
                  
               </td>
            </tr>
            <tr>
               <td colspan="4" class="detailsBox">
                  <div id="com.test.regression.cub.testscripts.HeaderFooterNavigation_breakDown_byStatus_passed_PASS9_details"
                       class="testMethodDetails">
                     <div>
                        <b>Name: </b>breakDown
                     </div>
                     <div>
                        <b>Signature: </b>breakDown(org.testng.ITestResult)[pri:0, instance:com.test.regression.cub.testscripts.HeaderFooterNavigation@4c70fda8]
                     </div>
                     <div>
                        <b>Parameters: </b>
                        
                        [TestResult name=TilesNavigationGuestUser status=SUCCESS method=HeaderFooterNavigation.TilesNavigationGuestUser()[pri:0, instance:com.test.regression.cub.testscripts.HeaderFooterNavigation@4c70fda8]
                        output={null}]
                        
                        
                     </div>
                     <div>
                        <b>Start time: </b>13:27:46
                     </div>
                     <div>
                        <b>End time: </b>13:27:46
                     </div>
                     <div>
                        <b>Duration: </b>0 ms
                        
                     </div>
                  </div>
               </td>
            </tr>
            <tr></tr>
            <tr id="com.test.regression.cub.testscripts.HeaderFooterNavigation_closeDriver_byStatus_passed_PASS10_row"
                class="testMethodStatusPASS testMethodStatusCONF">
               <td width="100%" class="firstMethodCell">
                  <a onclick="toggleDetailsVisibility('com.test.regression.cub.testscripts.HeaderFooterNavigation_closeDriver_byStatus_passed_PASS10_details')">closeDriver(public void com.test.regression.cub.testscripts.HeaderFooterNavigation.TilesNavigationGuestUser())</a>
               </td>
               <td nowrap="true">13:27:46</td>
               <td nowrap="true" align="right">1s
                  
               </td>
               <td nowrap="true">
                   
                  
               </td>
            </tr>
            <tr>
               <td colspan="4" class="detailsBox">
                  <div id="com.test.regression.cub.testscripts.HeaderFooterNavigation_closeDriver_byStatus_passed_PASS10_details"
                       class="testMethodDetails">
                     <div>
                        <b>Name: </b>closeDriver
                     </div>
                     <div>
                        <b>Signature: </b>closeDriver(java.lang.reflect.Method)[pri:0, instance:com.test.regression.cub.testscripts.HeaderFooterNavigation@4c70fda8]
                     </div>
                     <div>
                        <b>Parameters: </b>
                        
                        public void com.test.regression.cub.testscripts.HeaderFooterNavigation.TilesNavigationGuestUser()
                        
                        
                     </div>
                     <div>
                        <b>Start time: </b>13:27:46
                     </div>
                     <div>
                        <b>End time: </b>13:27:48
                     </div>
                     <div>
                        <b>Duration: </b>1s
                        
                     </div>
                  </div>
               </td>
            </tr>
            <tr></tr>
            <tr id="com.test.regression.cub.testscripts.HeaderFooterNavigation_initialization_byStatus_passed_PASS11_row"
                class="testMethodStatusPASS testMethodStatusCONF">
               <td width="100%" class="firstMethodCell">
                  <a onclick="toggleDetailsVisibility('com.test.regression.cub.testscripts.HeaderFooterNavigation_initialization_byStatus_passed_PASS11_details')">initialization(public void com.test.regression.cub.testscripts.HeaderFooterNavigation.TilesNavigationSignedInUser())</a>
               </td>
               <td nowrap="true">13:27:48</td>
               <td nowrap="true" align="right">10s
                  
               </td>
               <td nowrap="true">
                   
                  
               </td>
            </tr>
            <tr>
               <td colspan="4" class="detailsBox">
                  <div id="com.test.regression.cub.testscripts.HeaderFooterNavigation_initialization_byStatus_passed_PASS11_details"
                       class="testMethodDetails">
                     <div>
                        <b>Name: </b>initialization
                     </div>
                     <div>
                        <b>Signature: </b>initialization(java.lang.reflect.Method)[pri:0, instance:com.test.regression.cub.testscripts.HeaderFooterNavigation@4c70fda8]
                     </div>
                     <div>
                        <b>Parameters: </b>
                        
                        public void com.test.regression.cub.testscripts.HeaderFooterNavigation.TilesNavigationSignedInUser()
                        
                        
                     </div>
                     <div>
                        <b>Start time: </b>13:27:48
                     </div>
                     <div>
                        <b>End time: </b>13:27:59
                     </div>
                     <div>
                        <b>Duration: </b>10s
                        
                     </div>
                  </div>
               </td>
            </tr>
            <tr></tr>
            <tr id="com.test.regression.cub.testscripts.HeaderFooterNavigation_TilesNavigationSignedInUser_byStatus_passed_PASS12_row"
                class="testMethodStatusPASS">
               <td width="100%" class="firstMethodCell">
                  <a onclick="toggleDetailsVisibility('com.test.regression.cub.testscripts.HeaderFooterNavigation_TilesNavigationSignedInUser_byStatus_passed_PASS12_details')">TilesNavigationSignedInUser()</a>
               </td>
               <td nowrap="true">13:27:59</td>
               <td nowrap="true" align="right">40s
                  
               </td>
               <td nowrap="true">
                   
                  
               </td>
            </tr>
            <tr>
               <td colspan="4" class="detailsBox">
                  <div id="com.test.regression.cub.testscripts.HeaderFooterNavigation_TilesNavigationSignedInUser_byStatus_passed_PASS12_details"
                       class="testMethodDetails">
                     <div>
                        <b>Name: </b>TilesNavigationSignedInUser
                     </div>
                     <div>
                        <b>Signature: </b>TilesNavigationSignedInUser()[pri:0, instance:com.test.regression.cub.testscripts.HeaderFooterNavigation@4c70fda8]
                     </div>
                     <div>
                        <b>Start time: </b>13:27:59
                     </div>
                     <div>
                        <b>End time: </b>13:28:40
                     </div>
                     <div>
                        <b>Duration: </b>40s
                        
                     </div>
                  </div>
               </td>
            </tr>
            <tr></tr>
            <tr id="com.test.regression.cub.testscripts.HeaderFooterNavigation_breakDown_byStatus_passed_PASS13_row"
                class="testMethodStatusPASS testMethodStatusCONF">
               <td width="100%" class="firstMethodCell">
                  <a onclick="toggleDetailsVisibility('com.test.regression.cub.testscripts.HeaderFooterNavigation_breakDown_byStatus_passed_PASS13_details')">breakDown([TestResult name=TilesNavigationSignedInUser status=SUCCESS method=HeaderFooterNavigation.TilesNavigationSignedInUser()[pri:0,
                     instance:com.test.regression.cub.testscripts.HeaderFooterNavigation@4c70fda8] output={null}])
                  </a>
               </td>
               <td nowrap="true">13:28:40</td>
               <td nowrap="true" align="right">1 ms
                  
               </td>
               <td nowrap="true">
                   
                  
               </td>
            </tr>
            <tr>
               <td colspan="4" class="detailsBox">
                  <div id="com.test.regression.cub.testscripts.HeaderFooterNavigation_breakDown_byStatus_passed_PASS13_details"
                       class="testMethodDetails">
                     <div>
                        <b>Name: </b>breakDown
                     </div>
                     <div>
                        <b>Signature: </b>breakDown(org.testng.ITestResult)[pri:0, instance:com.test.regression.cub.testscripts.HeaderFooterNavigation@4c70fda8]
                     </div>
                     <div>
                        <b>Parameters: </b>
                        
                        [TestResult name=TilesNavigationSignedInUser status=SUCCESS method=HeaderFooterNavigation.TilesNavigationSignedInUser()[pri:0,
                        instance:com.test.regression.cub.testscripts.HeaderFooterNavigation@4c70fda8] output={null}]
                        
                        
                     </div>
                     <div>
                        <b>Start time: </b>13:28:40
                     </div>
                     <div>
                        <b>End time: </b>13:28:40
                     </div>
                     <div>
                        <b>Duration: </b>1 ms
                        
                     </div>
                  </div>
               </td>
            </tr>
            <tr></tr>
            <tr id="com.test.regression.cub.testscripts.HeaderFooterNavigation_closeDriver_byStatus_passed_PASS14_row"
                class="testMethodStatusPASS testMethodStatusCONF">
               <td width="100%" class="firstMethodCell">
                  <a onclick="toggleDetailsVisibility('com.test.regression.cub.testscripts.HeaderFooterNavigation_closeDriver_byStatus_passed_PASS14_details')">closeDriver(public void com.test.regression.cub.testscripts.HeaderFooterNavigation.TilesNavigationSignedInUser())</a>
               </td>
               <td nowrap="true">13:28:40</td>
               <td nowrap="true" align="right">2s
                  
               </td>
               <td nowrap="true">
                   
                  
               </td>
            </tr>
            <tr>
               <td colspan="4" class="detailsBox">
                  <div id="com.test.regression.cub.testscripts.HeaderFooterNavigation_closeDriver_byStatus_passed_PASS14_details"
                       class="testMethodDetails">
                     <div>
                        <b>Name: </b>closeDriver
                     </div>
                     <div>
                        <b>Signature: </b>closeDriver(java.lang.reflect.Method)[pri:0, instance:com.test.regression.cub.testscripts.HeaderFooterNavigation@4c70fda8]
                     </div>
                     <div>
                        <b>Parameters: </b>
                        
                        public void com.test.regression.cub.testscripts.HeaderFooterNavigation.TilesNavigationSignedInUser()
                        
                        
                     </div>
                     <div>
                        <b>Start time: </b>13:28:40
                     </div>
                     <div>
                        <b>End time: </b>13:28:42
                     </div>
                     <div>
                        <b>Duration: </b>2s
                        
                     </div>
                  </div>
               </td>
            </tr>
            <tr></tr>
         </table>
      </div>
      <div id="testMethodsByClass">
         <table class="testMethodsTable" cellpadding="0" cellspacing="0">
            <tr>
               <td colspan="4">
                  <h3 style="display: inline;">com.test.regression.cub.testscripts.HeaderFooterNavigation</h3>
               </td>
            </tr>
            <tr class="methodsTableHeader">
               <td width="100%">Name</td>
               <td nowrap="true">Started</td>
               <td nowrap="true">Duration</td>
               <td>Exception</td>
            </tr>
            <tr id="com.test.regression.cub.testscripts.HeaderFooterNavigation_initialization_byClass_PASS1_row"
                class="testMethodStatusPASS testMethodStatusCONF">
               <td width="100%" class="firstMethodCell">
                  <a onclick="toggleDetailsVisibility('com.test.regression.cub.testscripts.HeaderFooterNavigation_initialization_byClass_PASS1_details')">initialization(public void com.test.regression.cub.testscripts.HeaderFooterNavigation.FooterLinksGuestUser())</a>
               </td>
               <td nowrap="true">13:25:09</td>
               <td nowrap="true" align="right">10s
                  
               </td>
               <td nowrap="true">
                   
                  
               </td>
            </tr>
            <tr>
               <td colspan="4" class="detailsBox">
                  <div id="com.test.regression.cub.testscripts.HeaderFooterNavigation_initialization_byClass_PASS1_details"
                       class="testMethodDetails">
                     <div>
                        <b>Name: </b>initialization
                     </div>
                     <div>
                        <b>Signature: </b>initialization(java.lang.reflect.Method)[pri:0, instance:com.test.regression.cub.testscripts.HeaderFooterNavigation@4c70fda8]
                     </div>
                     <div>
                        <b>Parameters: </b>
                        
                        public void com.test.regression.cub.testscripts.HeaderFooterNavigation.FooterLinksGuestUser()
                        
                        
                     </div>
                     <div>
                        <b>Start time: </b>13:25:09
                     </div>
                     <div>
                        <b>End time: </b>13:25:20
                     </div>
                     <div>
                        <b>Duration: </b>10s
                        
                     </div>
                  </div>
               </td>
            </tr>
            <tr></tr>
            <tr id="com.test.regression.cub.testscripts.HeaderFooterNavigation_FooterLinksGuestUser_byClass_FAIL2_row"
                class="testMethodStatusFAIL">
               <td width="100%" class="firstMethodCell">
                  <a onclick="toggleDetailsVisibility('com.test.regression.cub.testscripts.HeaderFooterNavigation_FooterLinksGuestUser_byClass_FAIL2_details')">FooterLinksGuestUser()</a>
               </td>
               <td nowrap="true">13:25:20</td>
               <td nowrap="true" align="right">34s
                  
               </td>
               <td nowrap="true">
                  <a onclick="toggleDetailsVisibility('com.test.regression.cub.testscripts.HeaderFooterNavigation_FooterLinksGuestUser_byClass_FAIL2_exception')">org.openqa.selenium.TimeoutException: 
                     Timed out after 30 seconds waiting for visibility of [[ChromeDriver: chrome on XP (6c5a43e280dfd949c351cea1db88731a)] -&gt; xpath:
                     //a[text()='Careers']]
                     Build info: version: '2.53.0', revision: '35ae25b1534ae328c771e0856c93e187490ca824', time: '2016-03-15 10:43:46'
                     System info: host: 'SDEVPCSVU7112', ip: '10.15.142.48', os.name: 'Windows 7', os.arch: 'amd64', os.version: '6.1', java.version:
                     '1.8.0_73'
                     Driver info: org.openqa.selenium.chrome.ChromeDriver
                     Capabilities [{applicationCacheEnabled=false, rotatable=false, mobileEmulationEnabled=false, chrome={chromedriverVersion=2.22.397933
                     (1cab651507b88dec79b2b2a22d1943c01833cc1b), userDataDir=C:\Users\jrag00m\AppData\Local\Temp\scoped_dir72652_23521}, takesHeapSnapshot=true,
                     databaseEnabled=false, handlesAlerts=true, hasTouchScreen=false, version=52.0.2743.116, platform=XP, browserConnectionEnabled=false,
                     nativeEvents=true, acceptSslCerts=true, locationContextEnabled=true, webStorageEnabled=true, browserName=chrome, takesScreenshot=true,
                     javascriptEnabled=true, cssSelectorsEnabled=true}]
                     Session ID: 6c5a43e280dfd949c351cea1db88731a
                     
                  </a>
                   
                  
               </td>
            </tr>
            <tr>
               <td colspan="4" class="detailsBox">
                  <div id="com.test.regression.cub.testscripts.HeaderFooterNavigation_FooterLinksGuestUser_byClass_FAIL2_details"
                       class="testMethodDetails">
                     <div>
                        <b>Name: </b>FooterLinksGuestUser
                     </div>
                     <div>
                        <b>Signature: </b>FooterLinksGuestUser()[pri:0, instance:com.test.regression.cub.testscripts.HeaderFooterNavigation@4c70fda8]
                     </div>
                     <div>
                        <b>Start time: </b>13:25:20
                     </div>
                     <div>
                        <b>End time: </b>13:25:54
                     </div>
                     <div>
                        <b>Duration: </b>34s
                        
                     </div>
                  </div>
               </td>
            </tr>
            <tr>
               <td colspan="4" class="detailsBox">
                  <div id="com.test.regression.cub.testscripts.HeaderFooterNavigation_FooterLinksGuestUser_byClass_FAIL2_exception"
                       class="testMethodDetails">
                     <pre style="padding: 5px; margin: 0;">org.openqa.selenium.TimeoutException: Timed out after 30 seconds waiting for visibility of [[ChromeDriver: chrome on XP (6c5a43e280dfd949c351cea1db88731a)]
                        -&gt; xpath: //a[text()='Careers']]
                        Build info: version: '2.53.0', revision: '35ae25b1534ae328c771e0856c93e187490ca824', time: '2016-03-15 10:43:46'
                        System info: host: 'SDEVPCSVU7112', ip: '10.15.142.48', os.name: 'Windows 7', os.arch: 'amd64', os.version: '6.1', java.version:
                        '1.8.0_73'
                        Driver info: org.openqa.selenium.chrome.ChromeDriver
                        Capabilities [{applicationCacheEnabled=false, rotatable=false, mobileEmulationEnabled=false, chrome={chromedriverVersion=2.22.397933
                        (1cab651507b88dec79b2b2a22d1943c01833cc1b), userDataDir=C:\Users\jrag00m\AppData\Local\Temp\scoped_dir72652_23521}, takesHeapSnapshot=true,
                        databaseEnabled=false, handlesAlerts=true, hasTouchScreen=false, version=52.0.2743.116, platform=XP, browserConnectionEnabled=false,
                        nativeEvents=true, acceptSslCerts=true, locationContextEnabled=true, webStorageEnabled=true, browserName=chrome, takesScreenshot=true,
                        javascriptEnabled=true, cssSelectorsEnabled=true}]
                        Session ID: 6c5a43e280dfd949c351cea1db88731a
                        	at org.openqa.selenium.support.ui.WebDriverWait.timeoutException(WebDriverWait.java:80)
                        	at org.openqa.selenium.support.ui.FluentWait.until(FluentWait.java:261)
                        	at com.test.regression.cub.utils.SuiteBase.waitFor(SuiteBase.java:138)
                        	at com.test.regression.cub.utils.SuiteBase.waitFor(SuiteBase.java:142)
                        	at com.test.regression.cub.pages.CubHome.clickCareers(CubHome.java:270)
                        	at com.test.regression.cub.testscripts.HeaderFooterNavigation.FooterLinksGuestUser(HeaderFooterNavigation.java:41)
                        	at sun.reflect.NativeMethodAccessorImpl.invoke0(Native Method)
                        	at sun.reflect.NativeMethodAccessorImpl.invoke(NativeMethodAccessorImpl.java:62)
                        	at sun.reflect.DelegatingMethodAccessorImpl.invoke(DelegatingMethodAccessorImpl.java:43)
                        	at java.lang.reflect.Method.invoke(Method.java:497)
                        	at org.testng.internal.MethodInvocationHelper.invokeMethod(MethodInvocationHelper.java:80)
                        	at org.testng.internal.Invoker.invokeMethod(Invoker.java:714)
                        	at org.testng.internal.Invoker.invokeTestMethod(Invoker.java:901)
                        	at org.testng.internal.Invoker.invokeTestMethods(Invoker.java:1231)
                        	at org.testng.internal.TestMethodWorker.invokeTestMethods(TestMethodWorker.java:127)
                        	at org.testng.internal.TestMethodWorker.run(TestMethodWorker.java:111)
                        	at org.testng.TestRunner.privateRun(TestRunner.java:767)
                        	at org.testng.TestRunner.run(TestRunner.java:617)
                        	at org.testng.SuiteRunner.runTest(SuiteRunner.java:334)
                        	at org.testng.SuiteRunner.runSequentially(SuiteRunner.java:329)
                        	at org.testng.SuiteRunner.privateRun(SuiteRunner.java:291)
                        	at org.testng.SuiteRunner.run(SuiteRunner.java:240)
                        	at org.testng.SuiteRunnerWorker.runSuite(SuiteRunnerWorker.java:52)
                        	at org.testng.SuiteRunnerWorker.run(SuiteRunnerWorker.java:86)
                        	at org.testng.TestNG.runSuitesSequentially(TestNG.java:1198)
                        	at org.testng.TestNG.runSuitesLocally(TestNG.java:1123)
                        	at org.testng.TestNG.run(TestNG.java:1031)
                        	at org.apache.maven.surefire.testng.TestNGExecutor.run(TestNGExecutor.java:178)
                        	at org.apache.maven.surefire.testng.TestNGXmlTestSuite.execute(TestNGXmlTestSuite.java:92)
                        	at org.apache.maven.surefire.testng.TestNGProvider.invoke(TestNGProvider.java:96)
                        	at sun.reflect.NativeMethodAccessorImpl.invoke0(Native Method)
                        	at sun.reflect.NativeMethodAccessorImpl.invoke(NativeMethodAccessorImpl.java:62)
                        	at sun.reflect.DelegatingMethodAccessorImpl.invoke(DelegatingMethodAccessorImpl.java:43)
                        	at java.lang.reflect.Method.invoke(Method.java:497)
                        	at org.apache.maven.surefire.util.ReflectionUtils.invokeMethodWithArray2(ReflectionUtils.java:208)
                        	at org.apache.maven.surefire.booter.ProviderFactory$ProviderProxy.invoke(ProviderFactory.java:159)
                        	at org.apache.maven.surefire.booter.ProviderFactory.invokeProvider(ProviderFactory.java:87)
                        	at org.apache.maven.surefire.booter.ForkedBooter.runSuitesInProcess(ForkedBooter.java:153)
                        	at org.apache.maven.surefire.booter.ForkedBooter.main(ForkedBooter.java:95)
                     </pre>
                  </div>
               </td>
            </tr>
            <tr id="com.test.regression.cub.testscripts.HeaderFooterNavigation_breakDown_byClass_PASS3_row"
                class="testMethodStatusPASS testMethodStatusCONF">
               <td width="100%" class="firstMethodCell">
                  <a onclick="toggleDetailsVisibility('com.test.regression.cub.testscripts.HeaderFooterNavigation_breakDown_byClass_PASS3_details')">breakDown([TestResult name=FooterLinksGuestUser status=FAILURE method=HeaderFooterNavigation.FooterLinksGuestUser()[pri:0,
                     instance:com.test.regression.cub.testscripts.HeaderFooterNavigation@4c70fda8] output={null}])
                  </a>
               </td>
               <td nowrap="true">13:25:54</td>
               <td nowrap="true" align="right">277 ms
                  
               </td>
               <td nowrap="true">
                   
                  
               </td>
            </tr>
            <tr>
               <td colspan="4" class="detailsBox">
                  <div id="com.test.regression.cub.testscripts.HeaderFooterNavigation_breakDown_byClass_PASS3_details"
                       class="testMethodDetails">
                     <div>
                        <b>Name: </b>breakDown
                     </div>
                     <div>
                        <b>Signature: </b>breakDown(org.testng.ITestResult)[pri:0, instance:com.test.regression.cub.testscripts.HeaderFooterNavigation@4c70fda8]
                     </div>
                     <div>
                        <b>Parameters: </b>
                        
                        [TestResult name=FooterLinksGuestUser status=FAILURE method=HeaderFooterNavigation.FooterLinksGuestUser()[pri:0, instance:com.test.regression.cub.testscripts.HeaderFooterNavigation@4c70fda8]
                        output={null}]
                        
                        
                     </div>
                     <div>
                        <b>Start time: </b>13:25:54
                     </div>
                     <div>
                        <b>End time: </b>13:25:55
                     </div>
                     <div>
                        <b>Duration: </b>277 ms
                        
                     </div>
                  </div>
               </td>
            </tr>
            <tr></tr>
            <tr id="com.test.regression.cub.testscripts.HeaderFooterNavigation_closeDriver_byClass_PASS4_row"
                class="testMethodStatusPASS testMethodStatusCONF">
               <td width="100%" class="firstMethodCell">
                  <a onclick="toggleDetailsVisibility('com.test.regression.cub.testscripts.HeaderFooterNavigation_closeDriver_byClass_PASS4_details')">closeDriver(public void com.test.regression.cub.testscripts.HeaderFooterNavigation.FooterLinksGuestUser())</a>
               </td>
               <td nowrap="true">13:25:55</td>
               <td nowrap="true" align="right">1s
                  
               </td>
               <td nowrap="true">
                   
                  
               </td>
            </tr>
            <tr>
               <td colspan="4" class="detailsBox">
                  <div id="com.test.regression.cub.testscripts.HeaderFooterNavigation_closeDriver_byClass_PASS4_details"
                       class="testMethodDetails">
                     <div>
                        <b>Name: </b>closeDriver
                     </div>
                     <div>
                        <b>Signature: </b>closeDriver(java.lang.reflect.Method)[pri:0, instance:com.test.regression.cub.testscripts.HeaderFooterNavigation@4c70fda8]
                     </div>
                     <div>
                        <b>Parameters: </b>
                        
                        public void com.test.regression.cub.testscripts.HeaderFooterNavigation.FooterLinksGuestUser()
                        
                        
                     </div>
                     <div>
                        <b>Start time: </b>13:25:55
                     </div>
                     <div>
                        <b>End time: </b>13:25:56
                     </div>
                     <div>
                        <b>Duration: </b>1s
                        
                     </div>
                  </div>
               </td>
            </tr>
            <tr></tr>
            <tr id="com.test.regression.cub.testscripts.HeaderFooterNavigation_initialization_byClass_PASS5_row"
                class="testMethodStatusPASS testMethodStatusCONF">
               <td width="100%" class="firstMethodCell">
                  <a onclick="toggleDetailsVisibility('com.test.regression.cub.testscripts.HeaderFooterNavigation_initialization_byClass_PASS5_details')">initialization(public void com.test.regression.cub.testscripts.HeaderFooterNavigation.FooterLinksSignedInUser())</a>
               </td>
               <td nowrap="true">13:25:56</td>
               <td nowrap="true" align="right">12s
                  
               </td>
               <td nowrap="true">
                   
                  
               </td>
            </tr>
            <tr>
               <td colspan="4" class="detailsBox">
                  <div id="com.test.regression.cub.testscripts.HeaderFooterNavigation_initialization_byClass_PASS5_details"
                       class="testMethodDetails">
                     <div>
                        <b>Name: </b>initialization
                     </div>
                     <div>
                        <b>Signature: </b>initialization(java.lang.reflect.Method)[pri:0, instance:com.test.regression.cub.testscripts.HeaderFooterNavigation@4c70fda8]
                     </div>
                     <div>
                        <b>Parameters: </b>
                        
                        public void com.test.regression.cub.testscripts.HeaderFooterNavigation.FooterLinksSignedInUser()
                        
                        
                     </div>
                     <div>
                        <b>Start time: </b>13:25:56
                     </div>
                     <div>
                        <b>End time: </b>13:26:09
                     </div>
                     <div>
                        <b>Duration: </b>12s
                        
                     </div>
                  </div>
               </td>
            </tr>
            <tr></tr>
            <tr id="com.test.regression.cub.testscripts.HeaderFooterNavigation_FooterLinksSignedInUser_byClass_FAIL6_row"
                class="testMethodStatusFAIL">
               <td width="100%" class="firstMethodCell">
                  <a onclick="toggleDetailsVisibility('com.test.regression.cub.testscripts.HeaderFooterNavigation_FooterLinksSignedInUser_byClass_FAIL6_details')">FooterLinksSignedInUser()</a>
               </td>
               <td nowrap="true">13:26:09</td>
               <td nowrap="true" align="right">56s
                  
               </td>
               <td nowrap="true">
                  <a onclick="toggleDetailsVisibility('com.test.regression.cub.testscripts.HeaderFooterNavigation_FooterLinksSignedInUser_byClass_FAIL6_exception')">java.lang.AssertionError: 
                     Timed out after 30 seconds waiting for visibility of [[ChromeDriver: chrome on XP (a76fbed364014fa24ef35906f4c5e75f)] -&gt; xpath:
                     //a[text()='Careers']]
                     Build info: version: '2.53.0', revision: '35ae25b1534ae328c771e0856c93e187490ca824', time: '2016-03-15 10:43:46'
                     System info: host: 'SDEVPCSVU7112', ip: '10.15.142.48', os.name: 'Windows 7', os.arch: 'amd64', os.version: '6.1', java.version:
                     '1.8.0_73'
                     Driver info: org.openqa.selenium.chrome.ChromeDriver
                     Capabilities [{applicationCacheEnabled=false, rotatable=false, mobileEmulationEnabled=false, chrome={chromedriverVersion=2.22.397933
                     (1cab651507b88dec79b2b2a22d1943c01833cc1b), userDataDir=C:\Users\jrag00m\AppData\Local\Temp\scoped_dir75556_19973}, takesHeapSnapshot=true,
                     databaseEnabled=false, handlesAlerts=true, hasTouchScreen=false, version=52.0.2743.116, platform=XP, browserConnectionEnabled=false,
                     nativeEvents=true, acceptSslCerts=true, locationContextEnabled=true, webStorageEnabled=true, browserName=chrome, takesScreenshot=true,
                     javascriptEnabled=true, cssSelectorsEnabled=true}]
                     Session ID: a76fbed364014fa24ef35906f4c5e75f
                     
                  </a>
                   
                  
               </td>
            </tr>
            <tr>
               <td colspan="4" class="detailsBox">
                  <div id="com.test.regression.cub.testscripts.HeaderFooterNavigation_FooterLinksSignedInUser_byClass_FAIL6_details"
                       class="testMethodDetails">
                     <div>
                        <b>Name: </b>FooterLinksSignedInUser
                     </div>
                     <div>
                        <b>Signature: </b>FooterLinksSignedInUser()[pri:0, instance:com.test.regression.cub.testscripts.HeaderFooterNavigation@4c70fda8]
                     </div>
                     <div>
                        <b>Start time: </b>13:26:09
                     </div>
                     <div>
                        <b>End time: </b>13:27:06
                     </div>
                     <div>
                        <b>Duration: </b>56s
                        
                     </div>
                  </div>
               </td>
            </tr>
            <tr>
               <td colspan="4" class="detailsBox">
                  <div id="com.test.regression.cub.testscripts.HeaderFooterNavigation_FooterLinksSignedInUser_byClass_FAIL6_exception"
                       class="testMethodDetails">
                     <pre style="padding: 5px; margin: 0;">java.lang.AssertionError: Timed out after 30 seconds waiting for visibility of [[ChromeDriver: chrome on XP (a76fbed364014fa24ef35906f4c5e75f)]
                        -&gt; xpath: //a[text()='Careers']]
                        Build info: version: '2.53.0', revision: '35ae25b1534ae328c771e0856c93e187490ca824', time: '2016-03-15 10:43:46'
                        System info: host: 'SDEVPCSVU7112', ip: '10.15.142.48', os.name: 'Windows 7', os.arch: 'amd64', os.version: '6.1', java.version:
                        '1.8.0_73'
                        Driver info: org.openqa.selenium.chrome.ChromeDriver
                        Capabilities [{applicationCacheEnabled=false, rotatable=false, mobileEmulationEnabled=false, chrome={chromedriverVersion=2.22.397933
                        (1cab651507b88dec79b2b2a22d1943c01833cc1b), userDataDir=C:\Users\jrag00m\AppData\Local\Temp\scoped_dir75556_19973}, takesHeapSnapshot=true,
                        databaseEnabled=false, handlesAlerts=true, hasTouchScreen=false, version=52.0.2743.116, platform=XP, browserConnectionEnabled=false,
                        nativeEvents=true, acceptSslCerts=true, locationContextEnabled=true, webStorageEnabled=true, browserName=chrome, takesScreenshot=true,
                        javascriptEnabled=true, cssSelectorsEnabled=true}]
                        Session ID: a76fbed364014fa24ef35906f4c5e75f
                        	at org.testng.Assert.fail(Assert.java:94)
                        	at com.test.regression.cub.testscripts.HeaderFooterNavigation.FooterLinksSignedInUser(HeaderFooterNavigation.java:153)
                        	at sun.reflect.NativeMethodAccessorImpl.invoke0(Native Method)
                        	at sun.reflect.NativeMethodAccessorImpl.invoke(NativeMethodAccessorImpl.java:62)
                        	at sun.reflect.DelegatingMethodAccessorImpl.invoke(DelegatingMethodAccessorImpl.java:43)
                        	at java.lang.reflect.Method.invoke(Method.java:497)
                        	at org.testng.internal.MethodInvocationHelper.invokeMethod(MethodInvocationHelper.java:80)
                        	at org.testng.internal.Invoker.invokeMethod(Invoker.java:714)
                        	at org.testng.internal.Invoker.invokeTestMethod(Invoker.java:901)
                        	at org.testng.internal.Invoker.invokeTestMethods(Invoker.java:1231)
                        	at org.testng.internal.TestMethodWorker.invokeTestMethods(TestMethodWorker.java:127)
                        	at org.testng.internal.TestMethodWorker.run(TestMethodWorker.java:111)
                        	at org.testng.TestRunner.privateRun(TestRunner.java:767)
                        	at org.testng.TestRunner.run(TestRunner.java:617)
                        	at org.testng.SuiteRunner.runTest(SuiteRunner.java:334)
                        	at org.testng.SuiteRunner.runSequentially(SuiteRunner.java:329)
                        	at org.testng.SuiteRunner.privateRun(SuiteRunner.java:291)
                        	at org.testng.SuiteRunner.run(SuiteRunner.java:240)
                        	at org.testng.SuiteRunnerWorker.runSuite(SuiteRunnerWorker.java:52)
                        	at org.testng.SuiteRunnerWorker.run(SuiteRunnerWorker.java:86)
                        	at org.testng.TestNG.runSuitesSequentially(TestNG.java:1198)
                        	at org.testng.TestNG.runSuitesLocally(TestNG.java:1123)
                        	at org.testng.TestNG.run(TestNG.java:1031)
                        	at org.apache.maven.surefire.testng.TestNGExecutor.run(TestNGExecutor.java:178)
                        	at org.apache.maven.surefire.testng.TestNGXmlTestSuite.execute(TestNGXmlTestSuite.java:92)
                        	at org.apache.maven.surefire.testng.TestNGProvider.invoke(TestNGProvider.java:96)
                        	at sun.reflect.NativeMethodAccessorImpl.invoke0(Native Method)
                        	at sun.reflect.NativeMethodAccessorImpl.invoke(NativeMethodAccessorImpl.java:62)
                        	at sun.reflect.DelegatingMethodAccessorImpl.invoke(DelegatingMethodAccessorImpl.java:43)
                        	at java.lang.reflect.Method.invoke(Method.java:497)
                        	at org.apache.maven.surefire.util.ReflectionUtils.invokeMethodWithArray2(ReflectionUtils.java:208)
                        	at org.apache.maven.surefire.booter.ProviderFactory$ProviderProxy.invoke(ProviderFactory.java:159)
                        	at org.apache.maven.surefire.booter.ProviderFactory.invokeProvider(ProviderFactory.java:87)
                        	at org.apache.maven.surefire.booter.ForkedBooter.runSuitesInProcess(ForkedBooter.java:153)
                        	at org.apache.maven.surefire.booter.ForkedBooter.main(ForkedBooter.java:95)
                     </pre>
                  </div>
               </td>
            </tr>
            <tr id="com.test.regression.cub.testscripts.HeaderFooterNavigation_breakDown_byClass_PASS7_row"
                class="testMethodStatusPASS testMethodStatusCONF">
               <td width="100%" class="firstMethodCell">
                  <a onclick="toggleDetailsVisibility('com.test.regression.cub.testscripts.HeaderFooterNavigation_breakDown_byClass_PASS7_details')">breakDown([TestResult name=FooterLinksSignedInUser status=FAILURE method=HeaderFooterNavigation.FooterLinksSignedInUser()[pri:0,
                     instance:com.test.regression.cub.testscripts.HeaderFooterNavigation@4c70fda8] output={null}])
                  </a>
               </td>
               <td nowrap="true">13:27:06</td>
               <td nowrap="true" align="right">1s
                  
               </td>
               <td nowrap="true">
                   
                  
               </td>
            </tr>
            <tr>
               <td colspan="4" class="detailsBox">
                  <div id="com.test.regression.cub.testscripts.HeaderFooterNavigation_breakDown_byClass_PASS7_details"
                       class="testMethodDetails">
                     <div>
                        <b>Name: </b>breakDown
                     </div>
                     <div>
                        <b>Signature: </b>breakDown(org.testng.ITestResult)[pri:0, instance:com.test.regression.cub.testscripts.HeaderFooterNavigation@4c70fda8]
                     </div>
                     <div>
                        <b>Parameters: </b>
                        
                        [TestResult name=FooterLinksSignedInUser status=FAILURE method=HeaderFooterNavigation.FooterLinksSignedInUser()[pri:0, instance:com.test.regression.cub.testscripts.HeaderFooterNavigation@4c70fda8]
                        output={null}]
                        
                        
                     </div>
                     <div>
                        <b>Start time: </b>13:27:06
                     </div>
                     <div>
                        <b>End time: </b>13:27:07
                     </div>
                     <div>
                        <b>Duration: </b>1s
                        
                     </div>
                  </div>
               </td>
            </tr>
            <tr></tr>
            <tr id="com.test.regression.cub.testscripts.HeaderFooterNavigation_closeDriver_byClass_PASS8_row"
                class="testMethodStatusPASS testMethodStatusCONF">
               <td width="100%" class="firstMethodCell">
                  <a onclick="toggleDetailsVisibility('com.test.regression.cub.testscripts.HeaderFooterNavigation_closeDriver_byClass_PASS8_details')">closeDriver(public void com.test.regression.cub.testscripts.HeaderFooterNavigation.FooterLinksSignedInUser())</a>
               </td>
               <td nowrap="true">13:27:07</td>
               <td nowrap="true" align="right">2s
                  
               </td>
               <td nowrap="true">
                   
                  
               </td>
            </tr>
            <tr>
               <td colspan="4" class="detailsBox">
                  <div id="com.test.regression.cub.testscripts.HeaderFooterNavigation_closeDriver_byClass_PASS8_details"
                       class="testMethodDetails">
                     <div>
                        <b>Name: </b>closeDriver
                     </div>
                     <div>
                        <b>Signature: </b>closeDriver(java.lang.reflect.Method)[pri:0, instance:com.test.regression.cub.testscripts.HeaderFooterNavigation@4c70fda8]
                     </div>
                     <div>
                        <b>Parameters: </b>
                        
                        public void com.test.regression.cub.testscripts.HeaderFooterNavigation.FooterLinksSignedInUser()
                        
                        
                     </div>
                     <div>
                        <b>Start time: </b>13:27:07
                     </div>
                     <div>
                        <b>End time: </b>13:27:09
                     </div>
                     <div>
                        <b>Duration: </b>2s
                        
                     </div>
                  </div>
               </td>
            </tr>
            <tr></tr>
            <tr id="com.test.regression.cub.testscripts.HeaderFooterNavigation_initialization_byClass_PASS9_row"
                class="testMethodStatusPASS testMethodStatusCONF">
               <td width="100%" class="firstMethodCell">
                  <a onclick="toggleDetailsVisibility('com.test.regression.cub.testscripts.HeaderFooterNavigation_initialization_byClass_PASS9_details')">initialization(public void com.test.regression.cub.testscripts.HeaderFooterNavigation.TilesNavigationGuestUser())</a>
               </td>
               <td nowrap="true">13:27:09</td>
               <td nowrap="true" align="right">11s
                  
               </td>
               <td nowrap="true">
                   
                  
               </td>
            </tr>
            <tr>
               <td colspan="4" class="detailsBox">
                  <div id="com.test.regression.cub.testscripts.HeaderFooterNavigation_initialization_byClass_PASS9_details"
                       class="testMethodDetails">
                     <div>
                        <b>Name: </b>initialization
                     </div>
                     <div>
                        <b>Signature: </b>initialization(java.lang.reflect.Method)[pri:0, instance:com.test.regression.cub.testscripts.HeaderFooterNavigation@4c70fda8]
                     </div>
                     <div>
                        <b>Parameters: </b>
                        
                        public void com.test.regression.cub.testscripts.HeaderFooterNavigation.TilesNavigationGuestUser()
                        
                        
                     </div>
                     <div>
                        <b>Start time: </b>13:27:09
                     </div>
                     <div>
                        <b>End time: </b>13:27:20
                     </div>
                     <div>
                        <b>Duration: </b>11s
                        
                     </div>
                  </div>
               </td>
            </tr>
            <tr></tr>
            <tr id="com.test.regression.cub.testscripts.HeaderFooterNavigation_TilesNavigationGuestUser_byClass_PASS10_row"
                class="testMethodStatusPASS">
               <td width="100%" class="firstMethodCell">
                  <a onclick="toggleDetailsVisibility('com.test.regression.cub.testscripts.HeaderFooterNavigation_TilesNavigationGuestUser_byClass_PASS10_details')">TilesNavigationGuestUser()</a>
               </td>
               <td nowrap="true">13:27:20</td>
               <td nowrap="true" align="right">26s
                  
               </td>
               <td nowrap="true">
                   
                  
               </td>
            </tr>
            <tr>
               <td colspan="4" class="detailsBox">
                  <div id="com.test.regression.cub.testscripts.HeaderFooterNavigation_TilesNavigationGuestUser_byClass_PASS10_details"
                       class="testMethodDetails">
                     <div>
                        <b>Name: </b>TilesNavigationGuestUser
                     </div>
                     <div>
                        <b>Signature: </b>TilesNavigationGuestUser()[pri:0, instance:com.test.regression.cub.testscripts.HeaderFooterNavigation@4c70fda8]
                     </div>
                     <div>
                        <b>Start time: </b>13:27:20
                     </div>
                     <div>
                        <b>End time: </b>13:27:46
                     </div>
                     <div>
                        <b>Duration: </b>26s
                        
                     </div>
                  </div>
               </td>
            </tr>
            <tr></tr>
            <tr id="com.test.regression.cub.testscripts.HeaderFooterNavigation_breakDown_byClass_PASS11_row"
                class="testMethodStatusPASS testMethodStatusCONF">
               <td width="100%" class="firstMethodCell">
                  <a onclick="toggleDetailsVisibility('com.test.regression.cub.testscripts.HeaderFooterNavigation_breakDown_byClass_PASS11_details')">breakDown([TestResult name=TilesNavigationGuestUser status=SUCCESS method=HeaderFooterNavigation.TilesNavigationGuestUser()[pri:0,
                     instance:com.test.regression.cub.testscripts.HeaderFooterNavigation@4c70fda8] output={null}])
                  </a>
               </td>
               <td nowrap="true">13:27:46</td>
               <td nowrap="true" align="right">0 ms
                  
               </td>
               <td nowrap="true">
                   
                  
               </td>
            </tr>
            <tr>
               <td colspan="4" class="detailsBox">
                  <div id="com.test.regression.cub.testscripts.HeaderFooterNavigation_breakDown_byClass_PASS11_details"
                       class="testMethodDetails">
                     <div>
                        <b>Name: </b>breakDown
                     </div>
                     <div>
                        <b>Signature: </b>breakDown(org.testng.ITestResult)[pri:0, instance:com.test.regression.cub.testscripts.HeaderFooterNavigation@4c70fda8]
                     </div>
                     <div>
                        <b>Parameters: </b>
                        
                        [TestResult name=TilesNavigationGuestUser status=SUCCESS method=HeaderFooterNavigation.TilesNavigationGuestUser()[pri:0, instance:com.test.regression.cub.testscripts.HeaderFooterNavigation@4c70fda8]
                        output={null}]
                        
                        
                     </div>
                     <div>
                        <b>Start time: </b>13:27:46
                     </div>
                     <div>
                        <b>End time: </b>13:27:46
                     </div>
                     <div>
                        <b>Duration: </b>0 ms
                        
                     </div>
                  </div>
               </td>
            </tr>
            <tr></tr>
            <tr id="com.test.regression.cub.testscripts.HeaderFooterNavigation_closeDriver_byClass_PASS12_row"
                class="testMethodStatusPASS testMethodStatusCONF">
               <td width="100%" class="firstMethodCell">
                  <a onclick="toggleDetailsVisibility('com.test.regression.cub.testscripts.HeaderFooterNavigation_closeDriver_byClass_PASS12_details')">closeDriver(public void com.test.regression.cub.testscripts.HeaderFooterNavigation.TilesNavigationGuestUser())</a>
               </td>
               <td nowrap="true">13:27:46</td>
               <td nowrap="true" align="right">1s
                  
               </td>
               <td nowrap="true">
                   
                  
               </td>
            </tr>
            <tr>
               <td colspan="4" class="detailsBox">
                  <div id="com.test.regression.cub.testscripts.HeaderFooterNavigation_closeDriver_byClass_PASS12_details"
                       class="testMethodDetails">
                     <div>
                        <b>Name: </b>closeDriver
                     </div>
                     <div>
                        <b>Signature: </b>closeDriver(java.lang.reflect.Method)[pri:0, instance:com.test.regression.cub.testscripts.HeaderFooterNavigation@4c70fda8]
                     </div>
                     <div>
                        <b>Parameters: </b>
                        
                        public void com.test.regression.cub.testscripts.HeaderFooterNavigation.TilesNavigationGuestUser()
                        
                        
                     </div>
                     <div>
                        <b>Start time: </b>13:27:46
                     </div>
                     <div>
                        <b>End time: </b>13:27:48
                     </div>
                     <div>
                        <b>Duration: </b>1s
                        
                     </div>
                  </div>
               </td>
            </tr>
            <tr></tr>
            <tr id="com.test.regression.cub.testscripts.HeaderFooterNavigation_initialization_byClass_PASS13_row"
                class="testMethodStatusPASS testMethodStatusCONF">
               <td width="100%" class="firstMethodCell">
                  <a onclick="toggleDetailsVisibility('com.test.regression.cub.testscripts.HeaderFooterNavigation_initialization_byClass_PASS13_details')">initialization(public void com.test.regression.cub.testscripts.HeaderFooterNavigation.TilesNavigationSignedInUser())</a>
               </td>
               <td nowrap="true">13:27:48</td>
               <td nowrap="true" align="right">10s
                  
               </td>
               <td nowrap="true">
                   
                  
               </td>
            </tr>
            <tr>
               <td colspan="4" class="detailsBox">
                  <div id="com.test.regression.cub.testscripts.HeaderFooterNavigation_initialization_byClass_PASS13_details"
                       class="testMethodDetails">
                     <div>
                        <b>Name: </b>initialization
                     </div>
                     <div>
                        <b>Signature: </b>initialization(java.lang.reflect.Method)[pri:0, instance:com.test.regression.cub.testscripts.HeaderFooterNavigation@4c70fda8]
                     </div>
                     <div>
                        <b>Parameters: </b>
                        
                        public void com.test.regression.cub.testscripts.HeaderFooterNavigation.TilesNavigationSignedInUser()
                        
                        
                     </div>
                     <div>
                        <b>Start time: </b>13:27:48
                     </div>
                     <div>
                        <b>End time: </b>13:27:59
                     </div>
                     <div>
                        <b>Duration: </b>10s
                        
                     </div>
                  </div>
               </td>
            </tr>
            <tr></tr>
            <tr id="com.test.regression.cub.testscripts.HeaderFooterNavigation_TilesNavigationSignedInUser_byClass_PASS14_row"
                class="testMethodStatusPASS">
               <td width="100%" class="firstMethodCell">
                  <a onclick="toggleDetailsVisibility('com.test.regression.cub.testscripts.HeaderFooterNavigation_TilesNavigationSignedInUser_byClass_PASS14_details')">TilesNavigationSignedInUser()</a>
               </td>
               <td nowrap="true">13:27:59</td>
               <td nowrap="true" align="right">40s
                  
               </td>
               <td nowrap="true">
                   
                  
               </td>
            </tr>
            <tr>
               <td colspan="4" class="detailsBox">
                  <div id="com.test.regression.cub.testscripts.HeaderFooterNavigation_TilesNavigationSignedInUser_byClass_PASS14_details"
                       class="testMethodDetails">
                     <div>
                        <b>Name: </b>TilesNavigationSignedInUser
                     </div>
                     <div>
                        <b>Signature: </b>TilesNavigationSignedInUser()[pri:0, instance:com.test.regression.cub.testscripts.HeaderFooterNavigation@4c70fda8]
                     </div>
                     <div>
                        <b>Start time: </b>13:27:59
                     </div>
                     <div>
                        <b>End time: </b>13:28:40
                     </div>
                     <div>
                        <b>Duration: </b>40s
                        
                     </div>
                  </div>
               </td>
            </tr>
            <tr></tr>
            <tr id="com.test.regression.cub.testscripts.HeaderFooterNavigation_breakDown_byClass_PASS15_row"
                class="testMethodStatusPASS testMethodStatusCONF">
               <td width="100%" class="firstMethodCell">
                  <a onclick="toggleDetailsVisibility('com.test.regression.cub.testscripts.HeaderFooterNavigation_breakDown_byClass_PASS15_details')">breakDown([TestResult name=TilesNavigationSignedInUser status=SUCCESS method=HeaderFooterNavigation.TilesNavigationSignedInUser()[pri:0,
                     instance:com.test.regression.cub.testscripts.HeaderFooterNavigation@4c70fda8] output={null}])
                  </a>
               </td>
               <td nowrap="true">13:28:40</td>
               <td nowrap="true" align="right">1 ms
                  
               </td>
               <td nowrap="true">
                   
                  
               </td>
            </tr>
            <tr>
               <td colspan="4" class="detailsBox">
                  <div id="com.test.regression.cub.testscripts.HeaderFooterNavigation_breakDown_byClass_PASS15_details"
                       class="testMethodDetails">
                     <div>
                        <b>Name: </b>breakDown
                     </div>
                     <div>
                        <b>Signature: </b>breakDown(org.testng.ITestResult)[pri:0, instance:com.test.regression.cub.testscripts.HeaderFooterNavigation@4c70fda8]
                     </div>
                     <div>
                        <b>Parameters: </b>
                        
                        [TestResult name=TilesNavigationSignedInUser status=SUCCESS method=HeaderFooterNavigation.TilesNavigationSignedInUser()[pri:0,
                        instance:com.test.regression.cub.testscripts.HeaderFooterNavigation@4c70fda8] output={null}]
                        
                        
                     </div>
                     <div>
                        <b>Start time: </b>13:28:40
                     </div>
                     <div>
                        <b>End time: </b>13:28:40
                     </div>
                     <div>
                        <b>Duration: </b>1 ms
                        
                     </div>
                  </div>
               </td>
            </tr>
            <tr></tr>
            <tr id="com.test.regression.cub.testscripts.HeaderFooterNavigation_closeDriver_byClass_PASS16_row"
                class="testMethodStatusPASS testMethodStatusCONF">
               <td width="100%" class="firstMethodCell">
                  <a onclick="toggleDetailsVisibility('com.test.regression.cub.testscripts.HeaderFooterNavigation_closeDriver_byClass_PASS16_details')">closeDriver(public void com.test.regression.cub.testscripts.HeaderFooterNavigation.TilesNavigationSignedInUser())</a>
               </td>
               <td nowrap="true">13:28:40</td>
               <td nowrap="true" align="right">2s
                  
               </td>
               <td nowrap="true">
                   
                  
               </td>
            </tr>
            <tr>
               <td colspan="4" class="detailsBox">
                  <div id="com.test.regression.cub.testscripts.HeaderFooterNavigation_closeDriver_byClass_PASS16_details"
                       class="testMethodDetails">
                     <div>
                        <b>Name: </b>closeDriver
                     </div>
                     <div>
                        <b>Signature: </b>closeDriver(java.lang.reflect.Method)[pri:0, instance:com.test.regression.cub.testscripts.HeaderFooterNavigation@4c70fda8]
                     </div>
                     <div>
                        <b>Parameters: </b>
                        
                        public void com.test.regression.cub.testscripts.HeaderFooterNavigation.TilesNavigationSignedInUser()
                        
                        
                     </div>
                     <div>
                        <b>Start time: </b>13:28:40
                     </div>
                     <div>
                        <b>End time: </b>13:28:42
                     </div>
                     <div>
                        <b>Duration: </b>2s
                        
                     </div>
                  </div>
               </td>
            </tr>
            <tr></tr>
         </table>
         <br></br>
      </div>
      <div style="margin-top: 15px; color: gray; text-align: center; font-size: 9px;">
         Generated with
         
         <a href="http://code.google.com/p/testng-xslt/" style="color: #8888aa;"
            target="_blank">
            TestNG XSLT
            
         </a>
      </div>
   </body>
</html>