<html xmlns:math="http://exslt.org/math" xmlns:testng="http://testng.org">
   <head>
      <title>TestNG Results</title>
      <meta http-equiv="content-type" content="text/html; charset=utf-8"></meta>
      <meta http-equiv="pragma" content="no-cache"></meta>
      <meta http-equiv="cache-control" content="max-age=0"></meta>
      <meta http-equiv="cache-control" content="no-cache"></meta>
      <meta http-equiv="cache-control" content="no-store"></meta>
      <LINK rel="stylesheet" href="style.css"></LINK>
      <script type="text/javascript" src="main.js"></script>
   </head>
   <body>
      <table width="100%" style="font-size: 16px; margin-bottom: 10px;" cellspacing="1">
         <tr>
            <td width="100%">
               Test case
               
               <b>Coupons - Testing</b>
            </td>
            <td style="background-color: #FFBBBB; padding: 3px 3px 3px 0;" align="center">
               <div style="width: 50px;">6</div>
            </td>
            <td style="background-color: lightgreen; padding: 3px 3px 3px 0;" align="center">
               <div style="width: 50px;">3</div>
            </td>
            <td style="background-color: #FFFFBB; padding: 3px 3px 3px 0;" align="center">
               <div style="width: 50px;">0</div>
            </td>
            <td align="center" style="background-color: #eaf0f7; padding: 3px 3px 3px 0;">
               <div style="width: 50px;">9</div>
            </td>
            <td align="center"
                style="font-weight: bold; background-color: #eaf0f7; padding: 3px 3px 3px 0;">
               <div style="width: 50px;">33%</div>
            </td>
            <td style="background-color: #eaf0f7; padding: 3px 3px 3px 0;" align="center"
                nowrap="true">54m
               14s
               
            </td>
         </tr>
      </table>
      <div style="width: 200px;">
         <label for="groupMethodsCheckBox" style="font-weight: bold; margin: 0;">
            <input id="groupMethodsCheckBox" type="checkbox" onclick="switchTestMethodsView(this)"
                   checked=""></input>
            Group by class
            
         </label>
         <br></br>
         <label for="methodsFilter_ALL" style="font-weight: bold; margin: 0;">
            <input id="methodsFilter_ALL" type="checkbox"
                   onclick="testMethodsFilterChanged(this, 'ALL')"
                   checked=""></input>
            All
            
         </label>
      </div>
      <label for="methodsFilter_FAIL" style="margin-left: 20px;">
         <input id="methodsFilter_FAIL" type="checkbox"
                onclick="testMethodsFilterChanged(this, 'FAIL')"
                checked=""></input>
         Failed
         
      </label>
      <label for="methodsFilter_PASS">
         <input id="methodsFilter_PASS" type="checkbox"
                onclick="testMethodsFilterChanged(this, 'PASS')"
                checked=""></input>
         Passed
         
      </label>
      <label for="methodsFilter_SKIP">
         <input id="methodsFilter_SKIP" type="checkbox"
                onclick="testMethodsFilterChanged(this, 'SKIP')"
                checked=""></input>
         Skipped
         
      </label>
      <label for="methodsFilter_CONF">
         <input id="methodsFilter_CONF" type="checkbox"
                onclick="testMethodsFilterChanged(this, 'CONF')"
                checked=""></input>
         Config
         
      </label>
      <br></br>
      <div id="testMethodsByStatus" style="display: none;">
         <table class="testMethodsTable" cellpadding="0" cellspacing="0">
            <tr class="methodsTableHeader">
               <td width="100%">Name</td>
               <td nowrap="true">Started</td>
               <td nowrap="true">Duration</td>
               <td>Exception</td>
            </tr>
            <tr id="com.test.regression.cub.testscripts.Coupons_addCouponForAuthorizedUser_byStatus_failed_FAIL1_row"
                class="testMethodStatusFAIL">
               <td width="100%" class="firstMethodCell">
                  <a onclick="toggleDetailsVisibility('com.test.regression.cub.testscripts.Coupons_addCouponForAuthorizedUser_byStatus_failed_FAIL1_details')">addCouponForAuthorizedUser()</a>
               </td>
               <td nowrap="true">16:41:20</td>
               <td nowrap="true" align="right">50s
                  
               </td>
               <td nowrap="true">
                  <a onclick="toggleDetailsVisibility('com.test.regression.cub.testscripts.Coupons_addCouponForAuthorizedUser_byStatus_failed_FAIL1_exception')">java.lang.AssertionError: 
                     no such element: Unable to locate element: {"method":"xpath","selector":"//div[@class='coupon-list']/div[31]/div/div/div[1]"}
                     (Session info: chrome=52.0.2743.116)
                     (Driver info: chromedriver=2.22.397933 (1cab651507b88dec79b2b2a22d1943c01833cc1b),platform=Windows NT 6.1.7601 SP1 x86_64)
                     (WARNING: The server did not provide any stacktrace information)
                     Command duration or timeout: 20.05 seconds
                     For documentation on this error, please visit: http://seleniumhq.org/exceptions/no_such_element.html
                     Build info: version: '2.53.0', revision: '35ae25b1534ae328c771e0856c93e187490ca824', time: '2016-03-15 10:43:46'
                     System info: host: 'SDEVPCSVU7112', ip: '10.15.142.48', os.name: 'Windows 7', os.arch: 'amd64', os.version: '6.1', java.version:
                     '1.8.0_73'
                     Driver info: org.openqa.selenium.chrome.ChromeDriver
                     Capabilities [{applicationCacheEnabled=false, rotatable=false, mobileEmulationEnabled=false, chrome={chromedriverVersion=2.22.397933
                     (1cab651507b88dec79b2b2a22d1943c01833cc1b), userDataDir=C:\Users\jrag00m\AppData\Local\Temp\scoped_dir136624_14713}, takesHeapSnapshot=true,
                     databaseEnabled=false, handlesAlerts=true, hasTouchScreen=false, version=52.0.2743.116, platform=XP, browserConnectionEnabled=false,
                     nativeEvents=true, acceptSslCerts=true, locationContextEnabled=true, webStorageEnabled=true, browserName=chrome, takesScreenshot=true,
                     javascriptEnabled=true, cssSelectorsEnabled=true}]
                     Session ID: 944b7b8d2c9eae76458cc81d7fbe74c3
                     *** Element info: {Using=xpath, value=//div[@class='coupon-list']/div[31]/div/div/div[1]}
                     
                  </a>
                   
                  
               </td>
            </tr>
            <tr>
               <td colspan="4" class="detailsBox">
                  <div id="com.test.regression.cub.testscripts.Coupons_addCouponForAuthorizedUser_byStatus_failed_FAIL1_details"
                       class="testMethodDetails">
                     <div>
                        <b>Name: </b>addCouponForAuthorizedUser
                     </div>
                     <div>
                        <b>Signature: </b>addCouponForAuthorizedUser()[pri:0, instance:com.test.regression.cub.testscripts.Coupons@2f686d1f]
                     </div>
                     <div>
                        <b>Start time: </b>16:41:20
                     </div>
                     <div>
                        <b>End time: </b>16:42:11
                     </div>
                     <div>
                        <b>Duration: </b>50s
                        
                     </div>
                  </div>
               </td>
            </tr>
            <tr>
               <td colspan="4" class="detailsBox">
                  <div id="com.test.regression.cub.testscripts.Coupons_addCouponForAuthorizedUser_byStatus_failed_FAIL1_exception"
                       class="testMethodDetails">
                     <pre style="padding: 5px; margin: 0;">java.lang.AssertionError: no such element: Unable to locate element: {"method":"xpath","selector":"//div[@class='coupon-list']/div[31]/div/div/div[1]"}
                        (Session info: chrome=52.0.2743.116)
                        (Driver info: chromedriver=2.22.397933 (1cab651507b88dec79b2b2a22d1943c01833cc1b),platform=Windows NT 6.1.7601 SP1 x86_64)
                        (WARNING: The server did not provide any stacktrace information)
                        Command duration or timeout: 20.05 seconds
                        For documentation on this error, please visit: http://seleniumhq.org/exceptions/no_such_element.html
                        Build info: version: '2.53.0', revision: '35ae25b1534ae328c771e0856c93e187490ca824', time: '2016-03-15 10:43:46'
                        System info: host: 'SDEVPCSVU7112', ip: '10.15.142.48', os.name: 'Windows 7', os.arch: 'amd64', os.version: '6.1', java.version:
                        '1.8.0_73'
                        Driver info: org.openqa.selenium.chrome.ChromeDriver
                        Capabilities [{applicationCacheEnabled=false, rotatable=false, mobileEmulationEnabled=false, chrome={chromedriverVersion=2.22.397933
                        (1cab651507b88dec79b2b2a22d1943c01833cc1b), userDataDir=C:\Users\jrag00m\AppData\Local\Temp\scoped_dir136624_14713}, takesHeapSnapshot=true,
                        databaseEnabled=false, handlesAlerts=true, hasTouchScreen=false, version=52.0.2743.116, platform=XP, browserConnectionEnabled=false,
                        nativeEvents=true, acceptSslCerts=true, locationContextEnabled=true, webStorageEnabled=true, browserName=chrome, takesScreenshot=true,
                        javascriptEnabled=true, cssSelectorsEnabled=true}]
                        Session ID: 944b7b8d2c9eae76458cc81d7fbe74c3
                        *** Element info: {Using=xpath, value=//div[@class='coupon-list']/div[31]/div/div/div[1]}
                        	at org.testng.Assert.fail(Assert.java:94)
                        	at com.test.regression.cub.testscripts.Coupons.addCouponForAuthorizedUser(Coupons.java:110)
                        	at sun.reflect.NativeMethodAccessorImpl.invoke0(Native Method)
                        	at sun.reflect.NativeMethodAccessorImpl.invoke(NativeMethodAccessorImpl.java:62)
                        	at sun.reflect.DelegatingMethodAccessorImpl.invoke(DelegatingMethodAccessorImpl.java:43)
                        	at java.lang.reflect.Method.invoke(Method.java:497)
                        	at org.testng.internal.MethodInvocationHelper.invokeMethod(MethodInvocationHelper.java:80)
                        	at org.testng.internal.Invoker.invokeMethod(Invoker.java:714)
                        	at org.testng.internal.Invoker.invokeTestMethod(Invoker.java:901)
                        	at org.testng.internal.Invoker.invokeTestMethods(Invoker.java:1231)
                        	at org.testng.internal.TestMethodWorker.invokeTestMethods(TestMethodWorker.java:127)
                        	at org.testng.internal.TestMethodWorker.run(TestMethodWorker.java:111)
                        	at org.testng.TestRunner.privateRun(TestRunner.java:767)
                        	at org.testng.TestRunner.run(TestRunner.java:617)
                        	at org.testng.SuiteRunner.runTest(SuiteRunner.java:334)
                        	at org.testng.SuiteRunner.runSequentially(SuiteRunner.java:329)
                        	at org.testng.SuiteRunner.privateRun(SuiteRunner.java:291)
                        	at org.testng.SuiteRunner.run(SuiteRunner.java:240)
                        	at org.testng.SuiteRunnerWorker.runSuite(SuiteRunnerWorker.java:52)
                        	at org.testng.SuiteRunnerWorker.run(SuiteRunnerWorker.java:86)
                        	at org.testng.TestNG.runSuitesSequentially(TestNG.java:1198)
                        	at org.testng.TestNG.runSuitesLocally(TestNG.java:1123)
                        	at org.testng.TestNG.run(TestNG.java:1031)
                        	at org.apache.maven.surefire.testng.TestNGExecutor.run(TestNGExecutor.java:178)
                        	at org.apache.maven.surefire.testng.TestNGXmlTestSuite.execute(TestNGXmlTestSuite.java:92)
                        	at org.apache.maven.surefire.testng.TestNGProvider.invoke(TestNGProvider.java:96)
                        	at sun.reflect.NativeMethodAccessorImpl.invoke0(Native Method)
                        	at sun.reflect.NativeMethodAccessorImpl.invoke(NativeMethodAccessorImpl.java:62)
                        	at sun.reflect.DelegatingMethodAccessorImpl.invoke(DelegatingMethodAccessorImpl.java:43)
                        	at java.lang.reflect.Method.invoke(Method.java:497)
                        	at org.apache.maven.surefire.util.ReflectionUtils.invokeMethodWithArray2(ReflectionUtils.java:208)
                        	at org.apache.maven.surefire.booter.ProviderFactory$ProviderProxy.invoke(ProviderFactory.java:159)
                        	at org.apache.maven.surefire.booter.ProviderFactory.invokeProvider(ProviderFactory.java:87)
                        	at org.apache.maven.surefire.booter.ForkedBooter.runSuitesInProcess(ForkedBooter.java:153)
                        	at org.apache.maven.surefire.booter.ForkedBooter.main(ForkedBooter.java:95)
                     </pre>
                  </div>
               </td>
            </tr>
            <tr id="com.test.regression.cub.testscripts.Coupons_addCouponFromCouponDetailsPageForAuthorizedUser_byStatus_failed_FAIL2_row"
                class="testMethodStatusFAIL">
               <td width="100%" class="firstMethodCell">
                  <a onclick="toggleDetailsVisibility('com.test.regression.cub.testscripts.Coupons_addCouponFromCouponDetailsPageForAuthorizedUser_byStatus_failed_FAIL2_details')">addCouponFromCouponDetailsPageForAuthorizedUser()</a>
               </td>
               <td nowrap="true">16:42:30</td>
               <td nowrap="true" align="right">1m
                  4s
                  
               </td>
               <td nowrap="true">
                  <a onclick="toggleDetailsVisibility('com.test.regression.cub.testscripts.Coupons_addCouponFromCouponDetailsPageForAuthorizedUser_byStatus_failed_FAIL2_exception')">java.lang.AssertionError: 
                     no such element: Unable to locate element: {"method":"xpath","selector":"//div[@class='coupon-list']/div[58]/div/div/div[1]/div[2]/h3/a"}
                     (Session info: chrome=52.0.2743.116)
                     (Driver info: chromedriver=2.22.397933 (1cab651507b88dec79b2b2a22d1943c01833cc1b),platform=Windows NT 6.1.7601 SP1 x86_64)
                     (WARNING: The server did not provide any stacktrace information)
                     Command duration or timeout: 20.25 seconds
                     For documentation on this error, please visit: http://seleniumhq.org/exceptions/no_such_element.html
                     Build info: version: '2.53.0', revision: '35ae25b1534ae328c771e0856c93e187490ca824', time: '2016-03-15 10:43:46'
                     System info: host: 'SDEVPCSVU7112', ip: '10.15.142.48', os.name: 'Windows 7', os.arch: 'amd64', os.version: '6.1', java.version:
                     '1.8.0_73'
                     Driver info: org.openqa.selenium.chrome.ChromeDriver
                     Capabilities [{applicationCacheEnabled=false, rotatable=false, mobileEmulationEnabled=false, chrome={chromedriverVersion=2.22.397933
                     (1cab651507b88dec79b2b2a22d1943c01833cc1b), userDataDir=C:\Users\jrag00m\AppData\Local\Temp\scoped_dir133800_20942}, takesHeapSnapshot=true,
                     databaseEnabled=false, handlesAlerts=true, hasTouchScreen=false, version=52.0.2743.116, platform=XP, browserConnectionEnabled=false,
                     nativeEvents=true, acceptSslCerts=true, locationContextEnabled=true, webStorageEnabled=true, browserName=chrome, takesScreenshot=true,
                     javascriptEnabled=true, cssSelectorsEnabled=true}]
                     Session ID: 7da98960745e4439ac1ea570a2af0e57
                     *** Element info: {Using=xpath, value=//div[@class='coupon-list']/div[58]/div/div/div[1]/div[2]/h3/a}
                     
                  </a>
                   
                  
               </td>
            </tr>
            <tr>
               <td colspan="4" class="detailsBox">
                  <div id="com.test.regression.cub.testscripts.Coupons_addCouponFromCouponDetailsPageForAuthorizedUser_byStatus_failed_FAIL2_details"
                       class="testMethodDetails">
                     <div>
                        <b>Name: </b>addCouponFromCouponDetailsPageForAuthorizedUser
                     </div>
                     <div>
                        <b>Signature: </b>addCouponFromCouponDetailsPageForAuthorizedUser()[pri:0, instance:com.test.regression.cub.testscripts.Coupons@2f686d1f]
                     </div>
                     <div>
                        <b>Start time: </b>16:42:30
                     </div>
                     <div>
                        <b>End time: </b>16:43:35
                     </div>
                     <div>
                        <b>Duration: </b>1m
                        4s
                        
                     </div>
                  </div>
               </td>
            </tr>
            <tr>
               <td colspan="4" class="detailsBox">
                  <div id="com.test.regression.cub.testscripts.Coupons_addCouponFromCouponDetailsPageForAuthorizedUser_byStatus_failed_FAIL2_exception"
                       class="testMethodDetails">
                     <pre style="padding: 5px; margin: 0;">java.lang.AssertionError: no such element: Unable to locate element: {"method":"xpath","selector":"//div[@class='coupon-list']/div[58]/div/div/div[1]/div[2]/h3/a"}
                        (Session info: chrome=52.0.2743.116)
                        (Driver info: chromedriver=2.22.397933 (1cab651507b88dec79b2b2a22d1943c01833cc1b),platform=Windows NT 6.1.7601 SP1 x86_64)
                        (WARNING: The server did not provide any stacktrace information)
                        Command duration or timeout: 20.25 seconds
                        For documentation on this error, please visit: http://seleniumhq.org/exceptions/no_such_element.html
                        Build info: version: '2.53.0', revision: '35ae25b1534ae328c771e0856c93e187490ca824', time: '2016-03-15 10:43:46'
                        System info: host: 'SDEVPCSVU7112', ip: '10.15.142.48', os.name: 'Windows 7', os.arch: 'amd64', os.version: '6.1', java.version:
                        '1.8.0_73'
                        Driver info: org.openqa.selenium.chrome.ChromeDriver
                        Capabilities [{applicationCacheEnabled=false, rotatable=false, mobileEmulationEnabled=false, chrome={chromedriverVersion=2.22.397933
                        (1cab651507b88dec79b2b2a22d1943c01833cc1b), userDataDir=C:\Users\jrag00m\AppData\Local\Temp\scoped_dir133800_20942}, takesHeapSnapshot=true,
                        databaseEnabled=false, handlesAlerts=true, hasTouchScreen=false, version=52.0.2743.116, platform=XP, browserConnectionEnabled=false,
                        nativeEvents=true, acceptSslCerts=true, locationContextEnabled=true, webStorageEnabled=true, browserName=chrome, takesScreenshot=true,
                        javascriptEnabled=true, cssSelectorsEnabled=true}]
                        Session ID: 7da98960745e4439ac1ea570a2af0e57
                        *** Element info: {Using=xpath, value=//div[@class='coupon-list']/div[58]/div/div/div[1]/div[2]/h3/a}
                        	at org.testng.Assert.fail(Assert.java:94)
                        	at com.test.regression.cub.testscripts.Coupons.addCouponFromCouponDetailsPageForAuthorizedUser(Coupons.java:682)
                        	at sun.reflect.NativeMethodAccessorImpl.invoke0(Native Method)
                        	at sun.reflect.NativeMethodAccessorImpl.invoke(NativeMethodAccessorImpl.java:62)
                        	at sun.reflect.DelegatingMethodAccessorImpl.invoke(DelegatingMethodAccessorImpl.java:43)
                        	at java.lang.reflect.Method.invoke(Method.java:497)
                        	at org.testng.internal.MethodInvocationHelper.invokeMethod(MethodInvocationHelper.java:80)
                        	at org.testng.internal.Invoker.invokeMethod(Invoker.java:714)
                        	at org.testng.internal.Invoker.invokeTestMethod(Invoker.java:901)
                        	at org.testng.internal.Invoker.invokeTestMethods(Invoker.java:1231)
                        	at org.testng.internal.TestMethodWorker.invokeTestMethods(TestMethodWorker.java:127)
                        	at org.testng.internal.TestMethodWorker.run(TestMethodWorker.java:111)
                        	at org.testng.TestRunner.privateRun(TestRunner.java:767)
                        	at org.testng.TestRunner.run(TestRunner.java:617)
                        	at org.testng.SuiteRunner.runTest(SuiteRunner.java:334)
                        	at org.testng.SuiteRunner.runSequentially(SuiteRunner.java:329)
                        	at org.testng.SuiteRunner.privateRun(SuiteRunner.java:291)
                        	at org.testng.SuiteRunner.run(SuiteRunner.java:240)
                        	at org.testng.SuiteRunnerWorker.runSuite(SuiteRunnerWorker.java:52)
                        	at org.testng.SuiteRunnerWorker.run(SuiteRunnerWorker.java:86)
                        	at org.testng.TestNG.runSuitesSequentially(TestNG.java:1198)
                        	at org.testng.TestNG.runSuitesLocally(TestNG.java:1123)
                        	at org.testng.TestNG.run(TestNG.java:1031)
                        	at org.apache.maven.surefire.testng.TestNGExecutor.run(TestNGExecutor.java:178)
                        	at org.apache.maven.surefire.testng.TestNGXmlTestSuite.execute(TestNGXmlTestSuite.java:92)
                        	at org.apache.maven.surefire.testng.TestNGProvider.invoke(TestNGProvider.java:96)
                        	at sun.reflect.NativeMethodAccessorImpl.invoke0(Native Method)
                        	at sun.reflect.NativeMethodAccessorImpl.invoke(NativeMethodAccessorImpl.java:62)
                        	at sun.reflect.DelegatingMethodAccessorImpl.invoke(DelegatingMethodAccessorImpl.java:43)
                        	at java.lang.reflect.Method.invoke(Method.java:497)
                        	at org.apache.maven.surefire.util.ReflectionUtils.invokeMethodWithArray2(ReflectionUtils.java:208)
                        	at org.apache.maven.surefire.booter.ProviderFactory$ProviderProxy.invoke(ProviderFactory.java:159)
                        	at org.apache.maven.surefire.booter.ProviderFactory.invokeProvider(ProviderFactory.java:87)
                        	at org.apache.maven.surefire.booter.ForkedBooter.runSuitesInProcess(ForkedBooter.java:153)
                        	at org.apache.maven.surefire.booter.ForkedBooter.main(ForkedBooter.java:95)
                     </pre>
                  </div>
               </td>
            </tr>
            <tr id="com.test.regression.cub.testscripts.Coupons_couponPageFullLoad_byStatus_failed_FAIL3_row"
                class="testMethodStatusFAIL">
               <td width="100%" class="firstMethodCell">
                  <a onclick="toggleDetailsVisibility('com.test.regression.cub.testscripts.Coupons_couponPageFullLoad_byStatus_failed_FAIL3_details')">couponPageFullLoad()</a>
               </td>
               <td nowrap="true">16:44:26</td>
               <td nowrap="true" align="right">31m
                  17s
                  
               </td>
               <td nowrap="true">
                  <a onclick="toggleDetailsVisibility('com.test.regression.cub.testscripts.Coupons_couponPageFullLoad_byStatus_failed_FAIL3_exception')">org.openqa.selenium.WebDriverException: 
                     chrome not reachable
                     (Session info: chrome=52.0.2743.116)
                     (Driver info: chromedriver=2.22.397933 (1cab651507b88dec79b2b2a22d1943c01833cc1b),platform=Windows NT 6.1.7601 SP1 x86_64)
                     (WARNING: The server did not provide any stacktrace information)
                     Command duration or timeout: 4.00 seconds
                     Build info: version: '2.53.0', revision: '35ae25b1534ae328c771e0856c93e187490ca824', time: '2016-03-15 10:43:46'
                     System info: host: 'SDEVPCSVU7112', ip: '10.15.142.48', os.name: 'Windows 7', os.arch: 'amd64', os.version: '6.1', java.version:
                     '1.8.0_73'
                     Driver info: org.openqa.selenium.chrome.ChromeDriver
                     Capabilities [{applicationCacheEnabled=false, rotatable=false, mobileEmulationEnabled=false, chrome={chromedriverVersion=2.22.397933
                     (1cab651507b88dec79b2b2a22d1943c01833cc1b), userDataDir=C:\Users\jrag00m\AppData\Local\Temp\scoped_dir134592_26957}, takesHeapSnapshot=true,
                     databaseEnabled=false, handlesAlerts=true, hasTouchScreen=false, version=52.0.2743.116, platform=XP, browserConnectionEnabled=false,
                     nativeEvents=true, acceptSslCerts=true, locationContextEnabled=true, webStorageEnabled=true, browserName=chrome, takesScreenshot=true,
                     javascriptEnabled=true, cssSelectorsEnabled=true}]
                     Session ID: 6b7faa0a29b5eb1eb3e63079b4142838
                     *** Element info: {Using=xpath, value=//button[@class='button tiny more-coupons-button']}
                     
                  </a>
                   
                  
               </td>
            </tr>
            <tr>
               <td colspan="4" class="detailsBox">
                  <div id="com.test.regression.cub.testscripts.Coupons_couponPageFullLoad_byStatus_failed_FAIL3_details"
                       class="testMethodDetails">
                     <div>
                        <b>Name: </b>couponPageFullLoad
                     </div>
                     <div>
                        <b>Signature: </b>couponPageFullLoad()[pri:0, instance:com.test.regression.cub.testscripts.Coupons@2f686d1f]
                     </div>
                     <div>
                        <b>Start time: </b>16:44:26
                     </div>
                     <div>
                        <b>End time: </b>17:15:44
                     </div>
                     <div>
                        <b>Duration: </b>31m
                        17s
                        
                     </div>
                  </div>
               </td>
            </tr>
            <tr>
               <td colspan="4" class="detailsBox">
                  <div id="com.test.regression.cub.testscripts.Coupons_couponPageFullLoad_byStatus_failed_FAIL3_exception"
                       class="testMethodDetails">
                     <pre style="padding: 5px; margin: 0;">org.openqa.selenium.WebDriverException: chrome not reachable
                        (Session info: chrome=52.0.2743.116)
                        (Driver info: chromedriver=2.22.397933 (1cab651507b88dec79b2b2a22d1943c01833cc1b),platform=Windows NT 6.1.7601 SP1 x86_64)
                        (WARNING: The server did not provide any stacktrace information)
                        Command duration or timeout: 4.00 seconds
                        Build info: version: '2.53.0', revision: '35ae25b1534ae328c771e0856c93e187490ca824', time: '2016-03-15 10:43:46'
                        System info: host: 'SDEVPCSVU7112', ip: '10.15.142.48', os.name: 'Windows 7', os.arch: 'amd64', os.version: '6.1', java.version:
                        '1.8.0_73'
                        Driver info: org.openqa.selenium.chrome.ChromeDriver
                        Capabilities [{applicationCacheEnabled=false, rotatable=false, mobileEmulationEnabled=false, chrome={chromedriverVersion=2.22.397933
                        (1cab651507b88dec79b2b2a22d1943c01833cc1b), userDataDir=C:\Users\jrag00m\AppData\Local\Temp\scoped_dir134592_26957}, takesHeapSnapshot=true,
                        databaseEnabled=false, handlesAlerts=true, hasTouchScreen=false, version=52.0.2743.116, platform=XP, browserConnectionEnabled=false,
                        nativeEvents=true, acceptSslCerts=true, locationContextEnabled=true, webStorageEnabled=true, browserName=chrome, takesScreenshot=true,
                        javascriptEnabled=true, cssSelectorsEnabled=true}]
                        Session ID: 6b7faa0a29b5eb1eb3e63079b4142838
                        *** Element info: {Using=xpath, value=//button[@class='button tiny more-coupons-button']}
                        	at sun.reflect.NativeConstructorAccessorImpl.newInstance0(Native Method)
                        	at sun.reflect.NativeConstructorAccessorImpl.newInstance(NativeConstructorAccessorImpl.java:62)
                        	at sun.reflect.DelegatingConstructorAccessorImpl.newInstance(DelegatingConstructorAccessorImpl.java:45)
                        	at java.lang.reflect.Constructor.newInstance(Constructor.java:422)
                        	at org.openqa.selenium.remote.ErrorHandler.createThrowable(ErrorHandler.java:206)
                        	at org.openqa.selenium.remote.ErrorHandler.throwIfResponseFailed(ErrorHandler.java:158)
                        	at org.openqa.selenium.remote.RemoteWebDriver.execute(RemoteWebDriver.java:678)
                        	at org.openqa.selenium.remote.RemoteWebDriver.findElement(RemoteWebDriver.java:363)
                        	at org.openqa.selenium.remote.RemoteWebDriver.findElementByXPath(RemoteWebDriver.java:500)
                        	at org.openqa.selenium.By$ByXPath.findElement(By.java:361)
                        	at org.openqa.selenium.remote.RemoteWebDriver.findElement(RemoteWebDriver.java:355)
                        	at org.openqa.selenium.support.pagefactory.DefaultElementLocator.findElement(DefaultElementLocator.java:69)
                        	at org.openqa.selenium.support.pagefactory.internal.LocatingElementHandler.invoke(LocatingElementHandler.java:38)
                        	at com.sun.proxy.$Proxy6.isDisplayed(Unknown Source)
                        	at com.test.regression.cub.pages.CouponPage.loadCompleteCouponsPage(CouponPage.java:264)
                        	at com.test.regression.cub.testscripts.Coupons.couponPageFullLoad(Coupons.java:353)
                        	at sun.reflect.NativeMethodAccessorImpl.invoke0(Native Method)
                        	at sun.reflect.NativeMethodAccessorImpl.invoke(NativeMethodAccessorImpl.java:62)
                        	at sun.reflect.DelegatingMethodAccessorImpl.invoke(DelegatingMethodAccessorImpl.java:43)
                        	at java.lang.reflect.Method.invoke(Method.java:497)
                        	at org.testng.internal.MethodInvocationHelper.invokeMethod(MethodInvocationHelper.java:80)
                        	at org.testng.internal.Invoker.invokeMethod(Invoker.java:714)
                        	at org.testng.internal.Invoker.invokeTestMethod(Invoker.java:901)
                        	at org.testng.internal.Invoker.invokeTestMethods(Invoker.java:1231)
                        	at org.testng.internal.TestMethodWorker.invokeTestMethods(TestMethodWorker.java:127)
                        	at org.testng.internal.TestMethodWorker.run(TestMethodWorker.java:111)
                        	at org.testng.TestRunner.privateRun(TestRunner.java:767)
                        	at org.testng.TestRunner.run(TestRunner.java:617)
                        	at org.testng.SuiteRunner.runTest(SuiteRunner.java:334)
                        	at org.testng.SuiteRunner.runSequentially(SuiteRunner.java:329)
                        	at org.testng.SuiteRunner.privateRun(SuiteRunner.java:291)
                        	at org.testng.SuiteRunner.run(SuiteRunner.java:240)
                        	at org.testng.SuiteRunnerWorker.runSuite(SuiteRunnerWorker.java:52)
                        	at org.testng.SuiteRunnerWorker.run(SuiteRunnerWorker.java:86)
                        	at org.testng.TestNG.runSuitesSequentially(TestNG.java:1198)
                        	at org.testng.TestNG.runSuitesLocally(TestNG.java:1123)
                        	at org.testng.TestNG.run(TestNG.java:1031)
                        	at org.apache.maven.surefire.testng.TestNGExecutor.run(TestNGExecutor.java:178)
                        	at org.apache.maven.surefire.testng.TestNGXmlTestSuite.execute(TestNGXmlTestSuite.java:92)
                        	at org.apache.maven.surefire.testng.TestNGProvider.invoke(TestNGProvider.java:96)
                        	at sun.reflect.NativeMethodAccessorImpl.invoke0(Native Method)
                        	at sun.reflect.NativeMethodAccessorImpl.invoke(NativeMethodAccessorImpl.java:62)
                        	at sun.reflect.DelegatingMethodAccessorImpl.invoke(DelegatingMethodAccessorImpl.java:43)
                        	at java.lang.reflect.Method.invoke(Method.java:497)
                        	at org.apache.maven.surefire.util.ReflectionUtils.invokeMethodWithArray2(ReflectionUtils.java:208)
                        	at org.apache.maven.surefire.booter.ProviderFactory$ProviderProxy.invoke(ProviderFactory.java:159)
                        	at org.apache.maven.surefire.booter.ProviderFactory.invokeProvider(ProviderFactory.java:87)
                        	at org.apache.maven.surefire.booter.ForkedBooter.runSuitesInProcess(ForkedBooter.java:153)
                        	at org.apache.maven.surefire.booter.ForkedBooter.main(ForkedBooter.java:95)
                     </pre>
                  </div>
               </td>
            </tr>
            <tr id="com.test.regression.cub.testscripts.Coupons_addCouponForNoCardNewUser_byStatus_failed_FAIL4_row"
                class="testMethodStatusFAIL">
               <td width="100%" class="firstMethodCell">
                  <a onclick="toggleDetailsVisibility('com.test.regression.cub.testscripts.Coupons_addCouponForNoCardNewUser_byStatus_failed_FAIL4_details')">addCouponForNoCardNewUser()</a>
               </td>
               <td nowrap="true">17:18:38</td>
               <td nowrap="true" align="right">22s
                  
               </td>
               <td nowrap="true">
                  <a onclick="toggleDetailsVisibility('com.test.regression.cub.testscripts.Coupons_addCouponForNoCardNewUser_byStatus_failed_FAIL4_exception')">java.lang.AssertionError: 
                     unexpected alert open: {Alert text : Sorry, An error has occurred while refreshing your shopping list.}
                     (Session info: chrome=52.0.2743.116)
                     (Driver info: chromedriver=2.22.397933 (1cab651507b88dec79b2b2a22d1943c01833cc1b),platform=Windows NT 6.1.7601 SP1 x86_64)
                     (WARNING: The server did not provide any stacktrace information)
                     Command duration or timeout: 3 milliseconds: null
                     Build info: version: '2.53.0', revision: '35ae25b1534ae328c771e0856c93e187490ca824', time: '2016-03-15 10:43:46'
                     System info: host: 'SDEVPCSVU7112', ip: '10.15.142.48', os.name: 'Windows 7', os.arch: 'amd64', os.version: '6.1', java.version:
                     '1.8.0_73'
                     Driver info: org.openqa.selenium.chrome.ChromeDriver
                     Capabilities [{applicationCacheEnabled=false, rotatable=false, mobileEmulationEnabled=false, chrome={chromedriverVersion=2.22.397933
                     (1cab651507b88dec79b2b2a22d1943c01833cc1b), userDataDir=C:\Users\jrag00m\AppData\Local\Temp\scoped_dir144328_5257}, takesHeapSnapshot=true,
                     databaseEnabled=false, handlesAlerts=true, hasTouchScreen=false, version=52.0.2743.116, platform=XP, browserConnectionEnabled=false,
                     nativeEvents=true, acceptSslCerts=true, locationContextEnabled=true, webStorageEnabled=true, browserName=chrome, takesScreenshot=true,
                     javascriptEnabled=true, cssSelectorsEnabled=true}]
                     Session ID: 4100aea3f0562ba288c3dedefb377cbe
                     *** Element info: {Using=xpath, value=//div[@class='coupon-list']/div[2]/div/div/div[1]}
                     
                  </a>
                   
                  
               </td>
            </tr>
            <tr>
               <td colspan="4" class="detailsBox">
                  <div id="com.test.regression.cub.testscripts.Coupons_addCouponForNoCardNewUser_byStatus_failed_FAIL4_details"
                       class="testMethodDetails">
                     <div>
                        <b>Name: </b>addCouponForNoCardNewUser
                     </div>
                     <div>
                        <b>Signature: </b>addCouponForNoCardNewUser()[pri:0, instance:com.test.regression.cub.testscripts.Coupons@2f686d1f]
                     </div>
                     <div>
                        <b>Start time: </b>17:18:38
                     </div>
                     <div>
                        <b>End time: </b>17:19:00
                     </div>
                     <div>
                        <b>Duration: </b>22s
                        
                     </div>
                  </div>
               </td>
            </tr>
            <tr>
               <td colspan="4" class="detailsBox">
                  <div id="com.test.regression.cub.testscripts.Coupons_addCouponForNoCardNewUser_byStatus_failed_FAIL4_exception"
                       class="testMethodDetails">
                     <pre style="padding: 5px; margin: 0;">java.lang.AssertionError: unexpected alert open: {Alert text : Sorry, An error has occurred while refreshing your shopping
                        list.}
                        (Session info: chrome=52.0.2743.116)
                        (Driver info: chromedriver=2.22.397933 (1cab651507b88dec79b2b2a22d1943c01833cc1b),platform=Windows NT 6.1.7601 SP1 x86_64)
                        (WARNING: The server did not provide any stacktrace information)
                        Command duration or timeout: 3 milliseconds: null
                        Build info: version: '2.53.0', revision: '35ae25b1534ae328c771e0856c93e187490ca824', time: '2016-03-15 10:43:46'
                        System info: host: 'SDEVPCSVU7112', ip: '10.15.142.48', os.name: 'Windows 7', os.arch: 'amd64', os.version: '6.1', java.version:
                        '1.8.0_73'
                        Driver info: org.openqa.selenium.chrome.ChromeDriver
                        Capabilities [{applicationCacheEnabled=false, rotatable=false, mobileEmulationEnabled=false, chrome={chromedriverVersion=2.22.397933
                        (1cab651507b88dec79b2b2a22d1943c01833cc1b), userDataDir=C:\Users\jrag00m\AppData\Local\Temp\scoped_dir144328_5257}, takesHeapSnapshot=true,
                        databaseEnabled=false, handlesAlerts=true, hasTouchScreen=false, version=52.0.2743.116, platform=XP, browserConnectionEnabled=false,
                        nativeEvents=true, acceptSslCerts=true, locationContextEnabled=true, webStorageEnabled=true, browserName=chrome, takesScreenshot=true,
                        javascriptEnabled=true, cssSelectorsEnabled=true}]
                        Session ID: 4100aea3f0562ba288c3dedefb377cbe
                        *** Element info: {Using=xpath, value=//div[@class='coupon-list']/div[2]/div/div/div[1]}
                        	at org.testng.Assert.fail(Assert.java:94)
                        	at com.test.regression.cub.testscripts.Coupons.addCouponForNoCardNewUser(Coupons.java:322)
                        	at sun.reflect.NativeMethodAccessorImpl.invoke0(Native Method)
                        	at sun.reflect.NativeMethodAccessorImpl.invoke(NativeMethodAccessorImpl.java:62)
                        	at sun.reflect.DelegatingMethodAccessorImpl.invoke(DelegatingMethodAccessorImpl.java:43)
                        	at java.lang.reflect.Method.invoke(Method.java:497)
                        	at org.testng.internal.MethodInvocationHelper.invokeMethod(MethodInvocationHelper.java:80)
                        	at org.testng.internal.Invoker.invokeMethod(Invoker.java:714)
                        	at org.testng.internal.Invoker.invokeTestMethod(Invoker.java:901)
                        	at org.testng.internal.Invoker.invokeTestMethods(Invoker.java:1231)
                        	at org.testng.internal.TestMethodWorker.invokeTestMethods(TestMethodWorker.java:127)
                        	at org.testng.internal.TestMethodWorker.run(TestMethodWorker.java:111)
                        	at org.testng.TestRunner.privateRun(TestRunner.java:767)
                        	at org.testng.TestRunner.run(TestRunner.java:617)
                        	at org.testng.SuiteRunner.runTest(SuiteRunner.java:334)
                        	at org.testng.SuiteRunner.runSequentially(SuiteRunner.java:329)
                        	at org.testng.SuiteRunner.privateRun(SuiteRunner.java:291)
                        	at org.testng.SuiteRunner.run(SuiteRunner.java:240)
                        	at org.testng.SuiteRunnerWorker.runSuite(SuiteRunnerWorker.java:52)
                        	at org.testng.SuiteRunnerWorker.run(SuiteRunnerWorker.java:86)
                        	at org.testng.TestNG.runSuitesSequentially(TestNG.java:1198)
                        	at org.testng.TestNG.runSuitesLocally(TestNG.java:1123)
                        	at org.testng.TestNG.run(TestNG.java:1031)
                        	at org.apache.maven.surefire.testng.TestNGExecutor.run(TestNGExecutor.java:178)
                        	at org.apache.maven.surefire.testng.TestNGXmlTestSuite.execute(TestNGXmlTestSuite.java:92)
                        	at org.apache.maven.surefire.testng.TestNGProvider.invoke(TestNGProvider.java:96)
                        	at sun.reflect.NativeMethodAccessorImpl.invoke0(Native Method)
                        	at sun.reflect.NativeMethodAccessorImpl.invoke(NativeMethodAccessorImpl.java:62)
                        	at sun.reflect.DelegatingMethodAccessorImpl.invoke(DelegatingMethodAccessorImpl.java:43)
                        	at java.lang.reflect.Method.invoke(Method.java:497)
                        	at org.apache.maven.surefire.util.ReflectionUtils.invokeMethodWithArray2(ReflectionUtils.java:208)
                        	at org.apache.maven.surefire.booter.ProviderFactory$ProviderProxy.invoke(ProviderFactory.java:159)
                        	at org.apache.maven.surefire.booter.ProviderFactory.invokeProvider(ProviderFactory.java:87)
                        	at org.apache.maven.surefire.booter.ForkedBooter.runSuitesInProcess(ForkedBooter.java:153)
                        	at org.apache.maven.surefire.booter.ForkedBooter.main(ForkedBooter.java:95)
                     </pre>
                  </div>
               </td>
            </tr>
            <tr id="com.test.regression.cub.testscripts.Coupons_addCouponForNoCardNotNowCardlessIdNewUser_byStatus_failed_FAIL5_row"
                class="testMethodStatusFAIL">
               <td width="100%" class="firstMethodCell">
                  <a onclick="toggleDetailsVisibility('com.test.regression.cub.testscripts.Coupons_addCouponForNoCardNotNowCardlessIdNewUser_byStatus_failed_FAIL5_details')">addCouponForNoCardNotNowCardlessIdNewUser()</a>
               </td>
               <td nowrap="true">17:19:12</td>
               <td nowrap="true" align="right">22s
                  
               </td>
               <td nowrap="true">
                  <a onclick="toggleDetailsVisibility('com.test.regression.cub.testscripts.Coupons_addCouponForNoCardNotNowCardlessIdNewUser_byStatus_failed_FAIL5_exception')">java.lang.AssertionError: 
                     unexpected alert open: {Alert text : Sorry, An error has occurred while refreshing your shopping list.}
                     (Session info: chrome=52.0.2743.116)
                     (Driver info: chromedriver=2.22.397933 (1cab651507b88dec79b2b2a22d1943c01833cc1b),platform=Windows NT 6.1.7601 SP1 x86_64)
                     (WARNING: The server did not provide any stacktrace information)
                     Command duration or timeout: 80 milliseconds: null
                     Build info: version: '2.53.0', revision: '35ae25b1534ae328c771e0856c93e187490ca824', time: '2016-03-15 10:43:46'
                     System info: host: 'SDEVPCSVU7112', ip: '10.15.142.48', os.name: 'Windows 7', os.arch: 'amd64', os.version: '6.1', java.version:
                     '1.8.0_73'
                     Driver info: org.openqa.selenium.chrome.ChromeDriver
                     Capabilities [{applicationCacheEnabled=false, rotatable=false, mobileEmulationEnabled=false, chrome={chromedriverVersion=2.22.397933
                     (1cab651507b88dec79b2b2a22d1943c01833cc1b), userDataDir=C:\Users\jrag00m\AppData\Local\Temp\scoped_dir142868_269}, takesHeapSnapshot=true,
                     databaseEnabled=false, handlesAlerts=true, hasTouchScreen=false, version=52.0.2743.116, platform=XP, browserConnectionEnabled=false,
                     nativeEvents=true, acceptSslCerts=true, locationContextEnabled=true, webStorageEnabled=true, browserName=chrome, takesScreenshot=true,
                     javascriptEnabled=true, cssSelectorsEnabled=true}]
                     Session ID: ecea0bd2051baf21d69ed847ad480085
                     *** Element info: {Using=xpath, value=//div[@class='coupon-list']/div[2]/div/div/div[1]}
                     
                  </a>
                   
                  
               </td>
            </tr>
            <tr>
               <td colspan="4" class="detailsBox">
                  <div id="com.test.regression.cub.testscripts.Coupons_addCouponForNoCardNotNowCardlessIdNewUser_byStatus_failed_FAIL5_details"
                       class="testMethodDetails">
                     <div>
                        <b>Name: </b>addCouponForNoCardNotNowCardlessIdNewUser
                     </div>
                     <div>
                        <b>Signature: </b>addCouponForNoCardNotNowCardlessIdNewUser()[pri:0, instance:com.test.regression.cub.testscripts.Coupons@2f686d1f]
                     </div>
                     <div>
                        <b>Start time: </b>17:19:12
                     </div>
                     <div>
                        <b>End time: </b>17:19:35
                     </div>
                     <div>
                        <b>Duration: </b>22s
                        
                     </div>
                  </div>
               </td>
            </tr>
            <tr>
               <td colspan="4" class="detailsBox">
                  <div id="com.test.regression.cub.testscripts.Coupons_addCouponForNoCardNotNowCardlessIdNewUser_byStatus_failed_FAIL5_exception"
                       class="testMethodDetails">
                     <pre style="padding: 5px; margin: 0;">java.lang.AssertionError: unexpected alert open: {Alert text : Sorry, An error has occurred while refreshing your shopping
                        list.}
                        (Session info: chrome=52.0.2743.116)
                        (Driver info: chromedriver=2.22.397933 (1cab651507b88dec79b2b2a22d1943c01833cc1b),platform=Windows NT 6.1.7601 SP1 x86_64)
                        (WARNING: The server did not provide any stacktrace information)
                        Command duration or timeout: 80 milliseconds: null
                        Build info: version: '2.53.0', revision: '35ae25b1534ae328c771e0856c93e187490ca824', time: '2016-03-15 10:43:46'
                        System info: host: 'SDEVPCSVU7112', ip: '10.15.142.48', os.name: 'Windows 7', os.arch: 'amd64', os.version: '6.1', java.version:
                        '1.8.0_73'
                        Driver info: org.openqa.selenium.chrome.ChromeDriver
                        Capabilities [{applicationCacheEnabled=false, rotatable=false, mobileEmulationEnabled=false, chrome={chromedriverVersion=2.22.397933
                        (1cab651507b88dec79b2b2a22d1943c01833cc1b), userDataDir=C:\Users\jrag00m\AppData\Local\Temp\scoped_dir142868_269}, takesHeapSnapshot=true,
                        databaseEnabled=false, handlesAlerts=true, hasTouchScreen=false, version=52.0.2743.116, platform=XP, browserConnectionEnabled=false,
                        nativeEvents=true, acceptSslCerts=true, locationContextEnabled=true, webStorageEnabled=true, browserName=chrome, takesScreenshot=true,
                        javascriptEnabled=true, cssSelectorsEnabled=true}]
                        Session ID: ecea0bd2051baf21d69ed847ad480085
                        *** Element info: {Using=xpath, value=//div[@class='coupon-list']/div[2]/div/div/div[1]}
                        	at org.testng.Assert.fail(Assert.java:94)
                        	at com.test.regression.cub.testscripts.Coupons.addCouponForNoCardNotNowCardlessIdNewUser(Coupons.java:527)
                        	at sun.reflect.NativeMethodAccessorImpl.invoke0(Native Method)
                        	at sun.reflect.NativeMethodAccessorImpl.invoke(NativeMethodAccessorImpl.java:62)
                        	at sun.reflect.DelegatingMethodAccessorImpl.invoke(DelegatingMethodAccessorImpl.java:43)
                        	at java.lang.reflect.Method.invoke(Method.java:497)
                        	at org.testng.internal.MethodInvocationHelper.invokeMethod(MethodInvocationHelper.java:80)
                        	at org.testng.internal.Invoker.invokeMethod(Invoker.java:714)
                        	at org.testng.internal.Invoker.invokeTestMethod(Invoker.java:901)
                        	at org.testng.internal.Invoker.invokeTestMethods(Invoker.java:1231)
                        	at org.testng.internal.TestMethodWorker.invokeTestMethods(TestMethodWorker.java:127)
                        	at org.testng.internal.TestMethodWorker.run(TestMethodWorker.java:111)
                        	at org.testng.TestRunner.privateRun(TestRunner.java:767)
                        	at org.testng.TestRunner.run(TestRunner.java:617)
                        	at org.testng.SuiteRunner.runTest(SuiteRunner.java:334)
                        	at org.testng.SuiteRunner.runSequentially(SuiteRunner.java:329)
                        	at org.testng.SuiteRunner.privateRun(SuiteRunner.java:291)
                        	at org.testng.SuiteRunner.run(SuiteRunner.java:240)
                        	at org.testng.SuiteRunnerWorker.runSuite(SuiteRunnerWorker.java:52)
                        	at org.testng.SuiteRunnerWorker.run(SuiteRunnerWorker.java:86)
                        	at org.testng.TestNG.runSuitesSequentially(TestNG.java:1198)
                        	at org.testng.TestNG.runSuitesLocally(TestNG.java:1123)
                        	at org.testng.TestNG.run(TestNG.java:1031)
                        	at org.apache.maven.surefire.testng.TestNGExecutor.run(TestNGExecutor.java:178)
                        	at org.apache.maven.surefire.testng.TestNGXmlTestSuite.execute(TestNGXmlTestSuite.java:92)
                        	at org.apache.maven.surefire.testng.TestNGProvider.invoke(TestNGProvider.java:96)
                        	at sun.reflect.NativeMethodAccessorImpl.invoke0(Native Method)
                        	at sun.reflect.NativeMethodAccessorImpl.invoke(NativeMethodAccessorImpl.java:62)
                        	at sun.reflect.DelegatingMethodAccessorImpl.invoke(DelegatingMethodAccessorImpl.java:43)
                        	at java.lang.reflect.Method.invoke(Method.java:497)
                        	at org.apache.maven.surefire.util.ReflectionUtils.invokeMethodWithArray2(ReflectionUtils.java:208)
                        	at org.apache.maven.surefire.booter.ProviderFactory$ProviderProxy.invoke(ProviderFactory.java:159)
                        	at org.apache.maven.surefire.booter.ProviderFactory.invokeProvider(ProviderFactory.java:87)
                        	at org.apache.maven.surefire.booter.ForkedBooter.runSuitesInProcess(ForkedBooter.java:153)
                        	at org.apache.maven.surefire.booter.ForkedBooter.main(ForkedBooter.java:95)
                     </pre>
                  </div>
               </td>
            </tr>
            <tr id="com.test.regression.cub.testscripts.Coupons_chkCouponSort_byStatus_failed_FAIL6_row"
                class="testMethodStatusFAIL">
               <td width="100%" class="firstMethodCell">
                  <a onclick="toggleDetailsVisibility('com.test.regression.cub.testscripts.Coupons_chkCouponSort_byStatus_failed_FAIL6_details')">chkCouponSort()</a>
               </td>
               <td nowrap="true">17:19:47</td>
               <td nowrap="true" align="right">15m
                  20s
                  
               </td>
               <td nowrap="true">
                  <a onclick="toggleDetailsVisibility('com.test.regression.cub.testscripts.Coupons_chkCouponSort_byStatus_failed_FAIL6_exception')">java.lang.NullPointerException: </a>
                   
                  
               </td>
            </tr>
            <tr>
               <td colspan="4" class="detailsBox">
                  <div id="com.test.regression.cub.testscripts.Coupons_chkCouponSort_byStatus_failed_FAIL6_details"
                       class="testMethodDetails">
                     <div>
                        <b>Name: </b>chkCouponSort
                     </div>
                     <div>
                        <b>Signature: </b>chkCouponSort()[pri:0, instance:com.test.regression.cub.testscripts.Coupons@2f686d1f]
                     </div>
                     <div>
                        <b>Start time: </b>17:19:47
                     </div>
                     <div>
                        <b>End time: </b>17:35:07
                     </div>
                     <div>
                        <b>Duration: </b>15m
                        20s
                        
                     </div>
                  </div>
               </td>
            </tr>
            <tr>
               <td colspan="4" class="detailsBox">
                  <div id="com.test.regression.cub.testscripts.Coupons_chkCouponSort_byStatus_failed_FAIL6_exception"
                       class="testMethodDetails">
                     <pre style="padding: 5px; margin: 0;">java.lang.NullPointerException
                        	at sun.reflect.GeneratedMethodAccessor6.invoke(Unknown Source)
                        	at sun.reflect.DelegatingMethodAccessorImpl.invoke(DelegatingMethodAccessorImpl.java:43)
                        	at java.lang.reflect.Method.invoke(Method.java:497)
                        	at org.openqa.selenium.support.pagefactory.internal.LocatingElementHandler.invoke(LocatingElementHandler.java:51)
                        	at com.sun.proxy.$Proxy6.isDisplayed(Unknown Source)
                        	at com.test.regression.cub.pages.CouponPage.loadCompleteCouponsPage(CouponPage.java:264)
                        	at com.test.regression.cub.testscripts.Coupons.chkCouponSort(Coupons.java:543)
                        	at sun.reflect.NativeMethodAccessorImpl.invoke0(Native Method)
                        	at sun.reflect.NativeMethodAccessorImpl.invoke(NativeMethodAccessorImpl.java:62)
                        	at sun.reflect.DelegatingMethodAccessorImpl.invoke(DelegatingMethodAccessorImpl.java:43)
                        	at java.lang.reflect.Method.invoke(Method.java:497)
                        	at org.testng.internal.MethodInvocationHelper.invokeMethod(MethodInvocationHelper.java:80)
                        	at org.testng.internal.Invoker.invokeMethod(Invoker.java:714)
                        	at org.testng.internal.Invoker.invokeTestMethod(Invoker.java:901)
                        	at org.testng.internal.Invoker.invokeTestMethods(Invoker.java:1231)
                        	at org.testng.internal.TestMethodWorker.invokeTestMethods(TestMethodWorker.java:127)
                        	at org.testng.internal.TestMethodWorker.run(TestMethodWorker.java:111)
                        	at org.testng.TestRunner.privateRun(TestRunner.java:767)
                        	at org.testng.TestRunner.run(TestRunner.java:617)
                        	at org.testng.SuiteRunner.runTest(SuiteRunner.java:334)
                        	at org.testng.SuiteRunner.runSequentially(SuiteRunner.java:329)
                        	at org.testng.SuiteRunner.privateRun(SuiteRunner.java:291)
                        	at org.testng.SuiteRunner.run(SuiteRunner.java:240)
                        	at org.testng.SuiteRunnerWorker.runSuite(SuiteRunnerWorker.java:52)
                        	at org.testng.SuiteRunnerWorker.run(SuiteRunnerWorker.java:86)
                        	at org.testng.TestNG.runSuitesSequentially(TestNG.java:1198)
                        	at org.testng.TestNG.runSuitesLocally(TestNG.java:1123)
                        	at org.testng.TestNG.run(TestNG.java:1031)
                        	at org.apache.maven.surefire.testng.TestNGExecutor.run(TestNGExecutor.java:178)
                        	at org.apache.maven.surefire.testng.TestNGXmlTestSuite.execute(TestNGXmlTestSuite.java:92)
                        	at org.apache.maven.surefire.testng.TestNGProvider.invoke(TestNGProvider.java:96)
                        	at sun.reflect.NativeMethodAccessorImpl.invoke0(Native Method)
                        	at sun.reflect.NativeMethodAccessorImpl.invoke(NativeMethodAccessorImpl.java:62)
                        	at sun.reflect.DelegatingMethodAccessorImpl.invoke(DelegatingMethodAccessorImpl.java:43)
                        	at java.lang.reflect.Method.invoke(Method.java:497)
                        	at org.apache.maven.surefire.util.ReflectionUtils.invokeMethodWithArray2(ReflectionUtils.java:208)
                        	at org.apache.maven.surefire.booter.ProviderFactory$ProviderProxy.invoke(ProviderFactory.java:159)
                        	at org.apache.maven.surefire.booter.ProviderFactory.invokeProvider(ProviderFactory.java:87)
                        	at org.apache.maven.surefire.booter.ForkedBooter.runSuitesInProcess(ForkedBooter.java:153)
                        	at org.apache.maven.surefire.booter.ForkedBooter.main(ForkedBooter.java:95)
                     </pre>
                  </div>
               </td>
            </tr>
            <tr id="com.test.regression.cub.testscripts.Coupons_DataSetUp_byStatus_passed_PASS1_row"
                class="testMethodStatusPASS testMethodStatusCONF">
               <td width="100%" class="firstMethodCell">
                  <a onclick="toggleDetailsVisibility('com.test.regression.cub.testscripts.Coupons_DataSetUp_byStatus_passed_PASS1_details')">DataSetUp()</a>
               </td>
               <td nowrap="true">13:02:14</td>
               <td nowrap="true" align="right">677 ms
                  
               </td>
               <td nowrap="true">
                   
                  
               </td>
            </tr>
            <tr>
               <td colspan="4" class="detailsBox">
                  <div id="com.test.regression.cub.testscripts.Coupons_DataSetUp_byStatus_passed_PASS1_details"
                       class="testMethodDetails">
                     <div>
                        <b>Name: </b>DataSetUp
                     </div>
                     <div>
                        <b>Signature: </b>DataSetUp()[pri:0, instance:com.test.regression.cub.testscripts.Coupons@2f686d1f]
                     </div>
                     <div>
                        <b>Start time: </b>13:02:14
                     </div>
                     <div>
                        <b>End time: </b>13:02:15
                     </div>
                     <div>
                        <b>Duration: </b>677 ms
                        
                     </div>
                  </div>
               </td>
            </tr>
            <tr></tr>
            <tr id="com.test.regression.cub.testscripts.Coupons_initialization_byStatus_passed_PASS2_row"
                class="testMethodStatusPASS testMethodStatusCONF">
               <td width="100%" class="firstMethodCell">
                  <a onclick="toggleDetailsVisibility('com.test.regression.cub.testscripts.Coupons_initialization_byStatus_passed_PASS2_details')">initialization(public void com.test.regression.cub.testscripts.Coupons.addCouponForAuthorizedUser())</a>
               </td>
               <td nowrap="true">16:41:00</td>
               <td nowrap="true" align="right">20s
                  
               </td>
               <td nowrap="true">
                   
                  
               </td>
            </tr>
            <tr>
               <td colspan="4" class="detailsBox">
                  <div id="com.test.regression.cub.testscripts.Coupons_initialization_byStatus_passed_PASS2_details"
                       class="testMethodDetails">
                     <div>
                        <b>Name: </b>initialization
                     </div>
                     <div>
                        <b>Signature: </b>initialization(java.lang.reflect.Method)[pri:0, instance:com.test.regression.cub.testscripts.Coupons@2f686d1f]
                     </div>
                     <div>
                        <b>Parameters: </b>
                        
                        public void com.test.regression.cub.testscripts.Coupons.addCouponForAuthorizedUser()
                        
                        
                     </div>
                     <div>
                        <b>Start time: </b>16:41:00
                     </div>
                     <div>
                        <b>End time: </b>16:41:20
                     </div>
                     <div>
                        <b>Duration: </b>20s
                        
                     </div>
                  </div>
               </td>
            </tr>
            <tr></tr>
            <tr id="com.test.regression.cub.testscripts.Coupons_breakDown_byStatus_passed_PASS3_row"
                class="testMethodStatusPASS testMethodStatusCONF">
               <td width="100%" class="firstMethodCell">
                  <a onclick="toggleDetailsVisibility('com.test.regression.cub.testscripts.Coupons_breakDown_byStatus_passed_PASS3_details')">breakDown([TestResult name=addCouponForAuthorizedUser status=FAILURE method=Coupons.addCouponForAuthorizedUser()[pri:0, instance:com.test.regression.cub.testscripts.Coupons@2f686d1f]
                     output={null}])
                  </a>
               </td>
               <td nowrap="true">16:42:11</td>
               <td nowrap="true" align="right">576 ms
                  
               </td>
               <td nowrap="true">
                   
                  
               </td>
            </tr>
            <tr>
               <td colspan="4" class="detailsBox">
                  <div id="com.test.regression.cub.testscripts.Coupons_breakDown_byStatus_passed_PASS3_details"
                       class="testMethodDetails">
                     <div>
                        <b>Name: </b>breakDown
                     </div>
                     <div>
                        <b>Signature: </b>breakDown(org.testng.ITestResult)[pri:0, instance:com.test.regression.cub.testscripts.Coupons@2f686d1f]
                     </div>
                     <div>
                        <b>Parameters: </b>
                        
                        [TestResult name=addCouponForAuthorizedUser status=FAILURE method=Coupons.addCouponForAuthorizedUser()[pri:0, instance:com.test.regression.cub.testscripts.Coupons@2f686d1f]
                        output={null}]
                        
                        
                     </div>
                     <div>
                        <b>Start time: </b>16:42:11
                     </div>
                     <div>
                        <b>End time: </b>16:42:12
                     </div>
                     <div>
                        <b>Duration: </b>576 ms
                        
                     </div>
                  </div>
               </td>
            </tr>
            <tr></tr>
            <tr id="com.test.regression.cub.testscripts.Coupons_closeDriver_byStatus_passed_PASS4_row"
                class="testMethodStatusPASS testMethodStatusCONF">
               <td width="100%" class="firstMethodCell">
                  <a onclick="toggleDetailsVisibility('com.test.regression.cub.testscripts.Coupons_closeDriver_byStatus_passed_PASS4_details')">closeDriver(public void com.test.regression.cub.testscripts.Coupons.addCouponForAuthorizedUser())</a>
               </td>
               <td nowrap="true">16:42:12</td>
               <td nowrap="true" align="right">3s
                  
               </td>
               <td nowrap="true">
                   
                  
               </td>
            </tr>
            <tr>
               <td colspan="4" class="detailsBox">
                  <div id="com.test.regression.cub.testscripts.Coupons_closeDriver_byStatus_passed_PASS4_details"
                       class="testMethodDetails">
                     <div>
                        <b>Name: </b>closeDriver
                     </div>
                     <div>
                        <b>Signature: </b>closeDriver(java.lang.reflect.Method)[pri:0, instance:com.test.regression.cub.testscripts.Coupons@2f686d1f]
                     </div>
                     <div>
                        <b>Parameters: </b>
                        
                        public void com.test.regression.cub.testscripts.Coupons.addCouponForAuthorizedUser()
                        
                        
                     </div>
                     <div>
                        <b>Start time: </b>16:42:12
                     </div>
                     <div>
                        <b>End time: </b>16:42:15
                     </div>
                     <div>
                        <b>Duration: </b>3s
                        
                     </div>
                  </div>
               </td>
            </tr>
            <tr></tr>
            <tr id="com.test.regression.cub.testscripts.Coupons_initialization_byStatus_passed_PASS5_row"
                class="testMethodStatusPASS testMethodStatusCONF">
               <td width="100%" class="firstMethodCell">
                  <a onclick="toggleDetailsVisibility('com.test.regression.cub.testscripts.Coupons_initialization_byStatus_passed_PASS5_details')">initialization(public void com.test.regression.cub.testscripts.Coupons.addCouponFromCouponDetailsPageForAuthorizedUser())</a>
               </td>
               <td nowrap="true">16:42:15</td>
               <td nowrap="true" align="right">14s
                  
               </td>
               <td nowrap="true">
                   
                  
               </td>
            </tr>
            <tr>
               <td colspan="4" class="detailsBox">
                  <div id="com.test.regression.cub.testscripts.Coupons_initialization_byStatus_passed_PASS5_details"
                       class="testMethodDetails">
                     <div>
                        <b>Name: </b>initialization
                     </div>
                     <div>
                        <b>Signature: </b>initialization(java.lang.reflect.Method)[pri:0, instance:com.test.regression.cub.testscripts.Coupons@2f686d1f]
                     </div>
                     <div>
                        <b>Parameters: </b>
                        
                        public void com.test.regression.cub.testscripts.Coupons.addCouponFromCouponDetailsPageForAuthorizedUser()
                        
                        
                     </div>
                     <div>
                        <b>Start time: </b>16:42:15
                     </div>
                     <div>
                        <b>End time: </b>16:42:30
                     </div>
                     <div>
                        <b>Duration: </b>14s
                        
                     </div>
                  </div>
               </td>
            </tr>
            <tr></tr>
            <tr id="com.test.regression.cub.testscripts.Coupons_breakDown_byStatus_passed_PASS6_row"
                class="testMethodStatusPASS testMethodStatusCONF">
               <td width="100%" class="firstMethodCell">
                  <a onclick="toggleDetailsVisibility('com.test.regression.cub.testscripts.Coupons_breakDown_byStatus_passed_PASS6_details')">breakDown([TestResult name=addCouponFromCouponDetailsPageForAuthorizedUser status=FAILURE method=Coupons.addCouponFromCouponDetailsPageForAuthorizedUser()[pri:0,
                     instance:com.test.regression.cub.testscripts.Coupons@2f686d1f] output={null}])
                  </a>
               </td>
               <td nowrap="true">16:43:35</td>
               <td nowrap="true" align="right">1s
                  
               </td>
               <td nowrap="true">
                   
                  
               </td>
            </tr>
            <tr>
               <td colspan="4" class="detailsBox">
                  <div id="com.test.regression.cub.testscripts.Coupons_breakDown_byStatus_passed_PASS6_details"
                       class="testMethodDetails">
                     <div>
                        <b>Name: </b>breakDown
                     </div>
                     <div>
                        <b>Signature: </b>breakDown(org.testng.ITestResult)[pri:0, instance:com.test.regression.cub.testscripts.Coupons@2f686d1f]
                     </div>
                     <div>
                        <b>Parameters: </b>
                        
                        [TestResult name=addCouponFromCouponDetailsPageForAuthorizedUser status=FAILURE method=Coupons.addCouponFromCouponDetailsPageForAuthorizedUser()[pri:0,
                        instance:com.test.regression.cub.testscripts.Coupons@2f686d1f] output={null}]
                        
                        
                     </div>
                     <div>
                        <b>Start time: </b>16:43:35
                     </div>
                     <div>
                        <b>End time: </b>16:43:36
                     </div>
                     <div>
                        <b>Duration: </b>1s
                        
                     </div>
                  </div>
               </td>
            </tr>
            <tr></tr>
            <tr id="com.test.regression.cub.testscripts.Coupons_closeDriver_byStatus_passed_PASS7_row"
                class="testMethodStatusPASS testMethodStatusCONF">
               <td width="100%" class="firstMethodCell">
                  <a onclick="toggleDetailsVisibility('com.test.regression.cub.testscripts.Coupons_closeDriver_byStatus_passed_PASS7_details')">closeDriver(public void com.test.regression.cub.testscripts.Coupons.addCouponFromCouponDetailsPageForAuthorizedUser())</a>
               </td>
               <td nowrap="true">16:43:36</td>
               <td nowrap="true" align="right">7s
                  
               </td>
               <td nowrap="true">
                   
                  
               </td>
            </tr>
            <tr>
               <td colspan="4" class="detailsBox">
                  <div id="com.test.regression.cub.testscripts.Coupons_closeDriver_byStatus_passed_PASS7_details"
                       class="testMethodDetails">
                     <div>
                        <b>Name: </b>closeDriver
                     </div>
                     <div>
                        <b>Signature: </b>closeDriver(java.lang.reflect.Method)[pri:0, instance:com.test.regression.cub.testscripts.Coupons@2f686d1f]
                     </div>
                     <div>
                        <b>Parameters: </b>
                        
                        public void com.test.regression.cub.testscripts.Coupons.addCouponFromCouponDetailsPageForAuthorizedUser()
                        
                        
                     </div>
                     <div>
                        <b>Start time: </b>16:43:36
                     </div>
                     <div>
                        <b>End time: </b>16:43:43
                     </div>
                     <div>
                        <b>Duration: </b>7s
                        
                     </div>
                  </div>
               </td>
            </tr>
            <tr></tr>
            <tr id="com.test.regression.cub.testscripts.Coupons_initialization_byStatus_passed_PASS8_row"
                class="testMethodStatusPASS testMethodStatusCONF">
               <td width="100%" class="firstMethodCell">
                  <a onclick="toggleDetailsVisibility('com.test.regression.cub.testscripts.Coupons_initialization_byStatus_passed_PASS8_details')">initialization(public void com.test.regression.cub.testscripts.Coupons.couponPageFullLoad() throws javax.xml.xpath.XPathExpressionException,javax.xml.parsers.ParserConfigurationException,org.xml.sax.SAXException,java.io.IOException,java.lang.InterruptedException)</a>
               </td>
               <td nowrap="true">16:43:43</td>
               <td nowrap="true" align="right">42s
                  
               </td>
               <td nowrap="true">
                   
                  
               </td>
            </tr>
            <tr>
               <td colspan="4" class="detailsBox">
                  <div id="com.test.regression.cub.testscripts.Coupons_initialization_byStatus_passed_PASS8_details"
                       class="testMethodDetails">
                     <div>
                        <b>Name: </b>initialization
                     </div>
                     <div>
                        <b>Signature: </b>initialization(java.lang.reflect.Method)[pri:0, instance:com.test.regression.cub.testscripts.Coupons@2f686d1f]
                     </div>
                     <div>
                        <b>Parameters: </b>
                        
                        public void com.test.regression.cub.testscripts.Coupons.couponPageFullLoad() throws javax.xml.xpath.XPathExpressionException,javax.xml.parsers.ParserConfigurationException,org.xml.sax.SAXException,java.io.IOException,java.lang.InterruptedException
                        
                        
                     </div>
                     <div>
                        <b>Start time: </b>16:43:43
                     </div>
                     <div>
                        <b>End time: </b>16:44:26
                     </div>
                     <div>
                        <b>Duration: </b>42s
                        
                     </div>
                  </div>
               </td>
            </tr>
            <tr></tr>
            <tr id="com.test.regression.cub.testscripts.Coupons_breakDown_byStatus_passed_PASS9_row"
                class="testMethodStatusPASS testMethodStatusCONF">
               <td width="100%" class="firstMethodCell">
                  <a onclick="toggleDetailsVisibility('com.test.regression.cub.testscripts.Coupons_breakDown_byStatus_passed_PASS9_details')">breakDown([TestResult name=couponPageFullLoad status=FAILURE method=Coupons.couponPageFullLoad()[pri:0, instance:com.test.regression.cub.testscripts.Coupons@2f686d1f]
                     output={null}])
                  </a>
               </td>
               <td nowrap="true">17:15:44</td>
               <td nowrap="true" align="right">4s
                  
               </td>
               <td nowrap="true">
                   
                  
               </td>
            </tr>
            <tr>
               <td colspan="4" class="detailsBox">
                  <div id="com.test.regression.cub.testscripts.Coupons_breakDown_byStatus_passed_PASS9_details"
                       class="testMethodDetails">
                     <div>
                        <b>Name: </b>breakDown
                     </div>
                     <div>
                        <b>Signature: </b>breakDown(org.testng.ITestResult)[pri:0, instance:com.test.regression.cub.testscripts.Coupons@2f686d1f]
                     </div>
                     <div>
                        <b>Parameters: </b>
                        
                        [TestResult name=couponPageFullLoad status=FAILURE method=Coupons.couponPageFullLoad()[pri:0, instance:com.test.regression.cub.testscripts.Coupons@2f686d1f]
                        output={null}]
                        
                        
                     </div>
                     <div>
                        <b>Start time: </b>17:15:44
                     </div>
                     <div>
                        <b>End time: </b>17:15:48
                     </div>
                     <div>
                        <b>Duration: </b>4s
                        
                     </div>
                  </div>
               </td>
            </tr>
            <tr></tr>
            <tr id="com.test.regression.cub.testscripts.Coupons_closeDriver_byStatus_passed_PASS10_row"
                class="testMethodStatusPASS testMethodStatusCONF">
               <td width="100%" class="firstMethodCell">
                  <a onclick="toggleDetailsVisibility('com.test.regression.cub.testscripts.Coupons_closeDriver_byStatus_passed_PASS10_details')">closeDriver(public void com.test.regression.cub.testscripts.Coupons.couponPageFullLoad() throws javax.xml.xpath.XPathExpressionException,javax.xml.parsers.ParserConfigurationException,org.xml.sax.SAXException,java.io.IOException,java.lang.InterruptedException)</a>
               </td>
               <td nowrap="true">17:15:48</td>
               <td nowrap="true" align="right">3s
                  
               </td>
               <td nowrap="true">
                   
                  
               </td>
            </tr>
            <tr>
               <td colspan="4" class="detailsBox">
                  <div id="com.test.regression.cub.testscripts.Coupons_closeDriver_byStatus_passed_PASS10_details"
                       class="testMethodDetails">
                     <div>
                        <b>Name: </b>closeDriver
                     </div>
                     <div>
                        <b>Signature: </b>closeDriver(java.lang.reflect.Method)[pri:0, instance:com.test.regression.cub.testscripts.Coupons@2f686d1f]
                     </div>
                     <div>
                        <b>Parameters: </b>
                        
                        public void com.test.regression.cub.testscripts.Coupons.couponPageFullLoad() throws javax.xml.xpath.XPathExpressionException,javax.xml.parsers.ParserConfigurationException,org.xml.sax.SAXException,java.io.IOException,java.lang.InterruptedException
                        
                        
                     </div>
                     <div>
                        <b>Start time: </b>17:15:48
                     </div>
                     <div>
                        <b>End time: </b>17:15:51
                     </div>
                     <div>
                        <b>Duration: </b>3s
                        
                     </div>
                  </div>
               </td>
            </tr>
            <tr></tr>
            <tr id="com.test.regression.cub.testscripts.Coupons_initialization_byStatus_passed_PASS11_row"
                class="testMethodStatusPASS testMethodStatusCONF">
               <td width="100%" class="firstMethodCell">
                  <a onclick="toggleDetailsVisibility('com.test.regression.cub.testscripts.Coupons_initialization_byStatus_passed_PASS11_details')">initialization(public void com.test.regression.cub.testscripts.Coupons.searchTestInCoupons())</a>
               </td>
               <td nowrap="true">17:15:51</td>
               <td nowrap="true" align="right">10s
                  
               </td>
               <td nowrap="true">
                   
                  
               </td>
            </tr>
            <tr>
               <td colspan="4" class="detailsBox">
                  <div id="com.test.regression.cub.testscripts.Coupons_initialization_byStatus_passed_PASS11_details"
                       class="testMethodDetails">
                     <div>
                        <b>Name: </b>initialization
                     </div>
                     <div>
                        <b>Signature: </b>initialization(java.lang.reflect.Method)[pri:0, instance:com.test.regression.cub.testscripts.Coupons@2f686d1f]
                     </div>
                     <div>
                        <b>Parameters: </b>
                        
                        public void com.test.regression.cub.testscripts.Coupons.searchTestInCoupons()
                        
                        
                     </div>
                     <div>
                        <b>Start time: </b>17:15:51
                     </div>
                     <div>
                        <b>End time: </b>17:16:02
                     </div>
                     <div>
                        <b>Duration: </b>10s
                        
                     </div>
                  </div>
               </td>
            </tr>
            <tr></tr>
            <tr id="com.test.regression.cub.testscripts.Coupons_searchTestInCoupons_byStatus_passed_PASS12_row"
                class="testMethodStatusPASS">
               <td width="100%" class="firstMethodCell">
                  <a onclick="toggleDetailsVisibility('com.test.regression.cub.testscripts.Coupons_searchTestInCoupons_byStatus_passed_PASS12_details')">searchTestInCoupons()</a>
               </td>
               <td nowrap="true">17:16:02</td>
               <td nowrap="true" align="right">9s
                  
               </td>
               <td nowrap="true">
                   
                  
               </td>
            </tr>
            <tr>
               <td colspan="4" class="detailsBox">
                  <div id="com.test.regression.cub.testscripts.Coupons_searchTestInCoupons_byStatus_passed_PASS12_details"
                       class="testMethodDetails">
                     <div>
                        <b>Name: </b>searchTestInCoupons
                     </div>
                     <div>
                        <b>Signature: </b>searchTestInCoupons()[pri:0, instance:com.test.regression.cub.testscripts.Coupons@2f686d1f]
                     </div>
                     <div>
                        <b>Start time: </b>17:16:02
                     </div>
                     <div>
                        <b>End time: </b>17:16:11
                     </div>
                     <div>
                        <b>Duration: </b>9s
                        
                     </div>
                  </div>
               </td>
            </tr>
            <tr></tr>
            <tr id="com.test.regression.cub.testscripts.Coupons_breakDown_byStatus_passed_PASS13_row"
                class="testMethodStatusPASS testMethodStatusCONF">
               <td width="100%" class="firstMethodCell">
                  <a onclick="toggleDetailsVisibility('com.test.regression.cub.testscripts.Coupons_breakDown_byStatus_passed_PASS13_details')">breakDown([TestResult name=searchTestInCoupons status=SUCCESS method=Coupons.searchTestInCoupons()[pri:0, instance:com.test.regression.cub.testscripts.Coupons@2f686d1f]
                     output={null}])
                  </a>
               </td>
               <td nowrap="true">17:16:11</td>
               <td nowrap="true" align="right">0 ms
                  
               </td>
               <td nowrap="true">
                   
                  
               </td>
            </tr>
            <tr>
               <td colspan="4" class="detailsBox">
                  <div id="com.test.regression.cub.testscripts.Coupons_breakDown_byStatus_passed_PASS13_details"
                       class="testMethodDetails">
                     <div>
                        <b>Name: </b>breakDown
                     </div>
                     <div>
                        <b>Signature: </b>breakDown(org.testng.ITestResult)[pri:0, instance:com.test.regression.cub.testscripts.Coupons@2f686d1f]
                     </div>
                     <div>
                        <b>Parameters: </b>
                        
                        [TestResult name=searchTestInCoupons status=SUCCESS method=Coupons.searchTestInCoupons()[pri:0, instance:com.test.regression.cub.testscripts.Coupons@2f686d1f]
                        output={null}]
                        
                        
                     </div>
                     <div>
                        <b>Start time: </b>17:16:11
                     </div>
                     <div>
                        <b>End time: </b>17:16:11
                     </div>
                     <div>
                        <b>Duration: </b>0 ms
                        
                     </div>
                  </div>
               </td>
            </tr>
            <tr></tr>
            <tr id="com.test.regression.cub.testscripts.Coupons_closeDriver_byStatus_passed_PASS14_row"
                class="testMethodStatusPASS testMethodStatusCONF">
               <td width="100%" class="firstMethodCell">
                  <a onclick="toggleDetailsVisibility('com.test.regression.cub.testscripts.Coupons_closeDriver_byStatus_passed_PASS14_details')">closeDriver(public void com.test.regression.cub.testscripts.Coupons.searchTestInCoupons())</a>
               </td>
               <td nowrap="true">17:16:11</td>
               <td nowrap="true" align="right">2s
                  
               </td>
               <td nowrap="true">
                   
                  
               </td>
            </tr>
            <tr>
               <td colspan="4" class="detailsBox">
                  <div id="com.test.regression.cub.testscripts.Coupons_closeDriver_byStatus_passed_PASS14_details"
                       class="testMethodDetails">
                     <div>
                        <b>Name: </b>closeDriver
                     </div>
                     <div>
                        <b>Signature: </b>closeDriver(java.lang.reflect.Method)[pri:0, instance:com.test.regression.cub.testscripts.Coupons@2f686d1f]
                     </div>
                     <div>
                        <b>Parameters: </b>
                        
                        public void com.test.regression.cub.testscripts.Coupons.searchTestInCoupons()
                        
                        
                     </div>
                     <div>
                        <b>Start time: </b>17:16:11
                     </div>
                     <div>
                        <b>End time: </b>17:16:14
                     </div>
                     <div>
                        <b>Duration: </b>2s
                        
                     </div>
                  </div>
               </td>
            </tr>
            <tr></tr>
            <tr id="com.test.regression.cub.testscripts.Coupons_initialization_byStatus_passed_PASS15_row"
                class="testMethodStatusPASS testMethodStatusCONF">
               <td width="100%" class="firstMethodCell">
                  <a onclick="toggleDetailsVisibility('com.test.regression.cub.testscripts.Coupons_initialization_byStatus_passed_PASS15_details')">initialization(public void com.test.regression.cub.testscripts.Coupons.addCouponForWantOneNewUser())</a>
               </td>
               <td nowrap="true">17:16:14</td>
               <td nowrap="true" align="right">9s
                  
               </td>
               <td nowrap="true">
                   
                  
               </td>
            </tr>
            <tr>
               <td colspan="4" class="detailsBox">
                  <div id="com.test.regression.cub.testscripts.Coupons_initialization_byStatus_passed_PASS15_details"
                       class="testMethodDetails">
                     <div>
                        <b>Name: </b>initialization
                     </div>
                     <div>
                        <b>Signature: </b>initialization(java.lang.reflect.Method)[pri:0, instance:com.test.regression.cub.testscripts.Coupons@2f686d1f]
                     </div>
                     <div>
                        <b>Parameters: </b>
                        
                        public void com.test.regression.cub.testscripts.Coupons.addCouponForWantOneNewUser()
                        
                        
                     </div>
                     <div>
                        <b>Start time: </b>17:16:14
                     </div>
                     <div>
                        <b>End time: </b>17:16:23
                     </div>
                     <div>
                        <b>Duration: </b>9s
                        
                     </div>
                  </div>
               </td>
            </tr>
            <tr></tr>
            <tr id="com.test.regression.cub.testscripts.Coupons_addCouponForWantOneNewUser_byStatus_passed_PASS16_row"
                class="testMethodStatusPASS">
               <td width="100%" class="firstMethodCell">
                  <a onclick="toggleDetailsVisibility('com.test.regression.cub.testscripts.Coupons_addCouponForWantOneNewUser_byStatus_passed_PASS16_details')">addCouponForWantOneNewUser()</a>
               </td>
               <td nowrap="true">17:16:23</td>
               <td nowrap="true" align="right">1m
                  35s
                  
               </td>
               <td nowrap="true">
                   
                  
               </td>
            </tr>
            <tr>
               <td colspan="4" class="detailsBox">
                  <div id="com.test.regression.cub.testscripts.Coupons_addCouponForWantOneNewUser_byStatus_passed_PASS16_details"
                       class="testMethodDetails">
                     <div>
                        <b>Name: </b>addCouponForWantOneNewUser
                     </div>
                     <div>
                        <b>Signature: </b>addCouponForWantOneNewUser()[pri:0, instance:com.test.regression.cub.testscripts.Coupons@2f686d1f]
                     </div>
                     <div>
                        <b>Start time: </b>17:16:23
                     </div>
                     <div>
                        <b>End time: </b>17:17:59
                     </div>
                     <div>
                        <b>Duration: </b>1m
                        35s
                        
                     </div>
                  </div>
               </td>
            </tr>
            <tr></tr>
            <tr id="com.test.regression.cub.testscripts.Coupons_closeDriver_byStatus_passed_PASS17_row"
                class="testMethodStatusPASS testMethodStatusCONF">
               <td width="100%" class="firstMethodCell">
                  <a onclick="toggleDetailsVisibility('com.test.regression.cub.testscripts.Coupons_closeDriver_byStatus_passed_PASS17_details')">closeDriver(public void com.test.regression.cub.testscripts.Coupons.addCouponForWantOneNewUser())</a>
               </td>
               <td nowrap="true">17:17:59</td>
               <td nowrap="true" align="right">2s
                  
               </td>
               <td nowrap="true">
                   
                  
               </td>
            </tr>
            <tr>
               <td colspan="4" class="detailsBox">
                  <div id="com.test.regression.cub.testscripts.Coupons_closeDriver_byStatus_passed_PASS17_details"
                       class="testMethodDetails">
                     <div>
                        <b>Name: </b>closeDriver
                     </div>
                     <div>
                        <b>Signature: </b>closeDriver(java.lang.reflect.Method)[pri:0, instance:com.test.regression.cub.testscripts.Coupons@2f686d1f]
                     </div>
                     <div>
                        <b>Parameters: </b>
                        
                        public void com.test.regression.cub.testscripts.Coupons.addCouponForWantOneNewUser()
                        
                        
                     </div>
                     <div>
                        <b>Start time: </b>17:17:59
                     </div>
                     <div>
                        <b>End time: </b>17:18:01
                     </div>
                     <div>
                        <b>Duration: </b>2s
                        
                     </div>
                  </div>
               </td>
            </tr>
            <tr></tr>
            <tr id="com.test.regression.cub.testscripts.Coupons_breakDown_byStatus_passed_PASS18_row"
                class="testMethodStatusPASS testMethodStatusCONF">
               <td width="100%" class="firstMethodCell">
                  <a onclick="toggleDetailsVisibility('com.test.regression.cub.testscripts.Coupons_breakDown_byStatus_passed_PASS18_details')">breakDown([TestResult name=addCouponForWantOneNewUser status=SUCCESS method=Coupons.addCouponForWantOneNewUser()[pri:0, instance:com.test.regression.cub.testscripts.Coupons@2f686d1f]
                     output={null}])
                  </a>
               </td>
               <td nowrap="true">17:17:59</td>
               <td nowrap="true" align="right">0 ms
                  
               </td>
               <td nowrap="true">
                   
                  
               </td>
            </tr>
            <tr>
               <td colspan="4" class="detailsBox">
                  <div id="com.test.regression.cub.testscripts.Coupons_breakDown_byStatus_passed_PASS18_details"
                       class="testMethodDetails">
                     <div>
                        <b>Name: </b>breakDown
                     </div>
                     <div>
                        <b>Signature: </b>breakDown(org.testng.ITestResult)[pri:0, instance:com.test.regression.cub.testscripts.Coupons@2f686d1f]
                     </div>
                     <div>
                        <b>Parameters: </b>
                        
                        [TestResult name=addCouponForWantOneNewUser status=SUCCESS method=Coupons.addCouponForWantOneNewUser()[pri:0, instance:com.test.regression.cub.testscripts.Coupons@2f686d1f]
                        output={null}]
                        
                        
                     </div>
                     <div>
                        <b>Start time: </b>17:17:59
                     </div>
                     <div>
                        <b>End time: </b>17:17:59
                     </div>
                     <div>
                        <b>Duration: </b>0 ms
                        
                     </div>
                  </div>
               </td>
            </tr>
            <tr></tr>
            <tr id="com.test.regression.cub.testscripts.Coupons_initialization_byStatus_passed_PASS19_row"
                class="testMethodStatusPASS testMethodStatusCONF">
               <td width="100%" class="firstMethodCell">
                  <a onclick="toggleDetailsVisibility('com.test.regression.cub.testscripts.Coupons_initialization_byStatus_passed_PASS19_details')">initialization(public void com.test.regression.cub.testscripts.Coupons.categoryTestInCoupons())</a>
               </td>
               <td nowrap="true">17:18:01</td>
               <td nowrap="true" align="right">11s
                  
               </td>
               <td nowrap="true">
                   
                  
               </td>
            </tr>
            <tr>
               <td colspan="4" class="detailsBox">
                  <div id="com.test.regression.cub.testscripts.Coupons_initialization_byStatus_passed_PASS19_details"
                       class="testMethodDetails">
                     <div>
                        <b>Name: </b>initialization
                     </div>
                     <div>
                        <b>Signature: </b>initialization(java.lang.reflect.Method)[pri:0, instance:com.test.regression.cub.testscripts.Coupons@2f686d1f]
                     </div>
                     <div>
                        <b>Parameters: </b>
                        
                        public void com.test.regression.cub.testscripts.Coupons.categoryTestInCoupons()
                        
                        
                     </div>
                     <div>
                        <b>Start time: </b>17:18:01
                     </div>
                     <div>
                        <b>End time: </b>17:18:13
                     </div>
                     <div>
                        <b>Duration: </b>11s
                        
                     </div>
                  </div>
               </td>
            </tr>
            <tr></tr>
            <tr id="com.test.regression.cub.testscripts.Coupons_categoryTestInCoupons_byStatus_passed_PASS20_row"
                class="testMethodStatusPASS">
               <td width="100%" class="firstMethodCell">
                  <a onclick="toggleDetailsVisibility('com.test.regression.cub.testscripts.Coupons_categoryTestInCoupons_byStatus_passed_PASS20_details')">categoryTestInCoupons()</a>
               </td>
               <td nowrap="true">17:18:13</td>
               <td nowrap="true" align="right">10s
                  
               </td>
               <td nowrap="true">
                   
                  
               </td>
            </tr>
            <tr>
               <td colspan="4" class="detailsBox">
                  <div id="com.test.regression.cub.testscripts.Coupons_categoryTestInCoupons_byStatus_passed_PASS20_details"
                       class="testMethodDetails">
                     <div>
                        <b>Name: </b>categoryTestInCoupons
                     </div>
                     <div>
                        <b>Signature: </b>categoryTestInCoupons()[pri:0, instance:com.test.regression.cub.testscripts.Coupons@2f686d1f]
                     </div>
                     <div>
                        <b>Start time: </b>17:18:13
                     </div>
                     <div>
                        <b>End time: </b>17:18:23
                     </div>
                     <div>
                        <b>Duration: </b>10s
                        
                     </div>
                  </div>
               </td>
            </tr>
            <tr></tr>
            <tr id="com.test.regression.cub.testscripts.Coupons_breakDown_byStatus_passed_PASS21_row"
                class="testMethodStatusPASS testMethodStatusCONF">
               <td width="100%" class="firstMethodCell">
                  <a onclick="toggleDetailsVisibility('com.test.regression.cub.testscripts.Coupons_breakDown_byStatus_passed_PASS21_details')">breakDown([TestResult name=categoryTestInCoupons status=SUCCESS method=Coupons.categoryTestInCoupons()[pri:0, instance:com.test.regression.cub.testscripts.Coupons@2f686d1f]
                     output={null}])
                  </a>
               </td>
               <td nowrap="true">17:18:23</td>
               <td nowrap="true" align="right">0 ms
                  
               </td>
               <td nowrap="true">
                   
                  
               </td>
            </tr>
            <tr>
               <td colspan="4" class="detailsBox">
                  <div id="com.test.regression.cub.testscripts.Coupons_breakDown_byStatus_passed_PASS21_details"
                       class="testMethodDetails">
                     <div>
                        <b>Name: </b>breakDown
                     </div>
                     <div>
                        <b>Signature: </b>breakDown(org.testng.ITestResult)[pri:0, instance:com.test.regression.cub.testscripts.Coupons@2f686d1f]
                     </div>
                     <div>
                        <b>Parameters: </b>
                        
                        [TestResult name=categoryTestInCoupons status=SUCCESS method=Coupons.categoryTestInCoupons()[pri:0, instance:com.test.regression.cub.testscripts.Coupons@2f686d1f]
                        output={null}]
                        
                        
                     </div>
                     <div>
                        <b>Start time: </b>17:18:23
                     </div>
                     <div>
                        <b>End time: </b>17:18:23
                     </div>
                     <div>
                        <b>Duration: </b>0 ms
                        
                     </div>
                  </div>
               </td>
            </tr>
            <tr></tr>
            <tr id="com.test.regression.cub.testscripts.Coupons_closeDriver_byStatus_passed_PASS22_row"
                class="testMethodStatusPASS testMethodStatusCONF">
               <td width="100%" class="firstMethodCell">
                  <a onclick="toggleDetailsVisibility('com.test.regression.cub.testscripts.Coupons_closeDriver_byStatus_passed_PASS22_details')">closeDriver(public void com.test.regression.cub.testscripts.Coupons.categoryTestInCoupons())</a>
               </td>
               <td nowrap="true">17:18:23</td>
               <td nowrap="true" align="right">2s
                  
               </td>
               <td nowrap="true">
                   
                  
               </td>
            </tr>
            <tr>
               <td colspan="4" class="detailsBox">
                  <div id="com.test.regression.cub.testscripts.Coupons_closeDriver_byStatus_passed_PASS22_details"
                       class="testMethodDetails">
                     <div>
                        <b>Name: </b>closeDriver
                     </div>
                     <div>
                        <b>Signature: </b>closeDriver(java.lang.reflect.Method)[pri:0, instance:com.test.regression.cub.testscripts.Coupons@2f686d1f]
                     </div>
                     <div>
                        <b>Parameters: </b>
                        
                        public void com.test.regression.cub.testscripts.Coupons.categoryTestInCoupons()
                        
                        
                     </div>
                     <div>
                        <b>Start time: </b>17:18:23
                     </div>
                     <div>
                        <b>End time: </b>17:18:25
                     </div>
                     <div>
                        <b>Duration: </b>2s
                        
                     </div>
                  </div>
               </td>
            </tr>
            <tr></tr>
            <tr id="com.test.regression.cub.testscripts.Coupons_initialization_byStatus_passed_PASS23_row"
                class="testMethodStatusPASS testMethodStatusCONF">
               <td width="100%" class="firstMethodCell">
                  <a onclick="toggleDetailsVisibility('com.test.regression.cub.testscripts.Coupons_initialization_byStatus_passed_PASS23_details')">initialization(public void com.test.regression.cub.testscripts.Coupons.addCouponForNoCardNewUser())</a>
               </td>
               <td nowrap="true">17:18:25</td>
               <td nowrap="true" align="right">12s
                  
               </td>
               <td nowrap="true">
                   
                  
               </td>
            </tr>
            <tr>
               <td colspan="4" class="detailsBox">
                  <div id="com.test.regression.cub.testscripts.Coupons_initialization_byStatus_passed_PASS23_details"
                       class="testMethodDetails">
                     <div>
                        <b>Name: </b>initialization
                     </div>
                     <div>
                        <b>Signature: </b>initialization(java.lang.reflect.Method)[pri:0, instance:com.test.regression.cub.testscripts.Coupons@2f686d1f]
                     </div>
                     <div>
                        <b>Parameters: </b>
                        
                        public void com.test.regression.cub.testscripts.Coupons.addCouponForNoCardNewUser()
                        
                        
                     </div>
                     <div>
                        <b>Start time: </b>17:18:25
                     </div>
                     <div>
                        <b>End time: </b>17:18:38
                     </div>
                     <div>
                        <b>Duration: </b>12s
                        
                     </div>
                  </div>
               </td>
            </tr>
            <tr></tr>
            <tr id="com.test.regression.cub.testscripts.Coupons_breakDown_byStatus_passed_PASS24_row"
                class="testMethodStatusPASS testMethodStatusCONF">
               <td width="100%" class="firstMethodCell">
                  <a onclick="toggleDetailsVisibility('com.test.regression.cub.testscripts.Coupons_breakDown_byStatus_passed_PASS24_details')">breakDown([TestResult name=addCouponForNoCardNewUser status=FAILURE method=Coupons.addCouponForNoCardNewUser()[pri:0, instance:com.test.regression.cub.testscripts.Coupons@2f686d1f]
                     output={null}])
                  </a>
               </td>
               <td nowrap="true">17:19:00</td>
               <td nowrap="true" align="right">13 ms
                  
               </td>
               <td nowrap="true">
                   
                  
               </td>
            </tr>
            <tr>
               <td colspan="4" class="detailsBox">
                  <div id="com.test.regression.cub.testscripts.Coupons_breakDown_byStatus_passed_PASS24_details"
                       class="testMethodDetails">
                     <div>
                        <b>Name: </b>breakDown
                     </div>
                     <div>
                        <b>Signature: </b>breakDown(org.testng.ITestResult)[pri:0, instance:com.test.regression.cub.testscripts.Coupons@2f686d1f]
                     </div>
                     <div>
                        <b>Parameters: </b>
                        
                        [TestResult name=addCouponForNoCardNewUser status=FAILURE method=Coupons.addCouponForNoCardNewUser()[pri:0, instance:com.test.regression.cub.testscripts.Coupons@2f686d1f]
                        output={null}]
                        
                        
                     </div>
                     <div>
                        <b>Start time: </b>17:19:00
                     </div>
                     <div>
                        <b>End time: </b>17:19:00
                     </div>
                     <div>
                        <b>Duration: </b>13 ms
                        
                     </div>
                  </div>
               </td>
            </tr>
            <tr></tr>
            <tr id="com.test.regression.cub.testscripts.Coupons_closeDriver_byStatus_passed_PASS25_row"
                class="testMethodStatusPASS testMethodStatusCONF">
               <td width="100%" class="firstMethodCell">
                  <a onclick="toggleDetailsVisibility('com.test.regression.cub.testscripts.Coupons_closeDriver_byStatus_passed_PASS25_details')">closeDriver(public void com.test.regression.cub.testscripts.Coupons.addCouponForNoCardNewUser())</a>
               </td>
               <td nowrap="true">17:19:00</td>
               <td nowrap="true" align="right">1s
                  
               </td>
               <td nowrap="true">
                   
                  
               </td>
            </tr>
            <tr>
               <td colspan="4" class="detailsBox">
                  <div id="com.test.regression.cub.testscripts.Coupons_closeDriver_byStatus_passed_PASS25_details"
                       class="testMethodDetails">
                     <div>
                        <b>Name: </b>closeDriver
                     </div>
                     <div>
                        <b>Signature: </b>closeDriver(java.lang.reflect.Method)[pri:0, instance:com.test.regression.cub.testscripts.Coupons@2f686d1f]
                     </div>
                     <div>
                        <b>Parameters: </b>
                        
                        public void com.test.regression.cub.testscripts.Coupons.addCouponForNoCardNewUser()
                        
                        
                     </div>
                     <div>
                        <b>Start time: </b>17:19:00
                     </div>
                     <div>
                        <b>End time: </b>17:19:02
                     </div>
                     <div>
                        <b>Duration: </b>1s
                        
                     </div>
                  </div>
               </td>
            </tr>
            <tr></tr>
            <tr id="com.test.regression.cub.testscripts.Coupons_initialization_byStatus_passed_PASS26_row"
                class="testMethodStatusPASS testMethodStatusCONF">
               <td width="100%" class="firstMethodCell">
                  <a onclick="toggleDetailsVisibility('com.test.regression.cub.testscripts.Coupons_initialization_byStatus_passed_PASS26_details')">initialization(public void com.test.regression.cub.testscripts.Coupons.addCouponForNoCardNotNowCardlessIdNewUser())</a>
               </td>
               <td nowrap="true">17:19:02</td>
               <td nowrap="true" align="right">10s
                  
               </td>
               <td nowrap="true">
                   
                  
               </td>
            </tr>
            <tr>
               <td colspan="4" class="detailsBox">
                  <div id="com.test.regression.cub.testscripts.Coupons_initialization_byStatus_passed_PASS26_details"
                       class="testMethodDetails">
                     <div>
                        <b>Name: </b>initialization
                     </div>
                     <div>
                        <b>Signature: </b>initialization(java.lang.reflect.Method)[pri:0, instance:com.test.regression.cub.testscripts.Coupons@2f686d1f]
                     </div>
                     <div>
                        <b>Parameters: </b>
                        
                        public void com.test.regression.cub.testscripts.Coupons.addCouponForNoCardNotNowCardlessIdNewUser()
                        
                        
                     </div>
                     <div>
                        <b>Start time: </b>17:19:02
                     </div>
                     <div>
                        <b>End time: </b>17:19:12
                     </div>
                     <div>
                        <b>Duration: </b>10s
                        
                     </div>
                  </div>
               </td>
            </tr>
            <tr></tr>
            <tr id="com.test.regression.cub.testscripts.Coupons_breakDown_byStatus_passed_PASS27_row"
                class="testMethodStatusPASS testMethodStatusCONF">
               <td width="100%" class="firstMethodCell">
                  <a onclick="toggleDetailsVisibility('com.test.regression.cub.testscripts.Coupons_breakDown_byStatus_passed_PASS27_details')">breakDown([TestResult name=addCouponForNoCardNotNowCardlessIdNewUser status=FAILURE method=Coupons.addCouponForNoCardNotNowCardlessIdNewUser()[pri:0,
                     instance:com.test.regression.cub.testscripts.Coupons@2f686d1f] output={null}])
                  </a>
               </td>
               <td nowrap="true">17:19:35</td>
               <td nowrap="true" align="right">110 ms
                  
               </td>
               <td nowrap="true">
                   
                  
               </td>
            </tr>
            <tr>
               <td colspan="4" class="detailsBox">
                  <div id="com.test.regression.cub.testscripts.Coupons_breakDown_byStatus_passed_PASS27_details"
                       class="testMethodDetails">
                     <div>
                        <b>Name: </b>breakDown
                     </div>
                     <div>
                        <b>Signature: </b>breakDown(org.testng.ITestResult)[pri:0, instance:com.test.regression.cub.testscripts.Coupons@2f686d1f]
                     </div>
                     <div>
                        <b>Parameters: </b>
                        
                        [TestResult name=addCouponForNoCardNotNowCardlessIdNewUser status=FAILURE method=Coupons.addCouponForNoCardNotNowCardlessIdNewUser()[pri:0,
                        instance:com.test.regression.cub.testscripts.Coupons@2f686d1f] output={null}]
                        
                        
                     </div>
                     <div>
                        <b>Start time: </b>17:19:35
                     </div>
                     <div>
                        <b>End time: </b>17:19:35
                     </div>
                     <div>
                        <b>Duration: </b>110 ms
                        
                     </div>
                  </div>
               </td>
            </tr>
            <tr></tr>
            <tr id="com.test.regression.cub.testscripts.Coupons_closeDriver_byStatus_passed_PASS28_row"
                class="testMethodStatusPASS testMethodStatusCONF">
               <td width="100%" class="firstMethodCell">
                  <a onclick="toggleDetailsVisibility('com.test.regression.cub.testscripts.Coupons_closeDriver_byStatus_passed_PASS28_details')">closeDriver(public void com.test.regression.cub.testscripts.Coupons.addCouponForNoCardNotNowCardlessIdNewUser())</a>
               </td>
               <td nowrap="true">17:19:35</td>
               <td nowrap="true" align="right">2s
                  
               </td>
               <td nowrap="true">
                   
                  
               </td>
            </tr>
            <tr>
               <td colspan="4" class="detailsBox">
                  <div id="com.test.regression.cub.testscripts.Coupons_closeDriver_byStatus_passed_PASS28_details"
                       class="testMethodDetails">
                     <div>
                        <b>Name: </b>closeDriver
                     </div>
                     <div>
                        <b>Signature: </b>closeDriver(java.lang.reflect.Method)[pri:0, instance:com.test.regression.cub.testscripts.Coupons@2f686d1f]
                     </div>
                     <div>
                        <b>Parameters: </b>
                        
                        public void com.test.regression.cub.testscripts.Coupons.addCouponForNoCardNotNowCardlessIdNewUser()
                        
                        
                     </div>
                     <div>
                        <b>Start time: </b>17:19:35
                     </div>
                     <div>
                        <b>End time: </b>17:19:38
                     </div>
                     <div>
                        <b>Duration: </b>2s
                        
                     </div>
                  </div>
               </td>
            </tr>
            <tr></tr>
            <tr id="com.test.regression.cub.testscripts.Coupons_initialization_byStatus_passed_PASS29_row"
                class="testMethodStatusPASS testMethodStatusCONF">
               <td width="100%" class="firstMethodCell">
                  <a onclick="toggleDetailsVisibility('com.test.regression.cub.testscripts.Coupons_initialization_byStatus_passed_PASS29_details')">initialization(public void com.test.regression.cub.testscripts.Coupons.chkCouponSort() throws java.lang.InterruptedException)</a>
               </td>
               <td nowrap="true">17:19:38</td>
               <td nowrap="true" align="right">9s
                  
               </td>
               <td nowrap="true">
                   
                  
               </td>
            </tr>
            <tr>
               <td colspan="4" class="detailsBox">
                  <div id="com.test.regression.cub.testscripts.Coupons_initialization_byStatus_passed_PASS29_details"
                       class="testMethodDetails">
                     <div>
                        <b>Name: </b>initialization
                     </div>
                     <div>
                        <b>Signature: </b>initialization(java.lang.reflect.Method)[pri:0, instance:com.test.regression.cub.testscripts.Coupons@2f686d1f]
                     </div>
                     <div>
                        <b>Parameters: </b>
                        
                        public void com.test.regression.cub.testscripts.Coupons.chkCouponSort() throws java.lang.InterruptedException
                        
                        
                     </div>
                     <div>
                        <b>Start time: </b>17:19:38
                     </div>
                     <div>
                        <b>End time: </b>17:19:47
                     </div>
                     <div>
                        <b>Duration: </b>9s
                        
                     </div>
                  </div>
               </td>
            </tr>
            <tr></tr>
            <tr id="com.test.regression.cub.testscripts.Coupons_breakDown_byStatus_passed_PASS30_row"
                class="testMethodStatusPASS testMethodStatusCONF">
               <td width="100%" class="firstMethodCell">
                  <a onclick="toggleDetailsVisibility('com.test.regression.cub.testscripts.Coupons_breakDown_byStatus_passed_PASS30_details')">breakDown([TestResult name=chkCouponSort status=FAILURE method=Coupons.chkCouponSort()[pri:0, instance:com.test.regression.cub.testscripts.Coupons@2f686d1f]
                     output={null}])
                  </a>
               </td>
               <td nowrap="true">17:35:07</td>
               <td nowrap="true" align="right">4s
                  
               </td>
               <td nowrap="true">
                   
                  
               </td>
            </tr>
            <tr>
               <td colspan="4" class="detailsBox">
                  <div id="com.test.regression.cub.testscripts.Coupons_breakDown_byStatus_passed_PASS30_details"
                       class="testMethodDetails">
                     <div>
                        <b>Name: </b>breakDown
                     </div>
                     <div>
                        <b>Signature: </b>breakDown(org.testng.ITestResult)[pri:0, instance:com.test.regression.cub.testscripts.Coupons@2f686d1f]
                     </div>
                     <div>
                        <b>Parameters: </b>
                        
                        [TestResult name=chkCouponSort status=FAILURE method=Coupons.chkCouponSort()[pri:0, instance:com.test.regression.cub.testscripts.Coupons@2f686d1f]
                        output={null}]
                        
                        
                     </div>
                     <div>
                        <b>Start time: </b>17:35:07
                     </div>
                     <div>
                        <b>End time: </b>17:35:11
                     </div>
                     <div>
                        <b>Duration: </b>4s
                        
                     </div>
                  </div>
               </td>
            </tr>
            <tr></tr>
            <tr id="com.test.regression.cub.testscripts.Coupons_closeDriver_byStatus_passed_PASS31_row"
                class="testMethodStatusPASS testMethodStatusCONF">
               <td width="100%" class="firstMethodCell">
                  <a onclick="toggleDetailsVisibility('com.test.regression.cub.testscripts.Coupons_closeDriver_byStatus_passed_PASS31_details')">closeDriver(public void com.test.regression.cub.testscripts.Coupons.chkCouponSort() throws java.lang.InterruptedException)</a>
               </td>
               <td nowrap="true">17:35:11</td>
               <td nowrap="true" align="right">3s
                  
               </td>
               <td nowrap="true">
                   
                  
               </td>
            </tr>
            <tr>
               <td colspan="4" class="detailsBox">
                  <div id="com.test.regression.cub.testscripts.Coupons_closeDriver_byStatus_passed_PASS31_details"
                       class="testMethodDetails">
                     <div>
                        <b>Name: </b>closeDriver
                     </div>
                     <div>
                        <b>Signature: </b>closeDriver(java.lang.reflect.Method)[pri:0, instance:com.test.regression.cub.testscripts.Coupons@2f686d1f]
                     </div>
                     <div>
                        <b>Parameters: </b>
                        
                        public void com.test.regression.cub.testscripts.Coupons.chkCouponSort() throws java.lang.InterruptedException
                        
                        
                     </div>
                     <div>
                        <b>Start time: </b>17:35:11
                     </div>
                     <div>
                        <b>End time: </b>17:35:15
                     </div>
                     <div>
                        <b>Duration: </b>3s
                        
                     </div>
                  </div>
               </td>
            </tr>
            <tr></tr>
         </table>
      </div>
      <div id="testMethodsByClass">
         <table class="testMethodsTable" cellpadding="0" cellspacing="0">
            <tr>
               <td colspan="4">
                  <h3 style="display: inline;">com.test.regression.cub.testscripts.Coupons</h3>
               </td>
            </tr>
            <tr class="methodsTableHeader">
               <td width="100%">Name</td>
               <td nowrap="true">Started</td>
               <td nowrap="true">Duration</td>
               <td>Exception</td>
            </tr>
            <tr id="com.test.regression.cub.testscripts.Coupons_DataSetUp_byClass_PASS1_row"
                class="testMethodStatusPASS testMethodStatusCONF">
               <td width="100%" class="firstMethodCell">
                  <a onclick="toggleDetailsVisibility('com.test.regression.cub.testscripts.Coupons_DataSetUp_byClass_PASS1_details')">DataSetUp()</a>
               </td>
               <td nowrap="true">13:02:14</td>
               <td nowrap="true" align="right">677 ms
                  
               </td>
               <td nowrap="true">
                   
                  
               </td>
            </tr>
            <tr>
               <td colspan="4" class="detailsBox">
                  <div id="com.test.regression.cub.testscripts.Coupons_DataSetUp_byClass_PASS1_details"
                       class="testMethodDetails">
                     <div>
                        <b>Name: </b>DataSetUp
                     </div>
                     <div>
                        <b>Signature: </b>DataSetUp()[pri:0, instance:com.test.regression.cub.testscripts.Coupons@2f686d1f]
                     </div>
                     <div>
                        <b>Start time: </b>13:02:14
                     </div>
                     <div>
                        <b>End time: </b>13:02:15
                     </div>
                     <div>
                        <b>Duration: </b>677 ms
                        
                     </div>
                  </div>
               </td>
            </tr>
            <tr></tr>
            <tr id="com.test.regression.cub.testscripts.Coupons_initialization_byClass_PASS2_row"
                class="testMethodStatusPASS testMethodStatusCONF">
               <td width="100%" class="firstMethodCell">
                  <a onclick="toggleDetailsVisibility('com.test.regression.cub.testscripts.Coupons_initialization_byClass_PASS2_details')">initialization(public void com.test.regression.cub.testscripts.Coupons.addCouponForAuthorizedUser())</a>
               </td>
               <td nowrap="true">16:41:00</td>
               <td nowrap="true" align="right">20s
                  
               </td>
               <td nowrap="true">
                   
                  
               </td>
            </tr>
            <tr>
               <td colspan="4" class="detailsBox">
                  <div id="com.test.regression.cub.testscripts.Coupons_initialization_byClass_PASS2_details"
                       class="testMethodDetails">
                     <div>
                        <b>Name: </b>initialization
                     </div>
                     <div>
                        <b>Signature: </b>initialization(java.lang.reflect.Method)[pri:0, instance:com.test.regression.cub.testscripts.Coupons@2f686d1f]
                     </div>
                     <div>
                        <b>Parameters: </b>
                        
                        public void com.test.regression.cub.testscripts.Coupons.addCouponForAuthorizedUser()
                        
                        
                     </div>
                     <div>
                        <b>Start time: </b>16:41:00
                     </div>
                     <div>
                        <b>End time: </b>16:41:20
                     </div>
                     <div>
                        <b>Duration: </b>20s
                        
                     </div>
                  </div>
               </td>
            </tr>
            <tr></tr>
            <tr id="com.test.regression.cub.testscripts.Coupons_addCouponForAuthorizedUser_byClass_FAIL3_row"
                class="testMethodStatusFAIL">
               <td width="100%" class="firstMethodCell">
                  <a onclick="toggleDetailsVisibility('com.test.regression.cub.testscripts.Coupons_addCouponForAuthorizedUser_byClass_FAIL3_details')">addCouponForAuthorizedUser()</a>
               </td>
               <td nowrap="true">16:41:20</td>
               <td nowrap="true" align="right">50s
                  
               </td>
               <td nowrap="true">
                  <a onclick="toggleDetailsVisibility('com.test.regression.cub.testscripts.Coupons_addCouponForAuthorizedUser_byClass_FAIL3_exception')">java.lang.AssertionError: 
                     no such element: Unable to locate element: {"method":"xpath","selector":"//div[@class='coupon-list']/div[31]/div/div/div[1]"}
                     (Session info: chrome=52.0.2743.116)
                     (Driver info: chromedriver=2.22.397933 (1cab651507b88dec79b2b2a22d1943c01833cc1b),platform=Windows NT 6.1.7601 SP1 x86_64)
                     (WARNING: The server did not provide any stacktrace information)
                     Command duration or timeout: 20.05 seconds
                     For documentation on this error, please visit: http://seleniumhq.org/exceptions/no_such_element.html
                     Build info: version: '2.53.0', revision: '35ae25b1534ae328c771e0856c93e187490ca824', time: '2016-03-15 10:43:46'
                     System info: host: 'SDEVPCSVU7112', ip: '10.15.142.48', os.name: 'Windows 7', os.arch: 'amd64', os.version: '6.1', java.version:
                     '1.8.0_73'
                     Driver info: org.openqa.selenium.chrome.ChromeDriver
                     Capabilities [{applicationCacheEnabled=false, rotatable=false, mobileEmulationEnabled=false, chrome={chromedriverVersion=2.22.397933
                     (1cab651507b88dec79b2b2a22d1943c01833cc1b), userDataDir=C:\Users\jrag00m\AppData\Local\Temp\scoped_dir136624_14713}, takesHeapSnapshot=true,
                     databaseEnabled=false, handlesAlerts=true, hasTouchScreen=false, version=52.0.2743.116, platform=XP, browserConnectionEnabled=false,
                     nativeEvents=true, acceptSslCerts=true, locationContextEnabled=true, webStorageEnabled=true, browserName=chrome, takesScreenshot=true,
                     javascriptEnabled=true, cssSelectorsEnabled=true}]
                     Session ID: 944b7b8d2c9eae76458cc81d7fbe74c3
                     *** Element info: {Using=xpath, value=//div[@class='coupon-list']/div[31]/div/div/div[1]}
                     
                  </a>
                   
                  
               </td>
            </tr>
            <tr>
               <td colspan="4" class="detailsBox">
                  <div id="com.test.regression.cub.testscripts.Coupons_addCouponForAuthorizedUser_byClass_FAIL3_details"
                       class="testMethodDetails">
                     <div>
                        <b>Name: </b>addCouponForAuthorizedUser
                     </div>
                     <div>
                        <b>Signature: </b>addCouponForAuthorizedUser()[pri:0, instance:com.test.regression.cub.testscripts.Coupons@2f686d1f]
                     </div>
                     <div>
                        <b>Start time: </b>16:41:20
                     </div>
                     <div>
                        <b>End time: </b>16:42:11
                     </div>
                     <div>
                        <b>Duration: </b>50s
                        
                     </div>
                  </div>
               </td>
            </tr>
            <tr>
               <td colspan="4" class="detailsBox">
                  <div id="com.test.regression.cub.testscripts.Coupons_addCouponForAuthorizedUser_byClass_FAIL3_exception"
                       class="testMethodDetails">
                     <pre style="padding: 5px; margin: 0;">java.lang.AssertionError: no such element: Unable to locate element: {"method":"xpath","selector":"//div[@class='coupon-list']/div[31]/div/div/div[1]"}
                        (Session info: chrome=52.0.2743.116)
                        (Driver info: chromedriver=2.22.397933 (1cab651507b88dec79b2b2a22d1943c01833cc1b),platform=Windows NT 6.1.7601 SP1 x86_64)
                        (WARNING: The server did not provide any stacktrace information)
                        Command duration or timeout: 20.05 seconds
                        For documentation on this error, please visit: http://seleniumhq.org/exceptions/no_such_element.html
                        Build info: version: '2.53.0', revision: '35ae25b1534ae328c771e0856c93e187490ca824', time: '2016-03-15 10:43:46'
                        System info: host: 'SDEVPCSVU7112', ip: '10.15.142.48', os.name: 'Windows 7', os.arch: 'amd64', os.version: '6.1', java.version:
                        '1.8.0_73'
                        Driver info: org.openqa.selenium.chrome.ChromeDriver
                        Capabilities [{applicationCacheEnabled=false, rotatable=false, mobileEmulationEnabled=false, chrome={chromedriverVersion=2.22.397933
                        (1cab651507b88dec79b2b2a22d1943c01833cc1b), userDataDir=C:\Users\jrag00m\AppData\Local\Temp\scoped_dir136624_14713}, takesHeapSnapshot=true,
                        databaseEnabled=false, handlesAlerts=true, hasTouchScreen=false, version=52.0.2743.116, platform=XP, browserConnectionEnabled=false,
                        nativeEvents=true, acceptSslCerts=true, locationContextEnabled=true, webStorageEnabled=true, browserName=chrome, takesScreenshot=true,
                        javascriptEnabled=true, cssSelectorsEnabled=true}]
                        Session ID: 944b7b8d2c9eae76458cc81d7fbe74c3
                        *** Element info: {Using=xpath, value=//div[@class='coupon-list']/div[31]/div/div/div[1]}
                        	at org.testng.Assert.fail(Assert.java:94)
                        	at com.test.regression.cub.testscripts.Coupons.addCouponForAuthorizedUser(Coupons.java:110)
                        	at sun.reflect.NativeMethodAccessorImpl.invoke0(Native Method)
                        	at sun.reflect.NativeMethodAccessorImpl.invoke(NativeMethodAccessorImpl.java:62)
                        	at sun.reflect.DelegatingMethodAccessorImpl.invoke(DelegatingMethodAccessorImpl.java:43)
                        	at java.lang.reflect.Method.invoke(Method.java:497)
                        	at org.testng.internal.MethodInvocationHelper.invokeMethod(MethodInvocationHelper.java:80)
                        	at org.testng.internal.Invoker.invokeMethod(Invoker.java:714)
                        	at org.testng.internal.Invoker.invokeTestMethod(Invoker.java:901)
                        	at org.testng.internal.Invoker.invokeTestMethods(Invoker.java:1231)
                        	at org.testng.internal.TestMethodWorker.invokeTestMethods(TestMethodWorker.java:127)
                        	at org.testng.internal.TestMethodWorker.run(TestMethodWorker.java:111)
                        	at org.testng.TestRunner.privateRun(TestRunner.java:767)
                        	at org.testng.TestRunner.run(TestRunner.java:617)
                        	at org.testng.SuiteRunner.runTest(SuiteRunner.java:334)
                        	at org.testng.SuiteRunner.runSequentially(SuiteRunner.java:329)
                        	at org.testng.SuiteRunner.privateRun(SuiteRunner.java:291)
                        	at org.testng.SuiteRunner.run(SuiteRunner.java:240)
                        	at org.testng.SuiteRunnerWorker.runSuite(SuiteRunnerWorker.java:52)
                        	at org.testng.SuiteRunnerWorker.run(SuiteRunnerWorker.java:86)
                        	at org.testng.TestNG.runSuitesSequentially(TestNG.java:1198)
                        	at org.testng.TestNG.runSuitesLocally(TestNG.java:1123)
                        	at org.testng.TestNG.run(TestNG.java:1031)
                        	at org.apache.maven.surefire.testng.TestNGExecutor.run(TestNGExecutor.java:178)
                        	at org.apache.maven.surefire.testng.TestNGXmlTestSuite.execute(TestNGXmlTestSuite.java:92)
                        	at org.apache.maven.surefire.testng.TestNGProvider.invoke(TestNGProvider.java:96)
                        	at sun.reflect.NativeMethodAccessorImpl.invoke0(Native Method)
                        	at sun.reflect.NativeMethodAccessorImpl.invoke(NativeMethodAccessorImpl.java:62)
                        	at sun.reflect.DelegatingMethodAccessorImpl.invoke(DelegatingMethodAccessorImpl.java:43)
                        	at java.lang.reflect.Method.invoke(Method.java:497)
                        	at org.apache.maven.surefire.util.ReflectionUtils.invokeMethodWithArray2(ReflectionUtils.java:208)
                        	at org.apache.maven.surefire.booter.ProviderFactory$ProviderProxy.invoke(ProviderFactory.java:159)
                        	at org.apache.maven.surefire.booter.ProviderFactory.invokeProvider(ProviderFactory.java:87)
                        	at org.apache.maven.surefire.booter.ForkedBooter.runSuitesInProcess(ForkedBooter.java:153)
                        	at org.apache.maven.surefire.booter.ForkedBooter.main(ForkedBooter.java:95)
                     </pre>
                  </div>
               </td>
            </tr>
            <tr id="com.test.regression.cub.testscripts.Coupons_breakDown_byClass_PASS4_row"
                class="testMethodStatusPASS testMethodStatusCONF">
               <td width="100%" class="firstMethodCell">
                  <a onclick="toggleDetailsVisibility('com.test.regression.cub.testscripts.Coupons_breakDown_byClass_PASS4_details')">breakDown([TestResult name=addCouponForAuthorizedUser status=FAILURE method=Coupons.addCouponForAuthorizedUser()[pri:0, instance:com.test.regression.cub.testscripts.Coupons@2f686d1f]
                     output={null}])
                  </a>
               </td>
               <td nowrap="true">16:42:11</td>
               <td nowrap="true" align="right">576 ms
                  
               </td>
               <td nowrap="true">
                   
                  
               </td>
            </tr>
            <tr>
               <td colspan="4" class="detailsBox">
                  <div id="com.test.regression.cub.testscripts.Coupons_breakDown_byClass_PASS4_details"
                       class="testMethodDetails">
                     <div>
                        <b>Name: </b>breakDown
                     </div>
                     <div>
                        <b>Signature: </b>breakDown(org.testng.ITestResult)[pri:0, instance:com.test.regression.cub.testscripts.Coupons@2f686d1f]
                     </div>
                     <div>
                        <b>Parameters: </b>
                        
                        [TestResult name=addCouponForAuthorizedUser status=FAILURE method=Coupons.addCouponForAuthorizedUser()[pri:0, instance:com.test.regression.cub.testscripts.Coupons@2f686d1f]
                        output={null}]
                        
                        
                     </div>
                     <div>
                        <b>Start time: </b>16:42:11
                     </div>
                     <div>
                        <b>End time: </b>16:42:12
                     </div>
                     <div>
                        <b>Duration: </b>576 ms
                        
                     </div>
                  </div>
               </td>
            </tr>
            <tr></tr>
            <tr id="com.test.regression.cub.testscripts.Coupons_closeDriver_byClass_PASS5_row"
                class="testMethodStatusPASS testMethodStatusCONF">
               <td width="100%" class="firstMethodCell">
                  <a onclick="toggleDetailsVisibility('com.test.regression.cub.testscripts.Coupons_closeDriver_byClass_PASS5_details')">closeDriver(public void com.test.regression.cub.testscripts.Coupons.addCouponForAuthorizedUser())</a>
               </td>
               <td nowrap="true">16:42:12</td>
               <td nowrap="true" align="right">3s
                  
               </td>
               <td nowrap="true">
                   
                  
               </td>
            </tr>
            <tr>
               <td colspan="4" class="detailsBox">
                  <div id="com.test.regression.cub.testscripts.Coupons_closeDriver_byClass_PASS5_details"
                       class="testMethodDetails">
                     <div>
                        <b>Name: </b>closeDriver
                     </div>
                     <div>
                        <b>Signature: </b>closeDriver(java.lang.reflect.Method)[pri:0, instance:com.test.regression.cub.testscripts.Coupons@2f686d1f]
                     </div>
                     <div>
                        <b>Parameters: </b>
                        
                        public void com.test.regression.cub.testscripts.Coupons.addCouponForAuthorizedUser()
                        
                        
                     </div>
                     <div>
                        <b>Start time: </b>16:42:12
                     </div>
                     <div>
                        <b>End time: </b>16:42:15
                     </div>
                     <div>
                        <b>Duration: </b>3s
                        
                     </div>
                  </div>
               </td>
            </tr>
            <tr></tr>
            <tr id="com.test.regression.cub.testscripts.Coupons_initialization_byClass_PASS6_row"
                class="testMethodStatusPASS testMethodStatusCONF">
               <td width="100%" class="firstMethodCell">
                  <a onclick="toggleDetailsVisibility('com.test.regression.cub.testscripts.Coupons_initialization_byClass_PASS6_details')">initialization(public void com.test.regression.cub.testscripts.Coupons.addCouponFromCouponDetailsPageForAuthorizedUser())</a>
               </td>
               <td nowrap="true">16:42:15</td>
               <td nowrap="true" align="right">14s
                  
               </td>
               <td nowrap="true">
                   
                  
               </td>
            </tr>
            <tr>
               <td colspan="4" class="detailsBox">
                  <div id="com.test.regression.cub.testscripts.Coupons_initialization_byClass_PASS6_details"
                       class="testMethodDetails">
                     <div>
                        <b>Name: </b>initialization
                     </div>
                     <div>
                        <b>Signature: </b>initialization(java.lang.reflect.Method)[pri:0, instance:com.test.regression.cub.testscripts.Coupons@2f686d1f]
                     </div>
                     <div>
                        <b>Parameters: </b>
                        
                        public void com.test.regression.cub.testscripts.Coupons.addCouponFromCouponDetailsPageForAuthorizedUser()
                        
                        
                     </div>
                     <div>
                        <b>Start time: </b>16:42:15
                     </div>
                     <div>
                        <b>End time: </b>16:42:30
                     </div>
                     <div>
                        <b>Duration: </b>14s
                        
                     </div>
                  </div>
               </td>
            </tr>
            <tr></tr>
            <tr id="com.test.regression.cub.testscripts.Coupons_addCouponFromCouponDetailsPageForAuthorizedUser_byClass_FAIL7_row"
                class="testMethodStatusFAIL">
               <td width="100%" class="firstMethodCell">
                  <a onclick="toggleDetailsVisibility('com.test.regression.cub.testscripts.Coupons_addCouponFromCouponDetailsPageForAuthorizedUser_byClass_FAIL7_details')">addCouponFromCouponDetailsPageForAuthorizedUser()</a>
               </td>
               <td nowrap="true">16:42:30</td>
               <td nowrap="true" align="right">1m
                  4s
                  
               </td>
               <td nowrap="true">
                  <a onclick="toggleDetailsVisibility('com.test.regression.cub.testscripts.Coupons_addCouponFromCouponDetailsPageForAuthorizedUser_byClass_FAIL7_exception')">java.lang.AssertionError: 
                     no such element: Unable to locate element: {"method":"xpath","selector":"//div[@class='coupon-list']/div[58]/div/div/div[1]/div[2]/h3/a"}
                     (Session info: chrome=52.0.2743.116)
                     (Driver info: chromedriver=2.22.397933 (1cab651507b88dec79b2b2a22d1943c01833cc1b),platform=Windows NT 6.1.7601 SP1 x86_64)
                     (WARNING: The server did not provide any stacktrace information)
                     Command duration or timeout: 20.25 seconds
                     For documentation on this error, please visit: http://seleniumhq.org/exceptions/no_such_element.html
                     Build info: version: '2.53.0', revision: '35ae25b1534ae328c771e0856c93e187490ca824', time: '2016-03-15 10:43:46'
                     System info: host: 'SDEVPCSVU7112', ip: '10.15.142.48', os.name: 'Windows 7', os.arch: 'amd64', os.version: '6.1', java.version:
                     '1.8.0_73'
                     Driver info: org.openqa.selenium.chrome.ChromeDriver
                     Capabilities [{applicationCacheEnabled=false, rotatable=false, mobileEmulationEnabled=false, chrome={chromedriverVersion=2.22.397933
                     (1cab651507b88dec79b2b2a22d1943c01833cc1b), userDataDir=C:\Users\jrag00m\AppData\Local\Temp\scoped_dir133800_20942}, takesHeapSnapshot=true,
                     databaseEnabled=false, handlesAlerts=true, hasTouchScreen=false, version=52.0.2743.116, platform=XP, browserConnectionEnabled=false,
                     nativeEvents=true, acceptSslCerts=true, locationContextEnabled=true, webStorageEnabled=true, browserName=chrome, takesScreenshot=true,
                     javascriptEnabled=true, cssSelectorsEnabled=true}]
                     Session ID: 7da98960745e4439ac1ea570a2af0e57
                     *** Element info: {Using=xpath, value=//div[@class='coupon-list']/div[58]/div/div/div[1]/div[2]/h3/a}
                     
                  </a>
                   
                  
               </td>
            </tr>
            <tr>
               <td colspan="4" class="detailsBox">
                  <div id="com.test.regression.cub.testscripts.Coupons_addCouponFromCouponDetailsPageForAuthorizedUser_byClass_FAIL7_details"
                       class="testMethodDetails">
                     <div>
                        <b>Name: </b>addCouponFromCouponDetailsPageForAuthorizedUser
                     </div>
                     <div>
                        <b>Signature: </b>addCouponFromCouponDetailsPageForAuthorizedUser()[pri:0, instance:com.test.regression.cub.testscripts.Coupons@2f686d1f]
                     </div>
                     <div>
                        <b>Start time: </b>16:42:30
                     </div>
                     <div>
                        <b>End time: </b>16:43:35
                     </div>
                     <div>
                        <b>Duration: </b>1m
                        4s
                        
                     </div>
                  </div>
               </td>
            </tr>
            <tr>
               <td colspan="4" class="detailsBox">
                  <div id="com.test.regression.cub.testscripts.Coupons_addCouponFromCouponDetailsPageForAuthorizedUser_byClass_FAIL7_exception"
                       class="testMethodDetails">
                     <pre style="padding: 5px; margin: 0;">java.lang.AssertionError: no such element: Unable to locate element: {"method":"xpath","selector":"//div[@class='coupon-list']/div[58]/div/div/div[1]/div[2]/h3/a"}
                        (Session info: chrome=52.0.2743.116)
                        (Driver info: chromedriver=2.22.397933 (1cab651507b88dec79b2b2a22d1943c01833cc1b),platform=Windows NT 6.1.7601 SP1 x86_64)
                        (WARNING: The server did not provide any stacktrace information)
                        Command duration or timeout: 20.25 seconds
                        For documentation on this error, please visit: http://seleniumhq.org/exceptions/no_such_element.html
                        Build info: version: '2.53.0', revision: '35ae25b1534ae328c771e0856c93e187490ca824', time: '2016-03-15 10:43:46'
                        System info: host: 'SDEVPCSVU7112', ip: '10.15.142.48', os.name: 'Windows 7', os.arch: 'amd64', os.version: '6.1', java.version:
                        '1.8.0_73'
                        Driver info: org.openqa.selenium.chrome.ChromeDriver
                        Capabilities [{applicationCacheEnabled=false, rotatable=false, mobileEmulationEnabled=false, chrome={chromedriverVersion=2.22.397933
                        (1cab651507b88dec79b2b2a22d1943c01833cc1b), userDataDir=C:\Users\jrag00m\AppData\Local\Temp\scoped_dir133800_20942}, takesHeapSnapshot=true,
                        databaseEnabled=false, handlesAlerts=true, hasTouchScreen=false, version=52.0.2743.116, platform=XP, browserConnectionEnabled=false,
                        nativeEvents=true, acceptSslCerts=true, locationContextEnabled=true, webStorageEnabled=true, browserName=chrome, takesScreenshot=true,
                        javascriptEnabled=true, cssSelectorsEnabled=true}]
                        Session ID: 7da98960745e4439ac1ea570a2af0e57
                        *** Element info: {Using=xpath, value=//div[@class='coupon-list']/div[58]/div/div/div[1]/div[2]/h3/a}
                        	at org.testng.Assert.fail(Assert.java:94)
                        	at com.test.regression.cub.testscripts.Coupons.addCouponFromCouponDetailsPageForAuthorizedUser(Coupons.java:682)
                        	at sun.reflect.NativeMethodAccessorImpl.invoke0(Native Method)
                        	at sun.reflect.NativeMethodAccessorImpl.invoke(NativeMethodAccessorImpl.java:62)
                        	at sun.reflect.DelegatingMethodAccessorImpl.invoke(DelegatingMethodAccessorImpl.java:43)
                        	at java.lang.reflect.Method.invoke(Method.java:497)
                        	at org.testng.internal.MethodInvocationHelper.invokeMethod(MethodInvocationHelper.java:80)
                        	at org.testng.internal.Invoker.invokeMethod(Invoker.java:714)
                        	at org.testng.internal.Invoker.invokeTestMethod(Invoker.java:901)
                        	at org.testng.internal.Invoker.invokeTestMethods(Invoker.java:1231)
                        	at org.testng.internal.TestMethodWorker.invokeTestMethods(TestMethodWorker.java:127)
                        	at org.testng.internal.TestMethodWorker.run(TestMethodWorker.java:111)
                        	at org.testng.TestRunner.privateRun(TestRunner.java:767)
                        	at org.testng.TestRunner.run(TestRunner.java:617)
                        	at org.testng.SuiteRunner.runTest(SuiteRunner.java:334)
                        	at org.testng.SuiteRunner.runSequentially(SuiteRunner.java:329)
                        	at org.testng.SuiteRunner.privateRun(SuiteRunner.java:291)
                        	at org.testng.SuiteRunner.run(SuiteRunner.java:240)
                        	at org.testng.SuiteRunnerWorker.runSuite(SuiteRunnerWorker.java:52)
                        	at org.testng.SuiteRunnerWorker.run(SuiteRunnerWorker.java:86)
                        	at org.testng.TestNG.runSuitesSequentially(TestNG.java:1198)
                        	at org.testng.TestNG.runSuitesLocally(TestNG.java:1123)
                        	at org.testng.TestNG.run(TestNG.java:1031)
                        	at org.apache.maven.surefire.testng.TestNGExecutor.run(TestNGExecutor.java:178)
                        	at org.apache.maven.surefire.testng.TestNGXmlTestSuite.execute(TestNGXmlTestSuite.java:92)
                        	at org.apache.maven.surefire.testng.TestNGProvider.invoke(TestNGProvider.java:96)
                        	at sun.reflect.NativeMethodAccessorImpl.invoke0(Native Method)
                        	at sun.reflect.NativeMethodAccessorImpl.invoke(NativeMethodAccessorImpl.java:62)
                        	at sun.reflect.DelegatingMethodAccessorImpl.invoke(DelegatingMethodAccessorImpl.java:43)
                        	at java.lang.reflect.Method.invoke(Method.java:497)
                        	at org.apache.maven.surefire.util.ReflectionUtils.invokeMethodWithArray2(ReflectionUtils.java:208)
                        	at org.apache.maven.surefire.booter.ProviderFactory$ProviderProxy.invoke(ProviderFactory.java:159)
                        	at org.apache.maven.surefire.booter.ProviderFactory.invokeProvider(ProviderFactory.java:87)
                        	at org.apache.maven.surefire.booter.ForkedBooter.runSuitesInProcess(ForkedBooter.java:153)
                        	at org.apache.maven.surefire.booter.ForkedBooter.main(ForkedBooter.java:95)
                     </pre>
                  </div>
               </td>
            </tr>
            <tr id="com.test.regression.cub.testscripts.Coupons_breakDown_byClass_PASS8_row"
                class="testMethodStatusPASS testMethodStatusCONF">
               <td width="100%" class="firstMethodCell">
                  <a onclick="toggleDetailsVisibility('com.test.regression.cub.testscripts.Coupons_breakDown_byClass_PASS8_details')">breakDown([TestResult name=addCouponFromCouponDetailsPageForAuthorizedUser status=FAILURE method=Coupons.addCouponFromCouponDetailsPageForAuthorizedUser()[pri:0,
                     instance:com.test.regression.cub.testscripts.Coupons@2f686d1f] output={null}])
                  </a>
               </td>
               <td nowrap="true">16:43:35</td>
               <td nowrap="true" align="right">1s
                  
               </td>
               <td nowrap="true">
                   
                  
               </td>
            </tr>
            <tr>
               <td colspan="4" class="detailsBox">
                  <div id="com.test.regression.cub.testscripts.Coupons_breakDown_byClass_PASS8_details"
                       class="testMethodDetails">
                     <div>
                        <b>Name: </b>breakDown
                     </div>
                     <div>
                        <b>Signature: </b>breakDown(org.testng.ITestResult)[pri:0, instance:com.test.regression.cub.testscripts.Coupons@2f686d1f]
                     </div>
                     <div>
                        <b>Parameters: </b>
                        
                        [TestResult name=addCouponFromCouponDetailsPageForAuthorizedUser status=FAILURE method=Coupons.addCouponFromCouponDetailsPageForAuthorizedUser()[pri:0,
                        instance:com.test.regression.cub.testscripts.Coupons@2f686d1f] output={null}]
                        
                        
                     </div>
                     <div>
                        <b>Start time: </b>16:43:35
                     </div>
                     <div>
                        <b>End time: </b>16:43:36
                     </div>
                     <div>
                        <b>Duration: </b>1s
                        
                     </div>
                  </div>
               </td>
            </tr>
            <tr></tr>
            <tr id="com.test.regression.cub.testscripts.Coupons_closeDriver_byClass_PASS9_row"
                class="testMethodStatusPASS testMethodStatusCONF">
               <td width="100%" class="firstMethodCell">
                  <a onclick="toggleDetailsVisibility('com.test.regression.cub.testscripts.Coupons_closeDriver_byClass_PASS9_details')">closeDriver(public void com.test.regression.cub.testscripts.Coupons.addCouponFromCouponDetailsPageForAuthorizedUser())</a>
               </td>
               <td nowrap="true">16:43:36</td>
               <td nowrap="true" align="right">7s
                  
               </td>
               <td nowrap="true">
                   
                  
               </td>
            </tr>
            <tr>
               <td colspan="4" class="detailsBox">
                  <div id="com.test.regression.cub.testscripts.Coupons_closeDriver_byClass_PASS9_details"
                       class="testMethodDetails">
                     <div>
                        <b>Name: </b>closeDriver
                     </div>
                     <div>
                        <b>Signature: </b>closeDriver(java.lang.reflect.Method)[pri:0, instance:com.test.regression.cub.testscripts.Coupons@2f686d1f]
                     </div>
                     <div>
                        <b>Parameters: </b>
                        
                        public void com.test.regression.cub.testscripts.Coupons.addCouponFromCouponDetailsPageForAuthorizedUser()
                        
                        
                     </div>
                     <div>
                        <b>Start time: </b>16:43:36
                     </div>
                     <div>
                        <b>End time: </b>16:43:43
                     </div>
                     <div>
                        <b>Duration: </b>7s
                        
                     </div>
                  </div>
               </td>
            </tr>
            <tr></tr>
            <tr id="com.test.regression.cub.testscripts.Coupons_initialization_byClass_PASS10_row"
                class="testMethodStatusPASS testMethodStatusCONF">
               <td width="100%" class="firstMethodCell">
                  <a onclick="toggleDetailsVisibility('com.test.regression.cub.testscripts.Coupons_initialization_byClass_PASS10_details')">initialization(public void com.test.regression.cub.testscripts.Coupons.couponPageFullLoad() throws javax.xml.xpath.XPathExpressionException,javax.xml.parsers.ParserConfigurationException,org.xml.sax.SAXException,java.io.IOException,java.lang.InterruptedException)</a>
               </td>
               <td nowrap="true">16:43:43</td>
               <td nowrap="true" align="right">42s
                  
               </td>
               <td nowrap="true">
                   
                  
               </td>
            </tr>
            <tr>
               <td colspan="4" class="detailsBox">
                  <div id="com.test.regression.cub.testscripts.Coupons_initialization_byClass_PASS10_details"
                       class="testMethodDetails">
                     <div>
                        <b>Name: </b>initialization
                     </div>
                     <div>
                        <b>Signature: </b>initialization(java.lang.reflect.Method)[pri:0, instance:com.test.regression.cub.testscripts.Coupons@2f686d1f]
                     </div>
                     <div>
                        <b>Parameters: </b>
                        
                        public void com.test.regression.cub.testscripts.Coupons.couponPageFullLoad() throws javax.xml.xpath.XPathExpressionException,javax.xml.parsers.ParserConfigurationException,org.xml.sax.SAXException,java.io.IOException,java.lang.InterruptedException
                        
                        
                     </div>
                     <div>
                        <b>Start time: </b>16:43:43
                     </div>
                     <div>
                        <b>End time: </b>16:44:26
                     </div>
                     <div>
                        <b>Duration: </b>42s
                        
                     </div>
                  </div>
               </td>
            </tr>
            <tr></tr>
            <tr id="com.test.regression.cub.testscripts.Coupons_couponPageFullLoad_byClass_FAIL11_row"
                class="testMethodStatusFAIL">
               <td width="100%" class="firstMethodCell">
                  <a onclick="toggleDetailsVisibility('com.test.regression.cub.testscripts.Coupons_couponPageFullLoad_byClass_FAIL11_details')">couponPageFullLoad()</a>
               </td>
               <td nowrap="true">16:44:26</td>
               <td nowrap="true" align="right">31m
                  17s
                  
               </td>
               <td nowrap="true">
                  <a onclick="toggleDetailsVisibility('com.test.regression.cub.testscripts.Coupons_couponPageFullLoad_byClass_FAIL11_exception')">org.openqa.selenium.WebDriverException: 
                     chrome not reachable
                     (Session info: chrome=52.0.2743.116)
                     (Driver info: chromedriver=2.22.397933 (1cab651507b88dec79b2b2a22d1943c01833cc1b),platform=Windows NT 6.1.7601 SP1 x86_64)
                     (WARNING: The server did not provide any stacktrace information)
                     Command duration or timeout: 4.00 seconds
                     Build info: version: '2.53.0', revision: '35ae25b1534ae328c771e0856c93e187490ca824', time: '2016-03-15 10:43:46'
                     System info: host: 'SDEVPCSVU7112', ip: '10.15.142.48', os.name: 'Windows 7', os.arch: 'amd64', os.version: '6.1', java.version:
                     '1.8.0_73'
                     Driver info: org.openqa.selenium.chrome.ChromeDriver
                     Capabilities [{applicationCacheEnabled=false, rotatable=false, mobileEmulationEnabled=false, chrome={chromedriverVersion=2.22.397933
                     (1cab651507b88dec79b2b2a22d1943c01833cc1b), userDataDir=C:\Users\jrag00m\AppData\Local\Temp\scoped_dir134592_26957}, takesHeapSnapshot=true,
                     databaseEnabled=false, handlesAlerts=true, hasTouchScreen=false, version=52.0.2743.116, platform=XP, browserConnectionEnabled=false,
                     nativeEvents=true, acceptSslCerts=true, locationContextEnabled=true, webStorageEnabled=true, browserName=chrome, takesScreenshot=true,
                     javascriptEnabled=true, cssSelectorsEnabled=true}]
                     Session ID: 6b7faa0a29b5eb1eb3e63079b4142838
                     *** Element info: {Using=xpath, value=//button[@class='button tiny more-coupons-button']}
                     
                  </a>
                   
                  
               </td>
            </tr>
            <tr>
               <td colspan="4" class="detailsBox">
                  <div id="com.test.regression.cub.testscripts.Coupons_couponPageFullLoad_byClass_FAIL11_details"
                       class="testMethodDetails">
                     <div>
                        <b>Name: </b>couponPageFullLoad
                     </div>
                     <div>
                        <b>Signature: </b>couponPageFullLoad()[pri:0, instance:com.test.regression.cub.testscripts.Coupons@2f686d1f]
                     </div>
                     <div>
                        <b>Start time: </b>16:44:26
                     </div>
                     <div>
                        <b>End time: </b>17:15:44
                     </div>
                     <div>
                        <b>Duration: </b>31m
                        17s
                        
                     </div>
                  </div>
               </td>
            </tr>
            <tr>
               <td colspan="4" class="detailsBox">
                  <div id="com.test.regression.cub.testscripts.Coupons_couponPageFullLoad_byClass_FAIL11_exception"
                       class="testMethodDetails">
                     <pre style="padding: 5px; margin: 0;">org.openqa.selenium.WebDriverException: chrome not reachable
                        (Session info: chrome=52.0.2743.116)
                        (Driver info: chromedriver=2.22.397933 (1cab651507b88dec79b2b2a22d1943c01833cc1b),platform=Windows NT 6.1.7601 SP1 x86_64)
                        (WARNING: The server did not provide any stacktrace information)
                        Command duration or timeout: 4.00 seconds
                        Build info: version: '2.53.0', revision: '35ae25b1534ae328c771e0856c93e187490ca824', time: '2016-03-15 10:43:46'
                        System info: host: 'SDEVPCSVU7112', ip: '10.15.142.48', os.name: 'Windows 7', os.arch: 'amd64', os.version: '6.1', java.version:
                        '1.8.0_73'
                        Driver info: org.openqa.selenium.chrome.ChromeDriver
                        Capabilities [{applicationCacheEnabled=false, rotatable=false, mobileEmulationEnabled=false, chrome={chromedriverVersion=2.22.397933
                        (1cab651507b88dec79b2b2a22d1943c01833cc1b), userDataDir=C:\Users\jrag00m\AppData\Local\Temp\scoped_dir134592_26957}, takesHeapSnapshot=true,
                        databaseEnabled=false, handlesAlerts=true, hasTouchScreen=false, version=52.0.2743.116, platform=XP, browserConnectionEnabled=false,
                        nativeEvents=true, acceptSslCerts=true, locationContextEnabled=true, webStorageEnabled=true, browserName=chrome, takesScreenshot=true,
                        javascriptEnabled=true, cssSelectorsEnabled=true}]
                        Session ID: 6b7faa0a29b5eb1eb3e63079b4142838
                        *** Element info: {Using=xpath, value=//button[@class='button tiny more-coupons-button']}
                        	at sun.reflect.NativeConstructorAccessorImpl.newInstance0(Native Method)
                        	at sun.reflect.NativeConstructorAccessorImpl.newInstance(NativeConstructorAccessorImpl.java:62)
                        	at sun.reflect.DelegatingConstructorAccessorImpl.newInstance(DelegatingConstructorAccessorImpl.java:45)
                        	at java.lang.reflect.Constructor.newInstance(Constructor.java:422)
                        	at org.openqa.selenium.remote.ErrorHandler.createThrowable(ErrorHandler.java:206)
                        	at org.openqa.selenium.remote.ErrorHandler.throwIfResponseFailed(ErrorHandler.java:158)
                        	at org.openqa.selenium.remote.RemoteWebDriver.execute(RemoteWebDriver.java:678)
                        	at org.openqa.selenium.remote.RemoteWebDriver.findElement(RemoteWebDriver.java:363)
                        	at org.openqa.selenium.remote.RemoteWebDriver.findElementByXPath(RemoteWebDriver.java:500)
                        	at org.openqa.selenium.By$ByXPath.findElement(By.java:361)
                        	at org.openqa.selenium.remote.RemoteWebDriver.findElement(RemoteWebDriver.java:355)
                        	at org.openqa.selenium.support.pagefactory.DefaultElementLocator.findElement(DefaultElementLocator.java:69)
                        	at org.openqa.selenium.support.pagefactory.internal.LocatingElementHandler.invoke(LocatingElementHandler.java:38)
                        	at com.sun.proxy.$Proxy6.isDisplayed(Unknown Source)
                        	at com.test.regression.cub.pages.CouponPage.loadCompleteCouponsPage(CouponPage.java:264)
                        	at com.test.regression.cub.testscripts.Coupons.couponPageFullLoad(Coupons.java:353)
                        	at sun.reflect.NativeMethodAccessorImpl.invoke0(Native Method)
                        	at sun.reflect.NativeMethodAccessorImpl.invoke(NativeMethodAccessorImpl.java:62)
                        	at sun.reflect.DelegatingMethodAccessorImpl.invoke(DelegatingMethodAccessorImpl.java:43)
                        	at java.lang.reflect.Method.invoke(Method.java:497)
                        	at org.testng.internal.MethodInvocationHelper.invokeMethod(MethodInvocationHelper.java:80)
                        	at org.testng.internal.Invoker.invokeMethod(Invoker.java:714)
                        	at org.testng.internal.Invoker.invokeTestMethod(Invoker.java:901)
                        	at org.testng.internal.Invoker.invokeTestMethods(Invoker.java:1231)
                        	at org.testng.internal.TestMethodWorker.invokeTestMethods(TestMethodWorker.java:127)
                        	at org.testng.internal.TestMethodWorker.run(TestMethodWorker.java:111)
                        	at org.testng.TestRunner.privateRun(TestRunner.java:767)
                        	at org.testng.TestRunner.run(TestRunner.java:617)
                        	at org.testng.SuiteRunner.runTest(SuiteRunner.java:334)
                        	at org.testng.SuiteRunner.runSequentially(SuiteRunner.java:329)
                        	at org.testng.SuiteRunner.privateRun(SuiteRunner.java:291)
                        	at org.testng.SuiteRunner.run(SuiteRunner.java:240)
                        	at org.testng.SuiteRunnerWorker.runSuite(SuiteRunnerWorker.java:52)
                        	at org.testng.SuiteRunnerWorker.run(SuiteRunnerWorker.java:86)
                        	at org.testng.TestNG.runSuitesSequentially(TestNG.java:1198)
                        	at org.testng.TestNG.runSuitesLocally(TestNG.java:1123)
                        	at org.testng.TestNG.run(TestNG.java:1031)
                        	at org.apache.maven.surefire.testng.TestNGExecutor.run(TestNGExecutor.java:178)
                        	at org.apache.maven.surefire.testng.TestNGXmlTestSuite.execute(TestNGXmlTestSuite.java:92)
                        	at org.apache.maven.surefire.testng.TestNGProvider.invoke(TestNGProvider.java:96)
                        	at sun.reflect.NativeMethodAccessorImpl.invoke0(Native Method)
                        	at sun.reflect.NativeMethodAccessorImpl.invoke(NativeMethodAccessorImpl.java:62)
                        	at sun.reflect.DelegatingMethodAccessorImpl.invoke(DelegatingMethodAccessorImpl.java:43)
                        	at java.lang.reflect.Method.invoke(Method.java:497)
                        	at org.apache.maven.surefire.util.ReflectionUtils.invokeMethodWithArray2(ReflectionUtils.java:208)
                        	at org.apache.maven.surefire.booter.ProviderFactory$ProviderProxy.invoke(ProviderFactory.java:159)
                        	at org.apache.maven.surefire.booter.ProviderFactory.invokeProvider(ProviderFactory.java:87)
                        	at org.apache.maven.surefire.booter.ForkedBooter.runSuitesInProcess(ForkedBooter.java:153)
                        	at org.apache.maven.surefire.booter.ForkedBooter.main(ForkedBooter.java:95)
                     </pre>
                  </div>
               </td>
            </tr>
            <tr id="com.test.regression.cub.testscripts.Coupons_breakDown_byClass_PASS12_row"
                class="testMethodStatusPASS testMethodStatusCONF">
               <td width="100%" class="firstMethodCell">
                  <a onclick="toggleDetailsVisibility('com.test.regression.cub.testscripts.Coupons_breakDown_byClass_PASS12_details')">breakDown([TestResult name=couponPageFullLoad status=FAILURE method=Coupons.couponPageFullLoad()[pri:0, instance:com.test.regression.cub.testscripts.Coupons@2f686d1f]
                     output={null}])
                  </a>
               </td>
               <td nowrap="true">17:15:44</td>
               <td nowrap="true" align="right">4s
                  
               </td>
               <td nowrap="true">
                   
                  
               </td>
            </tr>
            <tr>
               <td colspan="4" class="detailsBox">
                  <div id="com.test.regression.cub.testscripts.Coupons_breakDown_byClass_PASS12_details"
                       class="testMethodDetails">
                     <div>
                        <b>Name: </b>breakDown
                     </div>
                     <div>
                        <b>Signature: </b>breakDown(org.testng.ITestResult)[pri:0, instance:com.test.regression.cub.testscripts.Coupons@2f686d1f]
                     </div>
                     <div>
                        <b>Parameters: </b>
                        
                        [TestResult name=couponPageFullLoad status=FAILURE method=Coupons.couponPageFullLoad()[pri:0, instance:com.test.regression.cub.testscripts.Coupons@2f686d1f]
                        output={null}]
                        
                        
                     </div>
                     <div>
                        <b>Start time: </b>17:15:44
                     </div>
                     <div>
                        <b>End time: </b>17:15:48
                     </div>
                     <div>
                        <b>Duration: </b>4s
                        
                     </div>
                  </div>
               </td>
            </tr>
            <tr></tr>
            <tr id="com.test.regression.cub.testscripts.Coupons_closeDriver_byClass_PASS13_row"
                class="testMethodStatusPASS testMethodStatusCONF">
               <td width="100%" class="firstMethodCell">
                  <a onclick="toggleDetailsVisibility('com.test.regression.cub.testscripts.Coupons_closeDriver_byClass_PASS13_details')">closeDriver(public void com.test.regression.cub.testscripts.Coupons.couponPageFullLoad() throws javax.xml.xpath.XPathExpressionException,javax.xml.parsers.ParserConfigurationException,org.xml.sax.SAXException,java.io.IOException,java.lang.InterruptedException)</a>
               </td>
               <td nowrap="true">17:15:48</td>
               <td nowrap="true" align="right">3s
                  
               </td>
               <td nowrap="true">
                   
                  
               </td>
            </tr>
            <tr>
               <td colspan="4" class="detailsBox">
                  <div id="com.test.regression.cub.testscripts.Coupons_closeDriver_byClass_PASS13_details"
                       class="testMethodDetails">
                     <div>
                        <b>Name: </b>closeDriver
                     </div>
                     <div>
                        <b>Signature: </b>closeDriver(java.lang.reflect.Method)[pri:0, instance:com.test.regression.cub.testscripts.Coupons@2f686d1f]
                     </div>
                     <div>
                        <b>Parameters: </b>
                        
                        public void com.test.regression.cub.testscripts.Coupons.couponPageFullLoad() throws javax.xml.xpath.XPathExpressionException,javax.xml.parsers.ParserConfigurationException,org.xml.sax.SAXException,java.io.IOException,java.lang.InterruptedException
                        
                        
                     </div>
                     <div>
                        <b>Start time: </b>17:15:48
                     </div>
                     <div>
                        <b>End time: </b>17:15:51
                     </div>
                     <div>
                        <b>Duration: </b>3s
                        
                     </div>
                  </div>
               </td>
            </tr>
            <tr></tr>
            <tr id="com.test.regression.cub.testscripts.Coupons_initialization_byClass_PASS14_row"
                class="testMethodStatusPASS testMethodStatusCONF">
               <td width="100%" class="firstMethodCell">
                  <a onclick="toggleDetailsVisibility('com.test.regression.cub.testscripts.Coupons_initialization_byClass_PASS14_details')">initialization(public void com.test.regression.cub.testscripts.Coupons.searchTestInCoupons())</a>
               </td>
               <td nowrap="true">17:15:51</td>
               <td nowrap="true" align="right">10s
                  
               </td>
               <td nowrap="true">
                   
                  
               </td>
            </tr>
            <tr>
               <td colspan="4" class="detailsBox">
                  <div id="com.test.regression.cub.testscripts.Coupons_initialization_byClass_PASS14_details"
                       class="testMethodDetails">
                     <div>
                        <b>Name: </b>initialization
                     </div>
                     <div>
                        <b>Signature: </b>initialization(java.lang.reflect.Method)[pri:0, instance:com.test.regression.cub.testscripts.Coupons@2f686d1f]
                     </div>
                     <div>
                        <b>Parameters: </b>
                        
                        public void com.test.regression.cub.testscripts.Coupons.searchTestInCoupons()
                        
                        
                     </div>
                     <div>
                        <b>Start time: </b>17:15:51
                     </div>
                     <div>
                        <b>End time: </b>17:16:02
                     </div>
                     <div>
                        <b>Duration: </b>10s
                        
                     </div>
                  </div>
               </td>
            </tr>
            <tr></tr>
            <tr id="com.test.regression.cub.testscripts.Coupons_searchTestInCoupons_byClass_PASS15_row"
                class="testMethodStatusPASS">
               <td width="100%" class="firstMethodCell">
                  <a onclick="toggleDetailsVisibility('com.test.regression.cub.testscripts.Coupons_searchTestInCoupons_byClass_PASS15_details')">searchTestInCoupons()</a>
               </td>
               <td nowrap="true">17:16:02</td>
               <td nowrap="true" align="right">9s
                  
               </td>
               <td nowrap="true">
                   
                  
               </td>
            </tr>
            <tr>
               <td colspan="4" class="detailsBox">
                  <div id="com.test.regression.cub.testscripts.Coupons_searchTestInCoupons_byClass_PASS15_details"
                       class="testMethodDetails">
                     <div>
                        <b>Name: </b>searchTestInCoupons
                     </div>
                     <div>
                        <b>Signature: </b>searchTestInCoupons()[pri:0, instance:com.test.regression.cub.testscripts.Coupons@2f686d1f]
                     </div>
                     <div>
                        <b>Start time: </b>17:16:02
                     </div>
                     <div>
                        <b>End time: </b>17:16:11
                     </div>
                     <div>
                        <b>Duration: </b>9s
                        
                     </div>
                  </div>
               </td>
            </tr>
            <tr></tr>
            <tr id="com.test.regression.cub.testscripts.Coupons_breakDown_byClass_PASS16_row"
                class="testMethodStatusPASS testMethodStatusCONF">
               <td width="100%" class="firstMethodCell">
                  <a onclick="toggleDetailsVisibility('com.test.regression.cub.testscripts.Coupons_breakDown_byClass_PASS16_details')">breakDown([TestResult name=searchTestInCoupons status=SUCCESS method=Coupons.searchTestInCoupons()[pri:0, instance:com.test.regression.cub.testscripts.Coupons@2f686d1f]
                     output={null}])
                  </a>
               </td>
               <td nowrap="true">17:16:11</td>
               <td nowrap="true" align="right">0 ms
                  
               </td>
               <td nowrap="true">
                   
                  
               </td>
            </tr>
            <tr>
               <td colspan="4" class="detailsBox">
                  <div id="com.test.regression.cub.testscripts.Coupons_breakDown_byClass_PASS16_details"
                       class="testMethodDetails">
                     <div>
                        <b>Name: </b>breakDown
                     </div>
                     <div>
                        <b>Signature: </b>breakDown(org.testng.ITestResult)[pri:0, instance:com.test.regression.cub.testscripts.Coupons@2f686d1f]
                     </div>
                     <div>
                        <b>Parameters: </b>
                        
                        [TestResult name=searchTestInCoupons status=SUCCESS method=Coupons.searchTestInCoupons()[pri:0, instance:com.test.regression.cub.testscripts.Coupons@2f686d1f]
                        output={null}]
                        
                        
                     </div>
                     <div>
                        <b>Start time: </b>17:16:11
                     </div>
                     <div>
                        <b>End time: </b>17:16:11
                     </div>
                     <div>
                        <b>Duration: </b>0 ms
                        
                     </div>
                  </div>
               </td>
            </tr>
            <tr></tr>
            <tr id="com.test.regression.cub.testscripts.Coupons_closeDriver_byClass_PASS17_row"
                class="testMethodStatusPASS testMethodStatusCONF">
               <td width="100%" class="firstMethodCell">
                  <a onclick="toggleDetailsVisibility('com.test.regression.cub.testscripts.Coupons_closeDriver_byClass_PASS17_details')">closeDriver(public void com.test.regression.cub.testscripts.Coupons.searchTestInCoupons())</a>
               </td>
               <td nowrap="true">17:16:11</td>
               <td nowrap="true" align="right">2s
                  
               </td>
               <td nowrap="true">
                   
                  
               </td>
            </tr>
            <tr>
               <td colspan="4" class="detailsBox">
                  <div id="com.test.regression.cub.testscripts.Coupons_closeDriver_byClass_PASS17_details"
                       class="testMethodDetails">
                     <div>
                        <b>Name: </b>closeDriver
                     </div>
                     <div>
                        <b>Signature: </b>closeDriver(java.lang.reflect.Method)[pri:0, instance:com.test.regression.cub.testscripts.Coupons@2f686d1f]
                     </div>
                     <div>
                        <b>Parameters: </b>
                        
                        public void com.test.regression.cub.testscripts.Coupons.searchTestInCoupons()
                        
                        
                     </div>
                     <div>
                        <b>Start time: </b>17:16:11
                     </div>
                     <div>
                        <b>End time: </b>17:16:14
                     </div>
                     <div>
                        <b>Duration: </b>2s
                        
                     </div>
                  </div>
               </td>
            </tr>
            <tr></tr>
            <tr id="com.test.regression.cub.testscripts.Coupons_initialization_byClass_PASS18_row"
                class="testMethodStatusPASS testMethodStatusCONF">
               <td width="100%" class="firstMethodCell">
                  <a onclick="toggleDetailsVisibility('com.test.regression.cub.testscripts.Coupons_initialization_byClass_PASS18_details')">initialization(public void com.test.regression.cub.testscripts.Coupons.addCouponForWantOneNewUser())</a>
               </td>
               <td nowrap="true">17:16:14</td>
               <td nowrap="true" align="right">9s
                  
               </td>
               <td nowrap="true">
                   
                  
               </td>
            </tr>
            <tr>
               <td colspan="4" class="detailsBox">
                  <div id="com.test.regression.cub.testscripts.Coupons_initialization_byClass_PASS18_details"
                       class="testMethodDetails">
                     <div>
                        <b>Name: </b>initialization
                     </div>
                     <div>
                        <b>Signature: </b>initialization(java.lang.reflect.Method)[pri:0, instance:com.test.regression.cub.testscripts.Coupons@2f686d1f]
                     </div>
                     <div>
                        <b>Parameters: </b>
                        
                        public void com.test.regression.cub.testscripts.Coupons.addCouponForWantOneNewUser()
                        
                        
                     </div>
                     <div>
                        <b>Start time: </b>17:16:14
                     </div>
                     <div>
                        <b>End time: </b>17:16:23
                     </div>
                     <div>
                        <b>Duration: </b>9s
                        
                     </div>
                  </div>
               </td>
            </tr>
            <tr></tr>
            <tr id="com.test.regression.cub.testscripts.Coupons_addCouponForWantOneNewUser_byClass_PASS19_row"
                class="testMethodStatusPASS">
               <td width="100%" class="firstMethodCell">
                  <a onclick="toggleDetailsVisibility('com.test.regression.cub.testscripts.Coupons_addCouponForWantOneNewUser_byClass_PASS19_details')">addCouponForWantOneNewUser()</a>
               </td>
               <td nowrap="true">17:16:23</td>
               <td nowrap="true" align="right">1m
                  35s
                  
               </td>
               <td nowrap="true">
                   
                  
               </td>
            </tr>
            <tr>
               <td colspan="4" class="detailsBox">
                  <div id="com.test.regression.cub.testscripts.Coupons_addCouponForWantOneNewUser_byClass_PASS19_details"
                       class="testMethodDetails">
                     <div>
                        <b>Name: </b>addCouponForWantOneNewUser
                     </div>
                     <div>
                        <b>Signature: </b>addCouponForWantOneNewUser()[pri:0, instance:com.test.regression.cub.testscripts.Coupons@2f686d1f]
                     </div>
                     <div>
                        <b>Start time: </b>17:16:23
                     </div>
                     <div>
                        <b>End time: </b>17:17:59
                     </div>
                     <div>
                        <b>Duration: </b>1m
                        35s
                        
                     </div>
                  </div>
               </td>
            </tr>
            <tr></tr>
            <tr id="com.test.regression.cub.testscripts.Coupons_closeDriver_byClass_PASS20_row"
                class="testMethodStatusPASS testMethodStatusCONF">
               <td width="100%" class="firstMethodCell">
                  <a onclick="toggleDetailsVisibility('com.test.regression.cub.testscripts.Coupons_closeDriver_byClass_PASS20_details')">closeDriver(public void com.test.regression.cub.testscripts.Coupons.addCouponForWantOneNewUser())</a>
               </td>
               <td nowrap="true">17:17:59</td>
               <td nowrap="true" align="right">2s
                  
               </td>
               <td nowrap="true">
                   
                  
               </td>
            </tr>
            <tr>
               <td colspan="4" class="detailsBox">
                  <div id="com.test.regression.cub.testscripts.Coupons_closeDriver_byClass_PASS20_details"
                       class="testMethodDetails">
                     <div>
                        <b>Name: </b>closeDriver
                     </div>
                     <div>
                        <b>Signature: </b>closeDriver(java.lang.reflect.Method)[pri:0, instance:com.test.regression.cub.testscripts.Coupons@2f686d1f]
                     </div>
                     <div>
                        <b>Parameters: </b>
                        
                        public void com.test.regression.cub.testscripts.Coupons.addCouponForWantOneNewUser()
                        
                        
                     </div>
                     <div>
                        <b>Start time: </b>17:17:59
                     </div>
                     <div>
                        <b>End time: </b>17:18:01
                     </div>
                     <div>
                        <b>Duration: </b>2s
                        
                     </div>
                  </div>
               </td>
            </tr>
            <tr></tr>
            <tr id="com.test.regression.cub.testscripts.Coupons_breakDown_byClass_PASS21_row"
                class="testMethodStatusPASS testMethodStatusCONF">
               <td width="100%" class="firstMethodCell">
                  <a onclick="toggleDetailsVisibility('com.test.regression.cub.testscripts.Coupons_breakDown_byClass_PASS21_details')">breakDown([TestResult name=addCouponForWantOneNewUser status=SUCCESS method=Coupons.addCouponForWantOneNewUser()[pri:0, instance:com.test.regression.cub.testscripts.Coupons@2f686d1f]
                     output={null}])
                  </a>
               </td>
               <td nowrap="true">17:17:59</td>
               <td nowrap="true" align="right">0 ms
                  
               </td>
               <td nowrap="true">
                   
                  
               </td>
            </tr>
            <tr>
               <td colspan="4" class="detailsBox">
                  <div id="com.test.regression.cub.testscripts.Coupons_breakDown_byClass_PASS21_details"
                       class="testMethodDetails">
                     <div>
                        <b>Name: </b>breakDown
                     </div>
                     <div>
                        <b>Signature: </b>breakDown(org.testng.ITestResult)[pri:0, instance:com.test.regression.cub.testscripts.Coupons@2f686d1f]
                     </div>
                     <div>
                        <b>Parameters: </b>
                        
                        [TestResult name=addCouponForWantOneNewUser status=SUCCESS method=Coupons.addCouponForWantOneNewUser()[pri:0, instance:com.test.regression.cub.testscripts.Coupons@2f686d1f]
                        output={null}]
                        
                        
                     </div>
                     <div>
                        <b>Start time: </b>17:17:59
                     </div>
                     <div>
                        <b>End time: </b>17:17:59
                     </div>
                     <div>
                        <b>Duration: </b>0 ms
                        
                     </div>
                  </div>
               </td>
            </tr>
            <tr></tr>
            <tr id="com.test.regression.cub.testscripts.Coupons_initialization_byClass_PASS22_row"
                class="testMethodStatusPASS testMethodStatusCONF">
               <td width="100%" class="firstMethodCell">
                  <a onclick="toggleDetailsVisibility('com.test.regression.cub.testscripts.Coupons_initialization_byClass_PASS22_details')">initialization(public void com.test.regression.cub.testscripts.Coupons.categoryTestInCoupons())</a>
               </td>
               <td nowrap="true">17:18:01</td>
               <td nowrap="true" align="right">11s
                  
               </td>
               <td nowrap="true">
                   
                  
               </td>
            </tr>
            <tr>
               <td colspan="4" class="detailsBox">
                  <div id="com.test.regression.cub.testscripts.Coupons_initialization_byClass_PASS22_details"
                       class="testMethodDetails">
                     <div>
                        <b>Name: </b>initialization
                     </div>
                     <div>
                        <b>Signature: </b>initialization(java.lang.reflect.Method)[pri:0, instance:com.test.regression.cub.testscripts.Coupons@2f686d1f]
                     </div>
                     <div>
                        <b>Parameters: </b>
                        
                        public void com.test.regression.cub.testscripts.Coupons.categoryTestInCoupons()
                        
                        
                     </div>
                     <div>
                        <b>Start time: </b>17:18:01
                     </div>
                     <div>
                        <b>End time: </b>17:18:13
                     </div>
                     <div>
                        <b>Duration: </b>11s
                        
                     </div>
                  </div>
               </td>
            </tr>
            <tr></tr>
            <tr id="com.test.regression.cub.testscripts.Coupons_categoryTestInCoupons_byClass_PASS23_row"
                class="testMethodStatusPASS">
               <td width="100%" class="firstMethodCell">
                  <a onclick="toggleDetailsVisibility('com.test.regression.cub.testscripts.Coupons_categoryTestInCoupons_byClass_PASS23_details')">categoryTestInCoupons()</a>
               </td>
               <td nowrap="true">17:18:13</td>
               <td nowrap="true" align="right">10s
                  
               </td>
               <td nowrap="true">
                   
                  
               </td>
            </tr>
            <tr>
               <td colspan="4" class="detailsBox">
                  <div id="com.test.regression.cub.testscripts.Coupons_categoryTestInCoupons_byClass_PASS23_details"
                       class="testMethodDetails">
                     <div>
                        <b>Name: </b>categoryTestInCoupons
                     </div>
                     <div>
                        <b>Signature: </b>categoryTestInCoupons()[pri:0, instance:com.test.regression.cub.testscripts.Coupons@2f686d1f]
                     </div>
                     <div>
                        <b>Start time: </b>17:18:13
                     </div>
                     <div>
                        <b>End time: </b>17:18:23
                     </div>
                     <div>
                        <b>Duration: </b>10s
                        
                     </div>
                  </div>
               </td>
            </tr>
            <tr></tr>
            <tr id="com.test.regression.cub.testscripts.Coupons_breakDown_byClass_PASS24_row"
                class="testMethodStatusPASS testMethodStatusCONF">
               <td width="100%" class="firstMethodCell">
                  <a onclick="toggleDetailsVisibility('com.test.regression.cub.testscripts.Coupons_breakDown_byClass_PASS24_details')">breakDown([TestResult name=categoryTestInCoupons status=SUCCESS method=Coupons.categoryTestInCoupons()[pri:0, instance:com.test.regression.cub.testscripts.Coupons@2f686d1f]
                     output={null}])
                  </a>
               </td>
               <td nowrap="true">17:18:23</td>
               <td nowrap="true" align="right">0 ms
                  
               </td>
               <td nowrap="true">
                   
                  
               </td>
            </tr>
            <tr>
               <td colspan="4" class="detailsBox">
                  <div id="com.test.regression.cub.testscripts.Coupons_breakDown_byClass_PASS24_details"
                       class="testMethodDetails">
                     <div>
                        <b>Name: </b>breakDown
                     </div>
                     <div>
                        <b>Signature: </b>breakDown(org.testng.ITestResult)[pri:0, instance:com.test.regression.cub.testscripts.Coupons@2f686d1f]
                     </div>
                     <div>
                        <b>Parameters: </b>
                        
                        [TestResult name=categoryTestInCoupons status=SUCCESS method=Coupons.categoryTestInCoupons()[pri:0, instance:com.test.regression.cub.testscripts.Coupons@2f686d1f]
                        output={null}]
                        
                        
                     </div>
                     <div>
                        <b>Start time: </b>17:18:23
                     </div>
                     <div>
                        <b>End time: </b>17:18:23
                     </div>
                     <div>
                        <b>Duration: </b>0 ms
                        
                     </div>
                  </div>
               </td>
            </tr>
            <tr></tr>
            <tr id="com.test.regression.cub.testscripts.Coupons_closeDriver_byClass_PASS25_row"
                class="testMethodStatusPASS testMethodStatusCONF">
               <td width="100%" class="firstMethodCell">
                  <a onclick="toggleDetailsVisibility('com.test.regression.cub.testscripts.Coupons_closeDriver_byClass_PASS25_details')">closeDriver(public void com.test.regression.cub.testscripts.Coupons.categoryTestInCoupons())</a>
               </td>
               <td nowrap="true">17:18:23</td>
               <td nowrap="true" align="right">2s
                  
               </td>
               <td nowrap="true">
                   
                  
               </td>
            </tr>
            <tr>
               <td colspan="4" class="detailsBox">
                  <div id="com.test.regression.cub.testscripts.Coupons_closeDriver_byClass_PASS25_details"
                       class="testMethodDetails">
                     <div>
                        <b>Name: </b>closeDriver
                     </div>
                     <div>
                        <b>Signature: </b>closeDriver(java.lang.reflect.Method)[pri:0, instance:com.test.regression.cub.testscripts.Coupons@2f686d1f]
                     </div>
                     <div>
                        <b>Parameters: </b>
                        
                        public void com.test.regression.cub.testscripts.Coupons.categoryTestInCoupons()
                        
                        
                     </div>
                     <div>
                        <b>Start time: </b>17:18:23
                     </div>
                     <div>
                        <b>End time: </b>17:18:25
                     </div>
                     <div>
                        <b>Duration: </b>2s
                        
                     </div>
                  </div>
               </td>
            </tr>
            <tr></tr>
            <tr id="com.test.regression.cub.testscripts.Coupons_initialization_byClass_PASS26_row"
                class="testMethodStatusPASS testMethodStatusCONF">
               <td width="100%" class="firstMethodCell">
                  <a onclick="toggleDetailsVisibility('com.test.regression.cub.testscripts.Coupons_initialization_byClass_PASS26_details')">initialization(public void com.test.regression.cub.testscripts.Coupons.addCouponForNoCardNewUser())</a>
               </td>
               <td nowrap="true">17:18:25</td>
               <td nowrap="true" align="right">12s
                  
               </td>
               <td nowrap="true">
                   
                  
               </td>
            </tr>
            <tr>
               <td colspan="4" class="detailsBox">
                  <div id="com.test.regression.cub.testscripts.Coupons_initialization_byClass_PASS26_details"
                       class="testMethodDetails">
                     <div>
                        <b>Name: </b>initialization
                     </div>
                     <div>
                        <b>Signature: </b>initialization(java.lang.reflect.Method)[pri:0, instance:com.test.regression.cub.testscripts.Coupons@2f686d1f]
                     </div>
                     <div>
                        <b>Parameters: </b>
                        
                        public void com.test.regression.cub.testscripts.Coupons.addCouponForNoCardNewUser()
                        
                        
                     </div>
                     <div>
                        <b>Start time: </b>17:18:25
                     </div>
                     <div>
                        <b>End time: </b>17:18:38
                     </div>
                     <div>
                        <b>Duration: </b>12s
                        
                     </div>
                  </div>
               </td>
            </tr>
            <tr></tr>
            <tr id="com.test.regression.cub.testscripts.Coupons_addCouponForNoCardNewUser_byClass_FAIL27_row"
                class="testMethodStatusFAIL">
               <td width="100%" class="firstMethodCell">
                  <a onclick="toggleDetailsVisibility('com.test.regression.cub.testscripts.Coupons_addCouponForNoCardNewUser_byClass_FAIL27_details')">addCouponForNoCardNewUser()</a>
               </td>
               <td nowrap="true">17:18:38</td>
               <td nowrap="true" align="right">22s
                  
               </td>
               <td nowrap="true">
                  <a onclick="toggleDetailsVisibility('com.test.regression.cub.testscripts.Coupons_addCouponForNoCardNewUser_byClass_FAIL27_exception')">java.lang.AssertionError: 
                     unexpected alert open: {Alert text : Sorry, An error has occurred while refreshing your shopping list.}
                     (Session info: chrome=52.0.2743.116)
                     (Driver info: chromedriver=2.22.397933 (1cab651507b88dec79b2b2a22d1943c01833cc1b),platform=Windows NT 6.1.7601 SP1 x86_64)
                     (WARNING: The server did not provide any stacktrace information)
                     Command duration or timeout: 3 milliseconds: null
                     Build info: version: '2.53.0', revision: '35ae25b1534ae328c771e0856c93e187490ca824', time: '2016-03-15 10:43:46'
                     System info: host: 'SDEVPCSVU7112', ip: '10.15.142.48', os.name: 'Windows 7', os.arch: 'amd64', os.version: '6.1', java.version:
                     '1.8.0_73'
                     Driver info: org.openqa.selenium.chrome.ChromeDriver
                     Capabilities [{applicationCacheEnabled=false, rotatable=false, mobileEmulationEnabled=false, chrome={chromedriverVersion=2.22.397933
                     (1cab651507b88dec79b2b2a22d1943c01833cc1b), userDataDir=C:\Users\jrag00m\AppData\Local\Temp\scoped_dir144328_5257}, takesHeapSnapshot=true,
                     databaseEnabled=false, handlesAlerts=true, hasTouchScreen=false, version=52.0.2743.116, platform=XP, browserConnectionEnabled=false,
                     nativeEvents=true, acceptSslCerts=true, locationContextEnabled=true, webStorageEnabled=true, browserName=chrome, takesScreenshot=true,
                     javascriptEnabled=true, cssSelectorsEnabled=true}]
                     Session ID: 4100aea3f0562ba288c3dedefb377cbe
                     *** Element info: {Using=xpath, value=//div[@class='coupon-list']/div[2]/div/div/div[1]}
                     
                  </a>
                   
                  
               </td>
            </tr>
            <tr>
               <td colspan="4" class="detailsBox">
                  <div id="com.test.regression.cub.testscripts.Coupons_addCouponForNoCardNewUser_byClass_FAIL27_details"
                       class="testMethodDetails">
                     <div>
                        <b>Name: </b>addCouponForNoCardNewUser
                     </div>
                     <div>
                        <b>Signature: </b>addCouponForNoCardNewUser()[pri:0, instance:com.test.regression.cub.testscripts.Coupons@2f686d1f]
                     </div>
                     <div>
                        <b>Start time: </b>17:18:38
                     </div>
                     <div>
                        <b>End time: </b>17:19:00
                     </div>
                     <div>
                        <b>Duration: </b>22s
                        
                     </div>
                  </div>
               </td>
            </tr>
            <tr>
               <td colspan="4" class="detailsBox">
                  <div id="com.test.regression.cub.testscripts.Coupons_addCouponForNoCardNewUser_byClass_FAIL27_exception"
                       class="testMethodDetails">
                     <pre style="padding: 5px; margin: 0;">java.lang.AssertionError: unexpected alert open: {Alert text : Sorry, An error has occurred while refreshing your shopping
                        list.}
                        (Session info: chrome=52.0.2743.116)
                        (Driver info: chromedriver=2.22.397933 (1cab651507b88dec79b2b2a22d1943c01833cc1b),platform=Windows NT 6.1.7601 SP1 x86_64)
                        (WARNING: The server did not provide any stacktrace information)
                        Command duration or timeout: 3 milliseconds: null
                        Build info: version: '2.53.0', revision: '35ae25b1534ae328c771e0856c93e187490ca824', time: '2016-03-15 10:43:46'
                        System info: host: 'SDEVPCSVU7112', ip: '10.15.142.48', os.name: 'Windows 7', os.arch: 'amd64', os.version: '6.1', java.version:
                        '1.8.0_73'
                        Driver info: org.openqa.selenium.chrome.ChromeDriver
                        Capabilities [{applicationCacheEnabled=false, rotatable=false, mobileEmulationEnabled=false, chrome={chromedriverVersion=2.22.397933
                        (1cab651507b88dec79b2b2a22d1943c01833cc1b), userDataDir=C:\Users\jrag00m\AppData\Local\Temp\scoped_dir144328_5257}, takesHeapSnapshot=true,
                        databaseEnabled=false, handlesAlerts=true, hasTouchScreen=false, version=52.0.2743.116, platform=XP, browserConnectionEnabled=false,
                        nativeEvents=true, acceptSslCerts=true, locationContextEnabled=true, webStorageEnabled=true, browserName=chrome, takesScreenshot=true,
                        javascriptEnabled=true, cssSelectorsEnabled=true}]
                        Session ID: 4100aea3f0562ba288c3dedefb377cbe
                        *** Element info: {Using=xpath, value=//div[@class='coupon-list']/div[2]/div/div/div[1]}
                        	at org.testng.Assert.fail(Assert.java:94)
                        	at com.test.regression.cub.testscripts.Coupons.addCouponForNoCardNewUser(Coupons.java:322)
                        	at sun.reflect.NativeMethodAccessorImpl.invoke0(Native Method)
                        	at sun.reflect.NativeMethodAccessorImpl.invoke(NativeMethodAccessorImpl.java:62)
                        	at sun.reflect.DelegatingMethodAccessorImpl.invoke(DelegatingMethodAccessorImpl.java:43)
                        	at java.lang.reflect.Method.invoke(Method.java:497)
                        	at org.testng.internal.MethodInvocationHelper.invokeMethod(MethodInvocationHelper.java:80)
                        	at org.testng.internal.Invoker.invokeMethod(Invoker.java:714)
                        	at org.testng.internal.Invoker.invokeTestMethod(Invoker.java:901)
                        	at org.testng.internal.Invoker.invokeTestMethods(Invoker.java:1231)
                        	at org.testng.internal.TestMethodWorker.invokeTestMethods(TestMethodWorker.java:127)
                        	at org.testng.internal.TestMethodWorker.run(TestMethodWorker.java:111)
                        	at org.testng.TestRunner.privateRun(TestRunner.java:767)
                        	at org.testng.TestRunner.run(TestRunner.java:617)
                        	at org.testng.SuiteRunner.runTest(SuiteRunner.java:334)
                        	at org.testng.SuiteRunner.runSequentially(SuiteRunner.java:329)
                        	at org.testng.SuiteRunner.privateRun(SuiteRunner.java:291)
                        	at org.testng.SuiteRunner.run(SuiteRunner.java:240)
                        	at org.testng.SuiteRunnerWorker.runSuite(SuiteRunnerWorker.java:52)
                        	at org.testng.SuiteRunnerWorker.run(SuiteRunnerWorker.java:86)
                        	at org.testng.TestNG.runSuitesSequentially(TestNG.java:1198)
                        	at org.testng.TestNG.runSuitesLocally(TestNG.java:1123)
                        	at org.testng.TestNG.run(TestNG.java:1031)
                        	at org.apache.maven.surefire.testng.TestNGExecutor.run(TestNGExecutor.java:178)
                        	at org.apache.maven.surefire.testng.TestNGXmlTestSuite.execute(TestNGXmlTestSuite.java:92)
                        	at org.apache.maven.surefire.testng.TestNGProvider.invoke(TestNGProvider.java:96)
                        	at sun.reflect.NativeMethodAccessorImpl.invoke0(Native Method)
                        	at sun.reflect.NativeMethodAccessorImpl.invoke(NativeMethodAccessorImpl.java:62)
                        	at sun.reflect.DelegatingMethodAccessorImpl.invoke(DelegatingMethodAccessorImpl.java:43)
                        	at java.lang.reflect.Method.invoke(Method.java:497)
                        	at org.apache.maven.surefire.util.ReflectionUtils.invokeMethodWithArray2(ReflectionUtils.java:208)
                        	at org.apache.maven.surefire.booter.ProviderFactory$ProviderProxy.invoke(ProviderFactory.java:159)
                        	at org.apache.maven.surefire.booter.ProviderFactory.invokeProvider(ProviderFactory.java:87)
                        	at org.apache.maven.surefire.booter.ForkedBooter.runSuitesInProcess(ForkedBooter.java:153)
                        	at org.apache.maven.surefire.booter.ForkedBooter.main(ForkedBooter.java:95)
                     </pre>
                  </div>
               </td>
            </tr>
            <tr id="com.test.regression.cub.testscripts.Coupons_breakDown_byClass_PASS28_row"
                class="testMethodStatusPASS testMethodStatusCONF">
               <td width="100%" class="firstMethodCell">
                  <a onclick="toggleDetailsVisibility('com.test.regression.cub.testscripts.Coupons_breakDown_byClass_PASS28_details')">breakDown([TestResult name=addCouponForNoCardNewUser status=FAILURE method=Coupons.addCouponForNoCardNewUser()[pri:0, instance:com.test.regression.cub.testscripts.Coupons@2f686d1f]
                     output={null}])
                  </a>
               </td>
               <td nowrap="true">17:19:00</td>
               <td nowrap="true" align="right">13 ms
                  
               </td>
               <td nowrap="true">
                   
                  
               </td>
            </tr>
            <tr>
               <td colspan="4" class="detailsBox">
                  <div id="com.test.regression.cub.testscripts.Coupons_breakDown_byClass_PASS28_details"
                       class="testMethodDetails">
                     <div>
                        <b>Name: </b>breakDown
                     </div>
                     <div>
                        <b>Signature: </b>breakDown(org.testng.ITestResult)[pri:0, instance:com.test.regression.cub.testscripts.Coupons@2f686d1f]
                     </div>
                     <div>
                        <b>Parameters: </b>
                        
                        [TestResult name=addCouponForNoCardNewUser status=FAILURE method=Coupons.addCouponForNoCardNewUser()[pri:0, instance:com.test.regression.cub.testscripts.Coupons@2f686d1f]
                        output={null}]
                        
                        
                     </div>
                     <div>
                        <b>Start time: </b>17:19:00
                     </div>
                     <div>
                        <b>End time: </b>17:19:00
                     </div>
                     <div>
                        <b>Duration: </b>13 ms
                        
                     </div>
                  </div>
               </td>
            </tr>
            <tr></tr>
            <tr id="com.test.regression.cub.testscripts.Coupons_closeDriver_byClass_PASS29_row"
                class="testMethodStatusPASS testMethodStatusCONF">
               <td width="100%" class="firstMethodCell">
                  <a onclick="toggleDetailsVisibility('com.test.regression.cub.testscripts.Coupons_closeDriver_byClass_PASS29_details')">closeDriver(public void com.test.regression.cub.testscripts.Coupons.addCouponForNoCardNewUser())</a>
               </td>
               <td nowrap="true">17:19:00</td>
               <td nowrap="true" align="right">1s
                  
               </td>
               <td nowrap="true">
                   
                  
               </td>
            </tr>
            <tr>
               <td colspan="4" class="detailsBox">
                  <div id="com.test.regression.cub.testscripts.Coupons_closeDriver_byClass_PASS29_details"
                       class="testMethodDetails">
                     <div>
                        <b>Name: </b>closeDriver
                     </div>
                     <div>
                        <b>Signature: </b>closeDriver(java.lang.reflect.Method)[pri:0, instance:com.test.regression.cub.testscripts.Coupons@2f686d1f]
                     </div>
                     <div>
                        <b>Parameters: </b>
                        
                        public void com.test.regression.cub.testscripts.Coupons.addCouponForNoCardNewUser()
                        
                        
                     </div>
                     <div>
                        <b>Start time: </b>17:19:00
                     </div>
                     <div>
                        <b>End time: </b>17:19:02
                     </div>
                     <div>
                        <b>Duration: </b>1s
                        
                     </div>
                  </div>
               </td>
            </tr>
            <tr></tr>
            <tr id="com.test.regression.cub.testscripts.Coupons_initialization_byClass_PASS30_row"
                class="testMethodStatusPASS testMethodStatusCONF">
               <td width="100%" class="firstMethodCell">
                  <a onclick="toggleDetailsVisibility('com.test.regression.cub.testscripts.Coupons_initialization_byClass_PASS30_details')">initialization(public void com.test.regression.cub.testscripts.Coupons.addCouponForNoCardNotNowCardlessIdNewUser())</a>
               </td>
               <td nowrap="true">17:19:02</td>
               <td nowrap="true" align="right">10s
                  
               </td>
               <td nowrap="true">
                   
                  
               </td>
            </tr>
            <tr>
               <td colspan="4" class="detailsBox">
                  <div id="com.test.regression.cub.testscripts.Coupons_initialization_byClass_PASS30_details"
                       class="testMethodDetails">
                     <div>
                        <b>Name: </b>initialization
                     </div>
                     <div>
                        <b>Signature: </b>initialization(java.lang.reflect.Method)[pri:0, instance:com.test.regression.cub.testscripts.Coupons@2f686d1f]
                     </div>
                     <div>
                        <b>Parameters: </b>
                        
                        public void com.test.regression.cub.testscripts.Coupons.addCouponForNoCardNotNowCardlessIdNewUser()
                        
                        
                     </div>
                     <div>
                        <b>Start time: </b>17:19:02
                     </div>
                     <div>
                        <b>End time: </b>17:19:12
                     </div>
                     <div>
                        <b>Duration: </b>10s
                        
                     </div>
                  </div>
               </td>
            </tr>
            <tr></tr>
            <tr id="com.test.regression.cub.testscripts.Coupons_addCouponForNoCardNotNowCardlessIdNewUser_byClass_FAIL31_row"
                class="testMethodStatusFAIL">
               <td width="100%" class="firstMethodCell">
                  <a onclick="toggleDetailsVisibility('com.test.regression.cub.testscripts.Coupons_addCouponForNoCardNotNowCardlessIdNewUser_byClass_FAIL31_details')">addCouponForNoCardNotNowCardlessIdNewUser()</a>
               </td>
               <td nowrap="true">17:19:12</td>
               <td nowrap="true" align="right">22s
                  
               </td>
               <td nowrap="true">
                  <a onclick="toggleDetailsVisibility('com.test.regression.cub.testscripts.Coupons_addCouponForNoCardNotNowCardlessIdNewUser_byClass_FAIL31_exception')">java.lang.AssertionError: 
                     unexpected alert open: {Alert text : Sorry, An error has occurred while refreshing your shopping list.}
                     (Session info: chrome=52.0.2743.116)
                     (Driver info: chromedriver=2.22.397933 (1cab651507b88dec79b2b2a22d1943c01833cc1b),platform=Windows NT 6.1.7601 SP1 x86_64)
                     (WARNING: The server did not provide any stacktrace information)
                     Command duration or timeout: 80 milliseconds: null
                     Build info: version: '2.53.0', revision: '35ae25b1534ae328c771e0856c93e187490ca824', time: '2016-03-15 10:43:46'
                     System info: host: 'SDEVPCSVU7112', ip: '10.15.142.48', os.name: 'Windows 7', os.arch: 'amd64', os.version: '6.1', java.version:
                     '1.8.0_73'
                     Driver info: org.openqa.selenium.chrome.ChromeDriver
                     Capabilities [{applicationCacheEnabled=false, rotatable=false, mobileEmulationEnabled=false, chrome={chromedriverVersion=2.22.397933
                     (1cab651507b88dec79b2b2a22d1943c01833cc1b), userDataDir=C:\Users\jrag00m\AppData\Local\Temp\scoped_dir142868_269}, takesHeapSnapshot=true,
                     databaseEnabled=false, handlesAlerts=true, hasTouchScreen=false, version=52.0.2743.116, platform=XP, browserConnectionEnabled=false,
                     nativeEvents=true, acceptSslCerts=true, locationContextEnabled=true, webStorageEnabled=true, browserName=chrome, takesScreenshot=true,
                     javascriptEnabled=true, cssSelectorsEnabled=true}]
                     Session ID: ecea0bd2051baf21d69ed847ad480085
                     *** Element info: {Using=xpath, value=//div[@class='coupon-list']/div[2]/div/div/div[1]}
                     
                  </a>
                   
                  
               </td>
            </tr>
            <tr>
               <td colspan="4" class="detailsBox">
                  <div id="com.test.regression.cub.testscripts.Coupons_addCouponForNoCardNotNowCardlessIdNewUser_byClass_FAIL31_details"
                       class="testMethodDetails">
                     <div>
                        <b>Name: </b>addCouponForNoCardNotNowCardlessIdNewUser
                     </div>
                     <div>
                        <b>Signature: </b>addCouponForNoCardNotNowCardlessIdNewUser()[pri:0, instance:com.test.regression.cub.testscripts.Coupons@2f686d1f]
                     </div>
                     <div>
                        <b>Start time: </b>17:19:12
                     </div>
                     <div>
                        <b>End time: </b>17:19:35
                     </div>
                     <div>
                        <b>Duration: </b>22s
                        
                     </div>
                  </div>
               </td>
            </tr>
            <tr>
               <td colspan="4" class="detailsBox">
                  <div id="com.test.regression.cub.testscripts.Coupons_addCouponForNoCardNotNowCardlessIdNewUser_byClass_FAIL31_exception"
                       class="testMethodDetails">
                     <pre style="padding: 5px; margin: 0;">java.lang.AssertionError: unexpected alert open: {Alert text : Sorry, An error has occurred while refreshing your shopping
                        list.}
                        (Session info: chrome=52.0.2743.116)
                        (Driver info: chromedriver=2.22.397933 (1cab651507b88dec79b2b2a22d1943c01833cc1b),platform=Windows NT 6.1.7601 SP1 x86_64)
                        (WARNING: The server did not provide any stacktrace information)
                        Command duration or timeout: 80 milliseconds: null
                        Build info: version: '2.53.0', revision: '35ae25b1534ae328c771e0856c93e187490ca824', time: '2016-03-15 10:43:46'
                        System info: host: 'SDEVPCSVU7112', ip: '10.15.142.48', os.name: 'Windows 7', os.arch: 'amd64', os.version: '6.1', java.version:
                        '1.8.0_73'
                        Driver info: org.openqa.selenium.chrome.ChromeDriver
                        Capabilities [{applicationCacheEnabled=false, rotatable=false, mobileEmulationEnabled=false, chrome={chromedriverVersion=2.22.397933
                        (1cab651507b88dec79b2b2a22d1943c01833cc1b), userDataDir=C:\Users\jrag00m\AppData\Local\Temp\scoped_dir142868_269}, takesHeapSnapshot=true,
                        databaseEnabled=false, handlesAlerts=true, hasTouchScreen=false, version=52.0.2743.116, platform=XP, browserConnectionEnabled=false,
                        nativeEvents=true, acceptSslCerts=true, locationContextEnabled=true, webStorageEnabled=true, browserName=chrome, takesScreenshot=true,
                        javascriptEnabled=true, cssSelectorsEnabled=true}]
                        Session ID: ecea0bd2051baf21d69ed847ad480085
                        *** Element info: {Using=xpath, value=//div[@class='coupon-list']/div[2]/div/div/div[1]}
                        	at org.testng.Assert.fail(Assert.java:94)
                        	at com.test.regression.cub.testscripts.Coupons.addCouponForNoCardNotNowCardlessIdNewUser(Coupons.java:527)
                        	at sun.reflect.NativeMethodAccessorImpl.invoke0(Native Method)
                        	at sun.reflect.NativeMethodAccessorImpl.invoke(NativeMethodAccessorImpl.java:62)
                        	at sun.reflect.DelegatingMethodAccessorImpl.invoke(DelegatingMethodAccessorImpl.java:43)
                        	at java.lang.reflect.Method.invoke(Method.java:497)
                        	at org.testng.internal.MethodInvocationHelper.invokeMethod(MethodInvocationHelper.java:80)
                        	at org.testng.internal.Invoker.invokeMethod(Invoker.java:714)
                        	at org.testng.internal.Invoker.invokeTestMethod(Invoker.java:901)
                        	at org.testng.internal.Invoker.invokeTestMethods(Invoker.java:1231)
                        	at org.testng.internal.TestMethodWorker.invokeTestMethods(TestMethodWorker.java:127)
                        	at org.testng.internal.TestMethodWorker.run(TestMethodWorker.java:111)
                        	at org.testng.TestRunner.privateRun(TestRunner.java:767)
                        	at org.testng.TestRunner.run(TestRunner.java:617)
                        	at org.testng.SuiteRunner.runTest(SuiteRunner.java:334)
                        	at org.testng.SuiteRunner.runSequentially(SuiteRunner.java:329)
                        	at org.testng.SuiteRunner.privateRun(SuiteRunner.java:291)
                        	at org.testng.SuiteRunner.run(SuiteRunner.java:240)
                        	at org.testng.SuiteRunnerWorker.runSuite(SuiteRunnerWorker.java:52)
                        	at org.testng.SuiteRunnerWorker.run(SuiteRunnerWorker.java:86)
                        	at org.testng.TestNG.runSuitesSequentially(TestNG.java:1198)
                        	at org.testng.TestNG.runSuitesLocally(TestNG.java:1123)
                        	at org.testng.TestNG.run(TestNG.java:1031)
                        	at org.apache.maven.surefire.testng.TestNGExecutor.run(TestNGExecutor.java:178)
                        	at org.apache.maven.surefire.testng.TestNGXmlTestSuite.execute(TestNGXmlTestSuite.java:92)
                        	at org.apache.maven.surefire.testng.TestNGProvider.invoke(TestNGProvider.java:96)
                        	at sun.reflect.NativeMethodAccessorImpl.invoke0(Native Method)
                        	at sun.reflect.NativeMethodAccessorImpl.invoke(NativeMethodAccessorImpl.java:62)
                        	at sun.reflect.DelegatingMethodAccessorImpl.invoke(DelegatingMethodAccessorImpl.java:43)
                        	at java.lang.reflect.Method.invoke(Method.java:497)
                        	at org.apache.maven.surefire.util.ReflectionUtils.invokeMethodWithArray2(ReflectionUtils.java:208)
                        	at org.apache.maven.surefire.booter.ProviderFactory$ProviderProxy.invoke(ProviderFactory.java:159)
                        	at org.apache.maven.surefire.booter.ProviderFactory.invokeProvider(ProviderFactory.java:87)
                        	at org.apache.maven.surefire.booter.ForkedBooter.runSuitesInProcess(ForkedBooter.java:153)
                        	at org.apache.maven.surefire.booter.ForkedBooter.main(ForkedBooter.java:95)
                     </pre>
                  </div>
               </td>
            </tr>
            <tr id="com.test.regression.cub.testscripts.Coupons_breakDown_byClass_PASS32_row"
                class="testMethodStatusPASS testMethodStatusCONF">
               <td width="100%" class="firstMethodCell">
                  <a onclick="toggleDetailsVisibility('com.test.regression.cub.testscripts.Coupons_breakDown_byClass_PASS32_details')">breakDown([TestResult name=addCouponForNoCardNotNowCardlessIdNewUser status=FAILURE method=Coupons.addCouponForNoCardNotNowCardlessIdNewUser()[pri:0,
                     instance:com.test.regression.cub.testscripts.Coupons@2f686d1f] output={null}])
                  </a>
               </td>
               <td nowrap="true">17:19:35</td>
               <td nowrap="true" align="right">110 ms
                  
               </td>
               <td nowrap="true">
                   
                  
               </td>
            </tr>
            <tr>
               <td colspan="4" class="detailsBox">
                  <div id="com.test.regression.cub.testscripts.Coupons_breakDown_byClass_PASS32_details"
                       class="testMethodDetails">
                     <div>
                        <b>Name: </b>breakDown
                     </div>
                     <div>
                        <b>Signature: </b>breakDown(org.testng.ITestResult)[pri:0, instance:com.test.regression.cub.testscripts.Coupons@2f686d1f]
                     </div>
                     <div>
                        <b>Parameters: </b>
                        
                        [TestResult name=addCouponForNoCardNotNowCardlessIdNewUser status=FAILURE method=Coupons.addCouponForNoCardNotNowCardlessIdNewUser()[pri:0,
                        instance:com.test.regression.cub.testscripts.Coupons@2f686d1f] output={null}]
                        
                        
                     </div>
                     <div>
                        <b>Start time: </b>17:19:35
                     </div>
                     <div>
                        <b>End time: </b>17:19:35
                     </div>
                     <div>
                        <b>Duration: </b>110 ms
                        
                     </div>
                  </div>
               </td>
            </tr>
            <tr></tr>
            <tr id="com.test.regression.cub.testscripts.Coupons_closeDriver_byClass_PASS33_row"
                class="testMethodStatusPASS testMethodStatusCONF">
               <td width="100%" class="firstMethodCell">
                  <a onclick="toggleDetailsVisibility('com.test.regression.cub.testscripts.Coupons_closeDriver_byClass_PASS33_details')">closeDriver(public void com.test.regression.cub.testscripts.Coupons.addCouponForNoCardNotNowCardlessIdNewUser())</a>
               </td>
               <td nowrap="true">17:19:35</td>
               <td nowrap="true" align="right">2s
                  
               </td>
               <td nowrap="true">
                   
                  
               </td>
            </tr>
            <tr>
               <td colspan="4" class="detailsBox">
                  <div id="com.test.regression.cub.testscripts.Coupons_closeDriver_byClass_PASS33_details"
                       class="testMethodDetails">
                     <div>
                        <b>Name: </b>closeDriver
                     </div>
                     <div>
                        <b>Signature: </b>closeDriver(java.lang.reflect.Method)[pri:0, instance:com.test.regression.cub.testscripts.Coupons@2f686d1f]
                     </div>
                     <div>
                        <b>Parameters: </b>
                        
                        public void com.test.regression.cub.testscripts.Coupons.addCouponForNoCardNotNowCardlessIdNewUser()
                        
                        
                     </div>
                     <div>
                        <b>Start time: </b>17:19:35
                     </div>
                     <div>
                        <b>End time: </b>17:19:38
                     </div>
                     <div>
                        <b>Duration: </b>2s
                        
                     </div>
                  </div>
               </td>
            </tr>
            <tr></tr>
            <tr id="com.test.regression.cub.testscripts.Coupons_initialization_byClass_PASS34_row"
                class="testMethodStatusPASS testMethodStatusCONF">
               <td width="100%" class="firstMethodCell">
                  <a onclick="toggleDetailsVisibility('com.test.regression.cub.testscripts.Coupons_initialization_byClass_PASS34_details')">initialization(public void com.test.regression.cub.testscripts.Coupons.chkCouponSort() throws java.lang.InterruptedException)</a>
               </td>
               <td nowrap="true">17:19:38</td>
               <td nowrap="true" align="right">9s
                  
               </td>
               <td nowrap="true">
                   
                  
               </td>
            </tr>
            <tr>
               <td colspan="4" class="detailsBox">
                  <div id="com.test.regression.cub.testscripts.Coupons_initialization_byClass_PASS34_details"
                       class="testMethodDetails">
                     <div>
                        <b>Name: </b>initialization
                     </div>
                     <div>
                        <b>Signature: </b>initialization(java.lang.reflect.Method)[pri:0, instance:com.test.regression.cub.testscripts.Coupons@2f686d1f]
                     </div>
                     <div>
                        <b>Parameters: </b>
                        
                        public void com.test.regression.cub.testscripts.Coupons.chkCouponSort() throws java.lang.InterruptedException
                        
                        
                     </div>
                     <div>
                        <b>Start time: </b>17:19:38
                     </div>
                     <div>
                        <b>End time: </b>17:19:47
                     </div>
                     <div>
                        <b>Duration: </b>9s
                        
                     </div>
                  </div>
               </td>
            </tr>
            <tr></tr>
            <tr id="com.test.regression.cub.testscripts.Coupons_chkCouponSort_byClass_FAIL35_row"
                class="testMethodStatusFAIL">
               <td width="100%" class="firstMethodCell">
                  <a onclick="toggleDetailsVisibility('com.test.regression.cub.testscripts.Coupons_chkCouponSort_byClass_FAIL35_details')">chkCouponSort()</a>
               </td>
               <td nowrap="true">17:19:47</td>
               <td nowrap="true" align="right">15m
                  20s
                  
               </td>
               <td nowrap="true">
                  <a onclick="toggleDetailsVisibility('com.test.regression.cub.testscripts.Coupons_chkCouponSort_byClass_FAIL35_exception')">java.lang.NullPointerException: </a>
                   
                  
               </td>
            </tr>
            <tr>
               <td colspan="4" class="detailsBox">
                  <div id="com.test.regression.cub.testscripts.Coupons_chkCouponSort_byClass_FAIL35_details"
                       class="testMethodDetails">
                     <div>
                        <b>Name: </b>chkCouponSort
                     </div>
                     <div>
                        <b>Signature: </b>chkCouponSort()[pri:0, instance:com.test.regression.cub.testscripts.Coupons@2f686d1f]
                     </div>
                     <div>
                        <b>Start time: </b>17:19:47
                     </div>
                     <div>
                        <b>End time: </b>17:35:07
                     </div>
                     <div>
                        <b>Duration: </b>15m
                        20s
                        
                     </div>
                  </div>
               </td>
            </tr>
            <tr>
               <td colspan="4" class="detailsBox">
                  <div id="com.test.regression.cub.testscripts.Coupons_chkCouponSort_byClass_FAIL35_exception"
                       class="testMethodDetails">
                     <pre style="padding: 5px; margin: 0;">java.lang.NullPointerException
                        	at sun.reflect.GeneratedMethodAccessor6.invoke(Unknown Source)
                        	at sun.reflect.DelegatingMethodAccessorImpl.invoke(DelegatingMethodAccessorImpl.java:43)
                        	at java.lang.reflect.Method.invoke(Method.java:497)
                        	at org.openqa.selenium.support.pagefactory.internal.LocatingElementHandler.invoke(LocatingElementHandler.java:51)
                        	at com.sun.proxy.$Proxy6.isDisplayed(Unknown Source)
                        	at com.test.regression.cub.pages.CouponPage.loadCompleteCouponsPage(CouponPage.java:264)
                        	at com.test.regression.cub.testscripts.Coupons.chkCouponSort(Coupons.java:543)
                        	at sun.reflect.NativeMethodAccessorImpl.invoke0(Native Method)
                        	at sun.reflect.NativeMethodAccessorImpl.invoke(NativeMethodAccessorImpl.java:62)
                        	at sun.reflect.DelegatingMethodAccessorImpl.invoke(DelegatingMethodAccessorImpl.java:43)
                        	at java.lang.reflect.Method.invoke(Method.java:497)
                        	at org.testng.internal.MethodInvocationHelper.invokeMethod(MethodInvocationHelper.java:80)
                        	at org.testng.internal.Invoker.invokeMethod(Invoker.java:714)
                        	at org.testng.internal.Invoker.invokeTestMethod(Invoker.java:901)
                        	at org.testng.internal.Invoker.invokeTestMethods(Invoker.java:1231)
                        	at org.testng.internal.TestMethodWorker.invokeTestMethods(TestMethodWorker.java:127)
                        	at org.testng.internal.TestMethodWorker.run(TestMethodWorker.java:111)
                        	at org.testng.TestRunner.privateRun(TestRunner.java:767)
                        	at org.testng.TestRunner.run(TestRunner.java:617)
                        	at org.testng.SuiteRunner.runTest(SuiteRunner.java:334)
                        	at org.testng.SuiteRunner.runSequentially(SuiteRunner.java:329)
                        	at org.testng.SuiteRunner.privateRun(SuiteRunner.java:291)
                        	at org.testng.SuiteRunner.run(SuiteRunner.java:240)
                        	at org.testng.SuiteRunnerWorker.runSuite(SuiteRunnerWorker.java:52)
                        	at org.testng.SuiteRunnerWorker.run(SuiteRunnerWorker.java:86)
                        	at org.testng.TestNG.runSuitesSequentially(TestNG.java:1198)
                        	at org.testng.TestNG.runSuitesLocally(TestNG.java:1123)
                        	at org.testng.TestNG.run(TestNG.java:1031)
                        	at org.apache.maven.surefire.testng.TestNGExecutor.run(TestNGExecutor.java:178)
                        	at org.apache.maven.surefire.testng.TestNGXmlTestSuite.execute(TestNGXmlTestSuite.java:92)
                        	at org.apache.maven.surefire.testng.TestNGProvider.invoke(TestNGProvider.java:96)
                        	at sun.reflect.NativeMethodAccessorImpl.invoke0(Native Method)
                        	at sun.reflect.NativeMethodAccessorImpl.invoke(NativeMethodAccessorImpl.java:62)
                        	at sun.reflect.DelegatingMethodAccessorImpl.invoke(DelegatingMethodAccessorImpl.java:43)
                        	at java.lang.reflect.Method.invoke(Method.java:497)
                        	at org.apache.maven.surefire.util.ReflectionUtils.invokeMethodWithArray2(ReflectionUtils.java:208)
                        	at org.apache.maven.surefire.booter.ProviderFactory$ProviderProxy.invoke(ProviderFactory.java:159)
                        	at org.apache.maven.surefire.booter.ProviderFactory.invokeProvider(ProviderFactory.java:87)
                        	at org.apache.maven.surefire.booter.ForkedBooter.runSuitesInProcess(ForkedBooter.java:153)
                        	at org.apache.maven.surefire.booter.ForkedBooter.main(ForkedBooter.java:95)
                     </pre>
                  </div>
               </td>
            </tr>
            <tr id="com.test.regression.cub.testscripts.Coupons_breakDown_byClass_PASS36_row"
                class="testMethodStatusPASS testMethodStatusCONF">
               <td width="100%" class="firstMethodCell">
                  <a onclick="toggleDetailsVisibility('com.test.regression.cub.testscripts.Coupons_breakDown_byClass_PASS36_details')">breakDown([TestResult name=chkCouponSort status=FAILURE method=Coupons.chkCouponSort()[pri:0, instance:com.test.regression.cub.testscripts.Coupons@2f686d1f]
                     output={null}])
                  </a>
               </td>
               <td nowrap="true">17:35:07</td>
               <td nowrap="true" align="right">4s
                  
               </td>
               <td nowrap="true">
                   
                  
               </td>
            </tr>
            <tr>
               <td colspan="4" class="detailsBox">
                  <div id="com.test.regression.cub.testscripts.Coupons_breakDown_byClass_PASS36_details"
                       class="testMethodDetails">
                     <div>
                        <b>Name: </b>breakDown
                     </div>
                     <div>
                        <b>Signature: </b>breakDown(org.testng.ITestResult)[pri:0, instance:com.test.regression.cub.testscripts.Coupons@2f686d1f]
                     </div>
                     <div>
                        <b>Parameters: </b>
                        
                        [TestResult name=chkCouponSort status=FAILURE method=Coupons.chkCouponSort()[pri:0, instance:com.test.regression.cub.testscripts.Coupons@2f686d1f]
                        output={null}]
                        
                        
                     </div>
                     <div>
                        <b>Start time: </b>17:35:07
                     </div>
                     <div>
                        <b>End time: </b>17:35:11
                     </div>
                     <div>
                        <b>Duration: </b>4s
                        
                     </div>
                  </div>
               </td>
            </tr>
            <tr></tr>
            <tr id="com.test.regression.cub.testscripts.Coupons_closeDriver_byClass_PASS37_row"
                class="testMethodStatusPASS testMethodStatusCONF">
               <td width="100%" class="firstMethodCell">
                  <a onclick="toggleDetailsVisibility('com.test.regression.cub.testscripts.Coupons_closeDriver_byClass_PASS37_details')">closeDriver(public void com.test.regression.cub.testscripts.Coupons.chkCouponSort() throws java.lang.InterruptedException)</a>
               </td>
               <td nowrap="true">17:35:11</td>
               <td nowrap="true" align="right">3s
                  
               </td>
               <td nowrap="true">
                   
                  
               </td>
            </tr>
            <tr>
               <td colspan="4" class="detailsBox">
                  <div id="com.test.regression.cub.testscripts.Coupons_closeDriver_byClass_PASS37_details"
                       class="testMethodDetails">
                     <div>
                        <b>Name: </b>closeDriver
                     </div>
                     <div>
                        <b>Signature: </b>closeDriver(java.lang.reflect.Method)[pri:0, instance:com.test.regression.cub.testscripts.Coupons@2f686d1f]
                     </div>
                     <div>
                        <b>Parameters: </b>
                        
                        public void com.test.regression.cub.testscripts.Coupons.chkCouponSort() throws java.lang.InterruptedException
                        
                        
                     </div>
                     <div>
                        <b>Start time: </b>17:35:11
                     </div>
                     <div>
                        <b>End time: </b>17:35:15
                     </div>
                     <div>
                        <b>Duration: </b>3s
                        
                     </div>
                  </div>
               </td>
            </tr>
            <tr></tr>
         </table>
         <br></br>
      </div>
      <div style="margin-top: 15px; color: gray; text-align: center; font-size: 9px;">
         Generated with
         
         <a href="http://code.google.com/p/testng-xslt/" style="color: #8888aa;"
            target="_blank">
            TestNG XSLT
            
         </a>
      </div>
   </body>
</html>