<html xmlns:math="http://exslt.org/math" xmlns:testng="http://testng.org">
   <head>
      <title>TestNG Results</title>
      <meta http-equiv="content-type" content="text/html; charset=utf-8"></meta>
      <meta http-equiv="pragma" content="no-cache"></meta>
      <meta http-equiv="cache-control" content="max-age=0"></meta>
      <meta http-equiv="cache-control" content="no-cache"></meta>
      <meta http-equiv="cache-control" content="no-store"></meta>
      <LINK rel="stylesheet" href="style.css"></LINK>
      <script type="text/javascript" src="main.js"></script>
   </head>
   <body>
      <table width="100%" style="font-size: 16px; margin-bottom: 10px;" cellspacing="1">
         <tr>
            <td width="100%">
               Test case
               
               <b>Shopping List - Testing</b>
            </td>
            <td style="background-color: #FFBBBB; padding: 3px 3px 3px 0;" align="center">
               <div style="width: 50px;">1</div>
            </td>
            <td style="background-color: lightgreen; padding: 3px 3px 3px 0;" align="center">
               <div style="width: 50px;">2</div>
            </td>
            <td style="background-color: #FFFFBB; padding: 3px 3px 3px 0;" align="center">
               <div style="width: 50px;">0</div>
            </td>
            <td align="center" style="background-color: #eaf0f7; padding: 3px 3px 3px 0;">
               <div style="width: 50px;">3</div>
            </td>
            <td align="center"
                style="font-weight: bold; background-color: #eaf0f7; padding: 3px 3px 3px 0;">
               <div style="width: 50px;">67%</div>
            </td>
            <td style="background-color: #eaf0f7; padding: 3px 3px 3px 0;" align="center"
                nowrap="true">6m
               4s
               
            </td>
         </tr>
      </table>
      <div style="width: 200px;">
         <label for="groupMethodsCheckBox" style="font-weight: bold; margin: 0;">
            <input id="groupMethodsCheckBox" type="checkbox" onclick="switchTestMethodsView(this)"
                   checked=""></input>
            Group by class
            
         </label>
         <br></br>
         <label for="methodsFilter_ALL" style="font-weight: bold; margin: 0;">
            <input id="methodsFilter_ALL" type="checkbox"
                   onclick="testMethodsFilterChanged(this, 'ALL')"
                   checked=""></input>
            All
            
         </label>
      </div>
      <label for="methodsFilter_FAIL" style="margin-left: 20px;">
         <input id="methodsFilter_FAIL" type="checkbox"
                onclick="testMethodsFilterChanged(this, 'FAIL')"
                checked=""></input>
         Failed
         
      </label>
      <label for="methodsFilter_PASS">
         <input id="methodsFilter_PASS" type="checkbox"
                onclick="testMethodsFilterChanged(this, 'PASS')"
                checked=""></input>
         Passed
         
      </label>
      <label for="methodsFilter_SKIP">
         <input id="methodsFilter_SKIP" type="checkbox"
                onclick="testMethodsFilterChanged(this, 'SKIP')"
                checked=""></input>
         Skipped
         
      </label>
      <label for="methodsFilter_CONF">
         <input id="methodsFilter_CONF" type="checkbox"
                onclick="testMethodsFilterChanged(this, 'CONF')"
                checked=""></input>
         Config
         
      </label>
      <br></br>
      <div id="testMethodsByStatus" style="display: none;">
         <table class="testMethodsTable" cellpadding="0" cellspacing="0">
            <tr class="methodsTableHeader">
               <td width="100%">Name</td>
               <td nowrap="true">Started</td>
               <td nowrap="true">Duration</td>
               <td>Exception</td>
            </tr>
            <tr id="com.test.regression.cub.testscripts.ShoppingLists_slOtherPagesWidget_byStatus_failed_FAIL1_row"
                class="testMethodStatusFAIL">
               <td width="100%" class="firstMethodCell">
                  <a onclick="toggleDetailsVisibility('com.test.regression.cub.testscripts.ShoppingLists_slOtherPagesWidget_byStatus_failed_FAIL1_details')">slOtherPagesWidget()</a>
               </td>
               <td nowrap="true">13:19:17</td>
               <td nowrap="true" align="right">1m
                  21s
                  
               </td>
               <td nowrap="true">
                  <a onclick="toggleDetailsVisibility('com.test.regression.cub.testscripts.ShoppingLists_slOtherPagesWidget_byStatus_failed_FAIL1_exception')">java.lang.AssertionError: 
                     Timed out after 30 seconds waiting for visibility of Proxy element for: DefaultElementLocator 'By.xpath: //input[@id='custom-item-name']'
                     Build info: version: '2.53.0', revision: '35ae25b1534ae328c771e0856c93e187490ca824', time: '2016-03-15 10:43:46'
                     System info: host: 'SDEVPCSVU7112', ip: '10.15.142.48', os.name: 'Windows 7', os.arch: 'amd64', os.version: '6.1', java.version:
                     '1.8.0_73'
                     Driver info: org.openqa.selenium.chrome.ChromeDriver
                     Capabilities [{applicationCacheEnabled=false, rotatable=false, mobileEmulationEnabled=false, chrome={chromedriverVersion=2.22.397933
                     (1cab651507b88dec79b2b2a22d1943c01833cc1b), userDataDir=C:\Users\jrag00m\AppData\Local\Temp\scoped_dir71428_806}, takesHeapSnapshot=true,
                     databaseEnabled=false, handlesAlerts=true, hasTouchScreen=false, version=52.0.2743.116, platform=XP, browserConnectionEnabled=false,
                     nativeEvents=true, acceptSslCerts=true, locationContextEnabled=true, webStorageEnabled=true, browserName=chrome, takesScreenshot=true,
                     javascriptEnabled=true, cssSelectorsEnabled=true}]
                     Session ID: ae270fa52ae0c7e5811c8df9abb0fe70
                     
                  </a>
                   
                  
               </td>
            </tr>
            <tr>
               <td colspan="4" class="detailsBox">
                  <div id="com.test.regression.cub.testscripts.ShoppingLists_slOtherPagesWidget_byStatus_failed_FAIL1_details"
                       class="testMethodDetails">
                     <div>
                        <b>Name: </b>slOtherPagesWidget
                     </div>
                     <div>
                        <b>Signature: </b>slOtherPagesWidget()[pri:0, instance:com.test.regression.cub.testscripts.ShoppingLists@18be83e4]
                     </div>
                     <div>
                        <b>Start time: </b>13:19:17
                     </div>
                     <div>
                        <b>End time: </b>13:20:39
                     </div>
                     <div>
                        <b>Duration: </b>1m
                        21s
                        
                     </div>
                  </div>
               </td>
            </tr>
            <tr>
               <td colspan="4" class="detailsBox">
                  <div id="com.test.regression.cub.testscripts.ShoppingLists_slOtherPagesWidget_byStatus_failed_FAIL1_exception"
                       class="testMethodDetails">
                     <pre style="padding: 5px; margin: 0;">java.lang.AssertionError: Timed out after 30 seconds waiting for visibility of Proxy element for: DefaultElementLocator 'By.xpath:
                        //input[@id='custom-item-name']'
                        Build info: version: '2.53.0', revision: '35ae25b1534ae328c771e0856c93e187490ca824', time: '2016-03-15 10:43:46'
                        System info: host: 'SDEVPCSVU7112', ip: '10.15.142.48', os.name: 'Windows 7', os.arch: 'amd64', os.version: '6.1', java.version:
                        '1.8.0_73'
                        Driver info: org.openqa.selenium.chrome.ChromeDriver
                        Capabilities [{applicationCacheEnabled=false, rotatable=false, mobileEmulationEnabled=false, chrome={chromedriverVersion=2.22.397933
                        (1cab651507b88dec79b2b2a22d1943c01833cc1b), userDataDir=C:\Users\jrag00m\AppData\Local\Temp\scoped_dir71428_806}, takesHeapSnapshot=true,
                        databaseEnabled=false, handlesAlerts=true, hasTouchScreen=false, version=52.0.2743.116, platform=XP, browserConnectionEnabled=false,
                        nativeEvents=true, acceptSslCerts=true, locationContextEnabled=true, webStorageEnabled=true, browserName=chrome, takesScreenshot=true,
                        javascriptEnabled=true, cssSelectorsEnabled=true}]
                        Session ID: ae270fa52ae0c7e5811c8df9abb0fe70
                        	at org.testng.Assert.fail(Assert.java:94)
                        	at com.test.regression.cub.testscripts.ShoppingLists.slOtherPagesWidget(ShoppingLists.java:487)
                        	at sun.reflect.NativeMethodAccessorImpl.invoke0(Native Method)
                        	at sun.reflect.NativeMethodAccessorImpl.invoke(NativeMethodAccessorImpl.java:62)
                        	at sun.reflect.DelegatingMethodAccessorImpl.invoke(DelegatingMethodAccessorImpl.java:43)
                        	at java.lang.reflect.Method.invoke(Method.java:497)
                        	at org.testng.internal.MethodInvocationHelper.invokeMethod(MethodInvocationHelper.java:80)
                        	at org.testng.internal.Invoker.invokeMethod(Invoker.java:714)
                        	at org.testng.internal.Invoker.invokeTestMethod(Invoker.java:901)
                        	at org.testng.internal.Invoker.invokeTestMethods(Invoker.java:1231)
                        	at org.testng.internal.TestMethodWorker.invokeTestMethods(TestMethodWorker.java:127)
                        	at org.testng.internal.TestMethodWorker.run(TestMethodWorker.java:111)
                        	at org.testng.TestRunner.privateRun(TestRunner.java:767)
                        	at org.testng.TestRunner.run(TestRunner.java:617)
                        	at org.testng.SuiteRunner.runTest(SuiteRunner.java:334)
                        	at org.testng.SuiteRunner.runSequentially(SuiteRunner.java:329)
                        	at org.testng.SuiteRunner.privateRun(SuiteRunner.java:291)
                        	at org.testng.SuiteRunner.run(SuiteRunner.java:240)
                        	at org.testng.SuiteRunnerWorker.runSuite(SuiteRunnerWorker.java:52)
                        	at org.testng.SuiteRunnerWorker.run(SuiteRunnerWorker.java:86)
                        	at org.testng.TestNG.runSuitesSequentially(TestNG.java:1198)
                        	at org.testng.TestNG.runSuitesLocally(TestNG.java:1123)
                        	at org.testng.TestNG.run(TestNG.java:1031)
                        	at org.apache.maven.surefire.testng.TestNGExecutor.run(TestNGExecutor.java:178)
                        	at org.apache.maven.surefire.testng.TestNGXmlTestSuite.execute(TestNGXmlTestSuite.java:92)
                        	at org.apache.maven.surefire.testng.TestNGProvider.invoke(TestNGProvider.java:96)
                        	at sun.reflect.NativeMethodAccessorImpl.invoke0(Native Method)
                        	at sun.reflect.NativeMethodAccessorImpl.invoke(NativeMethodAccessorImpl.java:62)
                        	at sun.reflect.DelegatingMethodAccessorImpl.invoke(DelegatingMethodAccessorImpl.java:43)
                        	at java.lang.reflect.Method.invoke(Method.java:497)
                        	at org.apache.maven.surefire.util.ReflectionUtils.invokeMethodWithArray2(ReflectionUtils.java:208)
                        	at org.apache.maven.surefire.booter.ProviderFactory$ProviderProxy.invoke(ProviderFactory.java:159)
                        	at org.apache.maven.surefire.booter.ProviderFactory.invokeProvider(ProviderFactory.java:87)
                        	at org.apache.maven.surefire.booter.ForkedBooter.runSuitesInProcess(ForkedBooter.java:153)
                        	at org.apache.maven.surefire.booter.ForkedBooter.main(ForkedBooter.java:95)
                     </pre>
                  </div>
               </td>
            </tr>
            <tr id="com.test.regression.cub.testscripts.ShoppingLists_initialization_byStatus_passed_PASS1_row"
                class="testMethodStatusPASS testMethodStatusCONF">
               <td width="100%" class="firstMethodCell">
                  <a onclick="toggleDetailsVisibility('com.test.regression.cub.testscripts.ShoppingLists_initialization_byStatus_passed_PASS1_details')">initialization(public void com.test.regression.cub.testscripts.ShoppingLists.slOtherPagesWidget())</a>
               </td>
               <td nowrap="true">13:19:04</td>
               <td nowrap="true" align="right">12s
                  
               </td>
               <td nowrap="true">
                   
                  
               </td>
            </tr>
            <tr>
               <td colspan="4" class="detailsBox">
                  <div id="com.test.regression.cub.testscripts.ShoppingLists_initialization_byStatus_passed_PASS1_details"
                       class="testMethodDetails">
                     <div>
                        <b>Name: </b>initialization
                     </div>
                     <div>
                        <b>Signature: </b>initialization(java.lang.reflect.Method)[pri:0, instance:com.test.regression.cub.testscripts.ShoppingLists@18be83e4]
                     </div>
                     <div>
                        <b>Parameters: </b>
                        
                        public void com.test.regression.cub.testscripts.ShoppingLists.slOtherPagesWidget()
                        
                        
                     </div>
                     <div>
                        <b>Start time: </b>13:19:04
                     </div>
                     <div>
                        <b>End time: </b>13:19:17
                     </div>
                     <div>
                        <b>Duration: </b>12s
                        
                     </div>
                  </div>
               </td>
            </tr>
            <tr></tr>
            <tr id="com.test.regression.cub.testscripts.ShoppingLists_breakDown_byStatus_passed_PASS2_row"
                class="testMethodStatusPASS testMethodStatusCONF">
               <td width="100%" class="firstMethodCell">
                  <a onclick="toggleDetailsVisibility('com.test.regression.cub.testscripts.ShoppingLists_breakDown_byStatus_passed_PASS2_details')">breakDown([TestResult name=slOtherPagesWidget status=FAILURE method=ShoppingLists.slOtherPagesWidget()[pri:0, instance:com.test.regression.cub.testscripts.ShoppingLists@18be83e4]
                     output={null}])
                  </a>
               </td>
               <td nowrap="true">13:20:39</td>
               <td nowrap="true" align="right">270 ms
                  
               </td>
               <td nowrap="true">
                   
                  
               </td>
            </tr>
            <tr>
               <td colspan="4" class="detailsBox">
                  <div id="com.test.regression.cub.testscripts.ShoppingLists_breakDown_byStatus_passed_PASS2_details"
                       class="testMethodDetails">
                     <div>
                        <b>Name: </b>breakDown
                     </div>
                     <div>
                        <b>Signature: </b>breakDown(org.testng.ITestResult)[pri:0, instance:com.test.regression.cub.testscripts.ShoppingLists@18be83e4]
                     </div>
                     <div>
                        <b>Parameters: </b>
                        
                        [TestResult name=slOtherPagesWidget status=FAILURE method=ShoppingLists.slOtherPagesWidget()[pri:0, instance:com.test.regression.cub.testscripts.ShoppingLists@18be83e4]
                        output={null}]
                        
                        
                     </div>
                     <div>
                        <b>Start time: </b>13:20:39
                     </div>
                     <div>
                        <b>End time: </b>13:20:39
                     </div>
                     <div>
                        <b>Duration: </b>270 ms
                        
                     </div>
                  </div>
               </td>
            </tr>
            <tr></tr>
            <tr id="com.test.regression.cub.testscripts.ShoppingLists_closeDriver_byStatus_passed_PASS3_row"
                class="testMethodStatusPASS testMethodStatusCONF">
               <td width="100%" class="firstMethodCell">
                  <a onclick="toggleDetailsVisibility('com.test.regression.cub.testscripts.ShoppingLists_closeDriver_byStatus_passed_PASS3_details')">closeDriver(public void com.test.regression.cub.testscripts.ShoppingLists.slOtherPagesWidget())</a>
               </td>
               <td nowrap="true">13:20:39</td>
               <td nowrap="true" align="right">2s
                  
               </td>
               <td nowrap="true">
                   
                  
               </td>
            </tr>
            <tr>
               <td colspan="4" class="detailsBox">
                  <div id="com.test.regression.cub.testscripts.ShoppingLists_closeDriver_byStatus_passed_PASS3_details"
                       class="testMethodDetails">
                     <div>
                        <b>Name: </b>closeDriver
                     </div>
                     <div>
                        <b>Signature: </b>closeDriver(java.lang.reflect.Method)[pri:0, instance:com.test.regression.cub.testscripts.ShoppingLists@18be83e4]
                     </div>
                     <div>
                        <b>Parameters: </b>
                        
                        public void com.test.regression.cub.testscripts.ShoppingLists.slOtherPagesWidget()
                        
                        
                     </div>
                     <div>
                        <b>Start time: </b>13:20:39
                     </div>
                     <div>
                        <b>End time: </b>13:20:41
                     </div>
                     <div>
                        <b>Duration: </b>2s
                        
                     </div>
                  </div>
               </td>
            </tr>
            <tr></tr>
            <tr id="com.test.regression.cub.testscripts.ShoppingLists_initialization_byStatus_passed_PASS4_row"
                class="testMethodStatusPASS testMethodStatusCONF">
               <td width="100%" class="firstMethodCell">
                  <a onclick="toggleDetailsVisibility('com.test.regression.cub.testscripts.ShoppingLists_initialization_byStatus_passed_PASS4_details')">initialization(public void com.test.regression.cub.testscripts.ShoppingLists.AddnEditItemsInShoppingList())</a>
               </td>
               <td nowrap="true">13:20:41</td>
               <td nowrap="true" align="right">10s
                  
               </td>
               <td nowrap="true">
                   
                  
               </td>
            </tr>
            <tr>
               <td colspan="4" class="detailsBox">
                  <div id="com.test.regression.cub.testscripts.ShoppingLists_initialization_byStatus_passed_PASS4_details"
                       class="testMethodDetails">
                     <div>
                        <b>Name: </b>initialization
                     </div>
                     <div>
                        <b>Signature: </b>initialization(java.lang.reflect.Method)[pri:0, instance:com.test.regression.cub.testscripts.ShoppingLists@18be83e4]
                     </div>
                     <div>
                        <b>Parameters: </b>
                        
                        public void com.test.regression.cub.testscripts.ShoppingLists.AddnEditItemsInShoppingList()
                        
                        
                     </div>
                     <div>
                        <b>Start time: </b>13:20:41
                     </div>
                     <div>
                        <b>End time: </b>13:20:52
                     </div>
                     <div>
                        <b>Duration: </b>10s
                        
                     </div>
                  </div>
               </td>
            </tr>
            <tr></tr>
            <tr id="com.test.regression.cub.testscripts.ShoppingLists_AddnEditItemsInShoppingList_byStatus_passed_PASS5_row"
                class="testMethodStatusPASS">
               <td width="100%" class="firstMethodCell">
                  <a onclick="toggleDetailsVisibility('com.test.regression.cub.testscripts.ShoppingLists_AddnEditItemsInShoppingList_byStatus_passed_PASS5_details')">AddnEditItemsInShoppingList()</a>
               </td>
               <td nowrap="true">13:20:52</td>
               <td nowrap="true" align="right">2m
                  45s
                  
               </td>
               <td nowrap="true">
                   
                  
               </td>
            </tr>
            <tr>
               <td colspan="4" class="detailsBox">
                  <div id="com.test.regression.cub.testscripts.ShoppingLists_AddnEditItemsInShoppingList_byStatus_passed_PASS5_details"
                       class="testMethodDetails">
                     <div>
                        <b>Name: </b>AddnEditItemsInShoppingList
                     </div>
                     <div>
                        <b>Signature: </b>AddnEditItemsInShoppingList()[pri:0, instance:com.test.regression.cub.testscripts.ShoppingLists@18be83e4]
                     </div>
                     <div>
                        <b>Start time: </b>13:20:52
                     </div>
                     <div>
                        <b>End time: </b>13:23:37
                     </div>
                     <div>
                        <b>Duration: </b>2m
                        45s
                        
                     </div>
                  </div>
               </td>
            </tr>
            <tr></tr>
            <tr id="com.test.regression.cub.testscripts.ShoppingLists_breakDown_byStatus_passed_PASS6_row"
                class="testMethodStatusPASS testMethodStatusCONF">
               <td width="100%" class="firstMethodCell">
                  <a onclick="toggleDetailsVisibility('com.test.regression.cub.testscripts.ShoppingLists_breakDown_byStatus_passed_PASS6_details')">breakDown([TestResult name=AddnEditItemsInShoppingList status=SUCCESS method=ShoppingLists.AddnEditItemsInShoppingList()[pri:0,
                     instance:com.test.regression.cub.testscripts.ShoppingLists@18be83e4] output={null}])
                  </a>
               </td>
               <td nowrap="true">13:23:37</td>
               <td nowrap="true" align="right">0 ms
                  
               </td>
               <td nowrap="true">
                   
                  
               </td>
            </tr>
            <tr>
               <td colspan="4" class="detailsBox">
                  <div id="com.test.regression.cub.testscripts.ShoppingLists_breakDown_byStatus_passed_PASS6_details"
                       class="testMethodDetails">
                     <div>
                        <b>Name: </b>breakDown
                     </div>
                     <div>
                        <b>Signature: </b>breakDown(org.testng.ITestResult)[pri:0, instance:com.test.regression.cub.testscripts.ShoppingLists@18be83e4]
                     </div>
                     <div>
                        <b>Parameters: </b>
                        
                        [TestResult name=AddnEditItemsInShoppingList status=SUCCESS method=ShoppingLists.AddnEditItemsInShoppingList()[pri:0, instance:com.test.regression.cub.testscripts.ShoppingLists@18be83e4]
                        output={null}]
                        
                        
                     </div>
                     <div>
                        <b>Start time: </b>13:23:37
                     </div>
                     <div>
                        <b>End time: </b>13:23:37
                     </div>
                     <div>
                        <b>Duration: </b>0 ms
                        
                     </div>
                  </div>
               </td>
            </tr>
            <tr></tr>
            <tr id="com.test.regression.cub.testscripts.ShoppingLists_closeDriver_byStatus_passed_PASS7_row"
                class="testMethodStatusPASS testMethodStatusCONF">
               <td width="100%" class="firstMethodCell">
                  <a onclick="toggleDetailsVisibility('com.test.regression.cub.testscripts.ShoppingLists_closeDriver_byStatus_passed_PASS7_details')">closeDriver(public void com.test.regression.cub.testscripts.ShoppingLists.AddnEditItemsInShoppingList())</a>
               </td>
               <td nowrap="true">13:23:37</td>
               <td nowrap="true" align="right">2s
                  
               </td>
               <td nowrap="true">
                   
                  
               </td>
            </tr>
            <tr>
               <td colspan="4" class="detailsBox">
                  <div id="com.test.regression.cub.testscripts.ShoppingLists_closeDriver_byStatus_passed_PASS7_details"
                       class="testMethodDetails">
                     <div>
                        <b>Name: </b>closeDriver
                     </div>
                     <div>
                        <b>Signature: </b>closeDriver(java.lang.reflect.Method)[pri:0, instance:com.test.regression.cub.testscripts.ShoppingLists@18be83e4]
                     </div>
                     <div>
                        <b>Parameters: </b>
                        
                        public void com.test.regression.cub.testscripts.ShoppingLists.AddnEditItemsInShoppingList()
                        
                        
                     </div>
                     <div>
                        <b>Start time: </b>13:23:37
                     </div>
                     <div>
                        <b>End time: </b>13:23:39
                     </div>
                     <div>
                        <b>Duration: </b>2s
                        
                     </div>
                  </div>
               </td>
            </tr>
            <tr></tr>
            <tr id="com.test.regression.cub.testscripts.ShoppingLists_initialization_byStatus_passed_PASS8_row"
                class="testMethodStatusPASS testMethodStatusCONF">
               <td width="100%" class="firstMethodCell">
                  <a onclick="toggleDetailsVisibility('com.test.regression.cub.testscripts.ShoppingLists_initialization_byStatus_passed_PASS8_details')">initialization(public void com.test.regression.cub.testscripts.ShoppingLists.addMoreThan1SL())</a>
               </td>
               <td nowrap="true">13:23:39</td>
               <td nowrap="true" align="right">11s
                  
               </td>
               <td nowrap="true">
                   
                  
               </td>
            </tr>
            <tr>
               <td colspan="4" class="detailsBox">
                  <div id="com.test.regression.cub.testscripts.ShoppingLists_initialization_byStatus_passed_PASS8_details"
                       class="testMethodDetails">
                     <div>
                        <b>Name: </b>initialization
                     </div>
                     <div>
                        <b>Signature: </b>initialization(java.lang.reflect.Method)[pri:0, instance:com.test.regression.cub.testscripts.ShoppingLists@18be83e4]
                     </div>
                     <div>
                        <b>Parameters: </b>
                        
                        public void com.test.regression.cub.testscripts.ShoppingLists.addMoreThan1SL()
                        
                        
                     </div>
                     <div>
                        <b>Start time: </b>13:23:39
                     </div>
                     <div>
                        <b>End time: </b>13:23:50
                     </div>
                     <div>
                        <b>Duration: </b>11s
                        
                     </div>
                  </div>
               </td>
            </tr>
            <tr></tr>
            <tr id="com.test.regression.cub.testscripts.ShoppingLists_addMoreThan1SL_byStatus_passed_PASS9_row"
                class="testMethodStatusPASS">
               <td width="100%" class="firstMethodCell">
                  <a onclick="toggleDetailsVisibility('com.test.regression.cub.testscripts.ShoppingLists_addMoreThan1SL_byStatus_passed_PASS9_details')">addMoreThan1SL()</a>
               </td>
               <td nowrap="true">13:23:50</td>
               <td nowrap="true" align="right">1m
                  12s
                  
               </td>
               <td nowrap="true">
                   
                  
               </td>
            </tr>
            <tr>
               <td colspan="4" class="detailsBox">
                  <div id="com.test.regression.cub.testscripts.ShoppingLists_addMoreThan1SL_byStatus_passed_PASS9_details"
                       class="testMethodDetails">
                     <div>
                        <b>Name: </b>addMoreThan1SL
                     </div>
                     <div>
                        <b>Signature: </b>addMoreThan1SL()[pri:0, instance:com.test.regression.cub.testscripts.ShoppingLists@18be83e4]
                     </div>
                     <div>
                        <b>Start time: </b>13:23:50
                     </div>
                     <div>
                        <b>End time: </b>13:25:03
                     </div>
                     <div>
                        <b>Duration: </b>1m
                        12s
                        
                     </div>
                  </div>
               </td>
            </tr>
            <tr></tr>
            <tr id="com.test.regression.cub.testscripts.ShoppingLists_closeDriver_byStatus_passed_PASS10_row"
                class="testMethodStatusPASS testMethodStatusCONF">
               <td width="100%" class="firstMethodCell">
                  <a onclick="toggleDetailsVisibility('com.test.regression.cub.testscripts.ShoppingLists_closeDriver_byStatus_passed_PASS10_details')">closeDriver(public void com.test.regression.cub.testscripts.ShoppingLists.addMoreThan1SL())</a>
               </td>
               <td nowrap="true">13:25:03</td>
               <td nowrap="true" align="right">5s
                  
               </td>
               <td nowrap="true">
                   
                  
               </td>
            </tr>
            <tr>
               <td colspan="4" class="detailsBox">
                  <div id="com.test.regression.cub.testscripts.ShoppingLists_closeDriver_byStatus_passed_PASS10_details"
                       class="testMethodDetails">
                     <div>
                        <b>Name: </b>closeDriver
                     </div>
                     <div>
                        <b>Signature: </b>closeDriver(java.lang.reflect.Method)[pri:0, instance:com.test.regression.cub.testscripts.ShoppingLists@18be83e4]
                     </div>
                     <div>
                        <b>Parameters: </b>
                        
                        public void com.test.regression.cub.testscripts.ShoppingLists.addMoreThan1SL()
                        
                        
                     </div>
                     <div>
                        <b>Start time: </b>13:25:03
                     </div>
                     <div>
                        <b>End time: </b>13:25:09
                     </div>
                     <div>
                        <b>Duration: </b>5s
                        
                     </div>
                  </div>
               </td>
            </tr>
            <tr></tr>
            <tr id="com.test.regression.cub.testscripts.ShoppingLists_breakDown_byStatus_passed_PASS11_row"
                class="testMethodStatusPASS testMethodStatusCONF">
               <td width="100%" class="firstMethodCell">
                  <a onclick="toggleDetailsVisibility('com.test.regression.cub.testscripts.ShoppingLists_breakDown_byStatus_passed_PASS11_details')">breakDown([TestResult name=addMoreThan1SL status=SUCCESS method=ShoppingLists.addMoreThan1SL()[pri:0, instance:com.test.regression.cub.testscripts.ShoppingLists@18be83e4]
                     output={null}])
                  </a>
               </td>
               <td nowrap="true">13:25:03</td>
               <td nowrap="true" align="right">0 ms
                  
               </td>
               <td nowrap="true">
                   
                  
               </td>
            </tr>
            <tr>
               <td colspan="4" class="detailsBox">
                  <div id="com.test.regression.cub.testscripts.ShoppingLists_breakDown_byStatus_passed_PASS11_details"
                       class="testMethodDetails">
                     <div>
                        <b>Name: </b>breakDown
                     </div>
                     <div>
                        <b>Signature: </b>breakDown(org.testng.ITestResult)[pri:0, instance:com.test.regression.cub.testscripts.ShoppingLists@18be83e4]
                     </div>
                     <div>
                        <b>Parameters: </b>
                        
                        [TestResult name=addMoreThan1SL status=SUCCESS method=ShoppingLists.addMoreThan1SL()[pri:0, instance:com.test.regression.cub.testscripts.ShoppingLists@18be83e4]
                        output={null}]
                        
                        
                     </div>
                     <div>
                        <b>Start time: </b>13:25:03
                     </div>
                     <div>
                        <b>End time: </b>13:25:03
                     </div>
                     <div>
                        <b>Duration: </b>0 ms
                        
                     </div>
                  </div>
               </td>
            </tr>
            <tr></tr>
         </table>
      </div>
      <div id="testMethodsByClass">
         <table class="testMethodsTable" cellpadding="0" cellspacing="0">
            <tr>
               <td colspan="4">
                  <h3 style="display: inline;">com.test.regression.cub.testscripts.ShoppingLists</h3>
               </td>
            </tr>
            <tr class="methodsTableHeader">
               <td width="100%">Name</td>
               <td nowrap="true">Started</td>
               <td nowrap="true">Duration</td>
               <td>Exception</td>
            </tr>
            <tr id="com.test.regression.cub.testscripts.ShoppingLists_initialization_byClass_PASS1_row"
                class="testMethodStatusPASS testMethodStatusCONF">
               <td width="100%" class="firstMethodCell">
                  <a onclick="toggleDetailsVisibility('com.test.regression.cub.testscripts.ShoppingLists_initialization_byClass_PASS1_details')">initialization(public void com.test.regression.cub.testscripts.ShoppingLists.slOtherPagesWidget())</a>
               </td>
               <td nowrap="true">13:19:04</td>
               <td nowrap="true" align="right">12s
                  
               </td>
               <td nowrap="true">
                   
                  
               </td>
            </tr>
            <tr>
               <td colspan="4" class="detailsBox">
                  <div id="com.test.regression.cub.testscripts.ShoppingLists_initialization_byClass_PASS1_details"
                       class="testMethodDetails">
                     <div>
                        <b>Name: </b>initialization
                     </div>
                     <div>
                        <b>Signature: </b>initialization(java.lang.reflect.Method)[pri:0, instance:com.test.regression.cub.testscripts.ShoppingLists@18be83e4]
                     </div>
                     <div>
                        <b>Parameters: </b>
                        
                        public void com.test.regression.cub.testscripts.ShoppingLists.slOtherPagesWidget()
                        
                        
                     </div>
                     <div>
                        <b>Start time: </b>13:19:04
                     </div>
                     <div>
                        <b>End time: </b>13:19:17
                     </div>
                     <div>
                        <b>Duration: </b>12s
                        
                     </div>
                  </div>
               </td>
            </tr>
            <tr></tr>
            <tr id="com.test.regression.cub.testscripts.ShoppingLists_slOtherPagesWidget_byClass_FAIL2_row"
                class="testMethodStatusFAIL">
               <td width="100%" class="firstMethodCell">
                  <a onclick="toggleDetailsVisibility('com.test.regression.cub.testscripts.ShoppingLists_slOtherPagesWidget_byClass_FAIL2_details')">slOtherPagesWidget()</a>
               </td>
               <td nowrap="true">13:19:17</td>
               <td nowrap="true" align="right">1m
                  21s
                  
               </td>
               <td nowrap="true">
                  <a onclick="toggleDetailsVisibility('com.test.regression.cub.testscripts.ShoppingLists_slOtherPagesWidget_byClass_FAIL2_exception')">java.lang.AssertionError: 
                     Timed out after 30 seconds waiting for visibility of Proxy element for: DefaultElementLocator 'By.xpath: //input[@id='custom-item-name']'
                     Build info: version: '2.53.0', revision: '35ae25b1534ae328c771e0856c93e187490ca824', time: '2016-03-15 10:43:46'
                     System info: host: 'SDEVPCSVU7112', ip: '10.15.142.48', os.name: 'Windows 7', os.arch: 'amd64', os.version: '6.1', java.version:
                     '1.8.0_73'
                     Driver info: org.openqa.selenium.chrome.ChromeDriver
                     Capabilities [{applicationCacheEnabled=false, rotatable=false, mobileEmulationEnabled=false, chrome={chromedriverVersion=2.22.397933
                     (1cab651507b88dec79b2b2a22d1943c01833cc1b), userDataDir=C:\Users\jrag00m\AppData\Local\Temp\scoped_dir71428_806}, takesHeapSnapshot=true,
                     databaseEnabled=false, handlesAlerts=true, hasTouchScreen=false, version=52.0.2743.116, platform=XP, browserConnectionEnabled=false,
                     nativeEvents=true, acceptSslCerts=true, locationContextEnabled=true, webStorageEnabled=true, browserName=chrome, takesScreenshot=true,
                     javascriptEnabled=true, cssSelectorsEnabled=true}]
                     Session ID: ae270fa52ae0c7e5811c8df9abb0fe70
                     
                  </a>
                   
                  
               </td>
            </tr>
            <tr>
               <td colspan="4" class="detailsBox">
                  <div id="com.test.regression.cub.testscripts.ShoppingLists_slOtherPagesWidget_byClass_FAIL2_details"
                       class="testMethodDetails">
                     <div>
                        <b>Name: </b>slOtherPagesWidget
                     </div>
                     <div>
                        <b>Signature: </b>slOtherPagesWidget()[pri:0, instance:com.test.regression.cub.testscripts.ShoppingLists@18be83e4]
                     </div>
                     <div>
                        <b>Start time: </b>13:19:17
                     </div>
                     <div>
                        <b>End time: </b>13:20:39
                     </div>
                     <div>
                        <b>Duration: </b>1m
                        21s
                        
                     </div>
                  </div>
               </td>
            </tr>
            <tr>
               <td colspan="4" class="detailsBox">
                  <div id="com.test.regression.cub.testscripts.ShoppingLists_slOtherPagesWidget_byClass_FAIL2_exception"
                       class="testMethodDetails">
                     <pre style="padding: 5px; margin: 0;">java.lang.AssertionError: Timed out after 30 seconds waiting for visibility of Proxy element for: DefaultElementLocator 'By.xpath:
                        //input[@id='custom-item-name']'
                        Build info: version: '2.53.0', revision: '35ae25b1534ae328c771e0856c93e187490ca824', time: '2016-03-15 10:43:46'
                        System info: host: 'SDEVPCSVU7112', ip: '10.15.142.48', os.name: 'Windows 7', os.arch: 'amd64', os.version: '6.1', java.version:
                        '1.8.0_73'
                        Driver info: org.openqa.selenium.chrome.ChromeDriver
                        Capabilities [{applicationCacheEnabled=false, rotatable=false, mobileEmulationEnabled=false, chrome={chromedriverVersion=2.22.397933
                        (1cab651507b88dec79b2b2a22d1943c01833cc1b), userDataDir=C:\Users\jrag00m\AppData\Local\Temp\scoped_dir71428_806}, takesHeapSnapshot=true,
                        databaseEnabled=false, handlesAlerts=true, hasTouchScreen=false, version=52.0.2743.116, platform=XP, browserConnectionEnabled=false,
                        nativeEvents=true, acceptSslCerts=true, locationContextEnabled=true, webStorageEnabled=true, browserName=chrome, takesScreenshot=true,
                        javascriptEnabled=true, cssSelectorsEnabled=true}]
                        Session ID: ae270fa52ae0c7e5811c8df9abb0fe70
                        	at org.testng.Assert.fail(Assert.java:94)
                        	at com.test.regression.cub.testscripts.ShoppingLists.slOtherPagesWidget(ShoppingLists.java:487)
                        	at sun.reflect.NativeMethodAccessorImpl.invoke0(Native Method)
                        	at sun.reflect.NativeMethodAccessorImpl.invoke(NativeMethodAccessorImpl.java:62)
                        	at sun.reflect.DelegatingMethodAccessorImpl.invoke(DelegatingMethodAccessorImpl.java:43)
                        	at java.lang.reflect.Method.invoke(Method.java:497)
                        	at org.testng.internal.MethodInvocationHelper.invokeMethod(MethodInvocationHelper.java:80)
                        	at org.testng.internal.Invoker.invokeMethod(Invoker.java:714)
                        	at org.testng.internal.Invoker.invokeTestMethod(Invoker.java:901)
                        	at org.testng.internal.Invoker.invokeTestMethods(Invoker.java:1231)
                        	at org.testng.internal.TestMethodWorker.invokeTestMethods(TestMethodWorker.java:127)
                        	at org.testng.internal.TestMethodWorker.run(TestMethodWorker.java:111)
                        	at org.testng.TestRunner.privateRun(TestRunner.java:767)
                        	at org.testng.TestRunner.run(TestRunner.java:617)
                        	at org.testng.SuiteRunner.runTest(SuiteRunner.java:334)
                        	at org.testng.SuiteRunner.runSequentially(SuiteRunner.java:329)
                        	at org.testng.SuiteRunner.privateRun(SuiteRunner.java:291)
                        	at org.testng.SuiteRunner.run(SuiteRunner.java:240)
                        	at org.testng.SuiteRunnerWorker.runSuite(SuiteRunnerWorker.java:52)
                        	at org.testng.SuiteRunnerWorker.run(SuiteRunnerWorker.java:86)
                        	at org.testng.TestNG.runSuitesSequentially(TestNG.java:1198)
                        	at org.testng.TestNG.runSuitesLocally(TestNG.java:1123)
                        	at org.testng.TestNG.run(TestNG.java:1031)
                        	at org.apache.maven.surefire.testng.TestNGExecutor.run(TestNGExecutor.java:178)
                        	at org.apache.maven.surefire.testng.TestNGXmlTestSuite.execute(TestNGXmlTestSuite.java:92)
                        	at org.apache.maven.surefire.testng.TestNGProvider.invoke(TestNGProvider.java:96)
                        	at sun.reflect.NativeMethodAccessorImpl.invoke0(Native Method)
                        	at sun.reflect.NativeMethodAccessorImpl.invoke(NativeMethodAccessorImpl.java:62)
                        	at sun.reflect.DelegatingMethodAccessorImpl.invoke(DelegatingMethodAccessorImpl.java:43)
                        	at java.lang.reflect.Method.invoke(Method.java:497)
                        	at org.apache.maven.surefire.util.ReflectionUtils.invokeMethodWithArray2(ReflectionUtils.java:208)
                        	at org.apache.maven.surefire.booter.ProviderFactory$ProviderProxy.invoke(ProviderFactory.java:159)
                        	at org.apache.maven.surefire.booter.ProviderFactory.invokeProvider(ProviderFactory.java:87)
                        	at org.apache.maven.surefire.booter.ForkedBooter.runSuitesInProcess(ForkedBooter.java:153)
                        	at org.apache.maven.surefire.booter.ForkedBooter.main(ForkedBooter.java:95)
                     </pre>
                  </div>
               </td>
            </tr>
            <tr id="com.test.regression.cub.testscripts.ShoppingLists_breakDown_byClass_PASS3_row"
                class="testMethodStatusPASS testMethodStatusCONF">
               <td width="100%" class="firstMethodCell">
                  <a onclick="toggleDetailsVisibility('com.test.regression.cub.testscripts.ShoppingLists_breakDown_byClass_PASS3_details')">breakDown([TestResult name=slOtherPagesWidget status=FAILURE method=ShoppingLists.slOtherPagesWidget()[pri:0, instance:com.test.regression.cub.testscripts.ShoppingLists@18be83e4]
                     output={null}])
                  </a>
               </td>
               <td nowrap="true">13:20:39</td>
               <td nowrap="true" align="right">270 ms
                  
               </td>
               <td nowrap="true">
                   
                  
               </td>
            </tr>
            <tr>
               <td colspan="4" class="detailsBox">
                  <div id="com.test.regression.cub.testscripts.ShoppingLists_breakDown_byClass_PASS3_details"
                       class="testMethodDetails">
                     <div>
                        <b>Name: </b>breakDown
                     </div>
                     <div>
                        <b>Signature: </b>breakDown(org.testng.ITestResult)[pri:0, instance:com.test.regression.cub.testscripts.ShoppingLists@18be83e4]
                     </div>
                     <div>
                        <b>Parameters: </b>
                        
                        [TestResult name=slOtherPagesWidget status=FAILURE method=ShoppingLists.slOtherPagesWidget()[pri:0, instance:com.test.regression.cub.testscripts.ShoppingLists@18be83e4]
                        output={null}]
                        
                        
                     </div>
                     <div>
                        <b>Start time: </b>13:20:39
                     </div>
                     <div>
                        <b>End time: </b>13:20:39
                     </div>
                     <div>
                        <b>Duration: </b>270 ms
                        
                     </div>
                  </div>
               </td>
            </tr>
            <tr></tr>
            <tr id="com.test.regression.cub.testscripts.ShoppingLists_closeDriver_byClass_PASS4_row"
                class="testMethodStatusPASS testMethodStatusCONF">
               <td width="100%" class="firstMethodCell">
                  <a onclick="toggleDetailsVisibility('com.test.regression.cub.testscripts.ShoppingLists_closeDriver_byClass_PASS4_details')">closeDriver(public void com.test.regression.cub.testscripts.ShoppingLists.slOtherPagesWidget())</a>
               </td>
               <td nowrap="true">13:20:39</td>
               <td nowrap="true" align="right">2s
                  
               </td>
               <td nowrap="true">
                   
                  
               </td>
            </tr>
            <tr>
               <td colspan="4" class="detailsBox">
                  <div id="com.test.regression.cub.testscripts.ShoppingLists_closeDriver_byClass_PASS4_details"
                       class="testMethodDetails">
                     <div>
                        <b>Name: </b>closeDriver
                     </div>
                     <div>
                        <b>Signature: </b>closeDriver(java.lang.reflect.Method)[pri:0, instance:com.test.regression.cub.testscripts.ShoppingLists@18be83e4]
                     </div>
                     <div>
                        <b>Parameters: </b>
                        
                        public void com.test.regression.cub.testscripts.ShoppingLists.slOtherPagesWidget()
                        
                        
                     </div>
                     <div>
                        <b>Start time: </b>13:20:39
                     </div>
                     <div>
                        <b>End time: </b>13:20:41
                     </div>
                     <div>
                        <b>Duration: </b>2s
                        
                     </div>
                  </div>
               </td>
            </tr>
            <tr></tr>
            <tr id="com.test.regression.cub.testscripts.ShoppingLists_initialization_byClass_PASS5_row"
                class="testMethodStatusPASS testMethodStatusCONF">
               <td width="100%" class="firstMethodCell">
                  <a onclick="toggleDetailsVisibility('com.test.regression.cub.testscripts.ShoppingLists_initialization_byClass_PASS5_details')">initialization(public void com.test.regression.cub.testscripts.ShoppingLists.AddnEditItemsInShoppingList())</a>
               </td>
               <td nowrap="true">13:20:41</td>
               <td nowrap="true" align="right">10s
                  
               </td>
               <td nowrap="true">
                   
                  
               </td>
            </tr>
            <tr>
               <td colspan="4" class="detailsBox">
                  <div id="com.test.regression.cub.testscripts.ShoppingLists_initialization_byClass_PASS5_details"
                       class="testMethodDetails">
                     <div>
                        <b>Name: </b>initialization
                     </div>
                     <div>
                        <b>Signature: </b>initialization(java.lang.reflect.Method)[pri:0, instance:com.test.regression.cub.testscripts.ShoppingLists@18be83e4]
                     </div>
                     <div>
                        <b>Parameters: </b>
                        
                        public void com.test.regression.cub.testscripts.ShoppingLists.AddnEditItemsInShoppingList()
                        
                        
                     </div>
                     <div>
                        <b>Start time: </b>13:20:41
                     </div>
                     <div>
                        <b>End time: </b>13:20:52
                     </div>
                     <div>
                        <b>Duration: </b>10s
                        
                     </div>
                  </div>
               </td>
            </tr>
            <tr></tr>
            <tr id="com.test.regression.cub.testscripts.ShoppingLists_AddnEditItemsInShoppingList_byClass_PASS6_row"
                class="testMethodStatusPASS">
               <td width="100%" class="firstMethodCell">
                  <a onclick="toggleDetailsVisibility('com.test.regression.cub.testscripts.ShoppingLists_AddnEditItemsInShoppingList_byClass_PASS6_details')">AddnEditItemsInShoppingList()</a>
               </td>
               <td nowrap="true">13:20:52</td>
               <td nowrap="true" align="right">2m
                  45s
                  
               </td>
               <td nowrap="true">
                   
                  
               </td>
            </tr>
            <tr>
               <td colspan="4" class="detailsBox">
                  <div id="com.test.regression.cub.testscripts.ShoppingLists_AddnEditItemsInShoppingList_byClass_PASS6_details"
                       class="testMethodDetails">
                     <div>
                        <b>Name: </b>AddnEditItemsInShoppingList
                     </div>
                     <div>
                        <b>Signature: </b>AddnEditItemsInShoppingList()[pri:0, instance:com.test.regression.cub.testscripts.ShoppingLists@18be83e4]
                     </div>
                     <div>
                        <b>Start time: </b>13:20:52
                     </div>
                     <div>
                        <b>End time: </b>13:23:37
                     </div>
                     <div>
                        <b>Duration: </b>2m
                        45s
                        
                     </div>
                  </div>
               </td>
            </tr>
            <tr></tr>
            <tr id="com.test.regression.cub.testscripts.ShoppingLists_breakDown_byClass_PASS7_row"
                class="testMethodStatusPASS testMethodStatusCONF">
               <td width="100%" class="firstMethodCell">
                  <a onclick="toggleDetailsVisibility('com.test.regression.cub.testscripts.ShoppingLists_breakDown_byClass_PASS7_details')">breakDown([TestResult name=AddnEditItemsInShoppingList status=SUCCESS method=ShoppingLists.AddnEditItemsInShoppingList()[pri:0,
                     instance:com.test.regression.cub.testscripts.ShoppingLists@18be83e4] output={null}])
                  </a>
               </td>
               <td nowrap="true">13:23:37</td>
               <td nowrap="true" align="right">0 ms
                  
               </td>
               <td nowrap="true">
                   
                  
               </td>
            </tr>
            <tr>
               <td colspan="4" class="detailsBox">
                  <div id="com.test.regression.cub.testscripts.ShoppingLists_breakDown_byClass_PASS7_details"
                       class="testMethodDetails">
                     <div>
                        <b>Name: </b>breakDown
                     </div>
                     <div>
                        <b>Signature: </b>breakDown(org.testng.ITestResult)[pri:0, instance:com.test.regression.cub.testscripts.ShoppingLists@18be83e4]
                     </div>
                     <div>
                        <b>Parameters: </b>
                        
                        [TestResult name=AddnEditItemsInShoppingList status=SUCCESS method=ShoppingLists.AddnEditItemsInShoppingList()[pri:0, instance:com.test.regression.cub.testscripts.ShoppingLists@18be83e4]
                        output={null}]
                        
                        
                     </div>
                     <div>
                        <b>Start time: </b>13:23:37
                     </div>
                     <div>
                        <b>End time: </b>13:23:37
                     </div>
                     <div>
                        <b>Duration: </b>0 ms
                        
                     </div>
                  </div>
               </td>
            </tr>
            <tr></tr>
            <tr id="com.test.regression.cub.testscripts.ShoppingLists_closeDriver_byClass_PASS8_row"
                class="testMethodStatusPASS testMethodStatusCONF">
               <td width="100%" class="firstMethodCell">
                  <a onclick="toggleDetailsVisibility('com.test.regression.cub.testscripts.ShoppingLists_closeDriver_byClass_PASS8_details')">closeDriver(public void com.test.regression.cub.testscripts.ShoppingLists.AddnEditItemsInShoppingList())</a>
               </td>
               <td nowrap="true">13:23:37</td>
               <td nowrap="true" align="right">2s
                  
               </td>
               <td nowrap="true">
                   
                  
               </td>
            </tr>
            <tr>
               <td colspan="4" class="detailsBox">
                  <div id="com.test.regression.cub.testscripts.ShoppingLists_closeDriver_byClass_PASS8_details"
                       class="testMethodDetails">
                     <div>
                        <b>Name: </b>closeDriver
                     </div>
                     <div>
                        <b>Signature: </b>closeDriver(java.lang.reflect.Method)[pri:0, instance:com.test.regression.cub.testscripts.ShoppingLists@18be83e4]
                     </div>
                     <div>
                        <b>Parameters: </b>
                        
                        public void com.test.regression.cub.testscripts.ShoppingLists.AddnEditItemsInShoppingList()
                        
                        
                     </div>
                     <div>
                        <b>Start time: </b>13:23:37
                     </div>
                     <div>
                        <b>End time: </b>13:23:39
                     </div>
                     <div>
                        <b>Duration: </b>2s
                        
                     </div>
                  </div>
               </td>
            </tr>
            <tr></tr>
            <tr id="com.test.regression.cub.testscripts.ShoppingLists_initialization_byClass_PASS9_row"
                class="testMethodStatusPASS testMethodStatusCONF">
               <td width="100%" class="firstMethodCell">
                  <a onclick="toggleDetailsVisibility('com.test.regression.cub.testscripts.ShoppingLists_initialization_byClass_PASS9_details')">initialization(public void com.test.regression.cub.testscripts.ShoppingLists.addMoreThan1SL())</a>
               </td>
               <td nowrap="true">13:23:39</td>
               <td nowrap="true" align="right">11s
                  
               </td>
               <td nowrap="true">
                   
                  
               </td>
            </tr>
            <tr>
               <td colspan="4" class="detailsBox">
                  <div id="com.test.regression.cub.testscripts.ShoppingLists_initialization_byClass_PASS9_details"
                       class="testMethodDetails">
                     <div>
                        <b>Name: </b>initialization
                     </div>
                     <div>
                        <b>Signature: </b>initialization(java.lang.reflect.Method)[pri:0, instance:com.test.regression.cub.testscripts.ShoppingLists@18be83e4]
                     </div>
                     <div>
                        <b>Parameters: </b>
                        
                        public void com.test.regression.cub.testscripts.ShoppingLists.addMoreThan1SL()
                        
                        
                     </div>
                     <div>
                        <b>Start time: </b>13:23:39
                     </div>
                     <div>
                        <b>End time: </b>13:23:50
                     </div>
                     <div>
                        <b>Duration: </b>11s
                        
                     </div>
                  </div>
               </td>
            </tr>
            <tr></tr>
            <tr id="com.test.regression.cub.testscripts.ShoppingLists_addMoreThan1SL_byClass_PASS10_row"
                class="testMethodStatusPASS">
               <td width="100%" class="firstMethodCell">
                  <a onclick="toggleDetailsVisibility('com.test.regression.cub.testscripts.ShoppingLists_addMoreThan1SL_byClass_PASS10_details')">addMoreThan1SL()</a>
               </td>
               <td nowrap="true">13:23:50</td>
               <td nowrap="true" align="right">1m
                  12s
                  
               </td>
               <td nowrap="true">
                   
                  
               </td>
            </tr>
            <tr>
               <td colspan="4" class="detailsBox">
                  <div id="com.test.regression.cub.testscripts.ShoppingLists_addMoreThan1SL_byClass_PASS10_details"
                       class="testMethodDetails">
                     <div>
                        <b>Name: </b>addMoreThan1SL
                     </div>
                     <div>
                        <b>Signature: </b>addMoreThan1SL()[pri:0, instance:com.test.regression.cub.testscripts.ShoppingLists@18be83e4]
                     </div>
                     <div>
                        <b>Start time: </b>13:23:50
                     </div>
                     <div>
                        <b>End time: </b>13:25:03
                     </div>
                     <div>
                        <b>Duration: </b>1m
                        12s
                        
                     </div>
                  </div>
               </td>
            </tr>
            <tr></tr>
            <tr id="com.test.regression.cub.testscripts.ShoppingLists_closeDriver_byClass_PASS11_row"
                class="testMethodStatusPASS testMethodStatusCONF">
               <td width="100%" class="firstMethodCell">
                  <a onclick="toggleDetailsVisibility('com.test.regression.cub.testscripts.ShoppingLists_closeDriver_byClass_PASS11_details')">closeDriver(public void com.test.regression.cub.testscripts.ShoppingLists.addMoreThan1SL())</a>
               </td>
               <td nowrap="true">13:25:03</td>
               <td nowrap="true" align="right">5s
                  
               </td>
               <td nowrap="true">
                   
                  
               </td>
            </tr>
            <tr>
               <td colspan="4" class="detailsBox">
                  <div id="com.test.regression.cub.testscripts.ShoppingLists_closeDriver_byClass_PASS11_details"
                       class="testMethodDetails">
                     <div>
                        <b>Name: </b>closeDriver
                     </div>
                     <div>
                        <b>Signature: </b>closeDriver(java.lang.reflect.Method)[pri:0, instance:com.test.regression.cub.testscripts.ShoppingLists@18be83e4]
                     </div>
                     <div>
                        <b>Parameters: </b>
                        
                        public void com.test.regression.cub.testscripts.ShoppingLists.addMoreThan1SL()
                        
                        
                     </div>
                     <div>
                        <b>Start time: </b>13:25:03
                     </div>
                     <div>
                        <b>End time: </b>13:25:09
                     </div>
                     <div>
                        <b>Duration: </b>5s
                        
                     </div>
                  </div>
               </td>
            </tr>
            <tr></tr>
            <tr id="com.test.regression.cub.testscripts.ShoppingLists_breakDown_byClass_PASS12_row"
                class="testMethodStatusPASS testMethodStatusCONF">
               <td width="100%" class="firstMethodCell">
                  <a onclick="toggleDetailsVisibility('com.test.regression.cub.testscripts.ShoppingLists_breakDown_byClass_PASS12_details')">breakDown([TestResult name=addMoreThan1SL status=SUCCESS method=ShoppingLists.addMoreThan1SL()[pri:0, instance:com.test.regression.cub.testscripts.ShoppingLists@18be83e4]
                     output={null}])
                  </a>
               </td>
               <td nowrap="true">13:25:03</td>
               <td nowrap="true" align="right">0 ms
                  
               </td>
               <td nowrap="true">
                   
                  
               </td>
            </tr>
            <tr>
               <td colspan="4" class="detailsBox">
                  <div id="com.test.regression.cub.testscripts.ShoppingLists_breakDown_byClass_PASS12_details"
                       class="testMethodDetails">
                     <div>
                        <b>Name: </b>breakDown
                     </div>
                     <div>
                        <b>Signature: </b>breakDown(org.testng.ITestResult)[pri:0, instance:com.test.regression.cub.testscripts.ShoppingLists@18be83e4]
                     </div>
                     <div>
                        <b>Parameters: </b>
                        
                        [TestResult name=addMoreThan1SL status=SUCCESS method=ShoppingLists.addMoreThan1SL()[pri:0, instance:com.test.regression.cub.testscripts.ShoppingLists@18be83e4]
                        output={null}]
                        
                        
                     </div>
                     <div>
                        <b>Start time: </b>13:25:03
                     </div>
                     <div>
                        <b>End time: </b>13:25:03
                     </div>
                     <div>
                        <b>Duration: </b>0 ms
                        
                     </div>
                  </div>
               </td>
            </tr>
            <tr></tr>
         </table>
         <br></br>
      </div>
      <div style="margin-top: 15px; color: gray; text-align: center; font-size: 9px;">
         Generated with
         
         <a href="http://code.google.com/p/testng-xslt/" style="color: #8888aa;"
            target="_blank">
            TestNG XSLT
            
         </a>
      </div>
   </body>
</html>