<html xmlns:math="http://exslt.org/math" xmlns:testng="http://testng.org">
   <head>
      <title>TestNG Results</title>
      <meta http-equiv="content-type" content="text/html; charset=utf-8"></meta>
      <meta http-equiv="pragma" content="no-cache"></meta>
      <meta http-equiv="cache-control" content="max-age=0"></meta>
      <meta http-equiv="cache-control" content="no-cache"></meta>
      <meta http-equiv="cache-control" content="no-store"></meta>
      <LINK rel="stylesheet" href="style.css"></LINK>
      <script type="text/javascript" src="main.js"></script>
   </head>
   <body>
      <table width="100%" style="font-size: 16px; margin-bottom: 10px;" cellspacing="1">
         <tr>
            <td width="100%">
               Test case
               
               <b>Communication Preference - Testing</b>
            </td>
            <td style="background-color: #FFBBBB; padding: 3px 3px 3px 0;" align="center">
               <div style="width: 50px;">3</div>
            </td>
            <td style="background-color: lightgreen; padding: 3px 3px 3px 0;" align="center">
               <div style="width: 50px;">9</div>
            </td>
            <td style="background-color: #FFFFBB; padding: 3px 3px 3px 0;" align="center">
               <div style="width: 50px;">0</div>
            </td>
            <td align="center" style="background-color: #eaf0f7; padding: 3px 3px 3px 0;">
               <div style="width: 50px;">12</div>
            </td>
            <td align="center"
                style="font-weight: bold; background-color: #eaf0f7; padding: 3px 3px 3px 0;">
               <div style="width: 50px;">75%</div>
            </td>
            <td style="background-color: #eaf0f7; padding: 3px 3px 3px 0;" align="center"
                nowrap="true">17m
               48s
               
            </td>
         </tr>
      </table>
      <div style="width: 200px;">
         <label for="groupMethodsCheckBox" style="font-weight: bold; margin: 0;">
            <input id="groupMethodsCheckBox" type="checkbox" onclick="switchTestMethodsView(this)"
                   checked=""></input>
            Group by class
            
         </label>
         <br></br>
         <label for="methodsFilter_ALL" style="font-weight: bold; margin: 0;">
            <input id="methodsFilter_ALL" type="checkbox"
                   onclick="testMethodsFilterChanged(this, 'ALL')"
                   checked=""></input>
            All
            
         </label>
      </div>
      <label for="methodsFilter_FAIL" style="margin-left: 20px;">
         <input id="methodsFilter_FAIL" type="checkbox"
                onclick="testMethodsFilterChanged(this, 'FAIL')"
                checked=""></input>
         Failed
         
      </label>
      <label for="methodsFilter_PASS">
         <input id="methodsFilter_PASS" type="checkbox"
                onclick="testMethodsFilterChanged(this, 'PASS')"
                checked=""></input>
         Passed
         
      </label>
      <label for="methodsFilter_SKIP">
         <input id="methodsFilter_SKIP" type="checkbox"
                onclick="testMethodsFilterChanged(this, 'SKIP')"
                checked=""></input>
         Skipped
         
      </label>
      <label for="methodsFilter_CONF">
         <input id="methodsFilter_CONF" type="checkbox"
                onclick="testMethodsFilterChanged(this, 'CONF')"
                checked=""></input>
         Config
         
      </label>
      <br></br>
      <div id="testMethodsByStatus" style="display: none;">
         <table class="testMethodsTable" cellpadding="0" cellspacing="0">
            <tr class="methodsTableHeader">
               <td width="100%">Name</td>
               <td nowrap="true">Started</td>
               <td nowrap="true">Duration</td>
               <td>Exception</td>
            </tr>
            <tr id="com.test.regression.cub.testscripts.CommunicationPref_ChngCommPrefMobileSuccess_byStatus_failed_FAIL1_row"
                class="testMethodStatusFAIL">
               <td width="100%" class="firstMethodCell">
                  <a onclick="toggleDetailsVisibility('com.test.regression.cub.testscripts.CommunicationPref_ChngCommPrefMobileSuccess_byStatus_failed_FAIL1_details')">ChngCommPrefMobileSuccess()</a>
               </td>
               <td nowrap="true">15:11:15</td>
               <td nowrap="true" align="right">1m
                  10s
                  
               </td>
               <td nowrap="true">
                  <a onclick="toggleDetailsVisibility('com.test.regression.cub.testscripts.CommunicationPref_ChngCommPrefMobileSuccess_byStatus_failed_FAIL1_exception')">java.lang.AssertionError: 
                     The following asserts failed:
                     
                     Mobile number not updated in Communication Pref section, 
                     Mobile number in Communication Pref section is not matching with Mobile number in Cont Info Section
                     
                  </a>
                   
                  
               </td>
            </tr>
            <tr>
               <td colspan="4" class="detailsBox">
                  <div id="com.test.regression.cub.testscripts.CommunicationPref_ChngCommPrefMobileSuccess_byStatus_failed_FAIL1_details"
                       class="testMethodDetails">
                     <div>
                        <b>Name: </b>ChngCommPrefMobileSuccess
                     </div>
                     <div>
                        <b>Signature: </b>ChngCommPrefMobileSuccess()[pri:0, instance:com.test.regression.cub.testscripts.CommunicationPref@6a41eaa2]
                     </div>
                     <div>
                        <b>Start time: </b>15:11:15
                     </div>
                     <div>
                        <b>End time: </b>15:12:26
                     </div>
                     <div>
                        <b>Duration: </b>1m
                        10s
                        
                     </div>
                  </div>
               </td>
            </tr>
            <tr>
               <td colspan="4" class="detailsBox">
                  <div id="com.test.regression.cub.testscripts.CommunicationPref_ChngCommPrefMobileSuccess_byStatus_failed_FAIL1_exception"
                       class="testMethodDetails">
                     <pre style="padding: 5px; margin: 0;">java.lang.AssertionError: The following asserts failed:
                        
                        Mobile number not updated in Communication Pref section, 
                        Mobile number in Communication Pref section is not matching with Mobile number in Cont Info Section
                        	at org.testng.asserts.SoftAssert.assertAll(SoftAssert.java:37)
                        	at com.test.regression.cub.testscripts.CommunicationPref.ChngCommPrefMobileSuccess(CommunicationPref.java:125)
                        	at sun.reflect.NativeMethodAccessorImpl.invoke0(Native Method)
                        	at sun.reflect.NativeMethodAccessorImpl.invoke(NativeMethodAccessorImpl.java:62)
                        	at sun.reflect.DelegatingMethodAccessorImpl.invoke(DelegatingMethodAccessorImpl.java:43)
                        	at java.lang.reflect.Method.invoke(Method.java:497)
                        	at org.testng.internal.MethodInvocationHelper.invokeMethod(MethodInvocationHelper.java:80)
                        	at org.testng.internal.Invoker.invokeMethod(Invoker.java:714)
                        	at org.testng.internal.Invoker.invokeTestMethod(Invoker.java:901)
                        	at org.testng.internal.Invoker.invokeTestMethods(Invoker.java:1231)
                        	at org.testng.internal.TestMethodWorker.invokeTestMethods(TestMethodWorker.java:127)
                        	at org.testng.internal.TestMethodWorker.run(TestMethodWorker.java:111)
                        	at org.testng.TestRunner.privateRun(TestRunner.java:767)
                        	at org.testng.TestRunner.run(TestRunner.java:617)
                        	at org.testng.SuiteRunner.runTest(SuiteRunner.java:334)
                        	at org.testng.SuiteRunner.runSequentially(SuiteRunner.java:329)
                        	at org.testng.SuiteRunner.privateRun(SuiteRunner.java:291)
                        	at org.testng.SuiteRunner.run(SuiteRunner.java:240)
                        	at org.testng.SuiteRunnerWorker.runSuite(SuiteRunnerWorker.java:52)
                        	at org.testng.SuiteRunnerWorker.run(SuiteRunnerWorker.java:86)
                        	at org.testng.TestNG.runSuitesSequentially(TestNG.java:1198)
                        	at org.testng.TestNG.runSuitesLocally(TestNG.java:1123)
                        	at org.testng.TestNG.run(TestNG.java:1031)
                        	at org.apache.maven.surefire.testng.TestNGExecutor.run(TestNGExecutor.java:178)
                        	at org.apache.maven.surefire.testng.TestNGXmlTestSuite.execute(TestNGXmlTestSuite.java:92)
                        	at org.apache.maven.surefire.testng.TestNGProvider.invoke(TestNGProvider.java:96)
                        	at sun.reflect.NativeMethodAccessorImpl.invoke0(Native Method)
                        	at sun.reflect.NativeMethodAccessorImpl.invoke(NativeMethodAccessorImpl.java:62)
                        	at sun.reflect.DelegatingMethodAccessorImpl.invoke(DelegatingMethodAccessorImpl.java:43)
                        	at java.lang.reflect.Method.invoke(Method.java:497)
                        	at org.apache.maven.surefire.util.ReflectionUtils.invokeMethodWithArray2(ReflectionUtils.java:208)
                        	at org.apache.maven.surefire.booter.ProviderFactory$ProviderProxy.invoke(ProviderFactory.java:159)
                        	at org.apache.maven.surefire.booter.ProviderFactory.invokeProvider(ProviderFactory.java:87)
                        	at org.apache.maven.surefire.booter.ForkedBooter.runSuitesInProcess(ForkedBooter.java:153)
                        	at org.apache.maven.surefire.booter.ForkedBooter.main(ForkedBooter.java:95)
                     </pre>
                  </div>
               </td>
            </tr>
            <tr id="com.test.regression.cub.testscripts.CommunicationPref_CommPrefDirectMailInvalidLN_byStatus_failed_FAIL2_row"
                class="testMethodStatusFAIL">
               <td width="100%" class="firstMethodCell">
                  <a onclick="toggleDetailsVisibility('com.test.regression.cub.testscripts.CommunicationPref_CommPrefDirectMailInvalidLN_byStatus_failed_FAIL2_details')">CommPrefDirectMailInvalidLN()</a>
               </td>
               <td nowrap="true">15:20:29</td>
               <td nowrap="true" align="right">1m
                  
               </td>
               <td nowrap="true">
                  <a onclick="toggleDetailsVisibility('com.test.regression.cub.testscripts.CommunicationPref_CommPrefDirectMailInvalidLN_byStatus_failed_FAIL2_exception')">java.lang.AssertionError: 
                     The following asserts failed:
                     
                     Failed: SAVE button is enabled  even if user enters LastName with digits 
                     
                     
                  </a>
                   
                  
               </td>
            </tr>
            <tr>
               <td colspan="4" class="detailsBox">
                  <div id="com.test.regression.cub.testscripts.CommunicationPref_CommPrefDirectMailInvalidLN_byStatus_failed_FAIL2_details"
                       class="testMethodDetails">
                     <div>
                        <b>Name: </b>CommPrefDirectMailInvalidLN
                     </div>
                     <div>
                        <b>Signature: </b>CommPrefDirectMailInvalidLN()[pri:0, instance:com.test.regression.cub.testscripts.CommunicationPref@6a41eaa2]
                     </div>
                     <div>
                        <b>Start time: </b>15:20:29
                     </div>
                     <div>
                        <b>End time: </b>15:21:30
                     </div>
                     <div>
                        <b>Duration: </b>1m
                        
                     </div>
                  </div>
               </td>
            </tr>
            <tr>
               <td colspan="4" class="detailsBox">
                  <div id="com.test.regression.cub.testscripts.CommunicationPref_CommPrefDirectMailInvalidLN_byStatus_failed_FAIL2_exception"
                       class="testMethodDetails">
                     <pre style="padding: 5px; margin: 0;">java.lang.AssertionError: The following asserts failed:
                        
                        Failed: SAVE button is enabled  even if user enters LastName with digits 
                        
                        	at org.testng.asserts.SoftAssert.assertAll(SoftAssert.java:37)
                        	at com.test.regression.cub.testscripts.CommunicationPref.CommPrefDirectMailInvalidLN(CommunicationPref.java:532)
                        	at sun.reflect.NativeMethodAccessorImpl.invoke0(Native Method)
                        	at sun.reflect.NativeMethodAccessorImpl.invoke(NativeMethodAccessorImpl.java:62)
                        	at sun.reflect.DelegatingMethodAccessorImpl.invoke(DelegatingMethodAccessorImpl.java:43)
                        	at java.lang.reflect.Method.invoke(Method.java:497)
                        	at org.testng.internal.MethodInvocationHelper.invokeMethod(MethodInvocationHelper.java:80)
                        	at org.testng.internal.Invoker.invokeMethod(Invoker.java:714)
                        	at org.testng.internal.Invoker.invokeTestMethod(Invoker.java:901)
                        	at org.testng.internal.Invoker.invokeTestMethods(Invoker.java:1231)
                        	at org.testng.internal.TestMethodWorker.invokeTestMethods(TestMethodWorker.java:127)
                        	at org.testng.internal.TestMethodWorker.run(TestMethodWorker.java:111)
                        	at org.testng.TestRunner.privateRun(TestRunner.java:767)
                        	at org.testng.TestRunner.run(TestRunner.java:617)
                        	at org.testng.SuiteRunner.runTest(SuiteRunner.java:334)
                        	at org.testng.SuiteRunner.runSequentially(SuiteRunner.java:329)
                        	at org.testng.SuiteRunner.privateRun(SuiteRunner.java:291)
                        	at org.testng.SuiteRunner.run(SuiteRunner.java:240)
                        	at org.testng.SuiteRunnerWorker.runSuite(SuiteRunnerWorker.java:52)
                        	at org.testng.SuiteRunnerWorker.run(SuiteRunnerWorker.java:86)
                        	at org.testng.TestNG.runSuitesSequentially(TestNG.java:1198)
                        	at org.testng.TestNG.runSuitesLocally(TestNG.java:1123)
                        	at org.testng.TestNG.run(TestNG.java:1031)
                        	at org.apache.maven.surefire.testng.TestNGExecutor.run(TestNGExecutor.java:178)
                        	at org.apache.maven.surefire.testng.TestNGXmlTestSuite.execute(TestNGXmlTestSuite.java:92)
                        	at org.apache.maven.surefire.testng.TestNGProvider.invoke(TestNGProvider.java:96)
                        	at sun.reflect.NativeMethodAccessorImpl.invoke0(Native Method)
                        	at sun.reflect.NativeMethodAccessorImpl.invoke(NativeMethodAccessorImpl.java:62)
                        	at sun.reflect.DelegatingMethodAccessorImpl.invoke(DelegatingMethodAccessorImpl.java:43)
                        	at java.lang.reflect.Method.invoke(Method.java:497)
                        	at org.apache.maven.surefire.util.ReflectionUtils.invokeMethodWithArray2(ReflectionUtils.java:208)
                        	at org.apache.maven.surefire.booter.ProviderFactory$ProviderProxy.invoke(ProviderFactory.java:159)
                        	at org.apache.maven.surefire.booter.ProviderFactory.invokeProvider(ProviderFactory.java:87)
                        	at org.apache.maven.surefire.booter.ForkedBooter.runSuitesInProcess(ForkedBooter.java:153)
                        	at org.apache.maven.surefire.booter.ForkedBooter.main(ForkedBooter.java:95)
                     </pre>
                  </div>
               </td>
            </tr>
            <tr id="com.test.regression.cub.testscripts.CommunicationPref_CommPrefDirectMailInvalidZIP_byStatus_failed_FAIL3_row"
                class="testMethodStatusFAIL">
               <td width="100%" class="firstMethodCell">
                  <a onclick="toggleDetailsVisibility('com.test.regression.cub.testscripts.CommunicationPref_CommPrefDirectMailInvalidZIP_byStatus_failed_FAIL3_details')">CommPrefDirectMailInvalidZIP()</a>
               </td>
               <td nowrap="true">15:23:09</td>
               <td nowrap="true" align="right">1m
                  13s
                  
               </td>
               <td nowrap="true">
                  <a onclick="toggleDetailsVisibility('com.test.regression.cub.testscripts.CommunicationPref_CommPrefDirectMailInvalidZIP_byStatus_failed_FAIL3_exception')">java.lang.AssertionError: 
                     The following asserts failed:
                     
                     Failed: SAVE button is enabled  even if user enters alphabets in ZIP code feild
                     
                     
                  </a>
                   
                  
               </td>
            </tr>
            <tr>
               <td colspan="4" class="detailsBox">
                  <div id="com.test.regression.cub.testscripts.CommunicationPref_CommPrefDirectMailInvalidZIP_byStatus_failed_FAIL3_details"
                       class="testMethodDetails">
                     <div>
                        <b>Name: </b>CommPrefDirectMailInvalidZIP
                     </div>
                     <div>
                        <b>Signature: </b>CommPrefDirectMailInvalidZIP()[pri:0, instance:com.test.regression.cub.testscripts.CommunicationPref@6a41eaa2]
                     </div>
                     <div>
                        <b>Start time: </b>15:23:09
                     </div>
                     <div>
                        <b>End time: </b>15:24:23
                     </div>
                     <div>
                        <b>Duration: </b>1m
                        13s
                        
                     </div>
                  </div>
               </td>
            </tr>
            <tr>
               <td colspan="4" class="detailsBox">
                  <div id="com.test.regression.cub.testscripts.CommunicationPref_CommPrefDirectMailInvalidZIP_byStatus_failed_FAIL3_exception"
                       class="testMethodDetails">
                     <pre style="padding: 5px; margin: 0;">java.lang.AssertionError: The following asserts failed:
                        
                        Failed: SAVE button is enabled  even if user enters alphabets in ZIP code feild
                        
                        	at org.testng.asserts.SoftAssert.assertAll(SoftAssert.java:37)
                        	at com.test.regression.cub.testscripts.CommunicationPref.CommPrefDirectMailInvalidZIP(CommunicationPref.java:690)
                        	at sun.reflect.NativeMethodAccessorImpl.invoke0(Native Method)
                        	at sun.reflect.NativeMethodAccessorImpl.invoke(NativeMethodAccessorImpl.java:62)
                        	at sun.reflect.DelegatingMethodAccessorImpl.invoke(DelegatingMethodAccessorImpl.java:43)
                        	at java.lang.reflect.Method.invoke(Method.java:497)
                        	at org.testng.internal.MethodInvocationHelper.invokeMethod(MethodInvocationHelper.java:80)
                        	at org.testng.internal.Invoker.invokeMethod(Invoker.java:714)
                        	at org.testng.internal.Invoker.invokeTestMethod(Invoker.java:901)
                        	at org.testng.internal.Invoker.invokeTestMethods(Invoker.java:1231)
                        	at org.testng.internal.TestMethodWorker.invokeTestMethods(TestMethodWorker.java:127)
                        	at org.testng.internal.TestMethodWorker.run(TestMethodWorker.java:111)
                        	at org.testng.TestRunner.privateRun(TestRunner.java:767)
                        	at org.testng.TestRunner.run(TestRunner.java:617)
                        	at org.testng.SuiteRunner.runTest(SuiteRunner.java:334)
                        	at org.testng.SuiteRunner.runSequentially(SuiteRunner.java:329)
                        	at org.testng.SuiteRunner.privateRun(SuiteRunner.java:291)
                        	at org.testng.SuiteRunner.run(SuiteRunner.java:240)
                        	at org.testng.SuiteRunnerWorker.runSuite(SuiteRunnerWorker.java:52)
                        	at org.testng.SuiteRunnerWorker.run(SuiteRunnerWorker.java:86)
                        	at org.testng.TestNG.runSuitesSequentially(TestNG.java:1198)
                        	at org.testng.TestNG.runSuitesLocally(TestNG.java:1123)
                        	at org.testng.TestNG.run(TestNG.java:1031)
                        	at org.apache.maven.surefire.testng.TestNGExecutor.run(TestNGExecutor.java:178)
                        	at org.apache.maven.surefire.testng.TestNGXmlTestSuite.execute(TestNGXmlTestSuite.java:92)
                        	at org.apache.maven.surefire.testng.TestNGProvider.invoke(TestNGProvider.java:96)
                        	at sun.reflect.NativeMethodAccessorImpl.invoke0(Native Method)
                        	at sun.reflect.NativeMethodAccessorImpl.invoke(NativeMethodAccessorImpl.java:62)
                        	at sun.reflect.DelegatingMethodAccessorImpl.invoke(DelegatingMethodAccessorImpl.java:43)
                        	at java.lang.reflect.Method.invoke(Method.java:497)
                        	at org.apache.maven.surefire.util.ReflectionUtils.invokeMethodWithArray2(ReflectionUtils.java:208)
                        	at org.apache.maven.surefire.booter.ProviderFactory$ProviderProxy.invoke(ProviderFactory.java:159)
                        	at org.apache.maven.surefire.booter.ProviderFactory.invokeProvider(ProviderFactory.java:87)
                        	at org.apache.maven.surefire.booter.ForkedBooter.runSuitesInProcess(ForkedBooter.java:153)
                        	at org.apache.maven.surefire.booter.ForkedBooter.main(ForkedBooter.java:95)
                     </pre>
                  </div>
               </td>
            </tr>
            <tr id="com.test.regression.cub.testscripts.CommunicationPref_initialization_byStatus_passed_PASS1_row"
                class="testMethodStatusPASS testMethodStatusCONF">
               <td width="100%" class="firstMethodCell">
                  <a onclick="toggleDetailsVisibility('com.test.regression.cub.testscripts.CommunicationPref_initialization_byStatus_passed_PASS1_details')">initialization(public void com.test.regression.cub.testscripts.CommunicationPref.ChngCommPrefEmailSuccess())</a>
               </td>
               <td nowrap="true">15:09:26</td>
               <td nowrap="true" align="right">28s
                  
               </td>
               <td nowrap="true">
                   
                  
               </td>
            </tr>
            <tr>
               <td colspan="4" class="detailsBox">
                  <div id="com.test.regression.cub.testscripts.CommunicationPref_initialization_byStatus_passed_PASS1_details"
                       class="testMethodDetails">
                     <div>
                        <b>Name: </b>initialization
                     </div>
                     <div>
                        <b>Signature: </b>initialization(java.lang.reflect.Method)[pri:0, instance:com.test.regression.cub.testscripts.CommunicationPref@6a41eaa2]
                     </div>
                     <div>
                        <b>Parameters: </b>
                        
                        public void com.test.regression.cub.testscripts.CommunicationPref.ChngCommPrefEmailSuccess()
                        
                        
                     </div>
                     <div>
                        <b>Start time: </b>15:09:26
                     </div>
                     <div>
                        <b>End time: </b>15:09:55
                     </div>
                     <div>
                        <b>Duration: </b>28s
                        
                     </div>
                  </div>
               </td>
            </tr>
            <tr></tr>
            <tr id="com.test.regression.cub.testscripts.CommunicationPref_ChngCommPrefEmailSuccess_byStatus_passed_PASS2_row"
                class="testMethodStatusPASS">
               <td width="100%" class="firstMethodCell">
                  <a onclick="toggleDetailsVisibility('com.test.regression.cub.testscripts.CommunicationPref_ChngCommPrefEmailSuccess_byStatus_passed_PASS2_details')">ChngCommPrefEmailSuccess()</a>
               </td>
               <td nowrap="true">15:09:55</td>
               <td nowrap="true" align="right">1m
                  8s
                  
               </td>
               <td nowrap="true">
                   
                  
               </td>
            </tr>
            <tr>
               <td colspan="4" class="detailsBox">
                  <div id="com.test.regression.cub.testscripts.CommunicationPref_ChngCommPrefEmailSuccess_byStatus_passed_PASS2_details"
                       class="testMethodDetails">
                     <div>
                        <b>Name: </b>ChngCommPrefEmailSuccess
                     </div>
                     <div>
                        <b>Signature: </b>ChngCommPrefEmailSuccess()[pri:0, instance:com.test.regression.cub.testscripts.CommunicationPref@6a41eaa2]
                     </div>
                     <div>
                        <b>Start time: </b>15:09:55
                     </div>
                     <div>
                        <b>End time: </b>15:11:03
                     </div>
                     <div>
                        <b>Duration: </b>1m
                        8s
                        
                     </div>
                  </div>
               </td>
            </tr>
            <tr></tr>
            <tr id="com.test.regression.cub.testscripts.CommunicationPref_closeDriver_byStatus_passed_PASS3_row"
                class="testMethodStatusPASS testMethodStatusCONF">
               <td width="100%" class="firstMethodCell">
                  <a onclick="toggleDetailsVisibility('com.test.regression.cub.testscripts.CommunicationPref_closeDriver_byStatus_passed_PASS3_details')">closeDriver(public void com.test.regression.cub.testscripts.CommunicationPref.ChngCommPrefEmailSuccess())</a>
               </td>
               <td nowrap="true">15:11:03</td>
               <td nowrap="true" align="right">2s
                  
               </td>
               <td nowrap="true">
                   
                  
               </td>
            </tr>
            <tr>
               <td colspan="4" class="detailsBox">
                  <div id="com.test.regression.cub.testscripts.CommunicationPref_closeDriver_byStatus_passed_PASS3_details"
                       class="testMethodDetails">
                     <div>
                        <b>Name: </b>closeDriver
                     </div>
                     <div>
                        <b>Signature: </b>closeDriver(java.lang.reflect.Method)[pri:0, instance:com.test.regression.cub.testscripts.CommunicationPref@6a41eaa2]
                     </div>
                     <div>
                        <b>Parameters: </b>
                        
                        public void com.test.regression.cub.testscripts.CommunicationPref.ChngCommPrefEmailSuccess()
                        
                        
                     </div>
                     <div>
                        <b>Start time: </b>15:11:03
                     </div>
                     <div>
                        <b>End time: </b>15:11:05
                     </div>
                     <div>
                        <b>Duration: </b>2s
                        
                     </div>
                  </div>
               </td>
            </tr>
            <tr></tr>
            <tr id="com.test.regression.cub.testscripts.CommunicationPref_breakDown_byStatus_passed_PASS4_row"
                class="testMethodStatusPASS testMethodStatusCONF">
               <td width="100%" class="firstMethodCell">
                  <a onclick="toggleDetailsVisibility('com.test.regression.cub.testscripts.CommunicationPref_breakDown_byStatus_passed_PASS4_details')">breakDown([TestResult name=ChngCommPrefEmailSuccess status=SUCCESS method=CommunicationPref.ChngCommPrefEmailSuccess()[pri:0,
                     instance:com.test.regression.cub.testscripts.CommunicationPref@6a41eaa2] output={null}])
                  </a>
               </td>
               <td nowrap="true">15:11:03</td>
               <td nowrap="true" align="right">0 ms
                  
               </td>
               <td nowrap="true">
                   
                  
               </td>
            </tr>
            <tr>
               <td colspan="4" class="detailsBox">
                  <div id="com.test.regression.cub.testscripts.CommunicationPref_breakDown_byStatus_passed_PASS4_details"
                       class="testMethodDetails">
                     <div>
                        <b>Name: </b>breakDown
                     </div>
                     <div>
                        <b>Signature: </b>breakDown(org.testng.ITestResult)[pri:0, instance:com.test.regression.cub.testscripts.CommunicationPref@6a41eaa2]
                     </div>
                     <div>
                        <b>Parameters: </b>
                        
                        [TestResult name=ChngCommPrefEmailSuccess status=SUCCESS method=CommunicationPref.ChngCommPrefEmailSuccess()[pri:0, instance:com.test.regression.cub.testscripts.CommunicationPref@6a41eaa2]
                        output={null}]
                        
                        
                     </div>
                     <div>
                        <b>Start time: </b>15:11:03
                     </div>
                     <div>
                        <b>End time: </b>15:11:03
                     </div>
                     <div>
                        <b>Duration: </b>0 ms
                        
                     </div>
                  </div>
               </td>
            </tr>
            <tr></tr>
            <tr id="com.test.regression.cub.testscripts.CommunicationPref_initialization_byStatus_passed_PASS5_row"
                class="testMethodStatusPASS testMethodStatusCONF">
               <td width="100%" class="firstMethodCell">
                  <a onclick="toggleDetailsVisibility('com.test.regression.cub.testscripts.CommunicationPref_initialization_byStatus_passed_PASS5_details')">initialization(public void com.test.regression.cub.testscripts.CommunicationPref.ChngCommPrefMobileSuccess())</a>
               </td>
               <td nowrap="true">15:11:05</td>
               <td nowrap="true" align="right">9s
                  
               </td>
               <td nowrap="true">
                   
                  
               </td>
            </tr>
            <tr>
               <td colspan="4" class="detailsBox">
                  <div id="com.test.regression.cub.testscripts.CommunicationPref_initialization_byStatus_passed_PASS5_details"
                       class="testMethodDetails">
                     <div>
                        <b>Name: </b>initialization
                     </div>
                     <div>
                        <b>Signature: </b>initialization(java.lang.reflect.Method)[pri:0, instance:com.test.regression.cub.testscripts.CommunicationPref@6a41eaa2]
                     </div>
                     <div>
                        <b>Parameters: </b>
                        
                        public void com.test.regression.cub.testscripts.CommunicationPref.ChngCommPrefMobileSuccess()
                        
                        
                     </div>
                     <div>
                        <b>Start time: </b>15:11:05
                     </div>
                     <div>
                        <b>End time: </b>15:11:15
                     </div>
                     <div>
                        <b>Duration: </b>9s
                        
                     </div>
                  </div>
               </td>
            </tr>
            <tr></tr>
            <tr id="com.test.regression.cub.testscripts.CommunicationPref_breakDown_byStatus_passed_PASS6_row"
                class="testMethodStatusPASS testMethodStatusCONF">
               <td width="100%" class="firstMethodCell">
                  <a onclick="toggleDetailsVisibility('com.test.regression.cub.testscripts.CommunicationPref_breakDown_byStatus_passed_PASS6_details')">breakDown([TestResult name=ChngCommPrefMobileSuccess status=FAILURE method=CommunicationPref.ChngCommPrefMobileSuccess()[pri:0,
                     instance:com.test.regression.cub.testscripts.CommunicationPref@6a41eaa2] output={null}])
                  </a>
               </td>
               <td nowrap="true">15:12:26</td>
               <td nowrap="true" align="right">180 ms
                  
               </td>
               <td nowrap="true">
                   
                  
               </td>
            </tr>
            <tr>
               <td colspan="4" class="detailsBox">
                  <div id="com.test.regression.cub.testscripts.CommunicationPref_breakDown_byStatus_passed_PASS6_details"
                       class="testMethodDetails">
                     <div>
                        <b>Name: </b>breakDown
                     </div>
                     <div>
                        <b>Signature: </b>breakDown(org.testng.ITestResult)[pri:0, instance:com.test.regression.cub.testscripts.CommunicationPref@6a41eaa2]
                     </div>
                     <div>
                        <b>Parameters: </b>
                        
                        [TestResult name=ChngCommPrefMobileSuccess status=FAILURE method=CommunicationPref.ChngCommPrefMobileSuccess()[pri:0, instance:com.test.regression.cub.testscripts.CommunicationPref@6a41eaa2]
                        output={null}]
                        
                        
                     </div>
                     <div>
                        <b>Start time: </b>15:12:26
                     </div>
                     <div>
                        <b>End time: </b>15:12:26
                     </div>
                     <div>
                        <b>Duration: </b>180 ms
                        
                     </div>
                  </div>
               </td>
            </tr>
            <tr></tr>
            <tr id="com.test.regression.cub.testscripts.CommunicationPref_closeDriver_byStatus_passed_PASS7_row"
                class="testMethodStatusPASS testMethodStatusCONF">
               <td width="100%" class="firstMethodCell">
                  <a onclick="toggleDetailsVisibility('com.test.regression.cub.testscripts.CommunicationPref_closeDriver_byStatus_passed_PASS7_details')">closeDriver(public void com.test.regression.cub.testscripts.CommunicationPref.ChngCommPrefMobileSuccess())</a>
               </td>
               <td nowrap="true">15:12:26</td>
               <td nowrap="true" align="right">2s
                  
               </td>
               <td nowrap="true">
                   
                  
               </td>
            </tr>
            <tr>
               <td colspan="4" class="detailsBox">
                  <div id="com.test.regression.cub.testscripts.CommunicationPref_closeDriver_byStatus_passed_PASS7_details"
                       class="testMethodDetails">
                     <div>
                        <b>Name: </b>closeDriver
                     </div>
                     <div>
                        <b>Signature: </b>closeDriver(java.lang.reflect.Method)[pri:0, instance:com.test.regression.cub.testscripts.CommunicationPref@6a41eaa2]
                     </div>
                     <div>
                        <b>Parameters: </b>
                        
                        public void com.test.regression.cub.testscripts.CommunicationPref.ChngCommPrefMobileSuccess()
                        
                        
                     </div>
                     <div>
                        <b>Start time: </b>15:12:26
                     </div>
                     <div>
                        <b>End time: </b>15:12:28
                     </div>
                     <div>
                        <b>Duration: </b>2s
                        
                     </div>
                  </div>
               </td>
            </tr>
            <tr></tr>
            <tr id="com.test.regression.cub.testscripts.CommunicationPref_initialization_byStatus_passed_PASS8_row"
                class="testMethodStatusPASS testMethodStatusCONF">
               <td width="100%" class="firstMethodCell">
                  <a onclick="toggleDetailsVisibility('com.test.regression.cub.testscripts.CommunicationPref_initialization_byStatus_passed_PASS8_details')">initialization(public void com.test.regression.cub.testscripts.CommunicationPref.ChngCommPrefAddressSuccess())</a>
               </td>
               <td nowrap="true">15:12:28</td>
               <td nowrap="true" align="right">18s
                  
               </td>
               <td nowrap="true">
                   
                  
               </td>
            </tr>
            <tr>
               <td colspan="4" class="detailsBox">
                  <div id="com.test.regression.cub.testscripts.CommunicationPref_initialization_byStatus_passed_PASS8_details"
                       class="testMethodDetails">
                     <div>
                        <b>Name: </b>initialization
                     </div>
                     <div>
                        <b>Signature: </b>initialization(java.lang.reflect.Method)[pri:0, instance:com.test.regression.cub.testscripts.CommunicationPref@6a41eaa2]
                     </div>
                     <div>
                        <b>Parameters: </b>
                        
                        public void com.test.regression.cub.testscripts.CommunicationPref.ChngCommPrefAddressSuccess()
                        
                        
                     </div>
                     <div>
                        <b>Start time: </b>15:12:28
                     </div>
                     <div>
                        <b>End time: </b>15:12:47
                     </div>
                     <div>
                        <b>Duration: </b>18s
                        
                     </div>
                  </div>
               </td>
            </tr>
            <tr></tr>
            <tr id="com.test.regression.cub.testscripts.CommunicationPref_ChngCommPrefAddressSuccess_byStatus_passed_PASS9_row"
                class="testMethodStatusPASS">
               <td width="100%" class="firstMethodCell">
                  <a onclick="toggleDetailsVisibility('com.test.regression.cub.testscripts.CommunicationPref_ChngCommPrefAddressSuccess_byStatus_passed_PASS9_details')">ChngCommPrefAddressSuccess()</a>
               </td>
               <td nowrap="true">15:12:47</td>
               <td nowrap="true" align="right">1m
                  22s
                  
               </td>
               <td nowrap="true">
                   
                  
               </td>
            </tr>
            <tr>
               <td colspan="4" class="detailsBox">
                  <div id="com.test.regression.cub.testscripts.CommunicationPref_ChngCommPrefAddressSuccess_byStatus_passed_PASS9_details"
                       class="testMethodDetails">
                     <div>
                        <b>Name: </b>ChngCommPrefAddressSuccess
                     </div>
                     <div>
                        <b>Signature: </b>ChngCommPrefAddressSuccess()[pri:0, instance:com.test.regression.cub.testscripts.CommunicationPref@6a41eaa2]
                     </div>
                     <div>
                        <b>Start time: </b>15:12:47
                     </div>
                     <div>
                        <b>End time: </b>15:14:10
                     </div>
                     <div>
                        <b>Duration: </b>1m
                        22s
                        
                     </div>
                  </div>
               </td>
            </tr>
            <tr></tr>
            <tr id="com.test.regression.cub.testscripts.CommunicationPref_breakDown_byStatus_passed_PASS10_row"
                class="testMethodStatusPASS testMethodStatusCONF">
               <td width="100%" class="firstMethodCell">
                  <a onclick="toggleDetailsVisibility('com.test.regression.cub.testscripts.CommunicationPref_breakDown_byStatus_passed_PASS10_details')">breakDown([TestResult name=ChngCommPrefAddressSuccess status=SUCCESS method=CommunicationPref.ChngCommPrefAddressSuccess()[pri:0,
                     instance:com.test.regression.cub.testscripts.CommunicationPref@6a41eaa2] output={null}])
                  </a>
               </td>
               <td nowrap="true">15:14:10</td>
               <td nowrap="true" align="right">0 ms
                  
               </td>
               <td nowrap="true">
                   
                  
               </td>
            </tr>
            <tr>
               <td colspan="4" class="detailsBox">
                  <div id="com.test.regression.cub.testscripts.CommunicationPref_breakDown_byStatus_passed_PASS10_details"
                       class="testMethodDetails">
                     <div>
                        <b>Name: </b>breakDown
                     </div>
                     <div>
                        <b>Signature: </b>breakDown(org.testng.ITestResult)[pri:0, instance:com.test.regression.cub.testscripts.CommunicationPref@6a41eaa2]
                     </div>
                     <div>
                        <b>Parameters: </b>
                        
                        [TestResult name=ChngCommPrefAddressSuccess status=SUCCESS method=CommunicationPref.ChngCommPrefAddressSuccess()[pri:0, instance:com.test.regression.cub.testscripts.CommunicationPref@6a41eaa2]
                        output={null}]
                        
                        
                     </div>
                     <div>
                        <b>Start time: </b>15:14:10
                     </div>
                     <div>
                        <b>End time: </b>15:14:10
                     </div>
                     <div>
                        <b>Duration: </b>0 ms
                        
                     </div>
                  </div>
               </td>
            </tr>
            <tr></tr>
            <tr id="com.test.regression.cub.testscripts.CommunicationPref_closeDriver_byStatus_passed_PASS11_row"
                class="testMethodStatusPASS testMethodStatusCONF">
               <td width="100%" class="firstMethodCell">
                  <a onclick="toggleDetailsVisibility('com.test.regression.cub.testscripts.CommunicationPref_closeDriver_byStatus_passed_PASS11_details')">closeDriver(public void com.test.regression.cub.testscripts.CommunicationPref.ChngCommPrefAddressSuccess())</a>
               </td>
               <td nowrap="true">15:14:10</td>
               <td nowrap="true" align="right">8s
                  
               </td>
               <td nowrap="true">
                   
                  
               </td>
            </tr>
            <tr>
               <td colspan="4" class="detailsBox">
                  <div id="com.test.regression.cub.testscripts.CommunicationPref_closeDriver_byStatus_passed_PASS11_details"
                       class="testMethodDetails">
                     <div>
                        <b>Name: </b>closeDriver
                     </div>
                     <div>
                        <b>Signature: </b>closeDriver(java.lang.reflect.Method)[pri:0, instance:com.test.regression.cub.testscripts.CommunicationPref@6a41eaa2]
                     </div>
                     <div>
                        <b>Parameters: </b>
                        
                        public void com.test.regression.cub.testscripts.CommunicationPref.ChngCommPrefAddressSuccess()
                        
                        
                     </div>
                     <div>
                        <b>Start time: </b>15:14:10
                     </div>
                     <div>
                        <b>End time: </b>15:14:18
                     </div>
                     <div>
                        <b>Duration: </b>8s
                        
                     </div>
                  </div>
               </td>
            </tr>
            <tr></tr>
            <tr id="com.test.regression.cub.testscripts.CommunicationPref_initialization_byStatus_passed_PASS12_row"
                class="testMethodStatusPASS testMethodStatusCONF">
               <td width="100%" class="firstMethodCell">
                  <a onclick="toggleDetailsVisibility('com.test.regression.cub.testscripts.CommunicationPref_initialization_byStatus_passed_PASS12_details')">initialization(public void com.test.regression.cub.testscripts.CommunicationPref.CommPrefUncheckAll())</a>
               </td>
               <td nowrap="true">15:14:18</td>
               <td nowrap="true" align="right">24s
                  
               </td>
               <td nowrap="true">
                   
                  
               </td>
            </tr>
            <tr>
               <td colspan="4" class="detailsBox">
                  <div id="com.test.regression.cub.testscripts.CommunicationPref_initialization_byStatus_passed_PASS12_details"
                       class="testMethodDetails">
                     <div>
                        <b>Name: </b>initialization
                     </div>
                     <div>
                        <b>Signature: </b>initialization(java.lang.reflect.Method)[pri:0, instance:com.test.regression.cub.testscripts.CommunicationPref@6a41eaa2]
                     </div>
                     <div>
                        <b>Parameters: </b>
                        
                        public void com.test.regression.cub.testscripts.CommunicationPref.CommPrefUncheckAll()
                        
                        
                     </div>
                     <div>
                        <b>Start time: </b>15:14:18
                     </div>
                     <div>
                        <b>End time: </b>15:14:43
                     </div>
                     <div>
                        <b>Duration: </b>24s
                        
                     </div>
                  </div>
               </td>
            </tr>
            <tr></tr>
            <tr id="com.test.regression.cub.testscripts.CommunicationPref_CommPrefUncheckAll_byStatus_passed_PASS13_row"
                class="testMethodStatusPASS">
               <td width="100%" class="firstMethodCell">
                  <a onclick="toggleDetailsVisibility('com.test.regression.cub.testscripts.CommunicationPref_CommPrefUncheckAll_byStatus_passed_PASS13_details')">CommPrefUncheckAll()</a>
               </td>
               <td nowrap="true">15:14:43</td>
               <td nowrap="true" align="right">1m
                  9s
                  
               </td>
               <td nowrap="true">
                   
                  
               </td>
            </tr>
            <tr>
               <td colspan="4" class="detailsBox">
                  <div id="com.test.regression.cub.testscripts.CommunicationPref_CommPrefUncheckAll_byStatus_passed_PASS13_details"
                       class="testMethodDetails">
                     <div>
                        <b>Name: </b>CommPrefUncheckAll
                     </div>
                     <div>
                        <b>Signature: </b>CommPrefUncheckAll()[pri:0, instance:com.test.regression.cub.testscripts.CommunicationPref@6a41eaa2]
                     </div>
                     <div>
                        <b>Start time: </b>15:14:43
                     </div>
                     <div>
                        <b>End time: </b>15:15:52
                     </div>
                     <div>
                        <b>Duration: </b>1m
                        9s
                        
                     </div>
                  </div>
               </td>
            </tr>
            <tr></tr>
            <tr id="com.test.regression.cub.testscripts.CommunicationPref_breakDown_byStatus_passed_PASS14_row"
                class="testMethodStatusPASS testMethodStatusCONF">
               <td width="100%" class="firstMethodCell">
                  <a onclick="toggleDetailsVisibility('com.test.regression.cub.testscripts.CommunicationPref_breakDown_byStatus_passed_PASS14_details')">breakDown([TestResult name=CommPrefUncheckAll status=SUCCESS method=CommunicationPref.CommPrefUncheckAll()[pri:0, instance:com.test.regression.cub.testscripts.CommunicationPref@6a41eaa2]
                     output={null}])
                  </a>
               </td>
               <td nowrap="true">15:15:52</td>
               <td nowrap="true" align="right">1 ms
                  
               </td>
               <td nowrap="true">
                   
                  
               </td>
            </tr>
            <tr>
               <td colspan="4" class="detailsBox">
                  <div id="com.test.regression.cub.testscripts.CommunicationPref_breakDown_byStatus_passed_PASS14_details"
                       class="testMethodDetails">
                     <div>
                        <b>Name: </b>breakDown
                     </div>
                     <div>
                        <b>Signature: </b>breakDown(org.testng.ITestResult)[pri:0, instance:com.test.regression.cub.testscripts.CommunicationPref@6a41eaa2]
                     </div>
                     <div>
                        <b>Parameters: </b>
                        
                        [TestResult name=CommPrefUncheckAll status=SUCCESS method=CommunicationPref.CommPrefUncheckAll()[pri:0, instance:com.test.regression.cub.testscripts.CommunicationPref@6a41eaa2]
                        output={null}]
                        
                        
                     </div>
                     <div>
                        <b>Start time: </b>15:15:52
                     </div>
                     <div>
                        <b>End time: </b>15:15:52
                     </div>
                     <div>
                        <b>Duration: </b>1 ms
                        
                     </div>
                  </div>
               </td>
            </tr>
            <tr></tr>
            <tr id="com.test.regression.cub.testscripts.CommunicationPref_closeDriver_byStatus_passed_PASS15_row"
                class="testMethodStatusPASS testMethodStatusCONF">
               <td width="100%" class="firstMethodCell">
                  <a onclick="toggleDetailsVisibility('com.test.regression.cub.testscripts.CommunicationPref_closeDriver_byStatus_passed_PASS15_details')">closeDriver(public void com.test.regression.cub.testscripts.CommunicationPref.CommPrefUncheckAll())</a>
               </td>
               <td nowrap="true">15:15:52</td>
               <td nowrap="true" align="right">5s
                  
               </td>
               <td nowrap="true">
                   
                  
               </td>
            </tr>
            <tr>
               <td colspan="4" class="detailsBox">
                  <div id="com.test.regression.cub.testscripts.CommunicationPref_closeDriver_byStatus_passed_PASS15_details"
                       class="testMethodDetails">
                     <div>
                        <b>Name: </b>closeDriver
                     </div>
                     <div>
                        <b>Signature: </b>closeDriver(java.lang.reflect.Method)[pri:0, instance:com.test.regression.cub.testscripts.CommunicationPref@6a41eaa2]
                     </div>
                     <div>
                        <b>Parameters: </b>
                        
                        public void com.test.regression.cub.testscripts.CommunicationPref.CommPrefUncheckAll()
                        
                        
                     </div>
                     <div>
                        <b>Start time: </b>15:15:52
                     </div>
                     <div>
                        <b>End time: </b>15:15:58
                     </div>
                     <div>
                        <b>Duration: </b>5s
                        
                     </div>
                  </div>
               </td>
            </tr>
            <tr></tr>
            <tr id="com.test.regression.cub.testscripts.CommunicationPref_initialization_byStatus_passed_PASS16_row"
                class="testMethodStatusPASS testMethodStatusCONF">
               <td width="100%" class="firstMethodCell">
                  <a onclick="toggleDetailsVisibility('com.test.regression.cub.testscripts.CommunicationPref_initialization_byStatus_passed_PASS16_details')">initialization(public void com.test.regression.cub.testscripts.CommunicationPref.CommPrefEmailInvalid())</a>
               </td>
               <td nowrap="true">15:15:58</td>
               <td nowrap="true" align="right">22s
                  
               </td>
               <td nowrap="true">
                   
                  
               </td>
            </tr>
            <tr>
               <td colspan="4" class="detailsBox">
                  <div id="com.test.regression.cub.testscripts.CommunicationPref_initialization_byStatus_passed_PASS16_details"
                       class="testMethodDetails">
                     <div>
                        <b>Name: </b>initialization
                     </div>
                     <div>
                        <b>Signature: </b>initialization(java.lang.reflect.Method)[pri:0, instance:com.test.regression.cub.testscripts.CommunicationPref@6a41eaa2]
                     </div>
                     <div>
                        <b>Parameters: </b>
                        
                        public void com.test.regression.cub.testscripts.CommunicationPref.CommPrefEmailInvalid()
                        
                        
                     </div>
                     <div>
                        <b>Start time: </b>15:15:58
                     </div>
                     <div>
                        <b>End time: </b>15:16:21
                     </div>
                     <div>
                        <b>Duration: </b>22s
                        
                     </div>
                  </div>
               </td>
            </tr>
            <tr></tr>
            <tr id="com.test.regression.cub.testscripts.CommunicationPref_CommPrefEmailInvalid_byStatus_passed_PASS17_row"
                class="testMethodStatusPASS">
               <td width="100%" class="firstMethodCell">
                  <a onclick="toggleDetailsVisibility('com.test.regression.cub.testscripts.CommunicationPref_CommPrefEmailInvalid_byStatus_passed_PASS17_details')">CommPrefEmailInvalid()</a>
               </td>
               <td nowrap="true">15:16:21</td>
               <td nowrap="true" align="right">1m
                  11s
                  
               </td>
               <td nowrap="true">
                   
                  
               </td>
            </tr>
            <tr>
               <td colspan="4" class="detailsBox">
                  <div id="com.test.regression.cub.testscripts.CommunicationPref_CommPrefEmailInvalid_byStatus_passed_PASS17_details"
                       class="testMethodDetails">
                     <div>
                        <b>Name: </b>CommPrefEmailInvalid
                     </div>
                     <div>
                        <b>Signature: </b>CommPrefEmailInvalid()[pri:0, instance:com.test.regression.cub.testscripts.CommunicationPref@6a41eaa2]
                     </div>
                     <div>
                        <b>Start time: </b>15:16:21
                     </div>
                     <div>
                        <b>End time: </b>15:17:33
                     </div>
                     <div>
                        <b>Duration: </b>1m
                        11s
                        
                     </div>
                  </div>
               </td>
            </tr>
            <tr></tr>
            <tr id="com.test.regression.cub.testscripts.CommunicationPref_breakDown_byStatus_passed_PASS18_row"
                class="testMethodStatusPASS testMethodStatusCONF">
               <td width="100%" class="firstMethodCell">
                  <a onclick="toggleDetailsVisibility('com.test.regression.cub.testscripts.CommunicationPref_breakDown_byStatus_passed_PASS18_details')">breakDown([TestResult name=CommPrefEmailInvalid status=SUCCESS method=CommunicationPref.CommPrefEmailInvalid()[pri:0, instance:com.test.regression.cub.testscripts.CommunicationPref@6a41eaa2]
                     output={null}])
                  </a>
               </td>
               <td nowrap="true">15:17:33</td>
               <td nowrap="true" align="right">1 ms
                  
               </td>
               <td nowrap="true">
                   
                  
               </td>
            </tr>
            <tr>
               <td colspan="4" class="detailsBox">
                  <div id="com.test.regression.cub.testscripts.CommunicationPref_breakDown_byStatus_passed_PASS18_details"
                       class="testMethodDetails">
                     <div>
                        <b>Name: </b>breakDown
                     </div>
                     <div>
                        <b>Signature: </b>breakDown(org.testng.ITestResult)[pri:0, instance:com.test.regression.cub.testscripts.CommunicationPref@6a41eaa2]
                     </div>
                     <div>
                        <b>Parameters: </b>
                        
                        [TestResult name=CommPrefEmailInvalid status=SUCCESS method=CommunicationPref.CommPrefEmailInvalid()[pri:0, instance:com.test.regression.cub.testscripts.CommunicationPref@6a41eaa2]
                        output={null}]
                        
                        
                     </div>
                     <div>
                        <b>Start time: </b>15:17:33
                     </div>
                     <div>
                        <b>End time: </b>15:17:33
                     </div>
                     <div>
                        <b>Duration: </b>1 ms
                        
                     </div>
                  </div>
               </td>
            </tr>
            <tr></tr>
            <tr id="com.test.regression.cub.testscripts.CommunicationPref_closeDriver_byStatus_passed_PASS19_row"
                class="testMethodStatusPASS testMethodStatusCONF">
               <td width="100%" class="firstMethodCell">
                  <a onclick="toggleDetailsVisibility('com.test.regression.cub.testscripts.CommunicationPref_closeDriver_byStatus_passed_PASS19_details')">closeDriver(public void com.test.regression.cub.testscripts.CommunicationPref.CommPrefEmailInvalid())</a>
               </td>
               <td nowrap="true">15:17:33</td>
               <td nowrap="true" align="right">7s
                  
               </td>
               <td nowrap="true">
                   
                  
               </td>
            </tr>
            <tr>
               <td colspan="4" class="detailsBox">
                  <div id="com.test.regression.cub.testscripts.CommunicationPref_closeDriver_byStatus_passed_PASS19_details"
                       class="testMethodDetails">
                     <div>
                        <b>Name: </b>closeDriver
                     </div>
                     <div>
                        <b>Signature: </b>closeDriver(java.lang.reflect.Method)[pri:0, instance:com.test.regression.cub.testscripts.CommunicationPref@6a41eaa2]
                     </div>
                     <div>
                        <b>Parameters: </b>
                        
                        public void com.test.regression.cub.testscripts.CommunicationPref.CommPrefEmailInvalid()
                        
                        
                     </div>
                     <div>
                        <b>Start time: </b>15:17:33
                     </div>
                     <div>
                        <b>End time: </b>15:17:40
                     </div>
                     <div>
                        <b>Duration: </b>7s
                        
                     </div>
                  </div>
               </td>
            </tr>
            <tr></tr>
            <tr id="com.test.regression.cub.testscripts.CommunicationPref_initialization_byStatus_passed_PASS20_row"
                class="testMethodStatusPASS testMethodStatusCONF">
               <td width="100%" class="firstMethodCell">
                  <a onclick="toggleDetailsVisibility('com.test.regression.cub.testscripts.CommunicationPref_initialization_byStatus_passed_PASS20_details')">initialization(public void com.test.regression.cub.testscripts.CommunicationPref.CommPrefDirectMailInvalidFN())</a>
               </td>
               <td nowrap="true">15:17:40</td>
               <td nowrap="true" align="right">8s
                  
               </td>
               <td nowrap="true">
                   
                  
               </td>
            </tr>
            <tr>
               <td colspan="4" class="detailsBox">
                  <div id="com.test.regression.cub.testscripts.CommunicationPref_initialization_byStatus_passed_PASS20_details"
                       class="testMethodDetails">
                     <div>
                        <b>Name: </b>initialization
                     </div>
                     <div>
                        <b>Signature: </b>initialization(java.lang.reflect.Method)[pri:0, instance:com.test.regression.cub.testscripts.CommunicationPref@6a41eaa2]
                     </div>
                     <div>
                        <b>Parameters: </b>
                        
                        public void com.test.regression.cub.testscripts.CommunicationPref.CommPrefDirectMailInvalidFN()
                        
                        
                     </div>
                     <div>
                        <b>Start time: </b>15:17:40
                     </div>
                     <div>
                        <b>End time: </b>15:17:48
                     </div>
                     <div>
                        <b>Duration: </b>8s
                        
                     </div>
                  </div>
               </td>
            </tr>
            <tr></tr>
            <tr id="com.test.regression.cub.testscripts.CommunicationPref_CommPrefDirectMailInvalidFN_byStatus_passed_PASS21_row"
                class="testMethodStatusPASS">
               <td width="100%" class="firstMethodCell">
                  <a onclick="toggleDetailsVisibility('com.test.regression.cub.testscripts.CommunicationPref_CommPrefDirectMailInvalidFN_byStatus_passed_PASS21_details')">CommPrefDirectMailInvalidFN()</a>
               </td>
               <td nowrap="true">15:17:48</td>
               <td nowrap="true" align="right">1m
                  5s
                  
               </td>
               <td nowrap="true">
                   
                  
               </td>
            </tr>
            <tr>
               <td colspan="4" class="detailsBox">
                  <div id="com.test.regression.cub.testscripts.CommunicationPref_CommPrefDirectMailInvalidFN_byStatus_passed_PASS21_details"
                       class="testMethodDetails">
                     <div>
                        <b>Name: </b>CommPrefDirectMailInvalidFN
                     </div>
                     <div>
                        <b>Signature: </b>CommPrefDirectMailInvalidFN()[pri:0, instance:com.test.regression.cub.testscripts.CommunicationPref@6a41eaa2]
                     </div>
                     <div>
                        <b>Start time: </b>15:17:48
                     </div>
                     <div>
                        <b>End time: </b>15:18:53
                     </div>
                     <div>
                        <b>Duration: </b>1m
                        5s
                        
                     </div>
                  </div>
               </td>
            </tr>
            <tr></tr>
            <tr id="com.test.regression.cub.testscripts.CommunicationPref_breakDown_byStatus_passed_PASS22_row"
                class="testMethodStatusPASS testMethodStatusCONF">
               <td width="100%" class="firstMethodCell">
                  <a onclick="toggleDetailsVisibility('com.test.regression.cub.testscripts.CommunicationPref_breakDown_byStatus_passed_PASS22_details')">breakDown([TestResult name=CommPrefDirectMailInvalidFN status=SUCCESS method=CommunicationPref.CommPrefDirectMailInvalidFN()[pri:0,
                     instance:com.test.regression.cub.testscripts.CommunicationPref@6a41eaa2] output={null}])
                  </a>
               </td>
               <td nowrap="true">15:18:53</td>
               <td nowrap="true" align="right">1 ms
                  
               </td>
               <td nowrap="true">
                   
                  
               </td>
            </tr>
            <tr>
               <td colspan="4" class="detailsBox">
                  <div id="com.test.regression.cub.testscripts.CommunicationPref_breakDown_byStatus_passed_PASS22_details"
                       class="testMethodDetails">
                     <div>
                        <b>Name: </b>breakDown
                     </div>
                     <div>
                        <b>Signature: </b>breakDown(org.testng.ITestResult)[pri:0, instance:com.test.regression.cub.testscripts.CommunicationPref@6a41eaa2]
                     </div>
                     <div>
                        <b>Parameters: </b>
                        
                        [TestResult name=CommPrefDirectMailInvalidFN status=SUCCESS method=CommunicationPref.CommPrefDirectMailInvalidFN()[pri:0,
                        instance:com.test.regression.cub.testscripts.CommunicationPref@6a41eaa2] output={null}]
                        
                        
                     </div>
                     <div>
                        <b>Start time: </b>15:18:53
                     </div>
                     <div>
                        <b>End time: </b>15:18:53
                     </div>
                     <div>
                        <b>Duration: </b>1 ms
                        
                     </div>
                  </div>
               </td>
            </tr>
            <tr></tr>
            <tr id="com.test.regression.cub.testscripts.CommunicationPref_closeDriver_byStatus_passed_PASS23_row"
                class="testMethodStatusPASS testMethodStatusCONF">
               <td width="100%" class="firstMethodCell">
                  <a onclick="toggleDetailsVisibility('com.test.regression.cub.testscripts.CommunicationPref_closeDriver_byStatus_passed_PASS23_details')">closeDriver(public void com.test.regression.cub.testscripts.CommunicationPref.CommPrefDirectMailInvalidFN())</a>
               </td>
               <td nowrap="true">15:18:53</td>
               <td nowrap="true" align="right">2s
                  
               </td>
               <td nowrap="true">
                   
                  
               </td>
            </tr>
            <tr>
               <td colspan="4" class="detailsBox">
                  <div id="com.test.regression.cub.testscripts.CommunicationPref_closeDriver_byStatus_passed_PASS23_details"
                       class="testMethodDetails">
                     <div>
                        <b>Name: </b>closeDriver
                     </div>
                     <div>
                        <b>Signature: </b>closeDriver(java.lang.reflect.Method)[pri:0, instance:com.test.regression.cub.testscripts.CommunicationPref@6a41eaa2]
                     </div>
                     <div>
                        <b>Parameters: </b>
                        
                        public void com.test.regression.cub.testscripts.CommunicationPref.CommPrefDirectMailInvalidFN()
                        
                        
                     </div>
                     <div>
                        <b>Start time: </b>15:18:53
                     </div>
                     <div>
                        <b>End time: </b>15:18:56
                     </div>
                     <div>
                        <b>Duration: </b>2s
                        
                     </div>
                  </div>
               </td>
            </tr>
            <tr></tr>
            <tr id="com.test.regression.cub.testscripts.CommunicationPref_initialization_byStatus_passed_PASS24_row"
                class="testMethodStatusPASS testMethodStatusCONF">
               <td width="100%" class="firstMethodCell">
                  <a onclick="toggleDetailsVisibility('com.test.regression.cub.testscripts.CommunicationPref_initialization_byStatus_passed_PASS24_details')">initialization(public void com.test.regression.cub.testscripts.CommunicationPref.CommPrefSMSInvalid())</a>
               </td>
               <td nowrap="true">15:18:56</td>
               <td nowrap="true" align="right">8s
                  
               </td>
               <td nowrap="true">
                   
                  
               </td>
            </tr>
            <tr>
               <td colspan="4" class="detailsBox">
                  <div id="com.test.regression.cub.testscripts.CommunicationPref_initialization_byStatus_passed_PASS24_details"
                       class="testMethodDetails">
                     <div>
                        <b>Name: </b>initialization
                     </div>
                     <div>
                        <b>Signature: </b>initialization(java.lang.reflect.Method)[pri:0, instance:com.test.regression.cub.testscripts.CommunicationPref@6a41eaa2]
                     </div>
                     <div>
                        <b>Parameters: </b>
                        
                        public void com.test.regression.cub.testscripts.CommunicationPref.CommPrefSMSInvalid()
                        
                        
                     </div>
                     <div>
                        <b>Start time: </b>15:18:56
                     </div>
                     <div>
                        <b>End time: </b>15:19:04
                     </div>
                     <div>
                        <b>Duration: </b>8s
                        
                     </div>
                  </div>
               </td>
            </tr>
            <tr></tr>
            <tr id="com.test.regression.cub.testscripts.CommunicationPref_CommPrefSMSInvalid_byStatus_passed_PASS25_row"
                class="testMethodStatusPASS">
               <td width="100%" class="firstMethodCell">
                  <a onclick="toggleDetailsVisibility('com.test.regression.cub.testscripts.CommunicationPref_CommPrefSMSInvalid_byStatus_passed_PASS25_details')">CommPrefSMSInvalid()</a>
               </td>
               <td nowrap="true">15:19:04</td>
               <td nowrap="true" align="right">1m
                  13s
                  
               </td>
               <td nowrap="true">
                   
                  
               </td>
            </tr>
            <tr>
               <td colspan="4" class="detailsBox">
                  <div id="com.test.regression.cub.testscripts.CommunicationPref_CommPrefSMSInvalid_byStatus_passed_PASS25_details"
                       class="testMethodDetails">
                     <div>
                        <b>Name: </b>CommPrefSMSInvalid
                     </div>
                     <div>
                        <b>Signature: </b>CommPrefSMSInvalid()[pri:0, instance:com.test.regression.cub.testscripts.CommunicationPref@6a41eaa2]
                     </div>
                     <div>
                        <b>Start time: </b>15:19:04
                     </div>
                     <div>
                        <b>End time: </b>15:20:18
                     </div>
                     <div>
                        <b>Duration: </b>1m
                        13s
                        
                     </div>
                  </div>
               </td>
            </tr>
            <tr></tr>
            <tr id="com.test.regression.cub.testscripts.CommunicationPref_breakDown_byStatus_passed_PASS26_row"
                class="testMethodStatusPASS testMethodStatusCONF">
               <td width="100%" class="firstMethodCell">
                  <a onclick="toggleDetailsVisibility('com.test.regression.cub.testscripts.CommunicationPref_breakDown_byStatus_passed_PASS26_details')">breakDown([TestResult name=CommPrefSMSInvalid status=SUCCESS method=CommunicationPref.CommPrefSMSInvalid()[pri:0, instance:com.test.regression.cub.testscripts.CommunicationPref@6a41eaa2]
                     output={null}])
                  </a>
               </td>
               <td nowrap="true">15:20:18</td>
               <td nowrap="true" align="right">0 ms
                  
               </td>
               <td nowrap="true">
                   
                  
               </td>
            </tr>
            <tr>
               <td colspan="4" class="detailsBox">
                  <div id="com.test.regression.cub.testscripts.CommunicationPref_breakDown_byStatus_passed_PASS26_details"
                       class="testMethodDetails">
                     <div>
                        <b>Name: </b>breakDown
                     </div>
                     <div>
                        <b>Signature: </b>breakDown(org.testng.ITestResult)[pri:0, instance:com.test.regression.cub.testscripts.CommunicationPref@6a41eaa2]
                     </div>
                     <div>
                        <b>Parameters: </b>
                        
                        [TestResult name=CommPrefSMSInvalid status=SUCCESS method=CommunicationPref.CommPrefSMSInvalid()[pri:0, instance:com.test.regression.cub.testscripts.CommunicationPref@6a41eaa2]
                        output={null}]
                        
                        
                     </div>
                     <div>
                        <b>Start time: </b>15:20:18
                     </div>
                     <div>
                        <b>End time: </b>15:20:18
                     </div>
                     <div>
                        <b>Duration: </b>0 ms
                        
                     </div>
                  </div>
               </td>
            </tr>
            <tr></tr>
            <tr id="com.test.regression.cub.testscripts.CommunicationPref_closeDriver_byStatus_passed_PASS27_row"
                class="testMethodStatusPASS testMethodStatusCONF">
               <td width="100%" class="firstMethodCell">
                  <a onclick="toggleDetailsVisibility('com.test.regression.cub.testscripts.CommunicationPref_closeDriver_byStatus_passed_PASS27_details')">closeDriver(public void com.test.regression.cub.testscripts.CommunicationPref.CommPrefSMSInvalid())</a>
               </td>
               <td nowrap="true">15:20:18</td>
               <td nowrap="true" align="right">2s
                  
               </td>
               <td nowrap="true">
                   
                  
               </td>
            </tr>
            <tr>
               <td colspan="4" class="detailsBox">
                  <div id="com.test.regression.cub.testscripts.CommunicationPref_closeDriver_byStatus_passed_PASS27_details"
                       class="testMethodDetails">
                     <div>
                        <b>Name: </b>closeDriver
                     </div>
                     <div>
                        <b>Signature: </b>closeDriver(java.lang.reflect.Method)[pri:0, instance:com.test.regression.cub.testscripts.CommunicationPref@6a41eaa2]
                     </div>
                     <div>
                        <b>Parameters: </b>
                        
                        public void com.test.regression.cub.testscripts.CommunicationPref.CommPrefSMSInvalid()
                        
                        
                     </div>
                     <div>
                        <b>Start time: </b>15:20:18
                     </div>
                     <div>
                        <b>End time: </b>15:20:20
                     </div>
                     <div>
                        <b>Duration: </b>2s
                        
                     </div>
                  </div>
               </td>
            </tr>
            <tr></tr>
            <tr id="com.test.regression.cub.testscripts.CommunicationPref_initialization_byStatus_passed_PASS28_row"
                class="testMethodStatusPASS testMethodStatusCONF">
               <td width="100%" class="firstMethodCell">
                  <a onclick="toggleDetailsVisibility('com.test.regression.cub.testscripts.CommunicationPref_initialization_byStatus_passed_PASS28_details')">initialization(public void com.test.regression.cub.testscripts.CommunicationPref.CommPrefDirectMailInvalidLN())</a>
               </td>
               <td nowrap="true">15:20:20</td>
               <td nowrap="true" align="right">9s
                  
               </td>
               <td nowrap="true">
                   
                  
               </td>
            </tr>
            <tr>
               <td colspan="4" class="detailsBox">
                  <div id="com.test.regression.cub.testscripts.CommunicationPref_initialization_byStatus_passed_PASS28_details"
                       class="testMethodDetails">
                     <div>
                        <b>Name: </b>initialization
                     </div>
                     <div>
                        <b>Signature: </b>initialization(java.lang.reflect.Method)[pri:0, instance:com.test.regression.cub.testscripts.CommunicationPref@6a41eaa2]
                     </div>
                     <div>
                        <b>Parameters: </b>
                        
                        public void com.test.regression.cub.testscripts.CommunicationPref.CommPrefDirectMailInvalidLN()
                        
                        
                     </div>
                     <div>
                        <b>Start time: </b>15:20:20
                     </div>
                     <div>
                        <b>End time: </b>15:20:29
                     </div>
                     <div>
                        <b>Duration: </b>9s
                        
                     </div>
                  </div>
               </td>
            </tr>
            <tr></tr>
            <tr id="com.test.regression.cub.testscripts.CommunicationPref_breakDown_byStatus_passed_PASS29_row"
                class="testMethodStatusPASS testMethodStatusCONF">
               <td width="100%" class="firstMethodCell">
                  <a onclick="toggleDetailsVisibility('com.test.regression.cub.testscripts.CommunicationPref_breakDown_byStatus_passed_PASS29_details')">breakDown([TestResult name=CommPrefDirectMailInvalidLN status=FAILURE method=CommunicationPref.CommPrefDirectMailInvalidLN()[pri:0,
                     instance:com.test.regression.cub.testscripts.CommunicationPref@6a41eaa2] output={null}])
                  </a>
               </td>
               <td nowrap="true">15:21:30</td>
               <td nowrap="true" align="right">174 ms
                  
               </td>
               <td nowrap="true">
                   
                  
               </td>
            </tr>
            <tr>
               <td colspan="4" class="detailsBox">
                  <div id="com.test.regression.cub.testscripts.CommunicationPref_breakDown_byStatus_passed_PASS29_details"
                       class="testMethodDetails">
                     <div>
                        <b>Name: </b>breakDown
                     </div>
                     <div>
                        <b>Signature: </b>breakDown(org.testng.ITestResult)[pri:0, instance:com.test.regression.cub.testscripts.CommunicationPref@6a41eaa2]
                     </div>
                     <div>
                        <b>Parameters: </b>
                        
                        [TestResult name=CommPrefDirectMailInvalidLN status=FAILURE method=CommunicationPref.CommPrefDirectMailInvalidLN()[pri:0,
                        instance:com.test.regression.cub.testscripts.CommunicationPref@6a41eaa2] output={null}]
                        
                        
                     </div>
                     <div>
                        <b>Start time: </b>15:21:30
                     </div>
                     <div>
                        <b>End time: </b>15:21:30
                     </div>
                     <div>
                        <b>Duration: </b>174 ms
                        
                     </div>
                  </div>
               </td>
            </tr>
            <tr></tr>
            <tr id="com.test.regression.cub.testscripts.CommunicationPref_closeDriver_byStatus_passed_PASS30_row"
                class="testMethodStatusPASS testMethodStatusCONF">
               <td width="100%" class="firstMethodCell">
                  <a onclick="toggleDetailsVisibility('com.test.regression.cub.testscripts.CommunicationPref_closeDriver_byStatus_passed_PASS30_details')">closeDriver(public void com.test.regression.cub.testscripts.CommunicationPref.CommPrefDirectMailInvalidLN())</a>
               </td>
               <td nowrap="true">15:21:30</td>
               <td nowrap="true" align="right">6s
                  
               </td>
               <td nowrap="true">
                   
                  
               </td>
            </tr>
            <tr>
               <td colspan="4" class="detailsBox">
                  <div id="com.test.regression.cub.testscripts.CommunicationPref_closeDriver_byStatus_passed_PASS30_details"
                       class="testMethodDetails">
                     <div>
                        <b>Name: </b>closeDriver
                     </div>
                     <div>
                        <b>Signature: </b>closeDriver(java.lang.reflect.Method)[pri:0, instance:com.test.regression.cub.testscripts.CommunicationPref@6a41eaa2]
                     </div>
                     <div>
                        <b>Parameters: </b>
                        
                        public void com.test.regression.cub.testscripts.CommunicationPref.CommPrefDirectMailInvalidLN()
                        
                        
                     </div>
                     <div>
                        <b>Start time: </b>15:21:30
                     </div>
                     <div>
                        <b>End time: </b>15:21:37
                     </div>
                     <div>
                        <b>Duration: </b>6s
                        
                     </div>
                  </div>
               </td>
            </tr>
            <tr></tr>
            <tr id="com.test.regression.cub.testscripts.CommunicationPref_initialization_byStatus_passed_PASS31_row"
                class="testMethodStatusPASS testMethodStatusCONF">
               <td width="100%" class="firstMethodCell">
                  <a onclick="toggleDetailsVisibility('com.test.regression.cub.testscripts.CommunicationPref_initialization_byStatus_passed_PASS31_details')">initialization(public void com.test.regression.cub.testscripts.CommunicationPref.CommPrefDirectMailInvalidCity())</a>
               </td>
               <td nowrap="true">15:21:37</td>
               <td nowrap="true" align="right">11s
                  
               </td>
               <td nowrap="true">
                   
                  
               </td>
            </tr>
            <tr>
               <td colspan="4" class="detailsBox">
                  <div id="com.test.regression.cub.testscripts.CommunicationPref_initialization_byStatus_passed_PASS31_details"
                       class="testMethodDetails">
                     <div>
                        <b>Name: </b>initialization
                     </div>
                     <div>
                        <b>Signature: </b>initialization(java.lang.reflect.Method)[pri:0, instance:com.test.regression.cub.testscripts.CommunicationPref@6a41eaa2]
                     </div>
                     <div>
                        <b>Parameters: </b>
                        
                        public void com.test.regression.cub.testscripts.CommunicationPref.CommPrefDirectMailInvalidCity()
                        
                        
                     </div>
                     <div>
                        <b>Start time: </b>15:21:37
                     </div>
                     <div>
                        <b>End time: </b>15:21:48
                     </div>
                     <div>
                        <b>Duration: </b>11s
                        
                     </div>
                  </div>
               </td>
            </tr>
            <tr></tr>
            <tr id="com.test.regression.cub.testscripts.CommunicationPref_CommPrefDirectMailInvalidCity_byStatus_passed_PASS32_row"
                class="testMethodStatusPASS">
               <td width="100%" class="firstMethodCell">
                  <a onclick="toggleDetailsVisibility('com.test.regression.cub.testscripts.CommunicationPref_CommPrefDirectMailInvalidCity_byStatus_passed_PASS32_details')">CommPrefDirectMailInvalidCity()</a>
               </td>
               <td nowrap="true">15:21:48</td>
               <td nowrap="true" align="right">1m
                  7s
                  
               </td>
               <td nowrap="true">
                   
                  
               </td>
            </tr>
            <tr>
               <td colspan="4" class="detailsBox">
                  <div id="com.test.regression.cub.testscripts.CommunicationPref_CommPrefDirectMailInvalidCity_byStatus_passed_PASS32_details"
                       class="testMethodDetails">
                     <div>
                        <b>Name: </b>CommPrefDirectMailInvalidCity
                     </div>
                     <div>
                        <b>Signature: </b>CommPrefDirectMailInvalidCity()[pri:0, instance:com.test.regression.cub.testscripts.CommunicationPref@6a41eaa2]
                     </div>
                     <div>
                        <b>Start time: </b>15:21:48
                     </div>
                     <div>
                        <b>End time: </b>15:22:56
                     </div>
                     <div>
                        <b>Duration: </b>1m
                        7s
                        
                     </div>
                  </div>
               </td>
            </tr>
            <tr></tr>
            <tr id="com.test.regression.cub.testscripts.CommunicationPref_breakDown_byStatus_passed_PASS33_row"
                class="testMethodStatusPASS testMethodStatusCONF">
               <td width="100%" class="firstMethodCell">
                  <a onclick="toggleDetailsVisibility('com.test.regression.cub.testscripts.CommunicationPref_breakDown_byStatus_passed_PASS33_details')">breakDown([TestResult name=CommPrefDirectMailInvalidCity status=SUCCESS method=CommunicationPref.CommPrefDirectMailInvalidCity()[pri:0,
                     instance:com.test.regression.cub.testscripts.CommunicationPref@6a41eaa2] output={null}])
                  </a>
               </td>
               <td nowrap="true">15:22:56</td>
               <td nowrap="true" align="right">0 ms
                  
               </td>
               <td nowrap="true">
                   
                  
               </td>
            </tr>
            <tr>
               <td colspan="4" class="detailsBox">
                  <div id="com.test.regression.cub.testscripts.CommunicationPref_breakDown_byStatus_passed_PASS33_details"
                       class="testMethodDetails">
                     <div>
                        <b>Name: </b>breakDown
                     </div>
                     <div>
                        <b>Signature: </b>breakDown(org.testng.ITestResult)[pri:0, instance:com.test.regression.cub.testscripts.CommunicationPref@6a41eaa2]
                     </div>
                     <div>
                        <b>Parameters: </b>
                        
                        [TestResult name=CommPrefDirectMailInvalidCity status=SUCCESS method=CommunicationPref.CommPrefDirectMailInvalidCity()[pri:0,
                        instance:com.test.regression.cub.testscripts.CommunicationPref@6a41eaa2] output={null}]
                        
                        
                     </div>
                     <div>
                        <b>Start time: </b>15:22:56
                     </div>
                     <div>
                        <b>End time: </b>15:22:56
                     </div>
                     <div>
                        <b>Duration: </b>0 ms
                        
                     </div>
                  </div>
               </td>
            </tr>
            <tr></tr>
            <tr id="com.test.regression.cub.testscripts.CommunicationPref_closeDriver_byStatus_passed_PASS34_row"
                class="testMethodStatusPASS testMethodStatusCONF">
               <td width="100%" class="firstMethodCell">
                  <a onclick="toggleDetailsVisibility('com.test.regression.cub.testscripts.CommunicationPref_closeDriver_byStatus_passed_PASS34_details')">closeDriver(public void com.test.regression.cub.testscripts.CommunicationPref.CommPrefDirectMailInvalidCity())</a>
               </td>
               <td nowrap="true">15:22:56</td>
               <td nowrap="true" align="right">3s
                  
               </td>
               <td nowrap="true">
                   
                  
               </td>
            </tr>
            <tr>
               <td colspan="4" class="detailsBox">
                  <div id="com.test.regression.cub.testscripts.CommunicationPref_closeDriver_byStatus_passed_PASS34_details"
                       class="testMethodDetails">
                     <div>
                        <b>Name: </b>closeDriver
                     </div>
                     <div>
                        <b>Signature: </b>closeDriver(java.lang.reflect.Method)[pri:0, instance:com.test.regression.cub.testscripts.CommunicationPref@6a41eaa2]
                     </div>
                     <div>
                        <b>Parameters: </b>
                        
                        public void com.test.regression.cub.testscripts.CommunicationPref.CommPrefDirectMailInvalidCity()
                        
                        
                     </div>
                     <div>
                        <b>Start time: </b>15:22:56
                     </div>
                     <div>
                        <b>End time: </b>15:22:59
                     </div>
                     <div>
                        <b>Duration: </b>3s
                        
                     </div>
                  </div>
               </td>
            </tr>
            <tr></tr>
            <tr id="com.test.regression.cub.testscripts.CommunicationPref_initialization_byStatus_passed_PASS35_row"
                class="testMethodStatusPASS testMethodStatusCONF">
               <td width="100%" class="firstMethodCell">
                  <a onclick="toggleDetailsVisibility('com.test.regression.cub.testscripts.CommunicationPref_initialization_byStatus_passed_PASS35_details')">initialization(public void com.test.regression.cub.testscripts.CommunicationPref.CommPrefDirectMailInvalidZIP())</a>
               </td>
               <td nowrap="true">15:22:59</td>
               <td nowrap="true" align="right">9s
                  
               </td>
               <td nowrap="true">
                   
                  
               </td>
            </tr>
            <tr>
               <td colspan="4" class="detailsBox">
                  <div id="com.test.regression.cub.testscripts.CommunicationPref_initialization_byStatus_passed_PASS35_details"
                       class="testMethodDetails">
                     <div>
                        <b>Name: </b>initialization
                     </div>
                     <div>
                        <b>Signature: </b>initialization(java.lang.reflect.Method)[pri:0, instance:com.test.regression.cub.testscripts.CommunicationPref@6a41eaa2]
                     </div>
                     <div>
                        <b>Parameters: </b>
                        
                        public void com.test.regression.cub.testscripts.CommunicationPref.CommPrefDirectMailInvalidZIP()
                        
                        
                     </div>
                     <div>
                        <b>Start time: </b>15:22:59
                     </div>
                     <div>
                        <b>End time: </b>15:23:09
                     </div>
                     <div>
                        <b>Duration: </b>9s
                        
                     </div>
                  </div>
               </td>
            </tr>
            <tr></tr>
            <tr id="com.test.regression.cub.testscripts.CommunicationPref_breakDown_byStatus_passed_PASS36_row"
                class="testMethodStatusPASS testMethodStatusCONF">
               <td width="100%" class="firstMethodCell">
                  <a onclick="toggleDetailsVisibility('com.test.regression.cub.testscripts.CommunicationPref_breakDown_byStatus_passed_PASS36_details')">breakDown([TestResult name=CommPrefDirectMailInvalidZIP status=FAILURE method=CommunicationPref.CommPrefDirectMailInvalidZIP()[pri:0,
                     instance:com.test.regression.cub.testscripts.CommunicationPref@6a41eaa2] output={null}])
                  </a>
               </td>
               <td nowrap="true">15:24:23</td>
               <td nowrap="true" align="right">262 ms
                  
               </td>
               <td nowrap="true">
                   
                  
               </td>
            </tr>
            <tr>
               <td colspan="4" class="detailsBox">
                  <div id="com.test.regression.cub.testscripts.CommunicationPref_breakDown_byStatus_passed_PASS36_details"
                       class="testMethodDetails">
                     <div>
                        <b>Name: </b>breakDown
                     </div>
                     <div>
                        <b>Signature: </b>breakDown(org.testng.ITestResult)[pri:0, instance:com.test.regression.cub.testscripts.CommunicationPref@6a41eaa2]
                     </div>
                     <div>
                        <b>Parameters: </b>
                        
                        [TestResult name=CommPrefDirectMailInvalidZIP status=FAILURE method=CommunicationPref.CommPrefDirectMailInvalidZIP()[pri:0,
                        instance:com.test.regression.cub.testscripts.CommunicationPref@6a41eaa2] output={null}]
                        
                        
                     </div>
                     <div>
                        <b>Start time: </b>15:24:23
                     </div>
                     <div>
                        <b>End time: </b>15:24:23
                     </div>
                     <div>
                        <b>Duration: </b>262 ms
                        
                     </div>
                  </div>
               </td>
            </tr>
            <tr></tr>
            <tr id="com.test.regression.cub.testscripts.CommunicationPref_closeDriver_byStatus_passed_PASS37_row"
                class="testMethodStatusPASS testMethodStatusCONF">
               <td width="100%" class="firstMethodCell">
                  <a onclick="toggleDetailsVisibility('com.test.regression.cub.testscripts.CommunicationPref_closeDriver_byStatus_passed_PASS37_details')">closeDriver(public void com.test.regression.cub.testscripts.CommunicationPref.CommPrefDirectMailInvalidZIP())</a>
               </td>
               <td nowrap="true">15:24:23</td>
               <td nowrap="true" align="right">2s
                  
               </td>
               <td nowrap="true">
                   
                  
               </td>
            </tr>
            <tr>
               <td colspan="4" class="detailsBox">
                  <div id="com.test.regression.cub.testscripts.CommunicationPref_closeDriver_byStatus_passed_PASS37_details"
                       class="testMethodDetails">
                     <div>
                        <b>Name: </b>closeDriver
                     </div>
                     <div>
                        <b>Signature: </b>closeDriver(java.lang.reflect.Method)[pri:0, instance:com.test.regression.cub.testscripts.CommunicationPref@6a41eaa2]
                     </div>
                     <div>
                        <b>Parameters: </b>
                        
                        public void com.test.regression.cub.testscripts.CommunicationPref.CommPrefDirectMailInvalidZIP()
                        
                        
                     </div>
                     <div>
                        <b>Start time: </b>15:24:23
                     </div>
                     <div>
                        <b>End time: </b>15:24:25
                     </div>
                     <div>
                        <b>Duration: </b>2s
                        
                     </div>
                  </div>
               </td>
            </tr>
            <tr></tr>
            <tr id="com.test.regression.cub.testscripts.CommunicationPref_initialization_byStatus_passed_PASS38_row"
                class="testMethodStatusPASS testMethodStatusCONF">
               <td width="100%" class="firstMethodCell">
                  <a onclick="toggleDetailsVisibility('com.test.regression.cub.testscripts.CommunicationPref_initialization_byStatus_passed_PASS38_details')">initialization(public void com.test.regression.cub.testscripts.CommunicationPref.CommPrefNullAddress())</a>
               </td>
               <td nowrap="true">15:24:25</td>
               <td nowrap="true" align="right">17s
                  
               </td>
               <td nowrap="true">
                   
                  
               </td>
            </tr>
            <tr>
               <td colspan="4" class="detailsBox">
                  <div id="com.test.regression.cub.testscripts.CommunicationPref_initialization_byStatus_passed_PASS38_details"
                       class="testMethodDetails">
                     <div>
                        <b>Name: </b>initialization
                     </div>
                     <div>
                        <b>Signature: </b>initialization(java.lang.reflect.Method)[pri:0, instance:com.test.regression.cub.testscripts.CommunicationPref@6a41eaa2]
                     </div>
                     <div>
                        <b>Parameters: </b>
                        
                        public void com.test.regression.cub.testscripts.CommunicationPref.CommPrefNullAddress()
                        
                        
                     </div>
                     <div>
                        <b>Start time: </b>15:24:25
                     </div>
                     <div>
                        <b>End time: </b>15:24:43
                     </div>
                     <div>
                        <b>Duration: </b>17s
                        
                     </div>
                  </div>
               </td>
            </tr>
            <tr></tr>
            <tr id="com.test.regression.cub.testscripts.CommunicationPref_CommPrefNullAddress_byStatus_passed_PASS39_row"
                class="testMethodStatusPASS">
               <td width="100%" class="firstMethodCell">
                  <a onclick="toggleDetailsVisibility('com.test.regression.cub.testscripts.CommunicationPref_CommPrefNullAddress_byStatus_passed_PASS39_details')">CommPrefNullAddress()</a>
               </td>
               <td nowrap="true">15:24:43</td>
               <td nowrap="true" align="right">52s
                  
               </td>
               <td nowrap="true">
                   
                  
               </td>
            </tr>
            <tr>
               <td colspan="4" class="detailsBox">
                  <div id="com.test.regression.cub.testscripts.CommunicationPref_CommPrefNullAddress_byStatus_passed_PASS39_details"
                       class="testMethodDetails">
                     <div>
                        <b>Name: </b>CommPrefNullAddress
                     </div>
                     <div>
                        <b>Signature: </b>CommPrefNullAddress()[pri:0, instance:com.test.regression.cub.testscripts.CommunicationPref@6a41eaa2]
                     </div>
                     <div>
                        <b>Start time: </b>15:24:43
                     </div>
                     <div>
                        <b>End time: </b>15:25:35
                     </div>
                     <div>
                        <b>Duration: </b>52s
                        
                     </div>
                  </div>
               </td>
            </tr>
            <tr></tr>
            <tr id="com.test.regression.cub.testscripts.CommunicationPref_closeDriver_byStatus_passed_PASS40_row"
                class="testMethodStatusPASS testMethodStatusCONF">
               <td width="100%" class="firstMethodCell">
                  <a onclick="toggleDetailsVisibility('com.test.regression.cub.testscripts.CommunicationPref_closeDriver_byStatus_passed_PASS40_details')">closeDriver(public void com.test.regression.cub.testscripts.CommunicationPref.CommPrefNullAddress())</a>
               </td>
               <td nowrap="true">15:25:35</td>
               <td nowrap="true" align="right">2s
                  
               </td>
               <td nowrap="true">
                   
                  
               </td>
            </tr>
            <tr>
               <td colspan="4" class="detailsBox">
                  <div id="com.test.regression.cub.testscripts.CommunicationPref_closeDriver_byStatus_passed_PASS40_details"
                       class="testMethodDetails">
                     <div>
                        <b>Name: </b>closeDriver
                     </div>
                     <div>
                        <b>Signature: </b>closeDriver(java.lang.reflect.Method)[pri:0, instance:com.test.regression.cub.testscripts.CommunicationPref@6a41eaa2]
                     </div>
                     <div>
                        <b>Parameters: </b>
                        
                        public void com.test.regression.cub.testscripts.CommunicationPref.CommPrefNullAddress()
                        
                        
                     </div>
                     <div>
                        <b>Start time: </b>15:25:35
                     </div>
                     <div>
                        <b>End time: </b>15:25:38
                     </div>
                     <div>
                        <b>Duration: </b>2s
                        
                     </div>
                  </div>
               </td>
            </tr>
            <tr></tr>
            <tr id="com.test.regression.cub.testscripts.CommunicationPref_breakDown_byStatus_passed_PASS41_row"
                class="testMethodStatusPASS testMethodStatusCONF">
               <td width="100%" class="firstMethodCell">
                  <a onclick="toggleDetailsVisibility('com.test.regression.cub.testscripts.CommunicationPref_breakDown_byStatus_passed_PASS41_details')">breakDown([TestResult name=CommPrefNullAddress status=SUCCESS method=CommunicationPref.CommPrefNullAddress()[pri:0, instance:com.test.regression.cub.testscripts.CommunicationPref@6a41eaa2]
                     output={null}])
                  </a>
               </td>
               <td nowrap="true">15:25:35</td>
               <td nowrap="true" align="right">0 ms
                  
               </td>
               <td nowrap="true">
                   
                  
               </td>
            </tr>
            <tr>
               <td colspan="4" class="detailsBox">
                  <div id="com.test.regression.cub.testscripts.CommunicationPref_breakDown_byStatus_passed_PASS41_details"
                       class="testMethodDetails">
                     <div>
                        <b>Name: </b>breakDown
                     </div>
                     <div>
                        <b>Signature: </b>breakDown(org.testng.ITestResult)[pri:0, instance:com.test.regression.cub.testscripts.CommunicationPref@6a41eaa2]
                     </div>
                     <div>
                        <b>Parameters: </b>
                        
                        [TestResult name=CommPrefNullAddress status=SUCCESS method=CommunicationPref.CommPrefNullAddress()[pri:0, instance:com.test.regression.cub.testscripts.CommunicationPref@6a41eaa2]
                        output={null}]
                        
                        
                     </div>
                     <div>
                        <b>Start time: </b>15:25:35
                     </div>
                     <div>
                        <b>End time: </b>15:25:35
                     </div>
                     <div>
                        <b>Duration: </b>0 ms
                        
                     </div>
                  </div>
               </td>
            </tr>
            <tr></tr>
            <tr id="com.test.regression.cub.testscripts.CommunicationPref_initialization_byStatus_passed_PASS42_row"
                class="testMethodStatusPASS testMethodStatusCONF">
               <td width="100%" class="firstMethodCell">
                  <a onclick="toggleDetailsVisibility('com.test.regression.cub.testscripts.CommunicationPref_initialization_byStatus_passed_PASS42_details')">initialization(public void com.test.regression.cub.testscripts.CommunicationPref.ChngCommPrefAddressEditSuccess())</a>
               </td>
               <td nowrap="true">15:25:38</td>
               <td nowrap="true" align="right">9s
                  
               </td>
               <td nowrap="true">
                   
                  
               </td>
            </tr>
            <tr>
               <td colspan="4" class="detailsBox">
                  <div id="com.test.regression.cub.testscripts.CommunicationPref_initialization_byStatus_passed_PASS42_details"
                       class="testMethodDetails">
                     <div>
                        <b>Name: </b>initialization
                     </div>
                     <div>
                        <b>Signature: </b>initialization(java.lang.reflect.Method)[pri:0, instance:com.test.regression.cub.testscripts.CommunicationPref@6a41eaa2]
                     </div>
                     <div>
                        <b>Parameters: </b>
                        
                        public void com.test.regression.cub.testscripts.CommunicationPref.ChngCommPrefAddressEditSuccess()
                        
                        
                     </div>
                     <div>
                        <b>Start time: </b>15:25:38
                     </div>
                     <div>
                        <b>End time: </b>15:25:47
                     </div>
                     <div>
                        <b>Duration: </b>9s
                        
                     </div>
                  </div>
               </td>
            </tr>
            <tr></tr>
            <tr id="com.test.regression.cub.testscripts.CommunicationPref_ChngCommPrefAddressEditSuccess_byStatus_passed_PASS43_row"
                class="testMethodStatusPASS">
               <td width="100%" class="firstMethodCell">
                  <a onclick="toggleDetailsVisibility('com.test.regression.cub.testscripts.CommunicationPref_ChngCommPrefAddressEditSuccess_byStatus_passed_PASS43_details')">ChngCommPrefAddressEditSuccess()</a>
               </td>
               <td nowrap="true">15:25:47</td>
               <td nowrap="true" align="right">1m
                  24s
                  
               </td>
               <td nowrap="true">
                   
                  
               </td>
            </tr>
            <tr>
               <td colspan="4" class="detailsBox">
                  <div id="com.test.regression.cub.testscripts.CommunicationPref_ChngCommPrefAddressEditSuccess_byStatus_passed_PASS43_details"
                       class="testMethodDetails">
                     <div>
                        <b>Name: </b>ChngCommPrefAddressEditSuccess
                     </div>
                     <div>
                        <b>Signature: </b>ChngCommPrefAddressEditSuccess()[pri:0, instance:com.test.regression.cub.testscripts.CommunicationPref@6a41eaa2]
                     </div>
                     <div>
                        <b>Start time: </b>15:25:47
                     </div>
                     <div>
                        <b>End time: </b>15:27:12
                     </div>
                     <div>
                        <b>Duration: </b>1m
                        24s
                        
                     </div>
                  </div>
               </td>
            </tr>
            <tr></tr>
            <tr id="com.test.regression.cub.testscripts.CommunicationPref_breakDown_byStatus_passed_PASS44_row"
                class="testMethodStatusPASS testMethodStatusCONF">
               <td width="100%" class="firstMethodCell">
                  <a onclick="toggleDetailsVisibility('com.test.regression.cub.testscripts.CommunicationPref_breakDown_byStatus_passed_PASS44_details')">breakDown([TestResult name=ChngCommPrefAddressEditSuccess status=SUCCESS method=CommunicationPref.ChngCommPrefAddressEditSuccess()[pri:0,
                     instance:com.test.regression.cub.testscripts.CommunicationPref@6a41eaa2] output={null}])
                  </a>
               </td>
               <td nowrap="true">15:27:12</td>
               <td nowrap="true" align="right">0 ms
                  
               </td>
               <td nowrap="true">
                   
                  
               </td>
            </tr>
            <tr>
               <td colspan="4" class="detailsBox">
                  <div id="com.test.regression.cub.testscripts.CommunicationPref_breakDown_byStatus_passed_PASS44_details"
                       class="testMethodDetails">
                     <div>
                        <b>Name: </b>breakDown
                     </div>
                     <div>
                        <b>Signature: </b>breakDown(org.testng.ITestResult)[pri:0, instance:com.test.regression.cub.testscripts.CommunicationPref@6a41eaa2]
                     </div>
                     <div>
                        <b>Parameters: </b>
                        
                        [TestResult name=ChngCommPrefAddressEditSuccess status=SUCCESS method=CommunicationPref.ChngCommPrefAddressEditSuccess()[pri:0,
                        instance:com.test.regression.cub.testscripts.CommunicationPref@6a41eaa2] output={null}]
                        
                        
                     </div>
                     <div>
                        <b>Start time: </b>15:27:12
                     </div>
                     <div>
                        <b>End time: </b>15:27:12
                     </div>
                     <div>
                        <b>Duration: </b>0 ms
                        
                     </div>
                  </div>
               </td>
            </tr>
            <tr></tr>
            <tr id="com.test.regression.cub.testscripts.CommunicationPref_closeDriver_byStatus_passed_PASS45_row"
                class="testMethodStatusPASS testMethodStatusCONF">
               <td width="100%" class="firstMethodCell">
                  <a onclick="toggleDetailsVisibility('com.test.regression.cub.testscripts.CommunicationPref_closeDriver_byStatus_passed_PASS45_details')">closeDriver(public void com.test.regression.cub.testscripts.CommunicationPref.ChngCommPrefAddressEditSuccess())</a>
               </td>
               <td nowrap="true">15:27:12</td>
               <td nowrap="true" align="right">2s
                  
               </td>
               <td nowrap="true">
                   
                  
               </td>
            </tr>
            <tr>
               <td colspan="4" class="detailsBox">
                  <div id="com.test.regression.cub.testscripts.CommunicationPref_closeDriver_byStatus_passed_PASS45_details"
                       class="testMethodDetails">
                     <div>
                        <b>Name: </b>closeDriver
                     </div>
                     <div>
                        <b>Signature: </b>closeDriver(java.lang.reflect.Method)[pri:0, instance:com.test.regression.cub.testscripts.CommunicationPref@6a41eaa2]
                     </div>
                     <div>
                        <b>Parameters: </b>
                        
                        public void com.test.regression.cub.testscripts.CommunicationPref.ChngCommPrefAddressEditSuccess()
                        
                        
                     </div>
                     <div>
                        <b>Start time: </b>15:27:12
                     </div>
                     <div>
                        <b>End time: </b>15:27:15
                     </div>
                     <div>
                        <b>Duration: </b>2s
                        
                     </div>
                  </div>
               </td>
            </tr>
            <tr></tr>
         </table>
      </div>
      <div id="testMethodsByClass">
         <table class="testMethodsTable" cellpadding="0" cellspacing="0">
            <tr>
               <td colspan="4">
                  <h3 style="display: inline;">com.test.regression.cub.testscripts.CommunicationPref</h3>
               </td>
            </tr>
            <tr class="methodsTableHeader">
               <td width="100%">Name</td>
               <td nowrap="true">Started</td>
               <td nowrap="true">Duration</td>
               <td>Exception</td>
            </tr>
            <tr id="com.test.regression.cub.testscripts.CommunicationPref_initialization_byClass_PASS1_row"
                class="testMethodStatusPASS testMethodStatusCONF">
               <td width="100%" class="firstMethodCell">
                  <a onclick="toggleDetailsVisibility('com.test.regression.cub.testscripts.CommunicationPref_initialization_byClass_PASS1_details')">initialization(public void com.test.regression.cub.testscripts.CommunicationPref.ChngCommPrefEmailSuccess())</a>
               </td>
               <td nowrap="true">15:09:26</td>
               <td nowrap="true" align="right">28s
                  
               </td>
               <td nowrap="true">
                   
                  
               </td>
            </tr>
            <tr>
               <td colspan="4" class="detailsBox">
                  <div id="com.test.regression.cub.testscripts.CommunicationPref_initialization_byClass_PASS1_details"
                       class="testMethodDetails">
                     <div>
                        <b>Name: </b>initialization
                     </div>
                     <div>
                        <b>Signature: </b>initialization(java.lang.reflect.Method)[pri:0, instance:com.test.regression.cub.testscripts.CommunicationPref@6a41eaa2]
                     </div>
                     <div>
                        <b>Parameters: </b>
                        
                        public void com.test.regression.cub.testscripts.CommunicationPref.ChngCommPrefEmailSuccess()
                        
                        
                     </div>
                     <div>
                        <b>Start time: </b>15:09:26
                     </div>
                     <div>
                        <b>End time: </b>15:09:55
                     </div>
                     <div>
                        <b>Duration: </b>28s
                        
                     </div>
                  </div>
               </td>
            </tr>
            <tr></tr>
            <tr id="com.test.regression.cub.testscripts.CommunicationPref_ChngCommPrefEmailSuccess_byClass_PASS2_row"
                class="testMethodStatusPASS">
               <td width="100%" class="firstMethodCell">
                  <a onclick="toggleDetailsVisibility('com.test.regression.cub.testscripts.CommunicationPref_ChngCommPrefEmailSuccess_byClass_PASS2_details')">ChngCommPrefEmailSuccess()</a>
               </td>
               <td nowrap="true">15:09:55</td>
               <td nowrap="true" align="right">1m
                  8s
                  
               </td>
               <td nowrap="true">
                   
                  
               </td>
            </tr>
            <tr>
               <td colspan="4" class="detailsBox">
                  <div id="com.test.regression.cub.testscripts.CommunicationPref_ChngCommPrefEmailSuccess_byClass_PASS2_details"
                       class="testMethodDetails">
                     <div>
                        <b>Name: </b>ChngCommPrefEmailSuccess
                     </div>
                     <div>
                        <b>Signature: </b>ChngCommPrefEmailSuccess()[pri:0, instance:com.test.regression.cub.testscripts.CommunicationPref@6a41eaa2]
                     </div>
                     <div>
                        <b>Start time: </b>15:09:55
                     </div>
                     <div>
                        <b>End time: </b>15:11:03
                     </div>
                     <div>
                        <b>Duration: </b>1m
                        8s
                        
                     </div>
                  </div>
               </td>
            </tr>
            <tr></tr>
            <tr id="com.test.regression.cub.testscripts.CommunicationPref_closeDriver_byClass_PASS3_row"
                class="testMethodStatusPASS testMethodStatusCONF">
               <td width="100%" class="firstMethodCell">
                  <a onclick="toggleDetailsVisibility('com.test.regression.cub.testscripts.CommunicationPref_closeDriver_byClass_PASS3_details')">closeDriver(public void com.test.regression.cub.testscripts.CommunicationPref.ChngCommPrefEmailSuccess())</a>
               </td>
               <td nowrap="true">15:11:03</td>
               <td nowrap="true" align="right">2s
                  
               </td>
               <td nowrap="true">
                   
                  
               </td>
            </tr>
            <tr>
               <td colspan="4" class="detailsBox">
                  <div id="com.test.regression.cub.testscripts.CommunicationPref_closeDriver_byClass_PASS3_details"
                       class="testMethodDetails">
                     <div>
                        <b>Name: </b>closeDriver
                     </div>
                     <div>
                        <b>Signature: </b>closeDriver(java.lang.reflect.Method)[pri:0, instance:com.test.regression.cub.testscripts.CommunicationPref@6a41eaa2]
                     </div>
                     <div>
                        <b>Parameters: </b>
                        
                        public void com.test.regression.cub.testscripts.CommunicationPref.ChngCommPrefEmailSuccess()
                        
                        
                     </div>
                     <div>
                        <b>Start time: </b>15:11:03
                     </div>
                     <div>
                        <b>End time: </b>15:11:05
                     </div>
                     <div>
                        <b>Duration: </b>2s
                        
                     </div>
                  </div>
               </td>
            </tr>
            <tr></tr>
            <tr id="com.test.regression.cub.testscripts.CommunicationPref_breakDown_byClass_PASS4_row"
                class="testMethodStatusPASS testMethodStatusCONF">
               <td width="100%" class="firstMethodCell">
                  <a onclick="toggleDetailsVisibility('com.test.regression.cub.testscripts.CommunicationPref_breakDown_byClass_PASS4_details')">breakDown([TestResult name=ChngCommPrefEmailSuccess status=SUCCESS method=CommunicationPref.ChngCommPrefEmailSuccess()[pri:0,
                     instance:com.test.regression.cub.testscripts.CommunicationPref@6a41eaa2] output={null}])
                  </a>
               </td>
               <td nowrap="true">15:11:03</td>
               <td nowrap="true" align="right">0 ms
                  
               </td>
               <td nowrap="true">
                   
                  
               </td>
            </tr>
            <tr>
               <td colspan="4" class="detailsBox">
                  <div id="com.test.regression.cub.testscripts.CommunicationPref_breakDown_byClass_PASS4_details"
                       class="testMethodDetails">
                     <div>
                        <b>Name: </b>breakDown
                     </div>
                     <div>
                        <b>Signature: </b>breakDown(org.testng.ITestResult)[pri:0, instance:com.test.regression.cub.testscripts.CommunicationPref@6a41eaa2]
                     </div>
                     <div>
                        <b>Parameters: </b>
                        
                        [TestResult name=ChngCommPrefEmailSuccess status=SUCCESS method=CommunicationPref.ChngCommPrefEmailSuccess()[pri:0, instance:com.test.regression.cub.testscripts.CommunicationPref@6a41eaa2]
                        output={null}]
                        
                        
                     </div>
                     <div>
                        <b>Start time: </b>15:11:03
                     </div>
                     <div>
                        <b>End time: </b>15:11:03
                     </div>
                     <div>
                        <b>Duration: </b>0 ms
                        
                     </div>
                  </div>
               </td>
            </tr>
            <tr></tr>
            <tr id="com.test.regression.cub.testscripts.CommunicationPref_initialization_byClass_PASS5_row"
                class="testMethodStatusPASS testMethodStatusCONF">
               <td width="100%" class="firstMethodCell">
                  <a onclick="toggleDetailsVisibility('com.test.regression.cub.testscripts.CommunicationPref_initialization_byClass_PASS5_details')">initialization(public void com.test.regression.cub.testscripts.CommunicationPref.ChngCommPrefMobileSuccess())</a>
               </td>
               <td nowrap="true">15:11:05</td>
               <td nowrap="true" align="right">9s
                  
               </td>
               <td nowrap="true">
                   
                  
               </td>
            </tr>
            <tr>
               <td colspan="4" class="detailsBox">
                  <div id="com.test.regression.cub.testscripts.CommunicationPref_initialization_byClass_PASS5_details"
                       class="testMethodDetails">
                     <div>
                        <b>Name: </b>initialization
                     </div>
                     <div>
                        <b>Signature: </b>initialization(java.lang.reflect.Method)[pri:0, instance:com.test.regression.cub.testscripts.CommunicationPref@6a41eaa2]
                     </div>
                     <div>
                        <b>Parameters: </b>
                        
                        public void com.test.regression.cub.testscripts.CommunicationPref.ChngCommPrefMobileSuccess()
                        
                        
                     </div>
                     <div>
                        <b>Start time: </b>15:11:05
                     </div>
                     <div>
                        <b>End time: </b>15:11:15
                     </div>
                     <div>
                        <b>Duration: </b>9s
                        
                     </div>
                  </div>
               </td>
            </tr>
            <tr></tr>
            <tr id="com.test.regression.cub.testscripts.CommunicationPref_ChngCommPrefMobileSuccess_byClass_FAIL6_row"
                class="testMethodStatusFAIL">
               <td width="100%" class="firstMethodCell">
                  <a onclick="toggleDetailsVisibility('com.test.regression.cub.testscripts.CommunicationPref_ChngCommPrefMobileSuccess_byClass_FAIL6_details')">ChngCommPrefMobileSuccess()</a>
               </td>
               <td nowrap="true">15:11:15</td>
               <td nowrap="true" align="right">1m
                  10s
                  
               </td>
               <td nowrap="true">
                  <a onclick="toggleDetailsVisibility('com.test.regression.cub.testscripts.CommunicationPref_ChngCommPrefMobileSuccess_byClass_FAIL6_exception')">java.lang.AssertionError: 
                     The following asserts failed:
                     
                     Mobile number not updated in Communication Pref section, 
                     Mobile number in Communication Pref section is not matching with Mobile number in Cont Info Section
                     
                  </a>
                   
                  
               </td>
            </tr>
            <tr>
               <td colspan="4" class="detailsBox">
                  <div id="com.test.regression.cub.testscripts.CommunicationPref_ChngCommPrefMobileSuccess_byClass_FAIL6_details"
                       class="testMethodDetails">
                     <div>
                        <b>Name: </b>ChngCommPrefMobileSuccess
                     </div>
                     <div>
                        <b>Signature: </b>ChngCommPrefMobileSuccess()[pri:0, instance:com.test.regression.cub.testscripts.CommunicationPref@6a41eaa2]
                     </div>
                     <div>
                        <b>Start time: </b>15:11:15
                     </div>
                     <div>
                        <b>End time: </b>15:12:26
                     </div>
                     <div>
                        <b>Duration: </b>1m
                        10s
                        
                     </div>
                  </div>
               </td>
            </tr>
            <tr>
               <td colspan="4" class="detailsBox">
                  <div id="com.test.regression.cub.testscripts.CommunicationPref_ChngCommPrefMobileSuccess_byClass_FAIL6_exception"
                       class="testMethodDetails">
                     <pre style="padding: 5px; margin: 0;">java.lang.AssertionError: The following asserts failed:
                        
                        Mobile number not updated in Communication Pref section, 
                        Mobile number in Communication Pref section is not matching with Mobile number in Cont Info Section
                        	at org.testng.asserts.SoftAssert.assertAll(SoftAssert.java:37)
                        	at com.test.regression.cub.testscripts.CommunicationPref.ChngCommPrefMobileSuccess(CommunicationPref.java:125)
                        	at sun.reflect.NativeMethodAccessorImpl.invoke0(Native Method)
                        	at sun.reflect.NativeMethodAccessorImpl.invoke(NativeMethodAccessorImpl.java:62)
                        	at sun.reflect.DelegatingMethodAccessorImpl.invoke(DelegatingMethodAccessorImpl.java:43)
                        	at java.lang.reflect.Method.invoke(Method.java:497)
                        	at org.testng.internal.MethodInvocationHelper.invokeMethod(MethodInvocationHelper.java:80)
                        	at org.testng.internal.Invoker.invokeMethod(Invoker.java:714)
                        	at org.testng.internal.Invoker.invokeTestMethod(Invoker.java:901)
                        	at org.testng.internal.Invoker.invokeTestMethods(Invoker.java:1231)
                        	at org.testng.internal.TestMethodWorker.invokeTestMethods(TestMethodWorker.java:127)
                        	at org.testng.internal.TestMethodWorker.run(TestMethodWorker.java:111)
                        	at org.testng.TestRunner.privateRun(TestRunner.java:767)
                        	at org.testng.TestRunner.run(TestRunner.java:617)
                        	at org.testng.SuiteRunner.runTest(SuiteRunner.java:334)
                        	at org.testng.SuiteRunner.runSequentially(SuiteRunner.java:329)
                        	at org.testng.SuiteRunner.privateRun(SuiteRunner.java:291)
                        	at org.testng.SuiteRunner.run(SuiteRunner.java:240)
                        	at org.testng.SuiteRunnerWorker.runSuite(SuiteRunnerWorker.java:52)
                        	at org.testng.SuiteRunnerWorker.run(SuiteRunnerWorker.java:86)
                        	at org.testng.TestNG.runSuitesSequentially(TestNG.java:1198)
                        	at org.testng.TestNG.runSuitesLocally(TestNG.java:1123)
                        	at org.testng.TestNG.run(TestNG.java:1031)
                        	at org.apache.maven.surefire.testng.TestNGExecutor.run(TestNGExecutor.java:178)
                        	at org.apache.maven.surefire.testng.TestNGXmlTestSuite.execute(TestNGXmlTestSuite.java:92)
                        	at org.apache.maven.surefire.testng.TestNGProvider.invoke(TestNGProvider.java:96)
                        	at sun.reflect.NativeMethodAccessorImpl.invoke0(Native Method)
                        	at sun.reflect.NativeMethodAccessorImpl.invoke(NativeMethodAccessorImpl.java:62)
                        	at sun.reflect.DelegatingMethodAccessorImpl.invoke(DelegatingMethodAccessorImpl.java:43)
                        	at java.lang.reflect.Method.invoke(Method.java:497)
                        	at org.apache.maven.surefire.util.ReflectionUtils.invokeMethodWithArray2(ReflectionUtils.java:208)
                        	at org.apache.maven.surefire.booter.ProviderFactory$ProviderProxy.invoke(ProviderFactory.java:159)
                        	at org.apache.maven.surefire.booter.ProviderFactory.invokeProvider(ProviderFactory.java:87)
                        	at org.apache.maven.surefire.booter.ForkedBooter.runSuitesInProcess(ForkedBooter.java:153)
                        	at org.apache.maven.surefire.booter.ForkedBooter.main(ForkedBooter.java:95)
                     </pre>
                  </div>
               </td>
            </tr>
            <tr id="com.test.regression.cub.testscripts.CommunicationPref_breakDown_byClass_PASS7_row"
                class="testMethodStatusPASS testMethodStatusCONF">
               <td width="100%" class="firstMethodCell">
                  <a onclick="toggleDetailsVisibility('com.test.regression.cub.testscripts.CommunicationPref_breakDown_byClass_PASS7_details')">breakDown([TestResult name=ChngCommPrefMobileSuccess status=FAILURE method=CommunicationPref.ChngCommPrefMobileSuccess()[pri:0,
                     instance:com.test.regression.cub.testscripts.CommunicationPref@6a41eaa2] output={null}])
                  </a>
               </td>
               <td nowrap="true">15:12:26</td>
               <td nowrap="true" align="right">180 ms
                  
               </td>
               <td nowrap="true">
                   
                  
               </td>
            </tr>
            <tr>
               <td colspan="4" class="detailsBox">
                  <div id="com.test.regression.cub.testscripts.CommunicationPref_breakDown_byClass_PASS7_details"
                       class="testMethodDetails">
                     <div>
                        <b>Name: </b>breakDown
                     </div>
                     <div>
                        <b>Signature: </b>breakDown(org.testng.ITestResult)[pri:0, instance:com.test.regression.cub.testscripts.CommunicationPref@6a41eaa2]
                     </div>
                     <div>
                        <b>Parameters: </b>
                        
                        [TestResult name=ChngCommPrefMobileSuccess status=FAILURE method=CommunicationPref.ChngCommPrefMobileSuccess()[pri:0, instance:com.test.regression.cub.testscripts.CommunicationPref@6a41eaa2]
                        output={null}]
                        
                        
                     </div>
                     <div>
                        <b>Start time: </b>15:12:26
                     </div>
                     <div>
                        <b>End time: </b>15:12:26
                     </div>
                     <div>
                        <b>Duration: </b>180 ms
                        
                     </div>
                  </div>
               </td>
            </tr>
            <tr></tr>
            <tr id="com.test.regression.cub.testscripts.CommunicationPref_closeDriver_byClass_PASS8_row"
                class="testMethodStatusPASS testMethodStatusCONF">
               <td width="100%" class="firstMethodCell">
                  <a onclick="toggleDetailsVisibility('com.test.regression.cub.testscripts.CommunicationPref_closeDriver_byClass_PASS8_details')">closeDriver(public void com.test.regression.cub.testscripts.CommunicationPref.ChngCommPrefMobileSuccess())</a>
               </td>
               <td nowrap="true">15:12:26</td>
               <td nowrap="true" align="right">2s
                  
               </td>
               <td nowrap="true">
                   
                  
               </td>
            </tr>
            <tr>
               <td colspan="4" class="detailsBox">
                  <div id="com.test.regression.cub.testscripts.CommunicationPref_closeDriver_byClass_PASS8_details"
                       class="testMethodDetails">
                     <div>
                        <b>Name: </b>closeDriver
                     </div>
                     <div>
                        <b>Signature: </b>closeDriver(java.lang.reflect.Method)[pri:0, instance:com.test.regression.cub.testscripts.CommunicationPref@6a41eaa2]
                     </div>
                     <div>
                        <b>Parameters: </b>
                        
                        public void com.test.regression.cub.testscripts.CommunicationPref.ChngCommPrefMobileSuccess()
                        
                        
                     </div>
                     <div>
                        <b>Start time: </b>15:12:26
                     </div>
                     <div>
                        <b>End time: </b>15:12:28
                     </div>
                     <div>
                        <b>Duration: </b>2s
                        
                     </div>
                  </div>
               </td>
            </tr>
            <tr></tr>
            <tr id="com.test.regression.cub.testscripts.CommunicationPref_initialization_byClass_PASS9_row"
                class="testMethodStatusPASS testMethodStatusCONF">
               <td width="100%" class="firstMethodCell">
                  <a onclick="toggleDetailsVisibility('com.test.regression.cub.testscripts.CommunicationPref_initialization_byClass_PASS9_details')">initialization(public void com.test.regression.cub.testscripts.CommunicationPref.ChngCommPrefAddressSuccess())</a>
               </td>
               <td nowrap="true">15:12:28</td>
               <td nowrap="true" align="right">18s
                  
               </td>
               <td nowrap="true">
                   
                  
               </td>
            </tr>
            <tr>
               <td colspan="4" class="detailsBox">
                  <div id="com.test.regression.cub.testscripts.CommunicationPref_initialization_byClass_PASS9_details"
                       class="testMethodDetails">
                     <div>
                        <b>Name: </b>initialization
                     </div>
                     <div>
                        <b>Signature: </b>initialization(java.lang.reflect.Method)[pri:0, instance:com.test.regression.cub.testscripts.CommunicationPref@6a41eaa2]
                     </div>
                     <div>
                        <b>Parameters: </b>
                        
                        public void com.test.regression.cub.testscripts.CommunicationPref.ChngCommPrefAddressSuccess()
                        
                        
                     </div>
                     <div>
                        <b>Start time: </b>15:12:28
                     </div>
                     <div>
                        <b>End time: </b>15:12:47
                     </div>
                     <div>
                        <b>Duration: </b>18s
                        
                     </div>
                  </div>
               </td>
            </tr>
            <tr></tr>
            <tr id="com.test.regression.cub.testscripts.CommunicationPref_ChngCommPrefAddressSuccess_byClass_PASS10_row"
                class="testMethodStatusPASS">
               <td width="100%" class="firstMethodCell">
                  <a onclick="toggleDetailsVisibility('com.test.regression.cub.testscripts.CommunicationPref_ChngCommPrefAddressSuccess_byClass_PASS10_details')">ChngCommPrefAddressSuccess()</a>
               </td>
               <td nowrap="true">15:12:47</td>
               <td nowrap="true" align="right">1m
                  22s
                  
               </td>
               <td nowrap="true">
                   
                  
               </td>
            </tr>
            <tr>
               <td colspan="4" class="detailsBox">
                  <div id="com.test.regression.cub.testscripts.CommunicationPref_ChngCommPrefAddressSuccess_byClass_PASS10_details"
                       class="testMethodDetails">
                     <div>
                        <b>Name: </b>ChngCommPrefAddressSuccess
                     </div>
                     <div>
                        <b>Signature: </b>ChngCommPrefAddressSuccess()[pri:0, instance:com.test.regression.cub.testscripts.CommunicationPref@6a41eaa2]
                     </div>
                     <div>
                        <b>Start time: </b>15:12:47
                     </div>
                     <div>
                        <b>End time: </b>15:14:10
                     </div>
                     <div>
                        <b>Duration: </b>1m
                        22s
                        
                     </div>
                  </div>
               </td>
            </tr>
            <tr></tr>
            <tr id="com.test.regression.cub.testscripts.CommunicationPref_breakDown_byClass_PASS11_row"
                class="testMethodStatusPASS testMethodStatusCONF">
               <td width="100%" class="firstMethodCell">
                  <a onclick="toggleDetailsVisibility('com.test.regression.cub.testscripts.CommunicationPref_breakDown_byClass_PASS11_details')">breakDown([TestResult name=ChngCommPrefAddressSuccess status=SUCCESS method=CommunicationPref.ChngCommPrefAddressSuccess()[pri:0,
                     instance:com.test.regression.cub.testscripts.CommunicationPref@6a41eaa2] output={null}])
                  </a>
               </td>
               <td nowrap="true">15:14:10</td>
               <td nowrap="true" align="right">0 ms
                  
               </td>
               <td nowrap="true">
                   
                  
               </td>
            </tr>
            <tr>
               <td colspan="4" class="detailsBox">
                  <div id="com.test.regression.cub.testscripts.CommunicationPref_breakDown_byClass_PASS11_details"
                       class="testMethodDetails">
                     <div>
                        <b>Name: </b>breakDown
                     </div>
                     <div>
                        <b>Signature: </b>breakDown(org.testng.ITestResult)[pri:0, instance:com.test.regression.cub.testscripts.CommunicationPref@6a41eaa2]
                     </div>
                     <div>
                        <b>Parameters: </b>
                        
                        [TestResult name=ChngCommPrefAddressSuccess status=SUCCESS method=CommunicationPref.ChngCommPrefAddressSuccess()[pri:0, instance:com.test.regression.cub.testscripts.CommunicationPref@6a41eaa2]
                        output={null}]
                        
                        
                     </div>
                     <div>
                        <b>Start time: </b>15:14:10
                     </div>
                     <div>
                        <b>End time: </b>15:14:10
                     </div>
                     <div>
                        <b>Duration: </b>0 ms
                        
                     </div>
                  </div>
               </td>
            </tr>
            <tr></tr>
            <tr id="com.test.regression.cub.testscripts.CommunicationPref_closeDriver_byClass_PASS12_row"
                class="testMethodStatusPASS testMethodStatusCONF">
               <td width="100%" class="firstMethodCell">
                  <a onclick="toggleDetailsVisibility('com.test.regression.cub.testscripts.CommunicationPref_closeDriver_byClass_PASS12_details')">closeDriver(public void com.test.regression.cub.testscripts.CommunicationPref.ChngCommPrefAddressSuccess())</a>
               </td>
               <td nowrap="true">15:14:10</td>
               <td nowrap="true" align="right">8s
                  
               </td>
               <td nowrap="true">
                   
                  
               </td>
            </tr>
            <tr>
               <td colspan="4" class="detailsBox">
                  <div id="com.test.regression.cub.testscripts.CommunicationPref_closeDriver_byClass_PASS12_details"
                       class="testMethodDetails">
                     <div>
                        <b>Name: </b>closeDriver
                     </div>
                     <div>
                        <b>Signature: </b>closeDriver(java.lang.reflect.Method)[pri:0, instance:com.test.regression.cub.testscripts.CommunicationPref@6a41eaa2]
                     </div>
                     <div>
                        <b>Parameters: </b>
                        
                        public void com.test.regression.cub.testscripts.CommunicationPref.ChngCommPrefAddressSuccess()
                        
                        
                     </div>
                     <div>
                        <b>Start time: </b>15:14:10
                     </div>
                     <div>
                        <b>End time: </b>15:14:18
                     </div>
                     <div>
                        <b>Duration: </b>8s
                        
                     </div>
                  </div>
               </td>
            </tr>
            <tr></tr>
            <tr id="com.test.regression.cub.testscripts.CommunicationPref_initialization_byClass_PASS13_row"
                class="testMethodStatusPASS testMethodStatusCONF">
               <td width="100%" class="firstMethodCell">
                  <a onclick="toggleDetailsVisibility('com.test.regression.cub.testscripts.CommunicationPref_initialization_byClass_PASS13_details')">initialization(public void com.test.regression.cub.testscripts.CommunicationPref.CommPrefUncheckAll())</a>
               </td>
               <td nowrap="true">15:14:18</td>
               <td nowrap="true" align="right">24s
                  
               </td>
               <td nowrap="true">
                   
                  
               </td>
            </tr>
            <tr>
               <td colspan="4" class="detailsBox">
                  <div id="com.test.regression.cub.testscripts.CommunicationPref_initialization_byClass_PASS13_details"
                       class="testMethodDetails">
                     <div>
                        <b>Name: </b>initialization
                     </div>
                     <div>
                        <b>Signature: </b>initialization(java.lang.reflect.Method)[pri:0, instance:com.test.regression.cub.testscripts.CommunicationPref@6a41eaa2]
                     </div>
                     <div>
                        <b>Parameters: </b>
                        
                        public void com.test.regression.cub.testscripts.CommunicationPref.CommPrefUncheckAll()
                        
                        
                     </div>
                     <div>
                        <b>Start time: </b>15:14:18
                     </div>
                     <div>
                        <b>End time: </b>15:14:43
                     </div>
                     <div>
                        <b>Duration: </b>24s
                        
                     </div>
                  </div>
               </td>
            </tr>
            <tr></tr>
            <tr id="com.test.regression.cub.testscripts.CommunicationPref_CommPrefUncheckAll_byClass_PASS14_row"
                class="testMethodStatusPASS">
               <td width="100%" class="firstMethodCell">
                  <a onclick="toggleDetailsVisibility('com.test.regression.cub.testscripts.CommunicationPref_CommPrefUncheckAll_byClass_PASS14_details')">CommPrefUncheckAll()</a>
               </td>
               <td nowrap="true">15:14:43</td>
               <td nowrap="true" align="right">1m
                  9s
                  
               </td>
               <td nowrap="true">
                   
                  
               </td>
            </tr>
            <tr>
               <td colspan="4" class="detailsBox">
                  <div id="com.test.regression.cub.testscripts.CommunicationPref_CommPrefUncheckAll_byClass_PASS14_details"
                       class="testMethodDetails">
                     <div>
                        <b>Name: </b>CommPrefUncheckAll
                     </div>
                     <div>
                        <b>Signature: </b>CommPrefUncheckAll()[pri:0, instance:com.test.regression.cub.testscripts.CommunicationPref@6a41eaa2]
                     </div>
                     <div>
                        <b>Start time: </b>15:14:43
                     </div>
                     <div>
                        <b>End time: </b>15:15:52
                     </div>
                     <div>
                        <b>Duration: </b>1m
                        9s
                        
                     </div>
                  </div>
               </td>
            </tr>
            <tr></tr>
            <tr id="com.test.regression.cub.testscripts.CommunicationPref_breakDown_byClass_PASS15_row"
                class="testMethodStatusPASS testMethodStatusCONF">
               <td width="100%" class="firstMethodCell">
                  <a onclick="toggleDetailsVisibility('com.test.regression.cub.testscripts.CommunicationPref_breakDown_byClass_PASS15_details')">breakDown([TestResult name=CommPrefUncheckAll status=SUCCESS method=CommunicationPref.CommPrefUncheckAll()[pri:0, instance:com.test.regression.cub.testscripts.CommunicationPref@6a41eaa2]
                     output={null}])
                  </a>
               </td>
               <td nowrap="true">15:15:52</td>
               <td nowrap="true" align="right">1 ms
                  
               </td>
               <td nowrap="true">
                   
                  
               </td>
            </tr>
            <tr>
               <td colspan="4" class="detailsBox">
                  <div id="com.test.regression.cub.testscripts.CommunicationPref_breakDown_byClass_PASS15_details"
                       class="testMethodDetails">
                     <div>
                        <b>Name: </b>breakDown
                     </div>
                     <div>
                        <b>Signature: </b>breakDown(org.testng.ITestResult)[pri:0, instance:com.test.regression.cub.testscripts.CommunicationPref@6a41eaa2]
                     </div>
                     <div>
                        <b>Parameters: </b>
                        
                        [TestResult name=CommPrefUncheckAll status=SUCCESS method=CommunicationPref.CommPrefUncheckAll()[pri:0, instance:com.test.regression.cub.testscripts.CommunicationPref@6a41eaa2]
                        output={null}]
                        
                        
                     </div>
                     <div>
                        <b>Start time: </b>15:15:52
                     </div>
                     <div>
                        <b>End time: </b>15:15:52
                     </div>
                     <div>
                        <b>Duration: </b>1 ms
                        
                     </div>
                  </div>
               </td>
            </tr>
            <tr></tr>
            <tr id="com.test.regression.cub.testscripts.CommunicationPref_closeDriver_byClass_PASS16_row"
                class="testMethodStatusPASS testMethodStatusCONF">
               <td width="100%" class="firstMethodCell">
                  <a onclick="toggleDetailsVisibility('com.test.regression.cub.testscripts.CommunicationPref_closeDriver_byClass_PASS16_details')">closeDriver(public void com.test.regression.cub.testscripts.CommunicationPref.CommPrefUncheckAll())</a>
               </td>
               <td nowrap="true">15:15:52</td>
               <td nowrap="true" align="right">5s
                  
               </td>
               <td nowrap="true">
                   
                  
               </td>
            </tr>
            <tr>
               <td colspan="4" class="detailsBox">
                  <div id="com.test.regression.cub.testscripts.CommunicationPref_closeDriver_byClass_PASS16_details"
                       class="testMethodDetails">
                     <div>
                        <b>Name: </b>closeDriver
                     </div>
                     <div>
                        <b>Signature: </b>closeDriver(java.lang.reflect.Method)[pri:0, instance:com.test.regression.cub.testscripts.CommunicationPref@6a41eaa2]
                     </div>
                     <div>
                        <b>Parameters: </b>
                        
                        public void com.test.regression.cub.testscripts.CommunicationPref.CommPrefUncheckAll()
                        
                        
                     </div>
                     <div>
                        <b>Start time: </b>15:15:52
                     </div>
                     <div>
                        <b>End time: </b>15:15:58
                     </div>
                     <div>
                        <b>Duration: </b>5s
                        
                     </div>
                  </div>
               </td>
            </tr>
            <tr></tr>
            <tr id="com.test.regression.cub.testscripts.CommunicationPref_initialization_byClass_PASS17_row"
                class="testMethodStatusPASS testMethodStatusCONF">
               <td width="100%" class="firstMethodCell">
                  <a onclick="toggleDetailsVisibility('com.test.regression.cub.testscripts.CommunicationPref_initialization_byClass_PASS17_details')">initialization(public void com.test.regression.cub.testscripts.CommunicationPref.CommPrefEmailInvalid())</a>
               </td>
               <td nowrap="true">15:15:58</td>
               <td nowrap="true" align="right">22s
                  
               </td>
               <td nowrap="true">
                   
                  
               </td>
            </tr>
            <tr>
               <td colspan="4" class="detailsBox">
                  <div id="com.test.regression.cub.testscripts.CommunicationPref_initialization_byClass_PASS17_details"
                       class="testMethodDetails">
                     <div>
                        <b>Name: </b>initialization
                     </div>
                     <div>
                        <b>Signature: </b>initialization(java.lang.reflect.Method)[pri:0, instance:com.test.regression.cub.testscripts.CommunicationPref@6a41eaa2]
                     </div>
                     <div>
                        <b>Parameters: </b>
                        
                        public void com.test.regression.cub.testscripts.CommunicationPref.CommPrefEmailInvalid()
                        
                        
                     </div>
                     <div>
                        <b>Start time: </b>15:15:58
                     </div>
                     <div>
                        <b>End time: </b>15:16:21
                     </div>
                     <div>
                        <b>Duration: </b>22s
                        
                     </div>
                  </div>
               </td>
            </tr>
            <tr></tr>
            <tr id="com.test.regression.cub.testscripts.CommunicationPref_CommPrefEmailInvalid_byClass_PASS18_row"
                class="testMethodStatusPASS">
               <td width="100%" class="firstMethodCell">
                  <a onclick="toggleDetailsVisibility('com.test.regression.cub.testscripts.CommunicationPref_CommPrefEmailInvalid_byClass_PASS18_details')">CommPrefEmailInvalid()</a>
               </td>
               <td nowrap="true">15:16:21</td>
               <td nowrap="true" align="right">1m
                  11s
                  
               </td>
               <td nowrap="true">
                   
                  
               </td>
            </tr>
            <tr>
               <td colspan="4" class="detailsBox">
                  <div id="com.test.regression.cub.testscripts.CommunicationPref_CommPrefEmailInvalid_byClass_PASS18_details"
                       class="testMethodDetails">
                     <div>
                        <b>Name: </b>CommPrefEmailInvalid
                     </div>
                     <div>
                        <b>Signature: </b>CommPrefEmailInvalid()[pri:0, instance:com.test.regression.cub.testscripts.CommunicationPref@6a41eaa2]
                     </div>
                     <div>
                        <b>Start time: </b>15:16:21
                     </div>
                     <div>
                        <b>End time: </b>15:17:33
                     </div>
                     <div>
                        <b>Duration: </b>1m
                        11s
                        
                     </div>
                  </div>
               </td>
            </tr>
            <tr></tr>
            <tr id="com.test.regression.cub.testscripts.CommunicationPref_breakDown_byClass_PASS19_row"
                class="testMethodStatusPASS testMethodStatusCONF">
               <td width="100%" class="firstMethodCell">
                  <a onclick="toggleDetailsVisibility('com.test.regression.cub.testscripts.CommunicationPref_breakDown_byClass_PASS19_details')">breakDown([TestResult name=CommPrefEmailInvalid status=SUCCESS method=CommunicationPref.CommPrefEmailInvalid()[pri:0, instance:com.test.regression.cub.testscripts.CommunicationPref@6a41eaa2]
                     output={null}])
                  </a>
               </td>
               <td nowrap="true">15:17:33</td>
               <td nowrap="true" align="right">1 ms
                  
               </td>
               <td nowrap="true">
                   
                  
               </td>
            </tr>
            <tr>
               <td colspan="4" class="detailsBox">
                  <div id="com.test.regression.cub.testscripts.CommunicationPref_breakDown_byClass_PASS19_details"
                       class="testMethodDetails">
                     <div>
                        <b>Name: </b>breakDown
                     </div>
                     <div>
                        <b>Signature: </b>breakDown(org.testng.ITestResult)[pri:0, instance:com.test.regression.cub.testscripts.CommunicationPref@6a41eaa2]
                     </div>
                     <div>
                        <b>Parameters: </b>
                        
                        [TestResult name=CommPrefEmailInvalid status=SUCCESS method=CommunicationPref.CommPrefEmailInvalid()[pri:0, instance:com.test.regression.cub.testscripts.CommunicationPref@6a41eaa2]
                        output={null}]
                        
                        
                     </div>
                     <div>
                        <b>Start time: </b>15:17:33
                     </div>
                     <div>
                        <b>End time: </b>15:17:33
                     </div>
                     <div>
                        <b>Duration: </b>1 ms
                        
                     </div>
                  </div>
               </td>
            </tr>
            <tr></tr>
            <tr id="com.test.regression.cub.testscripts.CommunicationPref_closeDriver_byClass_PASS20_row"
                class="testMethodStatusPASS testMethodStatusCONF">
               <td width="100%" class="firstMethodCell">
                  <a onclick="toggleDetailsVisibility('com.test.regression.cub.testscripts.CommunicationPref_closeDriver_byClass_PASS20_details')">closeDriver(public void com.test.regression.cub.testscripts.CommunicationPref.CommPrefEmailInvalid())</a>
               </td>
               <td nowrap="true">15:17:33</td>
               <td nowrap="true" align="right">7s
                  
               </td>
               <td nowrap="true">
                   
                  
               </td>
            </tr>
            <tr>
               <td colspan="4" class="detailsBox">
                  <div id="com.test.regression.cub.testscripts.CommunicationPref_closeDriver_byClass_PASS20_details"
                       class="testMethodDetails">
                     <div>
                        <b>Name: </b>closeDriver
                     </div>
                     <div>
                        <b>Signature: </b>closeDriver(java.lang.reflect.Method)[pri:0, instance:com.test.regression.cub.testscripts.CommunicationPref@6a41eaa2]
                     </div>
                     <div>
                        <b>Parameters: </b>
                        
                        public void com.test.regression.cub.testscripts.CommunicationPref.CommPrefEmailInvalid()
                        
                        
                     </div>
                     <div>
                        <b>Start time: </b>15:17:33
                     </div>
                     <div>
                        <b>End time: </b>15:17:40
                     </div>
                     <div>
                        <b>Duration: </b>7s
                        
                     </div>
                  </div>
               </td>
            </tr>
            <tr></tr>
            <tr id="com.test.regression.cub.testscripts.CommunicationPref_initialization_byClass_PASS21_row"
                class="testMethodStatusPASS testMethodStatusCONF">
               <td width="100%" class="firstMethodCell">
                  <a onclick="toggleDetailsVisibility('com.test.regression.cub.testscripts.CommunicationPref_initialization_byClass_PASS21_details')">initialization(public void com.test.regression.cub.testscripts.CommunicationPref.CommPrefDirectMailInvalidFN())</a>
               </td>
               <td nowrap="true">15:17:40</td>
               <td nowrap="true" align="right">8s
                  
               </td>
               <td nowrap="true">
                   
                  
               </td>
            </tr>
            <tr>
               <td colspan="4" class="detailsBox">
                  <div id="com.test.regression.cub.testscripts.CommunicationPref_initialization_byClass_PASS21_details"
                       class="testMethodDetails">
                     <div>
                        <b>Name: </b>initialization
                     </div>
                     <div>
                        <b>Signature: </b>initialization(java.lang.reflect.Method)[pri:0, instance:com.test.regression.cub.testscripts.CommunicationPref@6a41eaa2]
                     </div>
                     <div>
                        <b>Parameters: </b>
                        
                        public void com.test.regression.cub.testscripts.CommunicationPref.CommPrefDirectMailInvalidFN()
                        
                        
                     </div>
                     <div>
                        <b>Start time: </b>15:17:40
                     </div>
                     <div>
                        <b>End time: </b>15:17:48
                     </div>
                     <div>
                        <b>Duration: </b>8s
                        
                     </div>
                  </div>
               </td>
            </tr>
            <tr></tr>
            <tr id="com.test.regression.cub.testscripts.CommunicationPref_CommPrefDirectMailInvalidFN_byClass_PASS22_row"
                class="testMethodStatusPASS">
               <td width="100%" class="firstMethodCell">
                  <a onclick="toggleDetailsVisibility('com.test.regression.cub.testscripts.CommunicationPref_CommPrefDirectMailInvalidFN_byClass_PASS22_details')">CommPrefDirectMailInvalidFN()</a>
               </td>
               <td nowrap="true">15:17:48</td>
               <td nowrap="true" align="right">1m
                  5s
                  
               </td>
               <td nowrap="true">
                   
                  
               </td>
            </tr>
            <tr>
               <td colspan="4" class="detailsBox">
                  <div id="com.test.regression.cub.testscripts.CommunicationPref_CommPrefDirectMailInvalidFN_byClass_PASS22_details"
                       class="testMethodDetails">
                     <div>
                        <b>Name: </b>CommPrefDirectMailInvalidFN
                     </div>
                     <div>
                        <b>Signature: </b>CommPrefDirectMailInvalidFN()[pri:0, instance:com.test.regression.cub.testscripts.CommunicationPref@6a41eaa2]
                     </div>
                     <div>
                        <b>Start time: </b>15:17:48
                     </div>
                     <div>
                        <b>End time: </b>15:18:53
                     </div>
                     <div>
                        <b>Duration: </b>1m
                        5s
                        
                     </div>
                  </div>
               </td>
            </tr>
            <tr></tr>
            <tr id="com.test.regression.cub.testscripts.CommunicationPref_breakDown_byClass_PASS23_row"
                class="testMethodStatusPASS testMethodStatusCONF">
               <td width="100%" class="firstMethodCell">
                  <a onclick="toggleDetailsVisibility('com.test.regression.cub.testscripts.CommunicationPref_breakDown_byClass_PASS23_details')">breakDown([TestResult name=CommPrefDirectMailInvalidFN status=SUCCESS method=CommunicationPref.CommPrefDirectMailInvalidFN()[pri:0,
                     instance:com.test.regression.cub.testscripts.CommunicationPref@6a41eaa2] output={null}])
                  </a>
               </td>
               <td nowrap="true">15:18:53</td>
               <td nowrap="true" align="right">1 ms
                  
               </td>
               <td nowrap="true">
                   
                  
               </td>
            </tr>
            <tr>
               <td colspan="4" class="detailsBox">
                  <div id="com.test.regression.cub.testscripts.CommunicationPref_breakDown_byClass_PASS23_details"
                       class="testMethodDetails">
                     <div>
                        <b>Name: </b>breakDown
                     </div>
                     <div>
                        <b>Signature: </b>breakDown(org.testng.ITestResult)[pri:0, instance:com.test.regression.cub.testscripts.CommunicationPref@6a41eaa2]
                     </div>
                     <div>
                        <b>Parameters: </b>
                        
                        [TestResult name=CommPrefDirectMailInvalidFN status=SUCCESS method=CommunicationPref.CommPrefDirectMailInvalidFN()[pri:0,
                        instance:com.test.regression.cub.testscripts.CommunicationPref@6a41eaa2] output={null}]
                        
                        
                     </div>
                     <div>
                        <b>Start time: </b>15:18:53
                     </div>
                     <div>
                        <b>End time: </b>15:18:53
                     </div>
                     <div>
                        <b>Duration: </b>1 ms
                        
                     </div>
                  </div>
               </td>
            </tr>
            <tr></tr>
            <tr id="com.test.regression.cub.testscripts.CommunicationPref_closeDriver_byClass_PASS24_row"
                class="testMethodStatusPASS testMethodStatusCONF">
               <td width="100%" class="firstMethodCell">
                  <a onclick="toggleDetailsVisibility('com.test.regression.cub.testscripts.CommunicationPref_closeDriver_byClass_PASS24_details')">closeDriver(public void com.test.regression.cub.testscripts.CommunicationPref.CommPrefDirectMailInvalidFN())</a>
               </td>
               <td nowrap="true">15:18:53</td>
               <td nowrap="true" align="right">2s
                  
               </td>
               <td nowrap="true">
                   
                  
               </td>
            </tr>
            <tr>
               <td colspan="4" class="detailsBox">
                  <div id="com.test.regression.cub.testscripts.CommunicationPref_closeDriver_byClass_PASS24_details"
                       class="testMethodDetails">
                     <div>
                        <b>Name: </b>closeDriver
                     </div>
                     <div>
                        <b>Signature: </b>closeDriver(java.lang.reflect.Method)[pri:0, instance:com.test.regression.cub.testscripts.CommunicationPref@6a41eaa2]
                     </div>
                     <div>
                        <b>Parameters: </b>
                        
                        public void com.test.regression.cub.testscripts.CommunicationPref.CommPrefDirectMailInvalidFN()
                        
                        
                     </div>
                     <div>
                        <b>Start time: </b>15:18:53
                     </div>
                     <div>
                        <b>End time: </b>15:18:56
                     </div>
                     <div>
                        <b>Duration: </b>2s
                        
                     </div>
                  </div>
               </td>
            </tr>
            <tr></tr>
            <tr id="com.test.regression.cub.testscripts.CommunicationPref_initialization_byClass_PASS25_row"
                class="testMethodStatusPASS testMethodStatusCONF">
               <td width="100%" class="firstMethodCell">
                  <a onclick="toggleDetailsVisibility('com.test.regression.cub.testscripts.CommunicationPref_initialization_byClass_PASS25_details')">initialization(public void com.test.regression.cub.testscripts.CommunicationPref.CommPrefSMSInvalid())</a>
               </td>
               <td nowrap="true">15:18:56</td>
               <td nowrap="true" align="right">8s
                  
               </td>
               <td nowrap="true">
                   
                  
               </td>
            </tr>
            <tr>
               <td colspan="4" class="detailsBox">
                  <div id="com.test.regression.cub.testscripts.CommunicationPref_initialization_byClass_PASS25_details"
                       class="testMethodDetails">
                     <div>
                        <b>Name: </b>initialization
                     </div>
                     <div>
                        <b>Signature: </b>initialization(java.lang.reflect.Method)[pri:0, instance:com.test.regression.cub.testscripts.CommunicationPref@6a41eaa2]
                     </div>
                     <div>
                        <b>Parameters: </b>
                        
                        public void com.test.regression.cub.testscripts.CommunicationPref.CommPrefSMSInvalid()
                        
                        
                     </div>
                     <div>
                        <b>Start time: </b>15:18:56
                     </div>
                     <div>
                        <b>End time: </b>15:19:04
                     </div>
                     <div>
                        <b>Duration: </b>8s
                        
                     </div>
                  </div>
               </td>
            </tr>
            <tr></tr>
            <tr id="com.test.regression.cub.testscripts.CommunicationPref_CommPrefSMSInvalid_byClass_PASS26_row"
                class="testMethodStatusPASS">
               <td width="100%" class="firstMethodCell">
                  <a onclick="toggleDetailsVisibility('com.test.regression.cub.testscripts.CommunicationPref_CommPrefSMSInvalid_byClass_PASS26_details')">CommPrefSMSInvalid()</a>
               </td>
               <td nowrap="true">15:19:04</td>
               <td nowrap="true" align="right">1m
                  13s
                  
               </td>
               <td nowrap="true">
                   
                  
               </td>
            </tr>
            <tr>
               <td colspan="4" class="detailsBox">
                  <div id="com.test.regression.cub.testscripts.CommunicationPref_CommPrefSMSInvalid_byClass_PASS26_details"
                       class="testMethodDetails">
                     <div>
                        <b>Name: </b>CommPrefSMSInvalid
                     </div>
                     <div>
                        <b>Signature: </b>CommPrefSMSInvalid()[pri:0, instance:com.test.regression.cub.testscripts.CommunicationPref@6a41eaa2]
                     </div>
                     <div>
                        <b>Start time: </b>15:19:04
                     </div>
                     <div>
                        <b>End time: </b>15:20:18
                     </div>
                     <div>
                        <b>Duration: </b>1m
                        13s
                        
                     </div>
                  </div>
               </td>
            </tr>
            <tr></tr>
            <tr id="com.test.regression.cub.testscripts.CommunicationPref_breakDown_byClass_PASS27_row"
                class="testMethodStatusPASS testMethodStatusCONF">
               <td width="100%" class="firstMethodCell">
                  <a onclick="toggleDetailsVisibility('com.test.regression.cub.testscripts.CommunicationPref_breakDown_byClass_PASS27_details')">breakDown([TestResult name=CommPrefSMSInvalid status=SUCCESS method=CommunicationPref.CommPrefSMSInvalid()[pri:0, instance:com.test.regression.cub.testscripts.CommunicationPref@6a41eaa2]
                     output={null}])
                  </a>
               </td>
               <td nowrap="true">15:20:18</td>
               <td nowrap="true" align="right">0 ms
                  
               </td>
               <td nowrap="true">
                   
                  
               </td>
            </tr>
            <tr>
               <td colspan="4" class="detailsBox">
                  <div id="com.test.regression.cub.testscripts.CommunicationPref_breakDown_byClass_PASS27_details"
                       class="testMethodDetails">
                     <div>
                        <b>Name: </b>breakDown
                     </div>
                     <div>
                        <b>Signature: </b>breakDown(org.testng.ITestResult)[pri:0, instance:com.test.regression.cub.testscripts.CommunicationPref@6a41eaa2]
                     </div>
                     <div>
                        <b>Parameters: </b>
                        
                        [TestResult name=CommPrefSMSInvalid status=SUCCESS method=CommunicationPref.CommPrefSMSInvalid()[pri:0, instance:com.test.regression.cub.testscripts.CommunicationPref@6a41eaa2]
                        output={null}]
                        
                        
                     </div>
                     <div>
                        <b>Start time: </b>15:20:18
                     </div>
                     <div>
                        <b>End time: </b>15:20:18
                     </div>
                     <div>
                        <b>Duration: </b>0 ms
                        
                     </div>
                  </div>
               </td>
            </tr>
            <tr></tr>
            <tr id="com.test.regression.cub.testscripts.CommunicationPref_closeDriver_byClass_PASS28_row"
                class="testMethodStatusPASS testMethodStatusCONF">
               <td width="100%" class="firstMethodCell">
                  <a onclick="toggleDetailsVisibility('com.test.regression.cub.testscripts.CommunicationPref_closeDriver_byClass_PASS28_details')">closeDriver(public void com.test.regression.cub.testscripts.CommunicationPref.CommPrefSMSInvalid())</a>
               </td>
               <td nowrap="true">15:20:18</td>
               <td nowrap="true" align="right">2s
                  
               </td>
               <td nowrap="true">
                   
                  
               </td>
            </tr>
            <tr>
               <td colspan="4" class="detailsBox">
                  <div id="com.test.regression.cub.testscripts.CommunicationPref_closeDriver_byClass_PASS28_details"
                       class="testMethodDetails">
                     <div>
                        <b>Name: </b>closeDriver
                     </div>
                     <div>
                        <b>Signature: </b>closeDriver(java.lang.reflect.Method)[pri:0, instance:com.test.regression.cub.testscripts.CommunicationPref@6a41eaa2]
                     </div>
                     <div>
                        <b>Parameters: </b>
                        
                        public void com.test.regression.cub.testscripts.CommunicationPref.CommPrefSMSInvalid()
                        
                        
                     </div>
                     <div>
                        <b>Start time: </b>15:20:18
                     </div>
                     <div>
                        <b>End time: </b>15:20:20
                     </div>
                     <div>
                        <b>Duration: </b>2s
                        
                     </div>
                  </div>
               </td>
            </tr>
            <tr></tr>
            <tr id="com.test.regression.cub.testscripts.CommunicationPref_initialization_byClass_PASS29_row"
                class="testMethodStatusPASS testMethodStatusCONF">
               <td width="100%" class="firstMethodCell">
                  <a onclick="toggleDetailsVisibility('com.test.regression.cub.testscripts.CommunicationPref_initialization_byClass_PASS29_details')">initialization(public void com.test.regression.cub.testscripts.CommunicationPref.CommPrefDirectMailInvalidLN())</a>
               </td>
               <td nowrap="true">15:20:20</td>
               <td nowrap="true" align="right">9s
                  
               </td>
               <td nowrap="true">
                   
                  
               </td>
            </tr>
            <tr>
               <td colspan="4" class="detailsBox">
                  <div id="com.test.regression.cub.testscripts.CommunicationPref_initialization_byClass_PASS29_details"
                       class="testMethodDetails">
                     <div>
                        <b>Name: </b>initialization
                     </div>
                     <div>
                        <b>Signature: </b>initialization(java.lang.reflect.Method)[pri:0, instance:com.test.regression.cub.testscripts.CommunicationPref@6a41eaa2]
                     </div>
                     <div>
                        <b>Parameters: </b>
                        
                        public void com.test.regression.cub.testscripts.CommunicationPref.CommPrefDirectMailInvalidLN()
                        
                        
                     </div>
                     <div>
                        <b>Start time: </b>15:20:20
                     </div>
                     <div>
                        <b>End time: </b>15:20:29
                     </div>
                     <div>
                        <b>Duration: </b>9s
                        
                     </div>
                  </div>
               </td>
            </tr>
            <tr></tr>
            <tr id="com.test.regression.cub.testscripts.CommunicationPref_CommPrefDirectMailInvalidLN_byClass_FAIL30_row"
                class="testMethodStatusFAIL">
               <td width="100%" class="firstMethodCell">
                  <a onclick="toggleDetailsVisibility('com.test.regression.cub.testscripts.CommunicationPref_CommPrefDirectMailInvalidLN_byClass_FAIL30_details')">CommPrefDirectMailInvalidLN()</a>
               </td>
               <td nowrap="true">15:20:29</td>
               <td nowrap="true" align="right">1m
                  
               </td>
               <td nowrap="true">
                  <a onclick="toggleDetailsVisibility('com.test.regression.cub.testscripts.CommunicationPref_CommPrefDirectMailInvalidLN_byClass_FAIL30_exception')">java.lang.AssertionError: 
                     The following asserts failed:
                     
                     Failed: SAVE button is enabled  even if user enters LastName with digits 
                     
                     
                  </a>
                   
                  
               </td>
            </tr>
            <tr>
               <td colspan="4" class="detailsBox">
                  <div id="com.test.regression.cub.testscripts.CommunicationPref_CommPrefDirectMailInvalidLN_byClass_FAIL30_details"
                       class="testMethodDetails">
                     <div>
                        <b>Name: </b>CommPrefDirectMailInvalidLN
                     </div>
                     <div>
                        <b>Signature: </b>CommPrefDirectMailInvalidLN()[pri:0, instance:com.test.regression.cub.testscripts.CommunicationPref@6a41eaa2]
                     </div>
                     <div>
                        <b>Start time: </b>15:20:29
                     </div>
                     <div>
                        <b>End time: </b>15:21:30
                     </div>
                     <div>
                        <b>Duration: </b>1m
                        
                     </div>
                  </div>
               </td>
            </tr>
            <tr>
               <td colspan="4" class="detailsBox">
                  <div id="com.test.regression.cub.testscripts.CommunicationPref_CommPrefDirectMailInvalidLN_byClass_FAIL30_exception"
                       class="testMethodDetails">
                     <pre style="padding: 5px; margin: 0;">java.lang.AssertionError: The following asserts failed:
                        
                        Failed: SAVE button is enabled  even if user enters LastName with digits 
                        
                        	at org.testng.asserts.SoftAssert.assertAll(SoftAssert.java:37)
                        	at com.test.regression.cub.testscripts.CommunicationPref.CommPrefDirectMailInvalidLN(CommunicationPref.java:532)
                        	at sun.reflect.NativeMethodAccessorImpl.invoke0(Native Method)
                        	at sun.reflect.NativeMethodAccessorImpl.invoke(NativeMethodAccessorImpl.java:62)
                        	at sun.reflect.DelegatingMethodAccessorImpl.invoke(DelegatingMethodAccessorImpl.java:43)
                        	at java.lang.reflect.Method.invoke(Method.java:497)
                        	at org.testng.internal.MethodInvocationHelper.invokeMethod(MethodInvocationHelper.java:80)
                        	at org.testng.internal.Invoker.invokeMethod(Invoker.java:714)
                        	at org.testng.internal.Invoker.invokeTestMethod(Invoker.java:901)
                        	at org.testng.internal.Invoker.invokeTestMethods(Invoker.java:1231)
                        	at org.testng.internal.TestMethodWorker.invokeTestMethods(TestMethodWorker.java:127)
                        	at org.testng.internal.TestMethodWorker.run(TestMethodWorker.java:111)
                        	at org.testng.TestRunner.privateRun(TestRunner.java:767)
                        	at org.testng.TestRunner.run(TestRunner.java:617)
                        	at org.testng.SuiteRunner.runTest(SuiteRunner.java:334)
                        	at org.testng.SuiteRunner.runSequentially(SuiteRunner.java:329)
                        	at org.testng.SuiteRunner.privateRun(SuiteRunner.java:291)
                        	at org.testng.SuiteRunner.run(SuiteRunner.java:240)
                        	at org.testng.SuiteRunnerWorker.runSuite(SuiteRunnerWorker.java:52)
                        	at org.testng.SuiteRunnerWorker.run(SuiteRunnerWorker.java:86)
                        	at org.testng.TestNG.runSuitesSequentially(TestNG.java:1198)
                        	at org.testng.TestNG.runSuitesLocally(TestNG.java:1123)
                        	at org.testng.TestNG.run(TestNG.java:1031)
                        	at org.apache.maven.surefire.testng.TestNGExecutor.run(TestNGExecutor.java:178)
                        	at org.apache.maven.surefire.testng.TestNGXmlTestSuite.execute(TestNGXmlTestSuite.java:92)
                        	at org.apache.maven.surefire.testng.TestNGProvider.invoke(TestNGProvider.java:96)
                        	at sun.reflect.NativeMethodAccessorImpl.invoke0(Native Method)
                        	at sun.reflect.NativeMethodAccessorImpl.invoke(NativeMethodAccessorImpl.java:62)
                        	at sun.reflect.DelegatingMethodAccessorImpl.invoke(DelegatingMethodAccessorImpl.java:43)
                        	at java.lang.reflect.Method.invoke(Method.java:497)
                        	at org.apache.maven.surefire.util.ReflectionUtils.invokeMethodWithArray2(ReflectionUtils.java:208)
                        	at org.apache.maven.surefire.booter.ProviderFactory$ProviderProxy.invoke(ProviderFactory.java:159)
                        	at org.apache.maven.surefire.booter.ProviderFactory.invokeProvider(ProviderFactory.java:87)
                        	at org.apache.maven.surefire.booter.ForkedBooter.runSuitesInProcess(ForkedBooter.java:153)
                        	at org.apache.maven.surefire.booter.ForkedBooter.main(ForkedBooter.java:95)
                     </pre>
                  </div>
               </td>
            </tr>
            <tr id="com.test.regression.cub.testscripts.CommunicationPref_breakDown_byClass_PASS31_row"
                class="testMethodStatusPASS testMethodStatusCONF">
               <td width="100%" class="firstMethodCell">
                  <a onclick="toggleDetailsVisibility('com.test.regression.cub.testscripts.CommunicationPref_breakDown_byClass_PASS31_details')">breakDown([TestResult name=CommPrefDirectMailInvalidLN status=FAILURE method=CommunicationPref.CommPrefDirectMailInvalidLN()[pri:0,
                     instance:com.test.regression.cub.testscripts.CommunicationPref@6a41eaa2] output={null}])
                  </a>
               </td>
               <td nowrap="true">15:21:30</td>
               <td nowrap="true" align="right">174 ms
                  
               </td>
               <td nowrap="true">
                   
                  
               </td>
            </tr>
            <tr>
               <td colspan="4" class="detailsBox">
                  <div id="com.test.regression.cub.testscripts.CommunicationPref_breakDown_byClass_PASS31_details"
                       class="testMethodDetails">
                     <div>
                        <b>Name: </b>breakDown
                     </div>
                     <div>
                        <b>Signature: </b>breakDown(org.testng.ITestResult)[pri:0, instance:com.test.regression.cub.testscripts.CommunicationPref@6a41eaa2]
                     </div>
                     <div>
                        <b>Parameters: </b>
                        
                        [TestResult name=CommPrefDirectMailInvalidLN status=FAILURE method=CommunicationPref.CommPrefDirectMailInvalidLN()[pri:0,
                        instance:com.test.regression.cub.testscripts.CommunicationPref@6a41eaa2] output={null}]
                        
                        
                     </div>
                     <div>
                        <b>Start time: </b>15:21:30
                     </div>
                     <div>
                        <b>End time: </b>15:21:30
                     </div>
                     <div>
                        <b>Duration: </b>174 ms
                        
                     </div>
                  </div>
               </td>
            </tr>
            <tr></tr>
            <tr id="com.test.regression.cub.testscripts.CommunicationPref_closeDriver_byClass_PASS32_row"
                class="testMethodStatusPASS testMethodStatusCONF">
               <td width="100%" class="firstMethodCell">
                  <a onclick="toggleDetailsVisibility('com.test.regression.cub.testscripts.CommunicationPref_closeDriver_byClass_PASS32_details')">closeDriver(public void com.test.regression.cub.testscripts.CommunicationPref.CommPrefDirectMailInvalidLN())</a>
               </td>
               <td nowrap="true">15:21:30</td>
               <td nowrap="true" align="right">6s
                  
               </td>
               <td nowrap="true">
                   
                  
               </td>
            </tr>
            <tr>
               <td colspan="4" class="detailsBox">
                  <div id="com.test.regression.cub.testscripts.CommunicationPref_closeDriver_byClass_PASS32_details"
                       class="testMethodDetails">
                     <div>
                        <b>Name: </b>closeDriver
                     </div>
                     <div>
                        <b>Signature: </b>closeDriver(java.lang.reflect.Method)[pri:0, instance:com.test.regression.cub.testscripts.CommunicationPref@6a41eaa2]
                     </div>
                     <div>
                        <b>Parameters: </b>
                        
                        public void com.test.regression.cub.testscripts.CommunicationPref.CommPrefDirectMailInvalidLN()
                        
                        
                     </div>
                     <div>
                        <b>Start time: </b>15:21:30
                     </div>
                     <div>
                        <b>End time: </b>15:21:37
                     </div>
                     <div>
                        <b>Duration: </b>6s
                        
                     </div>
                  </div>
               </td>
            </tr>
            <tr></tr>
            <tr id="com.test.regression.cub.testscripts.CommunicationPref_initialization_byClass_PASS33_row"
                class="testMethodStatusPASS testMethodStatusCONF">
               <td width="100%" class="firstMethodCell">
                  <a onclick="toggleDetailsVisibility('com.test.regression.cub.testscripts.CommunicationPref_initialization_byClass_PASS33_details')">initialization(public void com.test.regression.cub.testscripts.CommunicationPref.CommPrefDirectMailInvalidCity())</a>
               </td>
               <td nowrap="true">15:21:37</td>
               <td nowrap="true" align="right">11s
                  
               </td>
               <td nowrap="true">
                   
                  
               </td>
            </tr>
            <tr>
               <td colspan="4" class="detailsBox">
                  <div id="com.test.regression.cub.testscripts.CommunicationPref_initialization_byClass_PASS33_details"
                       class="testMethodDetails">
                     <div>
                        <b>Name: </b>initialization
                     </div>
                     <div>
                        <b>Signature: </b>initialization(java.lang.reflect.Method)[pri:0, instance:com.test.regression.cub.testscripts.CommunicationPref@6a41eaa2]
                     </div>
                     <div>
                        <b>Parameters: </b>
                        
                        public void com.test.regression.cub.testscripts.CommunicationPref.CommPrefDirectMailInvalidCity()
                        
                        
                     </div>
                     <div>
                        <b>Start time: </b>15:21:37
                     </div>
                     <div>
                        <b>End time: </b>15:21:48
                     </div>
                     <div>
                        <b>Duration: </b>11s
                        
                     </div>
                  </div>
               </td>
            </tr>
            <tr></tr>
            <tr id="com.test.regression.cub.testscripts.CommunicationPref_CommPrefDirectMailInvalidCity_byClass_PASS34_row"
                class="testMethodStatusPASS">
               <td width="100%" class="firstMethodCell">
                  <a onclick="toggleDetailsVisibility('com.test.regression.cub.testscripts.CommunicationPref_CommPrefDirectMailInvalidCity_byClass_PASS34_details')">CommPrefDirectMailInvalidCity()</a>
               </td>
               <td nowrap="true">15:21:48</td>
               <td nowrap="true" align="right">1m
                  7s
                  
               </td>
               <td nowrap="true">
                   
                  
               </td>
            </tr>
            <tr>
               <td colspan="4" class="detailsBox">
                  <div id="com.test.regression.cub.testscripts.CommunicationPref_CommPrefDirectMailInvalidCity_byClass_PASS34_details"
                       class="testMethodDetails">
                     <div>
                        <b>Name: </b>CommPrefDirectMailInvalidCity
                     </div>
                     <div>
                        <b>Signature: </b>CommPrefDirectMailInvalidCity()[pri:0, instance:com.test.regression.cub.testscripts.CommunicationPref@6a41eaa2]
                     </div>
                     <div>
                        <b>Start time: </b>15:21:48
                     </div>
                     <div>
                        <b>End time: </b>15:22:56
                     </div>
                     <div>
                        <b>Duration: </b>1m
                        7s
                        
                     </div>
                  </div>
               </td>
            </tr>
            <tr></tr>
            <tr id="com.test.regression.cub.testscripts.CommunicationPref_breakDown_byClass_PASS35_row"
                class="testMethodStatusPASS testMethodStatusCONF">
               <td width="100%" class="firstMethodCell">
                  <a onclick="toggleDetailsVisibility('com.test.regression.cub.testscripts.CommunicationPref_breakDown_byClass_PASS35_details')">breakDown([TestResult name=CommPrefDirectMailInvalidCity status=SUCCESS method=CommunicationPref.CommPrefDirectMailInvalidCity()[pri:0,
                     instance:com.test.regression.cub.testscripts.CommunicationPref@6a41eaa2] output={null}])
                  </a>
               </td>
               <td nowrap="true">15:22:56</td>
               <td nowrap="true" align="right">0 ms
                  
               </td>
               <td nowrap="true">
                   
                  
               </td>
            </tr>
            <tr>
               <td colspan="4" class="detailsBox">
                  <div id="com.test.regression.cub.testscripts.CommunicationPref_breakDown_byClass_PASS35_details"
                       class="testMethodDetails">
                     <div>
                        <b>Name: </b>breakDown
                     </div>
                     <div>
                        <b>Signature: </b>breakDown(org.testng.ITestResult)[pri:0, instance:com.test.regression.cub.testscripts.CommunicationPref@6a41eaa2]
                     </div>
                     <div>
                        <b>Parameters: </b>
                        
                        [TestResult name=CommPrefDirectMailInvalidCity status=SUCCESS method=CommunicationPref.CommPrefDirectMailInvalidCity()[pri:0,
                        instance:com.test.regression.cub.testscripts.CommunicationPref@6a41eaa2] output={null}]
                        
                        
                     </div>
                     <div>
                        <b>Start time: </b>15:22:56
                     </div>
                     <div>
                        <b>End time: </b>15:22:56
                     </div>
                     <div>
                        <b>Duration: </b>0 ms
                        
                     </div>
                  </div>
               </td>
            </tr>
            <tr></tr>
            <tr id="com.test.regression.cub.testscripts.CommunicationPref_closeDriver_byClass_PASS36_row"
                class="testMethodStatusPASS testMethodStatusCONF">
               <td width="100%" class="firstMethodCell">
                  <a onclick="toggleDetailsVisibility('com.test.regression.cub.testscripts.CommunicationPref_closeDriver_byClass_PASS36_details')">closeDriver(public void com.test.regression.cub.testscripts.CommunicationPref.CommPrefDirectMailInvalidCity())</a>
               </td>
               <td nowrap="true">15:22:56</td>
               <td nowrap="true" align="right">3s
                  
               </td>
               <td nowrap="true">
                   
                  
               </td>
            </tr>
            <tr>
               <td colspan="4" class="detailsBox">
                  <div id="com.test.regression.cub.testscripts.CommunicationPref_closeDriver_byClass_PASS36_details"
                       class="testMethodDetails">
                     <div>
                        <b>Name: </b>closeDriver
                     </div>
                     <div>
                        <b>Signature: </b>closeDriver(java.lang.reflect.Method)[pri:0, instance:com.test.regression.cub.testscripts.CommunicationPref@6a41eaa2]
                     </div>
                     <div>
                        <b>Parameters: </b>
                        
                        public void com.test.regression.cub.testscripts.CommunicationPref.CommPrefDirectMailInvalidCity()
                        
                        
                     </div>
                     <div>
                        <b>Start time: </b>15:22:56
                     </div>
                     <div>
                        <b>End time: </b>15:22:59
                     </div>
                     <div>
                        <b>Duration: </b>3s
                        
                     </div>
                  </div>
               </td>
            </tr>
            <tr></tr>
            <tr id="com.test.regression.cub.testscripts.CommunicationPref_initialization_byClass_PASS37_row"
                class="testMethodStatusPASS testMethodStatusCONF">
               <td width="100%" class="firstMethodCell">
                  <a onclick="toggleDetailsVisibility('com.test.regression.cub.testscripts.CommunicationPref_initialization_byClass_PASS37_details')">initialization(public void com.test.regression.cub.testscripts.CommunicationPref.CommPrefDirectMailInvalidZIP())</a>
               </td>
               <td nowrap="true">15:22:59</td>
               <td nowrap="true" align="right">9s
                  
               </td>
               <td nowrap="true">
                   
                  
               </td>
            </tr>
            <tr>
               <td colspan="4" class="detailsBox">
                  <div id="com.test.regression.cub.testscripts.CommunicationPref_initialization_byClass_PASS37_details"
                       class="testMethodDetails">
                     <div>
                        <b>Name: </b>initialization
                     </div>
                     <div>
                        <b>Signature: </b>initialization(java.lang.reflect.Method)[pri:0, instance:com.test.regression.cub.testscripts.CommunicationPref@6a41eaa2]
                     </div>
                     <div>
                        <b>Parameters: </b>
                        
                        public void com.test.regression.cub.testscripts.CommunicationPref.CommPrefDirectMailInvalidZIP()
                        
                        
                     </div>
                     <div>
                        <b>Start time: </b>15:22:59
                     </div>
                     <div>
                        <b>End time: </b>15:23:09
                     </div>
                     <div>
                        <b>Duration: </b>9s
                        
                     </div>
                  </div>
               </td>
            </tr>
            <tr></tr>
            <tr id="com.test.regression.cub.testscripts.CommunicationPref_CommPrefDirectMailInvalidZIP_byClass_FAIL38_row"
                class="testMethodStatusFAIL">
               <td width="100%" class="firstMethodCell">
                  <a onclick="toggleDetailsVisibility('com.test.regression.cub.testscripts.CommunicationPref_CommPrefDirectMailInvalidZIP_byClass_FAIL38_details')">CommPrefDirectMailInvalidZIP()</a>
               </td>
               <td nowrap="true">15:23:09</td>
               <td nowrap="true" align="right">1m
                  13s
                  
               </td>
               <td nowrap="true">
                  <a onclick="toggleDetailsVisibility('com.test.regression.cub.testscripts.CommunicationPref_CommPrefDirectMailInvalidZIP_byClass_FAIL38_exception')">java.lang.AssertionError: 
                     The following asserts failed:
                     
                     Failed: SAVE button is enabled  even if user enters alphabets in ZIP code feild
                     
                     
                  </a>
                   
                  
               </td>
            </tr>
            <tr>
               <td colspan="4" class="detailsBox">
                  <div id="com.test.regression.cub.testscripts.CommunicationPref_CommPrefDirectMailInvalidZIP_byClass_FAIL38_details"
                       class="testMethodDetails">
                     <div>
                        <b>Name: </b>CommPrefDirectMailInvalidZIP
                     </div>
                     <div>
                        <b>Signature: </b>CommPrefDirectMailInvalidZIP()[pri:0, instance:com.test.regression.cub.testscripts.CommunicationPref@6a41eaa2]
                     </div>
                     <div>
                        <b>Start time: </b>15:23:09
                     </div>
                     <div>
                        <b>End time: </b>15:24:23
                     </div>
                     <div>
                        <b>Duration: </b>1m
                        13s
                        
                     </div>
                  </div>
               </td>
            </tr>
            <tr>
               <td colspan="4" class="detailsBox">
                  <div id="com.test.regression.cub.testscripts.CommunicationPref_CommPrefDirectMailInvalidZIP_byClass_FAIL38_exception"
                       class="testMethodDetails">
                     <pre style="padding: 5px; margin: 0;">java.lang.AssertionError: The following asserts failed:
                        
                        Failed: SAVE button is enabled  even if user enters alphabets in ZIP code feild
                        
                        	at org.testng.asserts.SoftAssert.assertAll(SoftAssert.java:37)
                        	at com.test.regression.cub.testscripts.CommunicationPref.CommPrefDirectMailInvalidZIP(CommunicationPref.java:690)
                        	at sun.reflect.NativeMethodAccessorImpl.invoke0(Native Method)
                        	at sun.reflect.NativeMethodAccessorImpl.invoke(NativeMethodAccessorImpl.java:62)
                        	at sun.reflect.DelegatingMethodAccessorImpl.invoke(DelegatingMethodAccessorImpl.java:43)
                        	at java.lang.reflect.Method.invoke(Method.java:497)
                        	at org.testng.internal.MethodInvocationHelper.invokeMethod(MethodInvocationHelper.java:80)
                        	at org.testng.internal.Invoker.invokeMethod(Invoker.java:714)
                        	at org.testng.internal.Invoker.invokeTestMethod(Invoker.java:901)
                        	at org.testng.internal.Invoker.invokeTestMethods(Invoker.java:1231)
                        	at org.testng.internal.TestMethodWorker.invokeTestMethods(TestMethodWorker.java:127)
                        	at org.testng.internal.TestMethodWorker.run(TestMethodWorker.java:111)
                        	at org.testng.TestRunner.privateRun(TestRunner.java:767)
                        	at org.testng.TestRunner.run(TestRunner.java:617)
                        	at org.testng.SuiteRunner.runTest(SuiteRunner.java:334)
                        	at org.testng.SuiteRunner.runSequentially(SuiteRunner.java:329)
                        	at org.testng.SuiteRunner.privateRun(SuiteRunner.java:291)
                        	at org.testng.SuiteRunner.run(SuiteRunner.java:240)
                        	at org.testng.SuiteRunnerWorker.runSuite(SuiteRunnerWorker.java:52)
                        	at org.testng.SuiteRunnerWorker.run(SuiteRunnerWorker.java:86)
                        	at org.testng.TestNG.runSuitesSequentially(TestNG.java:1198)
                        	at org.testng.TestNG.runSuitesLocally(TestNG.java:1123)
                        	at org.testng.TestNG.run(TestNG.java:1031)
                        	at org.apache.maven.surefire.testng.TestNGExecutor.run(TestNGExecutor.java:178)
                        	at org.apache.maven.surefire.testng.TestNGXmlTestSuite.execute(TestNGXmlTestSuite.java:92)
                        	at org.apache.maven.surefire.testng.TestNGProvider.invoke(TestNGProvider.java:96)
                        	at sun.reflect.NativeMethodAccessorImpl.invoke0(Native Method)
                        	at sun.reflect.NativeMethodAccessorImpl.invoke(NativeMethodAccessorImpl.java:62)
                        	at sun.reflect.DelegatingMethodAccessorImpl.invoke(DelegatingMethodAccessorImpl.java:43)
                        	at java.lang.reflect.Method.invoke(Method.java:497)
                        	at org.apache.maven.surefire.util.ReflectionUtils.invokeMethodWithArray2(ReflectionUtils.java:208)
                        	at org.apache.maven.surefire.booter.ProviderFactory$ProviderProxy.invoke(ProviderFactory.java:159)
                        	at org.apache.maven.surefire.booter.ProviderFactory.invokeProvider(ProviderFactory.java:87)
                        	at org.apache.maven.surefire.booter.ForkedBooter.runSuitesInProcess(ForkedBooter.java:153)
                        	at org.apache.maven.surefire.booter.ForkedBooter.main(ForkedBooter.java:95)
                     </pre>
                  </div>
               </td>
            </tr>
            <tr id="com.test.regression.cub.testscripts.CommunicationPref_breakDown_byClass_PASS39_row"
                class="testMethodStatusPASS testMethodStatusCONF">
               <td width="100%" class="firstMethodCell">
                  <a onclick="toggleDetailsVisibility('com.test.regression.cub.testscripts.CommunicationPref_breakDown_byClass_PASS39_details')">breakDown([TestResult name=CommPrefDirectMailInvalidZIP status=FAILURE method=CommunicationPref.CommPrefDirectMailInvalidZIP()[pri:0,
                     instance:com.test.regression.cub.testscripts.CommunicationPref@6a41eaa2] output={null}])
                  </a>
               </td>
               <td nowrap="true">15:24:23</td>
               <td nowrap="true" align="right">262 ms
                  
               </td>
               <td nowrap="true">
                   
                  
               </td>
            </tr>
            <tr>
               <td colspan="4" class="detailsBox">
                  <div id="com.test.regression.cub.testscripts.CommunicationPref_breakDown_byClass_PASS39_details"
                       class="testMethodDetails">
                     <div>
                        <b>Name: </b>breakDown
                     </div>
                     <div>
                        <b>Signature: </b>breakDown(org.testng.ITestResult)[pri:0, instance:com.test.regression.cub.testscripts.CommunicationPref@6a41eaa2]
                     </div>
                     <div>
                        <b>Parameters: </b>
                        
                        [TestResult name=CommPrefDirectMailInvalidZIP status=FAILURE method=CommunicationPref.CommPrefDirectMailInvalidZIP()[pri:0,
                        instance:com.test.regression.cub.testscripts.CommunicationPref@6a41eaa2] output={null}]
                        
                        
                     </div>
                     <div>
                        <b>Start time: </b>15:24:23
                     </div>
                     <div>
                        <b>End time: </b>15:24:23
                     </div>
                     <div>
                        <b>Duration: </b>262 ms
                        
                     </div>
                  </div>
               </td>
            </tr>
            <tr></tr>
            <tr id="com.test.regression.cub.testscripts.CommunicationPref_closeDriver_byClass_PASS40_row"
                class="testMethodStatusPASS testMethodStatusCONF">
               <td width="100%" class="firstMethodCell">
                  <a onclick="toggleDetailsVisibility('com.test.regression.cub.testscripts.CommunicationPref_closeDriver_byClass_PASS40_details')">closeDriver(public void com.test.regression.cub.testscripts.CommunicationPref.CommPrefDirectMailInvalidZIP())</a>
               </td>
               <td nowrap="true">15:24:23</td>
               <td nowrap="true" align="right">2s
                  
               </td>
               <td nowrap="true">
                   
                  
               </td>
            </tr>
            <tr>
               <td colspan="4" class="detailsBox">
                  <div id="com.test.regression.cub.testscripts.CommunicationPref_closeDriver_byClass_PASS40_details"
                       class="testMethodDetails">
                     <div>
                        <b>Name: </b>closeDriver
                     </div>
                     <div>
                        <b>Signature: </b>closeDriver(java.lang.reflect.Method)[pri:0, instance:com.test.regression.cub.testscripts.CommunicationPref@6a41eaa2]
                     </div>
                     <div>
                        <b>Parameters: </b>
                        
                        public void com.test.regression.cub.testscripts.CommunicationPref.CommPrefDirectMailInvalidZIP()
                        
                        
                     </div>
                     <div>
                        <b>Start time: </b>15:24:23
                     </div>
                     <div>
                        <b>End time: </b>15:24:25
                     </div>
                     <div>
                        <b>Duration: </b>2s
                        
                     </div>
                  </div>
               </td>
            </tr>
            <tr></tr>
            <tr id="com.test.regression.cub.testscripts.CommunicationPref_initialization_byClass_PASS41_row"
                class="testMethodStatusPASS testMethodStatusCONF">
               <td width="100%" class="firstMethodCell">
                  <a onclick="toggleDetailsVisibility('com.test.regression.cub.testscripts.CommunicationPref_initialization_byClass_PASS41_details')">initialization(public void com.test.regression.cub.testscripts.CommunicationPref.CommPrefNullAddress())</a>
               </td>
               <td nowrap="true">15:24:25</td>
               <td nowrap="true" align="right">17s
                  
               </td>
               <td nowrap="true">
                   
                  
               </td>
            </tr>
            <tr>
               <td colspan="4" class="detailsBox">
                  <div id="com.test.regression.cub.testscripts.CommunicationPref_initialization_byClass_PASS41_details"
                       class="testMethodDetails">
                     <div>
                        <b>Name: </b>initialization
                     </div>
                     <div>
                        <b>Signature: </b>initialization(java.lang.reflect.Method)[pri:0, instance:com.test.regression.cub.testscripts.CommunicationPref@6a41eaa2]
                     </div>
                     <div>
                        <b>Parameters: </b>
                        
                        public void com.test.regression.cub.testscripts.CommunicationPref.CommPrefNullAddress()
                        
                        
                     </div>
                     <div>
                        <b>Start time: </b>15:24:25
                     </div>
                     <div>
                        <b>End time: </b>15:24:43
                     </div>
                     <div>
                        <b>Duration: </b>17s
                        
                     </div>
                  </div>
               </td>
            </tr>
            <tr></tr>
            <tr id="com.test.regression.cub.testscripts.CommunicationPref_CommPrefNullAddress_byClass_PASS42_row"
                class="testMethodStatusPASS">
               <td width="100%" class="firstMethodCell">
                  <a onclick="toggleDetailsVisibility('com.test.regression.cub.testscripts.CommunicationPref_CommPrefNullAddress_byClass_PASS42_details')">CommPrefNullAddress()</a>
               </td>
               <td nowrap="true">15:24:43</td>
               <td nowrap="true" align="right">52s
                  
               </td>
               <td nowrap="true">
                   
                  
               </td>
            </tr>
            <tr>
               <td colspan="4" class="detailsBox">
                  <div id="com.test.regression.cub.testscripts.CommunicationPref_CommPrefNullAddress_byClass_PASS42_details"
                       class="testMethodDetails">
                     <div>
                        <b>Name: </b>CommPrefNullAddress
                     </div>
                     <div>
                        <b>Signature: </b>CommPrefNullAddress()[pri:0, instance:com.test.regression.cub.testscripts.CommunicationPref@6a41eaa2]
                     </div>
                     <div>
                        <b>Start time: </b>15:24:43
                     </div>
                     <div>
                        <b>End time: </b>15:25:35
                     </div>
                     <div>
                        <b>Duration: </b>52s
                        
                     </div>
                  </div>
               </td>
            </tr>
            <tr></tr>
            <tr id="com.test.regression.cub.testscripts.CommunicationPref_closeDriver_byClass_PASS43_row"
                class="testMethodStatusPASS testMethodStatusCONF">
               <td width="100%" class="firstMethodCell">
                  <a onclick="toggleDetailsVisibility('com.test.regression.cub.testscripts.CommunicationPref_closeDriver_byClass_PASS43_details')">closeDriver(public void com.test.regression.cub.testscripts.CommunicationPref.CommPrefNullAddress())</a>
               </td>
               <td nowrap="true">15:25:35</td>
               <td nowrap="true" align="right">2s
                  
               </td>
               <td nowrap="true">
                   
                  
               </td>
            </tr>
            <tr>
               <td colspan="4" class="detailsBox">
                  <div id="com.test.regression.cub.testscripts.CommunicationPref_closeDriver_byClass_PASS43_details"
                       class="testMethodDetails">
                     <div>
                        <b>Name: </b>closeDriver
                     </div>
                     <div>
                        <b>Signature: </b>closeDriver(java.lang.reflect.Method)[pri:0, instance:com.test.regression.cub.testscripts.CommunicationPref@6a41eaa2]
                     </div>
                     <div>
                        <b>Parameters: </b>
                        
                        public void com.test.regression.cub.testscripts.CommunicationPref.CommPrefNullAddress()
                        
                        
                     </div>
                     <div>
                        <b>Start time: </b>15:25:35
                     </div>
                     <div>
                        <b>End time: </b>15:25:38
                     </div>
                     <div>
                        <b>Duration: </b>2s
                        
                     </div>
                  </div>
               </td>
            </tr>
            <tr></tr>
            <tr id="com.test.regression.cub.testscripts.CommunicationPref_breakDown_byClass_PASS44_row"
                class="testMethodStatusPASS testMethodStatusCONF">
               <td width="100%" class="firstMethodCell">
                  <a onclick="toggleDetailsVisibility('com.test.regression.cub.testscripts.CommunicationPref_breakDown_byClass_PASS44_details')">breakDown([TestResult name=CommPrefNullAddress status=SUCCESS method=CommunicationPref.CommPrefNullAddress()[pri:0, instance:com.test.regression.cub.testscripts.CommunicationPref@6a41eaa2]
                     output={null}])
                  </a>
               </td>
               <td nowrap="true">15:25:35</td>
               <td nowrap="true" align="right">0 ms
                  
               </td>
               <td nowrap="true">
                   
                  
               </td>
            </tr>
            <tr>
               <td colspan="4" class="detailsBox">
                  <div id="com.test.regression.cub.testscripts.CommunicationPref_breakDown_byClass_PASS44_details"
                       class="testMethodDetails">
                     <div>
                        <b>Name: </b>breakDown
                     </div>
                     <div>
                        <b>Signature: </b>breakDown(org.testng.ITestResult)[pri:0, instance:com.test.regression.cub.testscripts.CommunicationPref@6a41eaa2]
                     </div>
                     <div>
                        <b>Parameters: </b>
                        
                        [TestResult name=CommPrefNullAddress status=SUCCESS method=CommunicationPref.CommPrefNullAddress()[pri:0, instance:com.test.regression.cub.testscripts.CommunicationPref@6a41eaa2]
                        output={null}]
                        
                        
                     </div>
                     <div>
                        <b>Start time: </b>15:25:35
                     </div>
                     <div>
                        <b>End time: </b>15:25:35
                     </div>
                     <div>
                        <b>Duration: </b>0 ms
                        
                     </div>
                  </div>
               </td>
            </tr>
            <tr></tr>
            <tr id="com.test.regression.cub.testscripts.CommunicationPref_initialization_byClass_PASS45_row"
                class="testMethodStatusPASS testMethodStatusCONF">
               <td width="100%" class="firstMethodCell">
                  <a onclick="toggleDetailsVisibility('com.test.regression.cub.testscripts.CommunicationPref_initialization_byClass_PASS45_details')">initialization(public void com.test.regression.cub.testscripts.CommunicationPref.ChngCommPrefAddressEditSuccess())</a>
               </td>
               <td nowrap="true">15:25:38</td>
               <td nowrap="true" align="right">9s
                  
               </td>
               <td nowrap="true">
                   
                  
               </td>
            </tr>
            <tr>
               <td colspan="4" class="detailsBox">
                  <div id="com.test.regression.cub.testscripts.CommunicationPref_initialization_byClass_PASS45_details"
                       class="testMethodDetails">
                     <div>
                        <b>Name: </b>initialization
                     </div>
                     <div>
                        <b>Signature: </b>initialization(java.lang.reflect.Method)[pri:0, instance:com.test.regression.cub.testscripts.CommunicationPref@6a41eaa2]
                     </div>
                     <div>
                        <b>Parameters: </b>
                        
                        public void com.test.regression.cub.testscripts.CommunicationPref.ChngCommPrefAddressEditSuccess()
                        
                        
                     </div>
                     <div>
                        <b>Start time: </b>15:25:38
                     </div>
                     <div>
                        <b>End time: </b>15:25:47
                     </div>
                     <div>
                        <b>Duration: </b>9s
                        
                     </div>
                  </div>
               </td>
            </tr>
            <tr></tr>
            <tr id="com.test.regression.cub.testscripts.CommunicationPref_ChngCommPrefAddressEditSuccess_byClass_PASS46_row"
                class="testMethodStatusPASS">
               <td width="100%" class="firstMethodCell">
                  <a onclick="toggleDetailsVisibility('com.test.regression.cub.testscripts.CommunicationPref_ChngCommPrefAddressEditSuccess_byClass_PASS46_details')">ChngCommPrefAddressEditSuccess()</a>
               </td>
               <td nowrap="true">15:25:47</td>
               <td nowrap="true" align="right">1m
                  24s
                  
               </td>
               <td nowrap="true">
                   
                  
               </td>
            </tr>
            <tr>
               <td colspan="4" class="detailsBox">
                  <div id="com.test.regression.cub.testscripts.CommunicationPref_ChngCommPrefAddressEditSuccess_byClass_PASS46_details"
                       class="testMethodDetails">
                     <div>
                        <b>Name: </b>ChngCommPrefAddressEditSuccess
                     </div>
                     <div>
                        <b>Signature: </b>ChngCommPrefAddressEditSuccess()[pri:0, instance:com.test.regression.cub.testscripts.CommunicationPref@6a41eaa2]
                     </div>
                     <div>
                        <b>Start time: </b>15:25:47
                     </div>
                     <div>
                        <b>End time: </b>15:27:12
                     </div>
                     <div>
                        <b>Duration: </b>1m
                        24s
                        
                     </div>
                  </div>
               </td>
            </tr>
            <tr></tr>
            <tr id="com.test.regression.cub.testscripts.CommunicationPref_breakDown_byClass_PASS47_row"
                class="testMethodStatusPASS testMethodStatusCONF">
               <td width="100%" class="firstMethodCell">
                  <a onclick="toggleDetailsVisibility('com.test.regression.cub.testscripts.CommunicationPref_breakDown_byClass_PASS47_details')">breakDown([TestResult name=ChngCommPrefAddressEditSuccess status=SUCCESS method=CommunicationPref.ChngCommPrefAddressEditSuccess()[pri:0,
                     instance:com.test.regression.cub.testscripts.CommunicationPref@6a41eaa2] output={null}])
                  </a>
               </td>
               <td nowrap="true">15:27:12</td>
               <td nowrap="true" align="right">0 ms
                  
               </td>
               <td nowrap="true">
                   
                  
               </td>
            </tr>
            <tr>
               <td colspan="4" class="detailsBox">
                  <div id="com.test.regression.cub.testscripts.CommunicationPref_breakDown_byClass_PASS47_details"
                       class="testMethodDetails">
                     <div>
                        <b>Name: </b>breakDown
                     </div>
                     <div>
                        <b>Signature: </b>breakDown(org.testng.ITestResult)[pri:0, instance:com.test.regression.cub.testscripts.CommunicationPref@6a41eaa2]
                     </div>
                     <div>
                        <b>Parameters: </b>
                        
                        [TestResult name=ChngCommPrefAddressEditSuccess status=SUCCESS method=CommunicationPref.ChngCommPrefAddressEditSuccess()[pri:0,
                        instance:com.test.regression.cub.testscripts.CommunicationPref@6a41eaa2] output={null}]
                        
                        
                     </div>
                     <div>
                        <b>Start time: </b>15:27:12
                     </div>
                     <div>
                        <b>End time: </b>15:27:12
                     </div>
                     <div>
                        <b>Duration: </b>0 ms
                        
                     </div>
                  </div>
               </td>
            </tr>
            <tr></tr>
            <tr id="com.test.regression.cub.testscripts.CommunicationPref_closeDriver_byClass_PASS48_row"
                class="testMethodStatusPASS testMethodStatusCONF">
               <td width="100%" class="firstMethodCell">
                  <a onclick="toggleDetailsVisibility('com.test.regression.cub.testscripts.CommunicationPref_closeDriver_byClass_PASS48_details')">closeDriver(public void com.test.regression.cub.testscripts.CommunicationPref.ChngCommPrefAddressEditSuccess())</a>
               </td>
               <td nowrap="true">15:27:12</td>
               <td nowrap="true" align="right">2s
                  
               </td>
               <td nowrap="true">
                   
                  
               </td>
            </tr>
            <tr>
               <td colspan="4" class="detailsBox">
                  <div id="com.test.regression.cub.testscripts.CommunicationPref_closeDriver_byClass_PASS48_details"
                       class="testMethodDetails">
                     <div>
                        <b>Name: </b>closeDriver
                     </div>
                     <div>
                        <b>Signature: </b>closeDriver(java.lang.reflect.Method)[pri:0, instance:com.test.regression.cub.testscripts.CommunicationPref@6a41eaa2]
                     </div>
                     <div>
                        <b>Parameters: </b>
                        
                        public void com.test.regression.cub.testscripts.CommunicationPref.ChngCommPrefAddressEditSuccess()
                        
                        
                     </div>
                     <div>
                        <b>Start time: </b>15:27:12
                     </div>
                     <div>
                        <b>End time: </b>15:27:15
                     </div>
                     <div>
                        <b>Duration: </b>2s
                        
                     </div>
                  </div>
               </td>
            </tr>
            <tr></tr>
         </table>
         <br></br>
      </div>
      <div style="margin-top: 15px; color: gray; text-align: center; font-size: 9px;">
         Generated with
         
         <a href="http://code.google.com/p/testng-xslt/" style="color: #8888aa;"
            target="_blank">
            TestNG XSLT
            
         </a>
      </div>
   </body>
</html>