<html xmlns:math="http://exslt.org/math" xmlns:testng="http://testng.org">
   <head>
      <title>TestNG Results</title>
      <meta http-equiv="content-type" content="text/html; charset=utf-8"></meta>
      <meta http-equiv="pragma" content="no-cache"></meta>
      <meta http-equiv="cache-control" content="max-age=0"></meta>
      <meta http-equiv="cache-control" content="no-cache"></meta>
      <meta http-equiv="cache-control" content="no-store"></meta>
      <LINK rel="stylesheet" href="style.css"></LINK>
      <script type="text/javascript" src="main.js"></script>
   </head>
   <body>
      <table width="100%" style="font-size: 16px; margin-bottom: 10px;" cellspacing="1">
         <tr>
            <td width="100%">
               Test case
               
               <b>SiteMap - Testing</b>
            </td>
            <td style="background-color: #FFBBBB; padding: 3px 3px 3px 0;" align="center">
               <div style="width: 50px;">2</div>
            </td>
            <td style="background-color: lightgreen; padding: 3px 3px 3px 0;" align="center">
               <div style="width: 50px;">0</div>
            </td>
            <td style="background-color: #FFFFBB; padding: 3px 3px 3px 0;" align="center">
               <div style="width: 50px;">0</div>
            </td>
            <td align="center" style="background-color: #eaf0f7; padding: 3px 3px 3px 0;">
               <div style="width: 50px;">2</div>
            </td>
            <td align="center"
                style="font-weight: bold; background-color: #eaf0f7; padding: 3px 3px 3px 0;">
               <div style="width: 50px;">0%</div>
            </td>
            <td style="background-color: #eaf0f7; padding: 3px 3px 3px 0;" align="center"
                nowrap="true">10m
               48s
               
            </td>
         </tr>
      </table>
      <div style="width: 200px;">
         <label for="groupMethodsCheckBox" style="font-weight: bold; margin: 0;">
            <input id="groupMethodsCheckBox" type="checkbox" onclick="switchTestMethodsView(this)"
                   checked=""></input>
            Group by class
            
         </label>
         <br></br>
         <label for="methodsFilter_ALL" style="font-weight: bold; margin: 0;">
            <input id="methodsFilter_ALL" type="checkbox"
                   onclick="testMethodsFilterChanged(this, 'ALL')"
                   checked=""></input>
            All
            
         </label>
      </div>
      <label for="methodsFilter_FAIL" style="margin-left: 20px;">
         <input id="methodsFilter_FAIL" type="checkbox"
                onclick="testMethodsFilterChanged(this, 'FAIL')"
                checked=""></input>
         Failed
         
      </label>
      <label for="methodsFilter_PASS">
         <input id="methodsFilter_PASS" type="checkbox"
                onclick="testMethodsFilterChanged(this, 'PASS')"
                checked=""></input>
         Passed
         
      </label>
      <label for="methodsFilter_SKIP">
         <input id="methodsFilter_SKIP" type="checkbox"
                onclick="testMethodsFilterChanged(this, 'SKIP')"
                checked=""></input>
         Skipped
         
      </label>
      <label for="methodsFilter_CONF">
         <input id="methodsFilter_CONF" type="checkbox"
                onclick="testMethodsFilterChanged(this, 'CONF')"
                checked=""></input>
         Config
         
      </label>
      <br></br>
      <div id="testMethodsByStatus" style="display: none;">
         <table class="testMethodsTable" cellpadding="0" cellspacing="0">
            <tr class="methodsTableHeader">
               <td width="100%">Name</td>
               <td nowrap="true">Started</td>
               <td nowrap="true">Duration</td>
               <td>Exception</td>
            </tr>
            <tr id="com.test.regression.cub.testscripts.SiteMap_GuestUserSiteMap_byStatus_failed_FAIL1_row"
                class="testMethodStatusFAIL">
               <td width="100%" class="firstMethodCell">
                  <a onclick="toggleDetailsVisibility('com.test.regression.cub.testscripts.SiteMap_GuestUserSiteMap_byStatus_failed_FAIL1_details')">GuestUserSiteMap()</a>
               </td>
               <td nowrap="true">16:30:25</td>
               <td nowrap="true" align="right">4m
                  35s
                  
               </td>
               <td nowrap="true">
                  <a onclick="toggleDetailsVisibility('com.test.regression.cub.testscripts.SiteMap_GuestUserSiteMap_byStatus_failed_FAIL1_exception')">org.openqa.selenium.TimeoutException: 
                     Timed out after 30 seconds waiting for visibility of Proxy element for: DefaultElementLocator 'By.xpath: //*[@id='content-primary']/div/div[3]/div/ul/li[2]/ul/li/a'
                     Build info: version: '2.53.0', revision: '35ae25b1534ae328c771e0856c93e187490ca824', time: '2016-03-15 10:43:46'
                     System info: host: 'SDEVPCSVU7112', ip: '10.15.142.48', os.name: 'Windows 7', os.arch: 'amd64', os.version: '6.1', java.version:
                     '1.8.0_73'
                     Driver info: org.openqa.selenium.chrome.ChromeDriver
                     Capabilities [{applicationCacheEnabled=false, rotatable=false, mobileEmulationEnabled=false, chrome={chromedriverVersion=2.22.397933
                     (1cab651507b88dec79b2b2a22d1943c01833cc1b), userDataDir=C:\Users\jrag00m\AppData\Local\Temp\scoped_dir133024_18701}, takesHeapSnapshot=true,
                     databaseEnabled=false, handlesAlerts=true, hasTouchScreen=false, version=52.0.2743.116, platform=XP, browserConnectionEnabled=false,
                     nativeEvents=true, acceptSslCerts=true, locationContextEnabled=true, webStorageEnabled=true, browserName=chrome, takesScreenshot=true,
                     javascriptEnabled=true, cssSelectorsEnabled=true}]
                     Session ID: e8c4f1f1d74968b6a6967e43170e0214
                     
                  </a>
                   
                  
               </td>
            </tr>
            <tr>
               <td colspan="4" class="detailsBox">
                  <div id="com.test.regression.cub.testscripts.SiteMap_GuestUserSiteMap_byStatus_failed_FAIL1_details"
                       class="testMethodDetails">
                     <div>
                        <b>Name: </b>GuestUserSiteMap
                     </div>
                     <div>
                        <b>Signature: </b>GuestUserSiteMap()[pri:0, instance:com.test.regression.cub.testscripts.SiteMap@271053e1]
                     </div>
                     <div>
                        <b>Start time: </b>16:30:25
                     </div>
                     <div>
                        <b>End time: </b>16:35:01
                     </div>
                     <div>
                        <b>Duration: </b>4m
                        35s
                        
                     </div>
                  </div>
               </td>
            </tr>
            <tr>
               <td colspan="4" class="detailsBox">
                  <div id="com.test.regression.cub.testscripts.SiteMap_GuestUserSiteMap_byStatus_failed_FAIL1_exception"
                       class="testMethodDetails">
                     <pre style="padding: 5px; margin: 0;">org.openqa.selenium.TimeoutException: Timed out after 30 seconds waiting for visibility of Proxy element for: DefaultElementLocator
                        'By.xpath: //*[@id='content-primary']/div/div[3]/div/ul/li[2]/ul/li/a'
                        Build info: version: '2.53.0', revision: '35ae25b1534ae328c771e0856c93e187490ca824', time: '2016-03-15 10:43:46'
                        System info: host: 'SDEVPCSVU7112', ip: '10.15.142.48', os.name: 'Windows 7', os.arch: 'amd64', os.version: '6.1', java.version:
                        '1.8.0_73'
                        Driver info: org.openqa.selenium.chrome.ChromeDriver
                        Capabilities [{applicationCacheEnabled=false, rotatable=false, mobileEmulationEnabled=false, chrome={chromedriverVersion=2.22.397933
                        (1cab651507b88dec79b2b2a22d1943c01833cc1b), userDataDir=C:\Users\jrag00m\AppData\Local\Temp\scoped_dir133024_18701}, takesHeapSnapshot=true,
                        databaseEnabled=false, handlesAlerts=true, hasTouchScreen=false, version=52.0.2743.116, platform=XP, browserConnectionEnabled=false,
                        nativeEvents=true, acceptSslCerts=true, locationContextEnabled=true, webStorageEnabled=true, browserName=chrome, takesScreenshot=true,
                        javascriptEnabled=true, cssSelectorsEnabled=true}]
                        Session ID: e8c4f1f1d74968b6a6967e43170e0214
                        	at org.openqa.selenium.support.ui.WebDriverWait.timeoutException(WebDriverWait.java:80)
                        	at org.openqa.selenium.support.ui.FluentWait.until(FluentWait.java:261)
                        	at com.test.regression.cub.utils.SuiteBase.waitFor(SuiteBase.java:138)
                        	at com.test.regression.cub.utils.SuiteBase.waitFor(SuiteBase.java:142)
                        	at com.test.regression.cub.pages.SiteMapPage.clickOnSearchRecipes(SiteMapPage.java:270)
                        	at com.test.regression.cub.testscripts.SiteMap.GuestUserSiteMap(SiteMap.java:162)
                        	at sun.reflect.NativeMethodAccessorImpl.invoke0(Native Method)
                        	at sun.reflect.NativeMethodAccessorImpl.invoke(NativeMethodAccessorImpl.java:62)
                        	at sun.reflect.DelegatingMethodAccessorImpl.invoke(DelegatingMethodAccessorImpl.java:43)
                        	at java.lang.reflect.Method.invoke(Method.java:497)
                        	at org.testng.internal.MethodInvocationHelper.invokeMethod(MethodInvocationHelper.java:80)
                        	at org.testng.internal.Invoker.invokeMethod(Invoker.java:714)
                        	at org.testng.internal.Invoker.invokeTestMethod(Invoker.java:901)
                        	at org.testng.internal.Invoker.invokeTestMethods(Invoker.java:1231)
                        	at org.testng.internal.TestMethodWorker.invokeTestMethods(TestMethodWorker.java:127)
                        	at org.testng.internal.TestMethodWorker.run(TestMethodWorker.java:111)
                        	at org.testng.TestRunner.privateRun(TestRunner.java:767)
                        	at org.testng.TestRunner.run(TestRunner.java:617)
                        	at org.testng.SuiteRunner.runTest(SuiteRunner.java:334)
                        	at org.testng.SuiteRunner.runSequentially(SuiteRunner.java:329)
                        	at org.testng.SuiteRunner.privateRun(SuiteRunner.java:291)
                        	at org.testng.SuiteRunner.run(SuiteRunner.java:240)
                        	at org.testng.SuiteRunnerWorker.runSuite(SuiteRunnerWorker.java:52)
                        	at org.testng.SuiteRunnerWorker.run(SuiteRunnerWorker.java:86)
                        	at org.testng.TestNG.runSuitesSequentially(TestNG.java:1198)
                        	at org.testng.TestNG.runSuitesLocally(TestNG.java:1123)
                        	at org.testng.TestNG.run(TestNG.java:1031)
                        	at org.apache.maven.surefire.testng.TestNGExecutor.run(TestNGExecutor.java:178)
                        	at org.apache.maven.surefire.testng.TestNGXmlTestSuite.execute(TestNGXmlTestSuite.java:92)
                        	at org.apache.maven.surefire.testng.TestNGProvider.invoke(TestNGProvider.java:96)
                        	at sun.reflect.NativeMethodAccessorImpl.invoke0(Native Method)
                        	at sun.reflect.NativeMethodAccessorImpl.invoke(NativeMethodAccessorImpl.java:62)
                        	at sun.reflect.DelegatingMethodAccessorImpl.invoke(DelegatingMethodAccessorImpl.java:43)
                        	at java.lang.reflect.Method.invoke(Method.java:497)
                        	at org.apache.maven.surefire.util.ReflectionUtils.invokeMethodWithArray2(ReflectionUtils.java:208)
                        	at org.apache.maven.surefire.booter.ProviderFactory$ProviderProxy.invoke(ProviderFactory.java:159)
                        	at org.apache.maven.surefire.booter.ProviderFactory.invokeProvider(ProviderFactory.java:87)
                        	at org.apache.maven.surefire.booter.ForkedBooter.runSuitesInProcess(ForkedBooter.java:153)
                        	at org.apache.maven.surefire.booter.ForkedBooter.main(ForkedBooter.java:95)
                        Caused by: org.openqa.selenium.NoSuchElementException: no such element: Unable to locate element: {"method":"xpath","selector":"//*[@id='content-primary']/div/div[3]/div/ul/li[2]/ul/li/a"}
                        (Session info: chrome=52.0.2743.116)
                        (Driver info: chromedriver=2.22.397933 (1cab651507b88dec79b2b2a22d1943c01833cc1b),platform=Windows NT 6.1.7601 SP1 x86_64)
                        (WARNING: The server did not provide any stacktrace information)
                        Command duration or timeout: 20.02 seconds
                        For documentation on this error, please visit: http://seleniumhq.org/exceptions/no_such_element.html
                        Build info: version: '2.53.0', revision: '35ae25b1534ae328c771e0856c93e187490ca824', time: '2016-03-15 10:43:46'
                        System info: host: 'SDEVPCSVU7112', ip: '10.15.142.48', os.name: 'Windows 7', os.arch: 'amd64', os.version: '6.1', java.version:
                        '1.8.0_73'
                        Driver info: org.openqa.selenium.chrome.ChromeDriver
                        Capabilities [{applicationCacheEnabled=false, rotatable=false, mobileEmulationEnabled=false, chrome={chromedriverVersion=2.22.397933
                        (1cab651507b88dec79b2b2a22d1943c01833cc1b), userDataDir=C:\Users\jrag00m\AppData\Local\Temp\scoped_dir133024_18701}, takesHeapSnapshot=true,
                        databaseEnabled=false, handlesAlerts=true, hasTouchScreen=false, version=52.0.2743.116, platform=XP, browserConnectionEnabled=false,
                        nativeEvents=true, acceptSslCerts=true, locationContextEnabled=true, webStorageEnabled=true, browserName=chrome, takesScreenshot=true,
                        javascriptEnabled=true, cssSelectorsEnabled=true}]
                        Session ID: e8c4f1f1d74968b6a6967e43170e0214
                        *** Element info: {Using=xpath, value=//*[@id='content-primary']/div/div[3]/div/ul/li[2]/ul/li/a}
                        	at sun.reflect.GeneratedConstructorAccessor15.newInstance(Unknown Source)
                        	at sun.reflect.DelegatingConstructorAccessorImpl.newInstance(DelegatingConstructorAccessorImpl.java:45)
                        	at java.lang.reflect.Constructor.newInstance(Constructor.java:422)
                        	at org.openqa.selenium.remote.ErrorHandler.createThrowable(ErrorHandler.java:206)
                        	at org.openqa.selenium.remote.ErrorHandler.throwIfResponseFailed(ErrorHandler.java:158)
                        	at org.openqa.selenium.remote.RemoteWebDriver.execute(RemoteWebDriver.java:678)
                        	at org.openqa.selenium.remote.RemoteWebDriver.findElement(RemoteWebDriver.java:363)
                        	at org.openqa.selenium.remote.RemoteWebDriver.findElementByXPath(RemoteWebDriver.java:500)
                        	at org.openqa.selenium.By$ByXPath.findElement(By.java:361)
                        	at org.openqa.selenium.remote.RemoteWebDriver.findElement(RemoteWebDriver.java:355)
                        	at org.openqa.selenium.support.pagefactory.DefaultElementLocator.findElement(DefaultElementLocator.java:69)
                        	at org.openqa.selenium.support.pagefactory.internal.LocatingElementHandler.invoke(LocatingElementHandler.java:38)
                        	at com.sun.proxy.$Proxy6.isDisplayed(Unknown Source)
                        	at org.openqa.selenium.support.ui.ExpectedConditions.elementIfVisible(ExpectedConditions.java:302)
                        	at org.openqa.selenium.support.ui.ExpectedConditions.access$100(ExpectedConditions.java:41)
                        	at org.openqa.selenium.support.ui.ExpectedConditions$10.apply(ExpectedConditions.java:288)
                        	at org.openqa.selenium.support.ui.ExpectedConditions$10.apply(ExpectedConditions.java:285)
                        	at org.openqa.selenium.support.ui.FluentWait.until(FluentWait.java:238)
                        	... 37 more
                     </pre>
                  </div>
               </td>
            </tr>
            <tr id="com.test.regression.cub.testscripts.SiteMap_SignedUserSiteMap_byStatus_failed_FAIL2_row"
                class="testMethodStatusFAIL">
               <td width="100%" class="firstMethodCell">
                  <a onclick="toggleDetailsVisibility('com.test.regression.cub.testscripts.SiteMap_SignedUserSiteMap_byStatus_failed_FAIL2_details')">SignedUserSiteMap()</a>
               </td>
               <td nowrap="true">16:35:29</td>
               <td nowrap="true" align="right">5m
                  23s
                  
               </td>
               <td nowrap="true">
                  <a onclick="toggleDetailsVisibility('com.test.regression.cub.testscripts.SiteMap_SignedUserSiteMap_byStatus_failed_FAIL2_exception')">org.openqa.selenium.TimeoutException: 
                     Timed out after 30 seconds waiting for visibility of Proxy element for: DefaultElementLocator 'By.xpath: //*[@id='content-primary']/div/div[3]/div/ul/li[2]/ul/li/a'
                     Build info: version: '2.53.0', revision: '35ae25b1534ae328c771e0856c93e187490ca824', time: '2016-03-15 10:43:46'
                     System info: host: 'SDEVPCSVU7112', ip: '10.15.142.48', os.name: 'Windows 7', os.arch: 'amd64', os.version: '6.1', java.version:
                     '1.8.0_73'
                     Driver info: org.openqa.selenium.chrome.ChromeDriver
                     Capabilities [{applicationCacheEnabled=false, rotatable=false, mobileEmulationEnabled=false, chrome={chromedriverVersion=2.22.397933
                     (1cab651507b88dec79b2b2a22d1943c01833cc1b), userDataDir=C:\Users\jrag00m\AppData\Local\Temp\scoped_dir130820_19699}, takesHeapSnapshot=true,
                     databaseEnabled=false, handlesAlerts=true, hasTouchScreen=false, version=52.0.2743.116, platform=XP, browserConnectionEnabled=false,
                     nativeEvents=true, acceptSslCerts=true, locationContextEnabled=true, webStorageEnabled=true, browserName=chrome, takesScreenshot=true,
                     javascriptEnabled=true, cssSelectorsEnabled=true}]
                     Session ID: d034ab43fb444d17a174662e6e710682
                     
                  </a>
                   
                  
               </td>
            </tr>
            <tr>
               <td colspan="4" class="detailsBox">
                  <div id="com.test.regression.cub.testscripts.SiteMap_SignedUserSiteMap_byStatus_failed_FAIL2_details"
                       class="testMethodDetails">
                     <div>
                        <b>Name: </b>SignedUserSiteMap
                     </div>
                     <div>
                        <b>Signature: </b>SignedUserSiteMap()[pri:0, instance:com.test.regression.cub.testscripts.SiteMap@271053e1]
                     </div>
                     <div>
                        <b>Start time: </b>16:35:29
                     </div>
                     <div>
                        <b>End time: </b>16:40:53
                     </div>
                     <div>
                        <b>Duration: </b>5m
                        23s
                        
                     </div>
                  </div>
               </td>
            </tr>
            <tr>
               <td colspan="4" class="detailsBox">
                  <div id="com.test.regression.cub.testscripts.SiteMap_SignedUserSiteMap_byStatus_failed_FAIL2_exception"
                       class="testMethodDetails">
                     <pre style="padding: 5px; margin: 0;">org.openqa.selenium.TimeoutException: Timed out after 30 seconds waiting for visibility of Proxy element for: DefaultElementLocator
                        'By.xpath: //*[@id='content-primary']/div/div[3]/div/ul/li[2]/ul/li/a'
                        Build info: version: '2.53.0', revision: '35ae25b1534ae328c771e0856c93e187490ca824', time: '2016-03-15 10:43:46'
                        System info: host: 'SDEVPCSVU7112', ip: '10.15.142.48', os.name: 'Windows 7', os.arch: 'amd64', os.version: '6.1', java.version:
                        '1.8.0_73'
                        Driver info: org.openqa.selenium.chrome.ChromeDriver
                        Capabilities [{applicationCacheEnabled=false, rotatable=false, mobileEmulationEnabled=false, chrome={chromedriverVersion=2.22.397933
                        (1cab651507b88dec79b2b2a22d1943c01833cc1b), userDataDir=C:\Users\jrag00m\AppData\Local\Temp\scoped_dir130820_19699}, takesHeapSnapshot=true,
                        databaseEnabled=false, handlesAlerts=true, hasTouchScreen=false, version=52.0.2743.116, platform=XP, browserConnectionEnabled=false,
                        nativeEvents=true, acceptSslCerts=true, locationContextEnabled=true, webStorageEnabled=true, browserName=chrome, takesScreenshot=true,
                        javascriptEnabled=true, cssSelectorsEnabled=true}]
                        Session ID: d034ab43fb444d17a174662e6e710682
                        	at org.openqa.selenium.support.ui.WebDriverWait.timeoutException(WebDriverWait.java:80)
                        	at org.openqa.selenium.support.ui.FluentWait.until(FluentWait.java:261)
                        	at com.test.regression.cub.utils.SuiteBase.waitFor(SuiteBase.java:138)
                        	at com.test.regression.cub.utils.SuiteBase.waitFor(SuiteBase.java:142)
                        	at com.test.regression.cub.pages.SiteMapPage.clickOnSearchRecipes(SiteMapPage.java:270)
                        	at com.test.regression.cub.testscripts.SiteMap.SignedUserSiteMap(SiteMap.java:616)
                        	at sun.reflect.NativeMethodAccessorImpl.invoke0(Native Method)
                        	at sun.reflect.NativeMethodAccessorImpl.invoke(NativeMethodAccessorImpl.java:62)
                        	at sun.reflect.DelegatingMethodAccessorImpl.invoke(DelegatingMethodAccessorImpl.java:43)
                        	at java.lang.reflect.Method.invoke(Method.java:497)
                        	at org.testng.internal.MethodInvocationHelper.invokeMethod(MethodInvocationHelper.java:80)
                        	at org.testng.internal.Invoker.invokeMethod(Invoker.java:714)
                        	at org.testng.internal.Invoker.invokeTestMethod(Invoker.java:901)
                        	at org.testng.internal.Invoker.invokeTestMethods(Invoker.java:1231)
                        	at org.testng.internal.TestMethodWorker.invokeTestMethods(TestMethodWorker.java:127)
                        	at org.testng.internal.TestMethodWorker.run(TestMethodWorker.java:111)
                        	at org.testng.TestRunner.privateRun(TestRunner.java:767)
                        	at org.testng.TestRunner.run(TestRunner.java:617)
                        	at org.testng.SuiteRunner.runTest(SuiteRunner.java:334)
                        	at org.testng.SuiteRunner.runSequentially(SuiteRunner.java:329)
                        	at org.testng.SuiteRunner.privateRun(SuiteRunner.java:291)
                        	at org.testng.SuiteRunner.run(SuiteRunner.java:240)
                        	at org.testng.SuiteRunnerWorker.runSuite(SuiteRunnerWorker.java:52)
                        	at org.testng.SuiteRunnerWorker.run(SuiteRunnerWorker.java:86)
                        	at org.testng.TestNG.runSuitesSequentially(TestNG.java:1198)
                        	at org.testng.TestNG.runSuitesLocally(TestNG.java:1123)
                        	at org.testng.TestNG.run(TestNG.java:1031)
                        	at org.apache.maven.surefire.testng.TestNGExecutor.run(TestNGExecutor.java:178)
                        	at org.apache.maven.surefire.testng.TestNGXmlTestSuite.execute(TestNGXmlTestSuite.java:92)
                        	at org.apache.maven.surefire.testng.TestNGProvider.invoke(TestNGProvider.java:96)
                        	at sun.reflect.NativeMethodAccessorImpl.invoke0(Native Method)
                        	at sun.reflect.NativeMethodAccessorImpl.invoke(NativeMethodAccessorImpl.java:62)
                        	at sun.reflect.DelegatingMethodAccessorImpl.invoke(DelegatingMethodAccessorImpl.java:43)
                        	at java.lang.reflect.Method.invoke(Method.java:497)
                        	at org.apache.maven.surefire.util.ReflectionUtils.invokeMethodWithArray2(ReflectionUtils.java:208)
                        	at org.apache.maven.surefire.booter.ProviderFactory$ProviderProxy.invoke(ProviderFactory.java:159)
                        	at org.apache.maven.surefire.booter.ProviderFactory.invokeProvider(ProviderFactory.java:87)
                        	at org.apache.maven.surefire.booter.ForkedBooter.runSuitesInProcess(ForkedBooter.java:153)
                        	at org.apache.maven.surefire.booter.ForkedBooter.main(ForkedBooter.java:95)
                        Caused by: org.openqa.selenium.NoSuchElementException: no such element: Unable to locate element: {"method":"xpath","selector":"//*[@id='content-primary']/div/div[3]/div/ul/li[2]/ul/li/a"}
                        (Session info: chrome=52.0.2743.116)
                        (Driver info: chromedriver=2.22.397933 (1cab651507b88dec79b2b2a22d1943c01833cc1b),platform=Windows NT 6.1.7601 SP1 x86_64)
                        (WARNING: The server did not provide any stacktrace information)
                        Command duration or timeout: 20.03 seconds
                        For documentation on this error, please visit: http://seleniumhq.org/exceptions/no_such_element.html
                        Build info: version: '2.53.0', revision: '35ae25b1534ae328c771e0856c93e187490ca824', time: '2016-03-15 10:43:46'
                        System info: host: 'SDEVPCSVU7112', ip: '10.15.142.48', os.name: 'Windows 7', os.arch: 'amd64', os.version: '6.1', java.version:
                        '1.8.0_73'
                        Driver info: org.openqa.selenium.chrome.ChromeDriver
                        Capabilities [{applicationCacheEnabled=false, rotatable=false, mobileEmulationEnabled=false, chrome={chromedriverVersion=2.22.397933
                        (1cab651507b88dec79b2b2a22d1943c01833cc1b), userDataDir=C:\Users\jrag00m\AppData\Local\Temp\scoped_dir130820_19699}, takesHeapSnapshot=true,
                        databaseEnabled=false, handlesAlerts=true, hasTouchScreen=false, version=52.0.2743.116, platform=XP, browserConnectionEnabled=false,
                        nativeEvents=true, acceptSslCerts=true, locationContextEnabled=true, webStorageEnabled=true, browserName=chrome, takesScreenshot=true,
                        javascriptEnabled=true, cssSelectorsEnabled=true}]
                        Session ID: d034ab43fb444d17a174662e6e710682
                        *** Element info: {Using=xpath, value=//*[@id='content-primary']/div/div[3]/div/ul/li[2]/ul/li/a}
                        	at sun.reflect.GeneratedConstructorAccessor15.newInstance(Unknown Source)
                        	at sun.reflect.DelegatingConstructorAccessorImpl.newInstance(DelegatingConstructorAccessorImpl.java:45)
                        	at java.lang.reflect.Constructor.newInstance(Constructor.java:422)
                        	at org.openqa.selenium.remote.ErrorHandler.createThrowable(ErrorHandler.java:206)
                        	at org.openqa.selenium.remote.ErrorHandler.throwIfResponseFailed(ErrorHandler.java:158)
                        	at org.openqa.selenium.remote.RemoteWebDriver.execute(RemoteWebDriver.java:678)
                        	at org.openqa.selenium.remote.RemoteWebDriver.findElement(RemoteWebDriver.java:363)
                        	at org.openqa.selenium.remote.RemoteWebDriver.findElementByXPath(RemoteWebDriver.java:500)
                        	at org.openqa.selenium.By$ByXPath.findElement(By.java:361)
                        	at org.openqa.selenium.remote.RemoteWebDriver.findElement(RemoteWebDriver.java:355)
                        	at org.openqa.selenium.support.pagefactory.DefaultElementLocator.findElement(DefaultElementLocator.java:69)
                        	at org.openqa.selenium.support.pagefactory.internal.LocatingElementHandler.invoke(LocatingElementHandler.java:38)
                        	at com.sun.proxy.$Proxy6.isDisplayed(Unknown Source)
                        	at org.openqa.selenium.support.ui.ExpectedConditions.elementIfVisible(ExpectedConditions.java:302)
                        	at org.openqa.selenium.support.ui.ExpectedConditions.access$100(ExpectedConditions.java:41)
                        	at org.openqa.selenium.support.ui.ExpectedConditions$10.apply(ExpectedConditions.java:288)
                        	at org.openqa.selenium.support.ui.ExpectedConditions$10.apply(ExpectedConditions.java:285)
                        	at org.openqa.selenium.support.ui.FluentWait.until(FluentWait.java:238)
                        	... 37 more
                     </pre>
                  </div>
               </td>
            </tr>
            <tr id="com.test.regression.cub.testscripts.SiteMap_initialization_byStatus_passed_PASS1_row"
                class="testMethodStatusPASS testMethodStatusCONF">
               <td width="100%" class="firstMethodCell">
                  <a onclick="toggleDetailsVisibility('com.test.regression.cub.testscripts.SiteMap_initialization_byStatus_passed_PASS1_details')">initialization(public void com.test.regression.cub.testscripts.SiteMap.GuestUserSiteMap() throws java.lang.InterruptedException)</a>
               </td>
               <td nowrap="true">16:30:12</td>
               <td nowrap="true" align="right">13s
                  
               </td>
               <td nowrap="true">
                   
                  
               </td>
            </tr>
            <tr>
               <td colspan="4" class="detailsBox">
                  <div id="com.test.regression.cub.testscripts.SiteMap_initialization_byStatus_passed_PASS1_details"
                       class="testMethodDetails">
                     <div>
                        <b>Name: </b>initialization
                     </div>
                     <div>
                        <b>Signature: </b>initialization(java.lang.reflect.Method)[pri:0, instance:com.test.regression.cub.testscripts.SiteMap@271053e1]
                     </div>
                     <div>
                        <b>Parameters: </b>
                        
                        public void com.test.regression.cub.testscripts.SiteMap.GuestUserSiteMap() throws java.lang.InterruptedException
                        
                        
                     </div>
                     <div>
                        <b>Start time: </b>16:30:12
                     </div>
                     <div>
                        <b>End time: </b>16:30:25
                     </div>
                     <div>
                        <b>Duration: </b>13s
                        
                     </div>
                  </div>
               </td>
            </tr>
            <tr></tr>
            <tr id="com.test.regression.cub.testscripts.SiteMap_breakDown_byStatus_passed_PASS2_row"
                class="testMethodStatusPASS testMethodStatusCONF">
               <td width="100%" class="firstMethodCell">
                  <a onclick="toggleDetailsVisibility('com.test.regression.cub.testscripts.SiteMap_breakDown_byStatus_passed_PASS2_details')">breakDown([TestResult name=GuestUserSiteMap status=FAILURE method=SiteMap.GuestUserSiteMap()[pri:0, instance:com.test.regression.cub.testscripts.SiteMap@271053e1]
                     output={null}])
                  </a>
               </td>
               <td nowrap="true">16:35:01</td>
               <td nowrap="true" align="right">213 ms
                  
               </td>
               <td nowrap="true">
                   
                  
               </td>
            </tr>
            <tr>
               <td colspan="4" class="detailsBox">
                  <div id="com.test.regression.cub.testscripts.SiteMap_breakDown_byStatus_passed_PASS2_details"
                       class="testMethodDetails">
                     <div>
                        <b>Name: </b>breakDown
                     </div>
                     <div>
                        <b>Signature: </b>breakDown(org.testng.ITestResult)[pri:0, instance:com.test.regression.cub.testscripts.SiteMap@271053e1]
                     </div>
                     <div>
                        <b>Parameters: </b>
                        
                        [TestResult name=GuestUserSiteMap status=FAILURE method=SiteMap.GuestUserSiteMap()[pri:0, instance:com.test.regression.cub.testscripts.SiteMap@271053e1]
                        output={null}]
                        
                        
                     </div>
                     <div>
                        <b>Start time: </b>16:35:01
                     </div>
                     <div>
                        <b>End time: </b>16:35:01
                     </div>
                     <div>
                        <b>Duration: </b>213 ms
                        
                     </div>
                  </div>
               </td>
            </tr>
            <tr></tr>
            <tr id="com.test.regression.cub.testscripts.SiteMap_closeDriver_byStatus_passed_PASS3_row"
                class="testMethodStatusPASS testMethodStatusCONF">
               <td width="100%" class="firstMethodCell">
                  <a onclick="toggleDetailsVisibility('com.test.regression.cub.testscripts.SiteMap_closeDriver_byStatus_passed_PASS3_details')">closeDriver(public void com.test.regression.cub.testscripts.SiteMap.GuestUserSiteMap() throws java.lang.InterruptedException)</a>
               </td>
               <td nowrap="true">16:35:01</td>
               <td nowrap="true" align="right">2s
                  
               </td>
               <td nowrap="true">
                   
                  
               </td>
            </tr>
            <tr>
               <td colspan="4" class="detailsBox">
                  <div id="com.test.regression.cub.testscripts.SiteMap_closeDriver_byStatus_passed_PASS3_details"
                       class="testMethodDetails">
                     <div>
                        <b>Name: </b>closeDriver
                     </div>
                     <div>
                        <b>Signature: </b>closeDriver(java.lang.reflect.Method)[pri:0, instance:com.test.regression.cub.testscripts.SiteMap@271053e1]
                     </div>
                     <div>
                        <b>Parameters: </b>
                        
                        public void com.test.regression.cub.testscripts.SiteMap.GuestUserSiteMap() throws java.lang.InterruptedException
                        
                        
                     </div>
                     <div>
                        <b>Start time: </b>16:35:01
                     </div>
                     <div>
                        <b>End time: </b>16:35:03
                     </div>
                     <div>
                        <b>Duration: </b>2s
                        
                     </div>
                  </div>
               </td>
            </tr>
            <tr></tr>
            <tr id="com.test.regression.cub.testscripts.SiteMap_initialization_byStatus_passed_PASS4_row"
                class="testMethodStatusPASS testMethodStatusCONF">
               <td width="100%" class="firstMethodCell">
                  <a onclick="toggleDetailsVisibility('com.test.regression.cub.testscripts.SiteMap_initialization_byStatus_passed_PASS4_details')">initialization(public void com.test.regression.cub.testscripts.SiteMap.SignedUserSiteMap() throws java.lang.InterruptedException,java.io.IOException,javax.xml.xpath.XPathExpressionException,javax.xml.parsers.ParserConfigurationException,org.xml.sax.SAXException)</a>
               </td>
               <td nowrap="true">16:35:03</td>
               <td nowrap="true" align="right">25s
                  
               </td>
               <td nowrap="true">
                   
                  
               </td>
            </tr>
            <tr>
               <td colspan="4" class="detailsBox">
                  <div id="com.test.regression.cub.testscripts.SiteMap_initialization_byStatus_passed_PASS4_details"
                       class="testMethodDetails">
                     <div>
                        <b>Name: </b>initialization
                     </div>
                     <div>
                        <b>Signature: </b>initialization(java.lang.reflect.Method)[pri:0, instance:com.test.regression.cub.testscripts.SiteMap@271053e1]
                     </div>
                     <div>
                        <b>Parameters: </b>
                        
                        public void com.test.regression.cub.testscripts.SiteMap.SignedUserSiteMap() throws java.lang.InterruptedException,java.io.IOException,javax.xml.xpath.XPathExpressionException,javax.xml.parsers.ParserConfigurationException,org.xml.sax.SAXException
                        
                        
                     </div>
                     <div>
                        <b>Start time: </b>16:35:03
                     </div>
                     <div>
                        <b>End time: </b>16:35:29
                     </div>
                     <div>
                        <b>Duration: </b>25s
                        
                     </div>
                  </div>
               </td>
            </tr>
            <tr></tr>
            <tr id="com.test.regression.cub.testscripts.SiteMap_breakDown_byStatus_passed_PASS5_row"
                class="testMethodStatusPASS testMethodStatusCONF">
               <td width="100%" class="firstMethodCell">
                  <a onclick="toggleDetailsVisibility('com.test.regression.cub.testscripts.SiteMap_breakDown_byStatus_passed_PASS5_details')">breakDown([TestResult name=SignedUserSiteMap status=FAILURE method=SiteMap.SignedUserSiteMap()[pri:0, instance:com.test.regression.cub.testscripts.SiteMap@271053e1]
                     output={null}])
                  </a>
               </td>
               <td nowrap="true">16:40:53</td>
               <td nowrap="true" align="right">464 ms
                  
               </td>
               <td nowrap="true">
                   
                  
               </td>
            </tr>
            <tr>
               <td colspan="4" class="detailsBox">
                  <div id="com.test.regression.cub.testscripts.SiteMap_breakDown_byStatus_passed_PASS5_details"
                       class="testMethodDetails">
                     <div>
                        <b>Name: </b>breakDown
                     </div>
                     <div>
                        <b>Signature: </b>breakDown(org.testng.ITestResult)[pri:0, instance:com.test.regression.cub.testscripts.SiteMap@271053e1]
                     </div>
                     <div>
                        <b>Parameters: </b>
                        
                        [TestResult name=SignedUserSiteMap status=FAILURE method=SiteMap.SignedUserSiteMap()[pri:0, instance:com.test.regression.cub.testscripts.SiteMap@271053e1]
                        output={null}]
                        
                        
                     </div>
                     <div>
                        <b>Start time: </b>16:40:53
                     </div>
                     <div>
                        <b>End time: </b>16:40:53
                     </div>
                     <div>
                        <b>Duration: </b>464 ms
                        
                     </div>
                  </div>
               </td>
            </tr>
            <tr></tr>
            <tr id="com.test.regression.cub.testscripts.SiteMap_closeDriver_byStatus_passed_PASS6_row"
                class="testMethodStatusPASS testMethodStatusCONF">
               <td width="100%" class="firstMethodCell">
                  <a onclick="toggleDetailsVisibility('com.test.regression.cub.testscripts.SiteMap_closeDriver_byStatus_passed_PASS6_details')">closeDriver(public void com.test.regression.cub.testscripts.SiteMap.SignedUserSiteMap() throws java.lang.InterruptedException,java.io.IOException,javax.xml.xpath.XPathExpressionException,javax.xml.parsers.ParserConfigurationException,org.xml.sax.SAXException)</a>
               </td>
               <td nowrap="true">16:40:53</td>
               <td nowrap="true" align="right">7s
                  
               </td>
               <td nowrap="true">
                   
                  
               </td>
            </tr>
            <tr>
               <td colspan="4" class="detailsBox">
                  <div id="com.test.regression.cub.testscripts.SiteMap_closeDriver_byStatus_passed_PASS6_details"
                       class="testMethodDetails">
                     <div>
                        <b>Name: </b>closeDriver
                     </div>
                     <div>
                        <b>Signature: </b>closeDriver(java.lang.reflect.Method)[pri:0, instance:com.test.regression.cub.testscripts.SiteMap@271053e1]
                     </div>
                     <div>
                        <b>Parameters: </b>
                        
                        public void com.test.regression.cub.testscripts.SiteMap.SignedUserSiteMap() throws java.lang.InterruptedException,java.io.IOException,javax.xml.xpath.XPathExpressionException,javax.xml.parsers.ParserConfigurationException,org.xml.sax.SAXException
                        
                        
                     </div>
                     <div>
                        <b>Start time: </b>16:40:53
                     </div>
                     <div>
                        <b>End time: </b>16:41:00
                     </div>
                     <div>
                        <b>Duration: </b>7s
                        
                     </div>
                  </div>
               </td>
            </tr>
            <tr></tr>
         </table>
      </div>
      <div id="testMethodsByClass">
         <table class="testMethodsTable" cellpadding="0" cellspacing="0">
            <tr>
               <td colspan="4">
                  <h3 style="display: inline;">com.test.regression.cub.testscripts.SiteMap</h3>
               </td>
            </tr>
            <tr class="methodsTableHeader">
               <td width="100%">Name</td>
               <td nowrap="true">Started</td>
               <td nowrap="true">Duration</td>
               <td>Exception</td>
            </tr>
            <tr id="com.test.regression.cub.testscripts.SiteMap_initialization_byClass_PASS1_row"
                class="testMethodStatusPASS testMethodStatusCONF">
               <td width="100%" class="firstMethodCell">
                  <a onclick="toggleDetailsVisibility('com.test.regression.cub.testscripts.SiteMap_initialization_byClass_PASS1_details')">initialization(public void com.test.regression.cub.testscripts.SiteMap.GuestUserSiteMap() throws java.lang.InterruptedException)</a>
               </td>
               <td nowrap="true">16:30:12</td>
               <td nowrap="true" align="right">13s
                  
               </td>
               <td nowrap="true">
                   
                  
               </td>
            </tr>
            <tr>
               <td colspan="4" class="detailsBox">
                  <div id="com.test.regression.cub.testscripts.SiteMap_initialization_byClass_PASS1_details"
                       class="testMethodDetails">
                     <div>
                        <b>Name: </b>initialization
                     </div>
                     <div>
                        <b>Signature: </b>initialization(java.lang.reflect.Method)[pri:0, instance:com.test.regression.cub.testscripts.SiteMap@271053e1]
                     </div>
                     <div>
                        <b>Parameters: </b>
                        
                        public void com.test.regression.cub.testscripts.SiteMap.GuestUserSiteMap() throws java.lang.InterruptedException
                        
                        
                     </div>
                     <div>
                        <b>Start time: </b>16:30:12
                     </div>
                     <div>
                        <b>End time: </b>16:30:25
                     </div>
                     <div>
                        <b>Duration: </b>13s
                        
                     </div>
                  </div>
               </td>
            </tr>
            <tr></tr>
            <tr id="com.test.regression.cub.testscripts.SiteMap_GuestUserSiteMap_byClass_FAIL2_row"
                class="testMethodStatusFAIL">
               <td width="100%" class="firstMethodCell">
                  <a onclick="toggleDetailsVisibility('com.test.regression.cub.testscripts.SiteMap_GuestUserSiteMap_byClass_FAIL2_details')">GuestUserSiteMap()</a>
               </td>
               <td nowrap="true">16:30:25</td>
               <td nowrap="true" align="right">4m
                  35s
                  
               </td>
               <td nowrap="true">
                  <a onclick="toggleDetailsVisibility('com.test.regression.cub.testscripts.SiteMap_GuestUserSiteMap_byClass_FAIL2_exception')">org.openqa.selenium.TimeoutException: 
                     Timed out after 30 seconds waiting for visibility of Proxy element for: DefaultElementLocator 'By.xpath: //*[@id='content-primary']/div/div[3]/div/ul/li[2]/ul/li/a'
                     Build info: version: '2.53.0', revision: '35ae25b1534ae328c771e0856c93e187490ca824', time: '2016-03-15 10:43:46'
                     System info: host: 'SDEVPCSVU7112', ip: '10.15.142.48', os.name: 'Windows 7', os.arch: 'amd64', os.version: '6.1', java.version:
                     '1.8.0_73'
                     Driver info: org.openqa.selenium.chrome.ChromeDriver
                     Capabilities [{applicationCacheEnabled=false, rotatable=false, mobileEmulationEnabled=false, chrome={chromedriverVersion=2.22.397933
                     (1cab651507b88dec79b2b2a22d1943c01833cc1b), userDataDir=C:\Users\jrag00m\AppData\Local\Temp\scoped_dir133024_18701}, takesHeapSnapshot=true,
                     databaseEnabled=false, handlesAlerts=true, hasTouchScreen=false, version=52.0.2743.116, platform=XP, browserConnectionEnabled=false,
                     nativeEvents=true, acceptSslCerts=true, locationContextEnabled=true, webStorageEnabled=true, browserName=chrome, takesScreenshot=true,
                     javascriptEnabled=true, cssSelectorsEnabled=true}]
                     Session ID: e8c4f1f1d74968b6a6967e43170e0214
                     
                  </a>
                   
                  
               </td>
            </tr>
            <tr>
               <td colspan="4" class="detailsBox">
                  <div id="com.test.regression.cub.testscripts.SiteMap_GuestUserSiteMap_byClass_FAIL2_details"
                       class="testMethodDetails">
                     <div>
                        <b>Name: </b>GuestUserSiteMap
                     </div>
                     <div>
                        <b>Signature: </b>GuestUserSiteMap()[pri:0, instance:com.test.regression.cub.testscripts.SiteMap@271053e1]
                     </div>
                     <div>
                        <b>Start time: </b>16:30:25
                     </div>
                     <div>
                        <b>End time: </b>16:35:01
                     </div>
                     <div>
                        <b>Duration: </b>4m
                        35s
                        
                     </div>
                  </div>
               </td>
            </tr>
            <tr>
               <td colspan="4" class="detailsBox">
                  <div id="com.test.regression.cub.testscripts.SiteMap_GuestUserSiteMap_byClass_FAIL2_exception"
                       class="testMethodDetails">
                     <pre style="padding: 5px; margin: 0;">org.openqa.selenium.TimeoutException: Timed out after 30 seconds waiting for visibility of Proxy element for: DefaultElementLocator
                        'By.xpath: //*[@id='content-primary']/div/div[3]/div/ul/li[2]/ul/li/a'
                        Build info: version: '2.53.0', revision: '35ae25b1534ae328c771e0856c93e187490ca824', time: '2016-03-15 10:43:46'
                        System info: host: 'SDEVPCSVU7112', ip: '10.15.142.48', os.name: 'Windows 7', os.arch: 'amd64', os.version: '6.1', java.version:
                        '1.8.0_73'
                        Driver info: org.openqa.selenium.chrome.ChromeDriver
                        Capabilities [{applicationCacheEnabled=false, rotatable=false, mobileEmulationEnabled=false, chrome={chromedriverVersion=2.22.397933
                        (1cab651507b88dec79b2b2a22d1943c01833cc1b), userDataDir=C:\Users\jrag00m\AppData\Local\Temp\scoped_dir133024_18701}, takesHeapSnapshot=true,
                        databaseEnabled=false, handlesAlerts=true, hasTouchScreen=false, version=52.0.2743.116, platform=XP, browserConnectionEnabled=false,
                        nativeEvents=true, acceptSslCerts=true, locationContextEnabled=true, webStorageEnabled=true, browserName=chrome, takesScreenshot=true,
                        javascriptEnabled=true, cssSelectorsEnabled=true}]
                        Session ID: e8c4f1f1d74968b6a6967e43170e0214
                        	at org.openqa.selenium.support.ui.WebDriverWait.timeoutException(WebDriverWait.java:80)
                        	at org.openqa.selenium.support.ui.FluentWait.until(FluentWait.java:261)
                        	at com.test.regression.cub.utils.SuiteBase.waitFor(SuiteBase.java:138)
                        	at com.test.regression.cub.utils.SuiteBase.waitFor(SuiteBase.java:142)
                        	at com.test.regression.cub.pages.SiteMapPage.clickOnSearchRecipes(SiteMapPage.java:270)
                        	at com.test.regression.cub.testscripts.SiteMap.GuestUserSiteMap(SiteMap.java:162)
                        	at sun.reflect.NativeMethodAccessorImpl.invoke0(Native Method)
                        	at sun.reflect.NativeMethodAccessorImpl.invoke(NativeMethodAccessorImpl.java:62)
                        	at sun.reflect.DelegatingMethodAccessorImpl.invoke(DelegatingMethodAccessorImpl.java:43)
                        	at java.lang.reflect.Method.invoke(Method.java:497)
                        	at org.testng.internal.MethodInvocationHelper.invokeMethod(MethodInvocationHelper.java:80)
                        	at org.testng.internal.Invoker.invokeMethod(Invoker.java:714)
                        	at org.testng.internal.Invoker.invokeTestMethod(Invoker.java:901)
                        	at org.testng.internal.Invoker.invokeTestMethods(Invoker.java:1231)
                        	at org.testng.internal.TestMethodWorker.invokeTestMethods(TestMethodWorker.java:127)
                        	at org.testng.internal.TestMethodWorker.run(TestMethodWorker.java:111)
                        	at org.testng.TestRunner.privateRun(TestRunner.java:767)
                        	at org.testng.TestRunner.run(TestRunner.java:617)
                        	at org.testng.SuiteRunner.runTest(SuiteRunner.java:334)
                        	at org.testng.SuiteRunner.runSequentially(SuiteRunner.java:329)
                        	at org.testng.SuiteRunner.privateRun(SuiteRunner.java:291)
                        	at org.testng.SuiteRunner.run(SuiteRunner.java:240)
                        	at org.testng.SuiteRunnerWorker.runSuite(SuiteRunnerWorker.java:52)
                        	at org.testng.SuiteRunnerWorker.run(SuiteRunnerWorker.java:86)
                        	at org.testng.TestNG.runSuitesSequentially(TestNG.java:1198)
                        	at org.testng.TestNG.runSuitesLocally(TestNG.java:1123)
                        	at org.testng.TestNG.run(TestNG.java:1031)
                        	at org.apache.maven.surefire.testng.TestNGExecutor.run(TestNGExecutor.java:178)
                        	at org.apache.maven.surefire.testng.TestNGXmlTestSuite.execute(TestNGXmlTestSuite.java:92)
                        	at org.apache.maven.surefire.testng.TestNGProvider.invoke(TestNGProvider.java:96)
                        	at sun.reflect.NativeMethodAccessorImpl.invoke0(Native Method)
                        	at sun.reflect.NativeMethodAccessorImpl.invoke(NativeMethodAccessorImpl.java:62)
                        	at sun.reflect.DelegatingMethodAccessorImpl.invoke(DelegatingMethodAccessorImpl.java:43)
                        	at java.lang.reflect.Method.invoke(Method.java:497)
                        	at org.apache.maven.surefire.util.ReflectionUtils.invokeMethodWithArray2(ReflectionUtils.java:208)
                        	at org.apache.maven.surefire.booter.ProviderFactory$ProviderProxy.invoke(ProviderFactory.java:159)
                        	at org.apache.maven.surefire.booter.ProviderFactory.invokeProvider(ProviderFactory.java:87)
                        	at org.apache.maven.surefire.booter.ForkedBooter.runSuitesInProcess(ForkedBooter.java:153)
                        	at org.apache.maven.surefire.booter.ForkedBooter.main(ForkedBooter.java:95)
                        Caused by: org.openqa.selenium.NoSuchElementException: no such element: Unable to locate element: {"method":"xpath","selector":"//*[@id='content-primary']/div/div[3]/div/ul/li[2]/ul/li/a"}
                        (Session info: chrome=52.0.2743.116)
                        (Driver info: chromedriver=2.22.397933 (1cab651507b88dec79b2b2a22d1943c01833cc1b),platform=Windows NT 6.1.7601 SP1 x86_64)
                        (WARNING: The server did not provide any stacktrace information)
                        Command duration or timeout: 20.02 seconds
                        For documentation on this error, please visit: http://seleniumhq.org/exceptions/no_such_element.html
                        Build info: version: '2.53.0', revision: '35ae25b1534ae328c771e0856c93e187490ca824', time: '2016-03-15 10:43:46'
                        System info: host: 'SDEVPCSVU7112', ip: '10.15.142.48', os.name: 'Windows 7', os.arch: 'amd64', os.version: '6.1', java.version:
                        '1.8.0_73'
                        Driver info: org.openqa.selenium.chrome.ChromeDriver
                        Capabilities [{applicationCacheEnabled=false, rotatable=false, mobileEmulationEnabled=false, chrome={chromedriverVersion=2.22.397933
                        (1cab651507b88dec79b2b2a22d1943c01833cc1b), userDataDir=C:\Users\jrag00m\AppData\Local\Temp\scoped_dir133024_18701}, takesHeapSnapshot=true,
                        databaseEnabled=false, handlesAlerts=true, hasTouchScreen=false, version=52.0.2743.116, platform=XP, browserConnectionEnabled=false,
                        nativeEvents=true, acceptSslCerts=true, locationContextEnabled=true, webStorageEnabled=true, browserName=chrome, takesScreenshot=true,
                        javascriptEnabled=true, cssSelectorsEnabled=true}]
                        Session ID: e8c4f1f1d74968b6a6967e43170e0214
                        *** Element info: {Using=xpath, value=//*[@id='content-primary']/div/div[3]/div/ul/li[2]/ul/li/a}
                        	at sun.reflect.GeneratedConstructorAccessor15.newInstance(Unknown Source)
                        	at sun.reflect.DelegatingConstructorAccessorImpl.newInstance(DelegatingConstructorAccessorImpl.java:45)
                        	at java.lang.reflect.Constructor.newInstance(Constructor.java:422)
                        	at org.openqa.selenium.remote.ErrorHandler.createThrowable(ErrorHandler.java:206)
                        	at org.openqa.selenium.remote.ErrorHandler.throwIfResponseFailed(ErrorHandler.java:158)
                        	at org.openqa.selenium.remote.RemoteWebDriver.execute(RemoteWebDriver.java:678)
                        	at org.openqa.selenium.remote.RemoteWebDriver.findElement(RemoteWebDriver.java:363)
                        	at org.openqa.selenium.remote.RemoteWebDriver.findElementByXPath(RemoteWebDriver.java:500)
                        	at org.openqa.selenium.By$ByXPath.findElement(By.java:361)
                        	at org.openqa.selenium.remote.RemoteWebDriver.findElement(RemoteWebDriver.java:355)
                        	at org.openqa.selenium.support.pagefactory.DefaultElementLocator.findElement(DefaultElementLocator.java:69)
                        	at org.openqa.selenium.support.pagefactory.internal.LocatingElementHandler.invoke(LocatingElementHandler.java:38)
                        	at com.sun.proxy.$Proxy6.isDisplayed(Unknown Source)
                        	at org.openqa.selenium.support.ui.ExpectedConditions.elementIfVisible(ExpectedConditions.java:302)
                        	at org.openqa.selenium.support.ui.ExpectedConditions.access$100(ExpectedConditions.java:41)
                        	at org.openqa.selenium.support.ui.ExpectedConditions$10.apply(ExpectedConditions.java:288)
                        	at org.openqa.selenium.support.ui.ExpectedConditions$10.apply(ExpectedConditions.java:285)
                        	at org.openqa.selenium.support.ui.FluentWait.until(FluentWait.java:238)
                        	... 37 more
                     </pre>
                  </div>
               </td>
            </tr>
            <tr id="com.test.regression.cub.testscripts.SiteMap_breakDown_byClass_PASS3_row"
                class="testMethodStatusPASS testMethodStatusCONF">
               <td width="100%" class="firstMethodCell">
                  <a onclick="toggleDetailsVisibility('com.test.regression.cub.testscripts.SiteMap_breakDown_byClass_PASS3_details')">breakDown([TestResult name=GuestUserSiteMap status=FAILURE method=SiteMap.GuestUserSiteMap()[pri:0, instance:com.test.regression.cub.testscripts.SiteMap@271053e1]
                     output={null}])
                  </a>
               </td>
               <td nowrap="true">16:35:01</td>
               <td nowrap="true" align="right">213 ms
                  
               </td>
               <td nowrap="true">
                   
                  
               </td>
            </tr>
            <tr>
               <td colspan="4" class="detailsBox">
                  <div id="com.test.regression.cub.testscripts.SiteMap_breakDown_byClass_PASS3_details"
                       class="testMethodDetails">
                     <div>
                        <b>Name: </b>breakDown
                     </div>
                     <div>
                        <b>Signature: </b>breakDown(org.testng.ITestResult)[pri:0, instance:com.test.regression.cub.testscripts.SiteMap@271053e1]
                     </div>
                     <div>
                        <b>Parameters: </b>
                        
                        [TestResult name=GuestUserSiteMap status=FAILURE method=SiteMap.GuestUserSiteMap()[pri:0, instance:com.test.regression.cub.testscripts.SiteMap@271053e1]
                        output={null}]
                        
                        
                     </div>
                     <div>
                        <b>Start time: </b>16:35:01
                     </div>
                     <div>
                        <b>End time: </b>16:35:01
                     </div>
                     <div>
                        <b>Duration: </b>213 ms
                        
                     </div>
                  </div>
               </td>
            </tr>
            <tr></tr>
            <tr id="com.test.regression.cub.testscripts.SiteMap_closeDriver_byClass_PASS4_row"
                class="testMethodStatusPASS testMethodStatusCONF">
               <td width="100%" class="firstMethodCell">
                  <a onclick="toggleDetailsVisibility('com.test.regression.cub.testscripts.SiteMap_closeDriver_byClass_PASS4_details')">closeDriver(public void com.test.regression.cub.testscripts.SiteMap.GuestUserSiteMap() throws java.lang.InterruptedException)</a>
               </td>
               <td nowrap="true">16:35:01</td>
               <td nowrap="true" align="right">2s
                  
               </td>
               <td nowrap="true">
                   
                  
               </td>
            </tr>
            <tr>
               <td colspan="4" class="detailsBox">
                  <div id="com.test.regression.cub.testscripts.SiteMap_closeDriver_byClass_PASS4_details"
                       class="testMethodDetails">
                     <div>
                        <b>Name: </b>closeDriver
                     </div>
                     <div>
                        <b>Signature: </b>closeDriver(java.lang.reflect.Method)[pri:0, instance:com.test.regression.cub.testscripts.SiteMap@271053e1]
                     </div>
                     <div>
                        <b>Parameters: </b>
                        
                        public void com.test.regression.cub.testscripts.SiteMap.GuestUserSiteMap() throws java.lang.InterruptedException
                        
                        
                     </div>
                     <div>
                        <b>Start time: </b>16:35:01
                     </div>
                     <div>
                        <b>End time: </b>16:35:03
                     </div>
                     <div>
                        <b>Duration: </b>2s
                        
                     </div>
                  </div>
               </td>
            </tr>
            <tr></tr>
            <tr id="com.test.regression.cub.testscripts.SiteMap_initialization_byClass_PASS5_row"
                class="testMethodStatusPASS testMethodStatusCONF">
               <td width="100%" class="firstMethodCell">
                  <a onclick="toggleDetailsVisibility('com.test.regression.cub.testscripts.SiteMap_initialization_byClass_PASS5_details')">initialization(public void com.test.regression.cub.testscripts.SiteMap.SignedUserSiteMap() throws java.lang.InterruptedException,java.io.IOException,javax.xml.xpath.XPathExpressionException,javax.xml.parsers.ParserConfigurationException,org.xml.sax.SAXException)</a>
               </td>
               <td nowrap="true">16:35:03</td>
               <td nowrap="true" align="right">25s
                  
               </td>
               <td nowrap="true">
                   
                  
               </td>
            </tr>
            <tr>
               <td colspan="4" class="detailsBox">
                  <div id="com.test.regression.cub.testscripts.SiteMap_initialization_byClass_PASS5_details"
                       class="testMethodDetails">
                     <div>
                        <b>Name: </b>initialization
                     </div>
                     <div>
                        <b>Signature: </b>initialization(java.lang.reflect.Method)[pri:0, instance:com.test.regression.cub.testscripts.SiteMap@271053e1]
                     </div>
                     <div>
                        <b>Parameters: </b>
                        
                        public void com.test.regression.cub.testscripts.SiteMap.SignedUserSiteMap() throws java.lang.InterruptedException,java.io.IOException,javax.xml.xpath.XPathExpressionException,javax.xml.parsers.ParserConfigurationException,org.xml.sax.SAXException
                        
                        
                     </div>
                     <div>
                        <b>Start time: </b>16:35:03
                     </div>
                     <div>
                        <b>End time: </b>16:35:29
                     </div>
                     <div>
                        <b>Duration: </b>25s
                        
                     </div>
                  </div>
               </td>
            </tr>
            <tr></tr>
            <tr id="com.test.regression.cub.testscripts.SiteMap_SignedUserSiteMap_byClass_FAIL6_row"
                class="testMethodStatusFAIL">
               <td width="100%" class="firstMethodCell">
                  <a onclick="toggleDetailsVisibility('com.test.regression.cub.testscripts.SiteMap_SignedUserSiteMap_byClass_FAIL6_details')">SignedUserSiteMap()</a>
               </td>
               <td nowrap="true">16:35:29</td>
               <td nowrap="true" align="right">5m
                  23s
                  
               </td>
               <td nowrap="true">
                  <a onclick="toggleDetailsVisibility('com.test.regression.cub.testscripts.SiteMap_SignedUserSiteMap_byClass_FAIL6_exception')">org.openqa.selenium.TimeoutException: 
                     Timed out after 30 seconds waiting for visibility of Proxy element for: DefaultElementLocator 'By.xpath: //*[@id='content-primary']/div/div[3]/div/ul/li[2]/ul/li/a'
                     Build info: version: '2.53.0', revision: '35ae25b1534ae328c771e0856c93e187490ca824', time: '2016-03-15 10:43:46'
                     System info: host: 'SDEVPCSVU7112', ip: '10.15.142.48', os.name: 'Windows 7', os.arch: 'amd64', os.version: '6.1', java.version:
                     '1.8.0_73'
                     Driver info: org.openqa.selenium.chrome.ChromeDriver
                     Capabilities [{applicationCacheEnabled=false, rotatable=false, mobileEmulationEnabled=false, chrome={chromedriverVersion=2.22.397933
                     (1cab651507b88dec79b2b2a22d1943c01833cc1b), userDataDir=C:\Users\jrag00m\AppData\Local\Temp\scoped_dir130820_19699}, takesHeapSnapshot=true,
                     databaseEnabled=false, handlesAlerts=true, hasTouchScreen=false, version=52.0.2743.116, platform=XP, browserConnectionEnabled=false,
                     nativeEvents=true, acceptSslCerts=true, locationContextEnabled=true, webStorageEnabled=true, browserName=chrome, takesScreenshot=true,
                     javascriptEnabled=true, cssSelectorsEnabled=true}]
                     Session ID: d034ab43fb444d17a174662e6e710682
                     
                  </a>
                   
                  
               </td>
            </tr>
            <tr>
               <td colspan="4" class="detailsBox">
                  <div id="com.test.regression.cub.testscripts.SiteMap_SignedUserSiteMap_byClass_FAIL6_details"
                       class="testMethodDetails">
                     <div>
                        <b>Name: </b>SignedUserSiteMap
                     </div>
                     <div>
                        <b>Signature: </b>SignedUserSiteMap()[pri:0, instance:com.test.regression.cub.testscripts.SiteMap@271053e1]
                     </div>
                     <div>
                        <b>Start time: </b>16:35:29
                     </div>
                     <div>
                        <b>End time: </b>16:40:53
                     </div>
                     <div>
                        <b>Duration: </b>5m
                        23s
                        
                     </div>
                  </div>
               </td>
            </tr>
            <tr>
               <td colspan="4" class="detailsBox">
                  <div id="com.test.regression.cub.testscripts.SiteMap_SignedUserSiteMap_byClass_FAIL6_exception"
                       class="testMethodDetails">
                     <pre style="padding: 5px; margin: 0;">org.openqa.selenium.TimeoutException: Timed out after 30 seconds waiting for visibility of Proxy element for: DefaultElementLocator
                        'By.xpath: //*[@id='content-primary']/div/div[3]/div/ul/li[2]/ul/li/a'
                        Build info: version: '2.53.0', revision: '35ae25b1534ae328c771e0856c93e187490ca824', time: '2016-03-15 10:43:46'
                        System info: host: 'SDEVPCSVU7112', ip: '10.15.142.48', os.name: 'Windows 7', os.arch: 'amd64', os.version: '6.1', java.version:
                        '1.8.0_73'
                        Driver info: org.openqa.selenium.chrome.ChromeDriver
                        Capabilities [{applicationCacheEnabled=false, rotatable=false, mobileEmulationEnabled=false, chrome={chromedriverVersion=2.22.397933
                        (1cab651507b88dec79b2b2a22d1943c01833cc1b), userDataDir=C:\Users\jrag00m\AppData\Local\Temp\scoped_dir130820_19699}, takesHeapSnapshot=true,
                        databaseEnabled=false, handlesAlerts=true, hasTouchScreen=false, version=52.0.2743.116, platform=XP, browserConnectionEnabled=false,
                        nativeEvents=true, acceptSslCerts=true, locationContextEnabled=true, webStorageEnabled=true, browserName=chrome, takesScreenshot=true,
                        javascriptEnabled=true, cssSelectorsEnabled=true}]
                        Session ID: d034ab43fb444d17a174662e6e710682
                        	at org.openqa.selenium.support.ui.WebDriverWait.timeoutException(WebDriverWait.java:80)
                        	at org.openqa.selenium.support.ui.FluentWait.until(FluentWait.java:261)
                        	at com.test.regression.cub.utils.SuiteBase.waitFor(SuiteBase.java:138)
                        	at com.test.regression.cub.utils.SuiteBase.waitFor(SuiteBase.java:142)
                        	at com.test.regression.cub.pages.SiteMapPage.clickOnSearchRecipes(SiteMapPage.java:270)
                        	at com.test.regression.cub.testscripts.SiteMap.SignedUserSiteMap(SiteMap.java:616)
                        	at sun.reflect.NativeMethodAccessorImpl.invoke0(Native Method)
                        	at sun.reflect.NativeMethodAccessorImpl.invoke(NativeMethodAccessorImpl.java:62)
                        	at sun.reflect.DelegatingMethodAccessorImpl.invoke(DelegatingMethodAccessorImpl.java:43)
                        	at java.lang.reflect.Method.invoke(Method.java:497)
                        	at org.testng.internal.MethodInvocationHelper.invokeMethod(MethodInvocationHelper.java:80)
                        	at org.testng.internal.Invoker.invokeMethod(Invoker.java:714)
                        	at org.testng.internal.Invoker.invokeTestMethod(Invoker.java:901)
                        	at org.testng.internal.Invoker.invokeTestMethods(Invoker.java:1231)
                        	at org.testng.internal.TestMethodWorker.invokeTestMethods(TestMethodWorker.java:127)
                        	at org.testng.internal.TestMethodWorker.run(TestMethodWorker.java:111)
                        	at org.testng.TestRunner.privateRun(TestRunner.java:767)
                        	at org.testng.TestRunner.run(TestRunner.java:617)
                        	at org.testng.SuiteRunner.runTest(SuiteRunner.java:334)
                        	at org.testng.SuiteRunner.runSequentially(SuiteRunner.java:329)
                        	at org.testng.SuiteRunner.privateRun(SuiteRunner.java:291)
                        	at org.testng.SuiteRunner.run(SuiteRunner.java:240)
                        	at org.testng.SuiteRunnerWorker.runSuite(SuiteRunnerWorker.java:52)
                        	at org.testng.SuiteRunnerWorker.run(SuiteRunnerWorker.java:86)
                        	at org.testng.TestNG.runSuitesSequentially(TestNG.java:1198)
                        	at org.testng.TestNG.runSuitesLocally(TestNG.java:1123)
                        	at org.testng.TestNG.run(TestNG.java:1031)
                        	at org.apache.maven.surefire.testng.TestNGExecutor.run(TestNGExecutor.java:178)
                        	at org.apache.maven.surefire.testng.TestNGXmlTestSuite.execute(TestNGXmlTestSuite.java:92)
                        	at org.apache.maven.surefire.testng.TestNGProvider.invoke(TestNGProvider.java:96)
                        	at sun.reflect.NativeMethodAccessorImpl.invoke0(Native Method)
                        	at sun.reflect.NativeMethodAccessorImpl.invoke(NativeMethodAccessorImpl.java:62)
                        	at sun.reflect.DelegatingMethodAccessorImpl.invoke(DelegatingMethodAccessorImpl.java:43)
                        	at java.lang.reflect.Method.invoke(Method.java:497)
                        	at org.apache.maven.surefire.util.ReflectionUtils.invokeMethodWithArray2(ReflectionUtils.java:208)
                        	at org.apache.maven.surefire.booter.ProviderFactory$ProviderProxy.invoke(ProviderFactory.java:159)
                        	at org.apache.maven.surefire.booter.ProviderFactory.invokeProvider(ProviderFactory.java:87)
                        	at org.apache.maven.surefire.booter.ForkedBooter.runSuitesInProcess(ForkedBooter.java:153)
                        	at org.apache.maven.surefire.booter.ForkedBooter.main(ForkedBooter.java:95)
                        Caused by: org.openqa.selenium.NoSuchElementException: no such element: Unable to locate element: {"method":"xpath","selector":"//*[@id='content-primary']/div/div[3]/div/ul/li[2]/ul/li/a"}
                        (Session info: chrome=52.0.2743.116)
                        (Driver info: chromedriver=2.22.397933 (1cab651507b88dec79b2b2a22d1943c01833cc1b),platform=Windows NT 6.1.7601 SP1 x86_64)
                        (WARNING: The server did not provide any stacktrace information)
                        Command duration or timeout: 20.03 seconds
                        For documentation on this error, please visit: http://seleniumhq.org/exceptions/no_such_element.html
                        Build info: version: '2.53.0', revision: '35ae25b1534ae328c771e0856c93e187490ca824', time: '2016-03-15 10:43:46'
                        System info: host: 'SDEVPCSVU7112', ip: '10.15.142.48', os.name: 'Windows 7', os.arch: 'amd64', os.version: '6.1', java.version:
                        '1.8.0_73'
                        Driver info: org.openqa.selenium.chrome.ChromeDriver
                        Capabilities [{applicationCacheEnabled=false, rotatable=false, mobileEmulationEnabled=false, chrome={chromedriverVersion=2.22.397933
                        (1cab651507b88dec79b2b2a22d1943c01833cc1b), userDataDir=C:\Users\jrag00m\AppData\Local\Temp\scoped_dir130820_19699}, takesHeapSnapshot=true,
                        databaseEnabled=false, handlesAlerts=true, hasTouchScreen=false, version=52.0.2743.116, platform=XP, browserConnectionEnabled=false,
                        nativeEvents=true, acceptSslCerts=true, locationContextEnabled=true, webStorageEnabled=true, browserName=chrome, takesScreenshot=true,
                        javascriptEnabled=true, cssSelectorsEnabled=true}]
                        Session ID: d034ab43fb444d17a174662e6e710682
                        *** Element info: {Using=xpath, value=//*[@id='content-primary']/div/div[3]/div/ul/li[2]/ul/li/a}
                        	at sun.reflect.GeneratedConstructorAccessor15.newInstance(Unknown Source)
                        	at sun.reflect.DelegatingConstructorAccessorImpl.newInstance(DelegatingConstructorAccessorImpl.java:45)
                        	at java.lang.reflect.Constructor.newInstance(Constructor.java:422)
                        	at org.openqa.selenium.remote.ErrorHandler.createThrowable(ErrorHandler.java:206)
                        	at org.openqa.selenium.remote.ErrorHandler.throwIfResponseFailed(ErrorHandler.java:158)
                        	at org.openqa.selenium.remote.RemoteWebDriver.execute(RemoteWebDriver.java:678)
                        	at org.openqa.selenium.remote.RemoteWebDriver.findElement(RemoteWebDriver.java:363)
                        	at org.openqa.selenium.remote.RemoteWebDriver.findElementByXPath(RemoteWebDriver.java:500)
                        	at org.openqa.selenium.By$ByXPath.findElement(By.java:361)
                        	at org.openqa.selenium.remote.RemoteWebDriver.findElement(RemoteWebDriver.java:355)
                        	at org.openqa.selenium.support.pagefactory.DefaultElementLocator.findElement(DefaultElementLocator.java:69)
                        	at org.openqa.selenium.support.pagefactory.internal.LocatingElementHandler.invoke(LocatingElementHandler.java:38)
                        	at com.sun.proxy.$Proxy6.isDisplayed(Unknown Source)
                        	at org.openqa.selenium.support.ui.ExpectedConditions.elementIfVisible(ExpectedConditions.java:302)
                        	at org.openqa.selenium.support.ui.ExpectedConditions.access$100(ExpectedConditions.java:41)
                        	at org.openqa.selenium.support.ui.ExpectedConditions$10.apply(ExpectedConditions.java:288)
                        	at org.openqa.selenium.support.ui.ExpectedConditions$10.apply(ExpectedConditions.java:285)
                        	at org.openqa.selenium.support.ui.FluentWait.until(FluentWait.java:238)
                        	... 37 more
                     </pre>
                  </div>
               </td>
            </tr>
            <tr id="com.test.regression.cub.testscripts.SiteMap_breakDown_byClass_PASS7_row"
                class="testMethodStatusPASS testMethodStatusCONF">
               <td width="100%" class="firstMethodCell">
                  <a onclick="toggleDetailsVisibility('com.test.regression.cub.testscripts.SiteMap_breakDown_byClass_PASS7_details')">breakDown([TestResult name=SignedUserSiteMap status=FAILURE method=SiteMap.SignedUserSiteMap()[pri:0, instance:com.test.regression.cub.testscripts.SiteMap@271053e1]
                     output={null}])
                  </a>
               </td>
               <td nowrap="true">16:40:53</td>
               <td nowrap="true" align="right">464 ms
                  
               </td>
               <td nowrap="true">
                   
                  
               </td>
            </tr>
            <tr>
               <td colspan="4" class="detailsBox">
                  <div id="com.test.regression.cub.testscripts.SiteMap_breakDown_byClass_PASS7_details"
                       class="testMethodDetails">
                     <div>
                        <b>Name: </b>breakDown
                     </div>
                     <div>
                        <b>Signature: </b>breakDown(org.testng.ITestResult)[pri:0, instance:com.test.regression.cub.testscripts.SiteMap@271053e1]
                     </div>
                     <div>
                        <b>Parameters: </b>
                        
                        [TestResult name=SignedUserSiteMap status=FAILURE method=SiteMap.SignedUserSiteMap()[pri:0, instance:com.test.regression.cub.testscripts.SiteMap@271053e1]
                        output={null}]
                        
                        
                     </div>
                     <div>
                        <b>Start time: </b>16:40:53
                     </div>
                     <div>
                        <b>End time: </b>16:40:53
                     </div>
                     <div>
                        <b>Duration: </b>464 ms
                        
                     </div>
                  </div>
               </td>
            </tr>
            <tr></tr>
            <tr id="com.test.regression.cub.testscripts.SiteMap_closeDriver_byClass_PASS8_row"
                class="testMethodStatusPASS testMethodStatusCONF">
               <td width="100%" class="firstMethodCell">
                  <a onclick="toggleDetailsVisibility('com.test.regression.cub.testscripts.SiteMap_closeDriver_byClass_PASS8_details')">closeDriver(public void com.test.regression.cub.testscripts.SiteMap.SignedUserSiteMap() throws java.lang.InterruptedException,java.io.IOException,javax.xml.xpath.XPathExpressionException,javax.xml.parsers.ParserConfigurationException,org.xml.sax.SAXException)</a>
               </td>
               <td nowrap="true">16:40:53</td>
               <td nowrap="true" align="right">7s
                  
               </td>
               <td nowrap="true">
                   
                  
               </td>
            </tr>
            <tr>
               <td colspan="4" class="detailsBox">
                  <div id="com.test.regression.cub.testscripts.SiteMap_closeDriver_byClass_PASS8_details"
                       class="testMethodDetails">
                     <div>
                        <b>Name: </b>closeDriver
                     </div>
                     <div>
                        <b>Signature: </b>closeDriver(java.lang.reflect.Method)[pri:0, instance:com.test.regression.cub.testscripts.SiteMap@271053e1]
                     </div>
                     <div>
                        <b>Parameters: </b>
                        
                        public void com.test.regression.cub.testscripts.SiteMap.SignedUserSiteMap() throws java.lang.InterruptedException,java.io.IOException,javax.xml.xpath.XPathExpressionException,javax.xml.parsers.ParserConfigurationException,org.xml.sax.SAXException
                        
                        
                     </div>
                     <div>
                        <b>Start time: </b>16:40:53
                     </div>
                     <div>
                        <b>End time: </b>16:41:00
                     </div>
                     <div>
                        <b>Duration: </b>7s
                        
                     </div>
                  </div>
               </td>
            </tr>
            <tr></tr>
         </table>
         <br></br>
      </div>
      <div style="margin-top: 15px; color: gray; text-align: center; font-size: 9px;">
         Generated with
         
         <a href="http://code.google.com/p/testng-xslt/" style="color: #8888aa;"
            target="_blank">
            TestNG XSLT
            
         </a>
      </div>
   </body>
</html>