<html xmlns:math="http://exslt.org/math" xmlns:testng="http://testng.org">
   <head>
      <title>TestNG Results</title>
      <meta http-equiv="content-type" content="text/html; charset=utf-8"></meta>
      <meta http-equiv="pragma" content="no-cache"></meta>
      <meta http-equiv="cache-control" content="max-age=0"></meta>
      <meta http-equiv="cache-control" content="no-cache"></meta>
      <meta http-equiv="cache-control" content="no-store"></meta>
      <LINK rel="stylesheet" href="style.css"></LINK>
      <script type="text/javascript" src="main.js"></script>
   </head>
   <body>
      <table width="100%" style="font-size: 16px; margin-bottom: 10px;" cellspacing="1">
         <tr>
            <td width="100%">
               Test case
               
               <b>Sign Up - Testing</b>
            </td>
            <td style="background-color: #FFBBBB; padding: 3px 3px 3px 0;" align="center">
               <div style="width: 50px;">3</div>
            </td>
            <td style="background-color: lightgreen; padding: 3px 3px 3px 0;" align="center">
               <div style="width: 50px;">5</div>
            </td>
            <td style="background-color: #FFFFBB; padding: 3px 3px 3px 0;" align="center">
               <div style="width: 50px;">0</div>
            </td>
            <td align="center" style="background-color: #eaf0f7; padding: 3px 3px 3px 0;">
               <div style="width: 50px;">8</div>
            </td>
            <td align="center"
                style="font-weight: bold; background-color: #eaf0f7; padding: 3px 3px 3px 0;">
               <div style="width: 50px;">62%</div>
            </td>
            <td style="background-color: #eaf0f7; padding: 3px 3px 3px 0;" align="center"
                nowrap="true">11m
               54s
               
            </td>
         </tr>
      </table>
      <div style="width: 200px;">
         <label for="groupMethodsCheckBox" style="font-weight: bold; margin: 0;">
            <input id="groupMethodsCheckBox" type="checkbox" onclick="switchTestMethodsView(this)"
                   checked=""></input>
            Group by class
            
         </label>
         <br></br>
         <label for="methodsFilter_ALL" style="font-weight: bold; margin: 0;">
            <input id="methodsFilter_ALL" type="checkbox"
                   onclick="testMethodsFilterChanged(this, 'ALL')"
                   checked=""></input>
            All
            
         </label>
      </div>
      <label for="methodsFilter_FAIL" style="margin-left: 20px;">
         <input id="methodsFilter_FAIL" type="checkbox"
                onclick="testMethodsFilterChanged(this, 'FAIL')"
                checked=""></input>
         Failed
         
      </label>
      <label for="methodsFilter_PASS">
         <input id="methodsFilter_PASS" type="checkbox"
                onclick="testMethodsFilterChanged(this, 'PASS')"
                checked=""></input>
         Passed
         
      </label>
      <label for="methodsFilter_SKIP">
         <input id="methodsFilter_SKIP" type="checkbox"
                onclick="testMethodsFilterChanged(this, 'SKIP')"
                checked=""></input>
         Skipped
         
      </label>
      <label for="methodsFilter_CONF">
         <input id="methodsFilter_CONF" type="checkbox"
                onclick="testMethodsFilterChanged(this, 'CONF')"
                checked=""></input>
         Config
         
      </label>
      <br></br>
      <div id="testMethodsByStatus" style="display: none;">
         <table class="testMethodsTable" cellpadding="0" cellspacing="0">
            <tr class="methodsTableHeader">
               <td width="100%">Name</td>
               <td nowrap="true">Started</td>
               <td nowrap="true">Duration</td>
               <td>Exception</td>
            </tr>
            <tr id="com.test.regression.cub.testscripts.SignUp_validSignUp_yesIHaveOne_validateRewardsPopup_byStatus_failed_FAIL1_row"
                class="testMethodStatusFAIL">
               <td width="100%" class="firstMethodCell">
                  <a onclick="toggleDetailsVisibility('com.test.regression.cub.testscripts.SignUp_validSignUp_yesIHaveOne_validateRewardsPopup_byStatus_failed_FAIL1_details')">validSignUp_yesIHaveOne_validateRewardsPopup()</a>
               </td>
               <td nowrap="true">13:12:42</td>
               <td nowrap="true" align="right">3m
                  56s
                  
               </td>
               <td nowrap="true">
                  <a onclick="toggleDetailsVisibility('com.test.regression.cub.testscripts.SignUp_validSignUp_yesIHaveOne_validateRewardsPopup_byStatus_failed_FAIL1_exception')">java.lang.AssertionError: 
                     The following asserts failed:
                     
                     Failed: No error displayed when user enters invalid cardless id and valid lastname.., 
                     Failed: No error displayed when user enters invalid last name and valid  card number.., 
                     Failed: No error displayed when user enters invalid Cardles id and valid  card number.., 
                     Failed: No error displayed when user enters valid Cardles id and invalid card number.., 
                     Failed: No error displayed when user enters valid cardless id and invalid lastname.., 
                     Failed: Continue button is enabled  when user enters alphabets in Cardles id feild while adding existing card.., 
                     Failed: Continue button is enabled  when user enters Special Characters in Cardles id feild while adding existing card..,
                     
                     Failed: Continue button is enabled  when user enters Space in Cardles id feild while adding existing card.., 
                     Failed: No error displayed when user enters invalid card number and valid lastname..
                     
                  </a>
                   
                  
               </td>
            </tr>
            <tr>
               <td colspan="4" class="detailsBox">
                  <div id="com.test.regression.cub.testscripts.SignUp_validSignUp_yesIHaveOne_validateRewardsPopup_byStatus_failed_FAIL1_details"
                       class="testMethodDetails">
                     <div>
                        <b>Name: </b>validSignUp_yesIHaveOne_validateRewardsPopup
                     </div>
                     <div>
                        <b>Signature: </b>validSignUp_yesIHaveOne_validateRewardsPopup()[pri:0, instance:com.test.regression.cub.testscripts.SignUp@4678c730]
                     </div>
                     <div>
                        <b>Start time: </b>13:12:42
                     </div>
                     <div>
                        <b>End time: </b>13:16:38
                     </div>
                     <div>
                        <b>Duration: </b>3m
                        56s
                        
                     </div>
                  </div>
               </td>
            </tr>
            <tr>
               <td colspan="4" class="detailsBox">
                  <div id="com.test.regression.cub.testscripts.SignUp_validSignUp_yesIHaveOne_validateRewardsPopup_byStatus_failed_FAIL1_exception"
                       class="testMethodDetails">
                     <pre style="padding: 5px; margin: 0;">java.lang.AssertionError: The following asserts failed:
                        
                        Failed: No error displayed when user enters invalid cardless id and valid lastname.., 
                        Failed: No error displayed when user enters invalid last name and valid  card number.., 
                        Failed: No error displayed when user enters invalid Cardles id and valid  card number.., 
                        Failed: No error displayed when user enters valid Cardles id and invalid card number.., 
                        Failed: No error displayed when user enters valid cardless id and invalid lastname.., 
                        Failed: Continue button is enabled  when user enters alphabets in Cardles id feild while adding existing card.., 
                        Failed: Continue button is enabled  when user enters Special Characters in Cardles id feild while adding existing card..,
                        
                        Failed: Continue button is enabled  when user enters Space in Cardles id feild while adding existing card.., 
                        Failed: No error displayed when user enters invalid card number and valid lastname..
                        	at org.testng.asserts.SoftAssert.assertAll(SoftAssert.java:37)
                        	at com.test.regression.cub.testscripts.SignUp.validSignUp_yesIHaveOne_validateRewardsPopup(SignUp.java:829)
                        	at sun.reflect.NativeMethodAccessorImpl.invoke0(Native Method)
                        	at sun.reflect.NativeMethodAccessorImpl.invoke(NativeMethodAccessorImpl.java:62)
                        	at sun.reflect.DelegatingMethodAccessorImpl.invoke(DelegatingMethodAccessorImpl.java:43)
                        	at java.lang.reflect.Method.invoke(Method.java:497)
                        	at org.testng.internal.MethodInvocationHelper.invokeMethod(MethodInvocationHelper.java:80)
                        	at org.testng.internal.Invoker.invokeMethod(Invoker.java:714)
                        	at org.testng.internal.Invoker.invokeTestMethod(Invoker.java:901)
                        	at org.testng.internal.Invoker.invokeTestMethods(Invoker.java:1231)
                        	at org.testng.internal.TestMethodWorker.invokeTestMethods(TestMethodWorker.java:127)
                        	at org.testng.internal.TestMethodWorker.run(TestMethodWorker.java:111)
                        	at org.testng.TestRunner.privateRun(TestRunner.java:767)
                        	at org.testng.TestRunner.run(TestRunner.java:617)
                        	at org.testng.SuiteRunner.runTest(SuiteRunner.java:334)
                        	at org.testng.SuiteRunner.runSequentially(SuiteRunner.java:329)
                        	at org.testng.SuiteRunner.privateRun(SuiteRunner.java:291)
                        	at org.testng.SuiteRunner.run(SuiteRunner.java:240)
                        	at org.testng.SuiteRunnerWorker.runSuite(SuiteRunnerWorker.java:52)
                        	at org.testng.SuiteRunnerWorker.run(SuiteRunnerWorker.java:86)
                        	at org.testng.TestNG.runSuitesSequentially(TestNG.java:1198)
                        	at org.testng.TestNG.runSuitesLocally(TestNG.java:1123)
                        	at org.testng.TestNG.run(TestNG.java:1031)
                        	at org.apache.maven.surefire.testng.TestNGExecutor.run(TestNGExecutor.java:178)
                        	at org.apache.maven.surefire.testng.TestNGXmlTestSuite.execute(TestNGXmlTestSuite.java:92)
                        	at org.apache.maven.surefire.testng.TestNGProvider.invoke(TestNGProvider.java:96)
                        	at sun.reflect.NativeMethodAccessorImpl.invoke0(Native Method)
                        	at sun.reflect.NativeMethodAccessorImpl.invoke(NativeMethodAccessorImpl.java:62)
                        	at sun.reflect.DelegatingMethodAccessorImpl.invoke(DelegatingMethodAccessorImpl.java:43)
                        	at java.lang.reflect.Method.invoke(Method.java:497)
                        	at org.apache.maven.surefire.util.ReflectionUtils.invokeMethodWithArray2(ReflectionUtils.java:208)
                        	at org.apache.maven.surefire.booter.ProviderFactory$ProviderProxy.invoke(ProviderFactory.java:159)
                        	at org.apache.maven.surefire.booter.ProviderFactory.invokeProvider(ProviderFactory.java:87)
                        	at org.apache.maven.surefire.booter.ForkedBooter.runSuitesInProcess(ForkedBooter.java:153)
                        	at org.apache.maven.surefire.booter.ForkedBooter.main(ForkedBooter.java:95)
                     </pre>
                  </div>
               </td>
            </tr>
            <tr id="com.test.regression.cub.testscripts.SignUp_signUp_validateContactInfoPopup_byStatus_failed_FAIL2_row"
                class="testMethodStatusFAIL">
               <td width="100%" class="firstMethodCell">
                  <a onclick="toggleDetailsVisibility('com.test.regression.cub.testscripts.SignUp_signUp_validateContactInfoPopup_byStatus_failed_FAIL2_details')">signUp_validateContactInfoPopup()</a>
               </td>
               <td nowrap="true">13:16:52</td>
               <td nowrap="true" align="right">31s
                  
               </td>
               <td nowrap="true">
                  <a onclick="toggleDetailsVisibility('com.test.regression.cub.testscripts.SignUp_signUp_validateContactInfoPopup_byStatus_failed_FAIL2_exception')">java.lang.AssertionError: 
                     unexpected alert open: {Alert text : Sorry, An error has occurred while refreshing your shopping list.}
                     (Session info: chrome=52.0.2743.116)
                     (Driver info: chromedriver=2.22.397933 (1cab651507b88dec79b2b2a22d1943c01833cc1b),platform=Windows NT 6.1.7601 SP1 x86_64)
                     (WARNING: The server did not provide any stacktrace information)
                     Command duration or timeout: 2 milliseconds: null
                     Build info: version: '2.53.0', revision: '35ae25b1534ae328c771e0856c93e187490ca824', time: '2016-03-15 10:43:46'
                     System info: host: 'SDEVPCSVU7112', ip: '10.15.142.48', os.name: 'Windows 7', os.arch: 'amd64', os.version: '6.1', java.version:
                     '1.8.0_73'
                     Driver info: org.openqa.selenium.chrome.ChromeDriver
                     Capabilities [{applicationCacheEnabled=false, rotatable=false, mobileEmulationEnabled=false, chrome={chromedriverVersion=2.22.397933
                     (1cab651507b88dec79b2b2a22d1943c01833cc1b), userDataDir=C:\Users\jrag00m\AppData\Local\Temp\scoped_dir71340_28702}, takesHeapSnapshot=true,
                     databaseEnabled=false, handlesAlerts=true, hasTouchScreen=false, version=52.0.2743.116, platform=XP, browserConnectionEnabled=false,
                     nativeEvents=true, acceptSslCerts=true, locationContextEnabled=true, webStorageEnabled=true, browserName=chrome, takesScreenshot=true,
                     javascriptEnabled=true, cssSelectorsEnabled=true}]
                     Session ID: ab0ef4205c73720a5f222b381422a199
                     *** Element info: {Using=id, value=confirm-rewards-no-yes}
                     
                  </a>
                   
                  
               </td>
            </tr>
            <tr>
               <td colspan="4" class="detailsBox">
                  <div id="com.test.regression.cub.testscripts.SignUp_signUp_validateContactInfoPopup_byStatus_failed_FAIL2_details"
                       class="testMethodDetails">
                     <div>
                        <b>Name: </b>signUp_validateContactInfoPopup
                     </div>
                     <div>
                        <b>Signature: </b>signUp_validateContactInfoPopup()[pri:0, instance:com.test.regression.cub.testscripts.SignUp@4678c730]
                     </div>
                     <div>
                        <b>Start time: </b>13:16:52
                     </div>
                     <div>
                        <b>End time: </b>13:17:24
                     </div>
                     <div>
                        <b>Duration: </b>31s
                        
                     </div>
                  </div>
               </td>
            </tr>
            <tr>
               <td colspan="4" class="detailsBox">
                  <div id="com.test.regression.cub.testscripts.SignUp_signUp_validateContactInfoPopup_byStatus_failed_FAIL2_exception"
                       class="testMethodDetails">
                     <pre style="padding: 5px; margin: 0;">java.lang.AssertionError: unexpected alert open: {Alert text : Sorry, An error has occurred while refreshing your shopping
                        list.}
                        (Session info: chrome=52.0.2743.116)
                        (Driver info: chromedriver=2.22.397933 (1cab651507b88dec79b2b2a22d1943c01833cc1b),platform=Windows NT 6.1.7601 SP1 x86_64)
                        (WARNING: The server did not provide any stacktrace information)
                        Command duration or timeout: 2 milliseconds: null
                        Build info: version: '2.53.0', revision: '35ae25b1534ae328c771e0856c93e187490ca824', time: '2016-03-15 10:43:46'
                        System info: host: 'SDEVPCSVU7112', ip: '10.15.142.48', os.name: 'Windows 7', os.arch: 'amd64', os.version: '6.1', java.version:
                        '1.8.0_73'
                        Driver info: org.openqa.selenium.chrome.ChromeDriver
                        Capabilities [{applicationCacheEnabled=false, rotatable=false, mobileEmulationEnabled=false, chrome={chromedriverVersion=2.22.397933
                        (1cab651507b88dec79b2b2a22d1943c01833cc1b), userDataDir=C:\Users\jrag00m\AppData\Local\Temp\scoped_dir71340_28702}, takesHeapSnapshot=true,
                        databaseEnabled=false, handlesAlerts=true, hasTouchScreen=false, version=52.0.2743.116, platform=XP, browserConnectionEnabled=false,
                        nativeEvents=true, acceptSslCerts=true, locationContextEnabled=true, webStorageEnabled=true, browserName=chrome, takesScreenshot=true,
                        javascriptEnabled=true, cssSelectorsEnabled=true}]
                        Session ID: ab0ef4205c73720a5f222b381422a199
                        *** Element info: {Using=id, value=confirm-rewards-no-yes}
                        	at org.testng.Assert.fail(Assert.java:94)
                        	at com.test.regression.cub.testscripts.SignUp.signUp_validateContactInfoPopup(SignUp.java:703)
                        	at sun.reflect.NativeMethodAccessorImpl.invoke0(Native Method)
                        	at sun.reflect.NativeMethodAccessorImpl.invoke(NativeMethodAccessorImpl.java:62)
                        	at sun.reflect.DelegatingMethodAccessorImpl.invoke(DelegatingMethodAccessorImpl.java:43)
                        	at java.lang.reflect.Method.invoke(Method.java:497)
                        	at org.testng.internal.MethodInvocationHelper.invokeMethod(MethodInvocationHelper.java:80)
                        	at org.testng.internal.Invoker.invokeMethod(Invoker.java:714)
                        	at org.testng.internal.Invoker.invokeTestMethod(Invoker.java:901)
                        	at org.testng.internal.Invoker.invokeTestMethods(Invoker.java:1231)
                        	at org.testng.internal.TestMethodWorker.invokeTestMethods(TestMethodWorker.java:127)
                        	at org.testng.internal.TestMethodWorker.run(TestMethodWorker.java:111)
                        	at org.testng.TestRunner.privateRun(TestRunner.java:767)
                        	at org.testng.TestRunner.run(TestRunner.java:617)
                        	at org.testng.SuiteRunner.runTest(SuiteRunner.java:334)
                        	at org.testng.SuiteRunner.runSequentially(SuiteRunner.java:329)
                        	at org.testng.SuiteRunner.privateRun(SuiteRunner.java:291)
                        	at org.testng.SuiteRunner.run(SuiteRunner.java:240)
                        	at org.testng.SuiteRunnerWorker.runSuite(SuiteRunnerWorker.java:52)
                        	at org.testng.SuiteRunnerWorker.run(SuiteRunnerWorker.java:86)
                        	at org.testng.TestNG.runSuitesSequentially(TestNG.java:1198)
                        	at org.testng.TestNG.runSuitesLocally(TestNG.java:1123)
                        	at org.testng.TestNG.run(TestNG.java:1031)
                        	at org.apache.maven.surefire.testng.TestNGExecutor.run(TestNGExecutor.java:178)
                        	at org.apache.maven.surefire.testng.TestNGXmlTestSuite.execute(TestNGXmlTestSuite.java:92)
                        	at org.apache.maven.surefire.testng.TestNGProvider.invoke(TestNGProvider.java:96)
                        	at sun.reflect.NativeMethodAccessorImpl.invoke0(Native Method)
                        	at sun.reflect.NativeMethodAccessorImpl.invoke(NativeMethodAccessorImpl.java:62)
                        	at sun.reflect.DelegatingMethodAccessorImpl.invoke(DelegatingMethodAccessorImpl.java:43)
                        	at java.lang.reflect.Method.invoke(Method.java:497)
                        	at org.apache.maven.surefire.util.ReflectionUtils.invokeMethodWithArray2(ReflectionUtils.java:208)
                        	at org.apache.maven.surefire.booter.ProviderFactory$ProviderProxy.invoke(ProviderFactory.java:159)
                        	at org.apache.maven.surefire.booter.ProviderFactory.invokeProvider(ProviderFactory.java:87)
                        	at org.apache.maven.surefire.booter.ForkedBooter.runSuitesInProcess(ForkedBooter.java:153)
                        	at org.apache.maven.surefire.booter.ForkedBooter.main(ForkedBooter.java:95)
                     </pre>
                  </div>
               </td>
            </tr>
            <tr id="com.test.regression.cub.testscripts.SignUp_validSignUp_noCardButWantOne_byStatus_failed_FAIL3_row"
                class="testMethodStatusFAIL">
               <td width="100%" class="firstMethodCell">
                  <a onclick="toggleDetailsVisibility('com.test.regression.cub.testscripts.SignUp_validSignUp_noCardButWantOne_byStatus_failed_FAIL3_details')">validSignUp_noCardButWantOne()</a>
               </td>
               <td nowrap="true">13:17:37</td>
               <td nowrap="true" align="right">32s
                  
               </td>
               <td nowrap="true">
                  <a onclick="toggleDetailsVisibility('com.test.regression.cub.testscripts.SignUp_validSignUp_noCardButWantOne_byStatus_failed_FAIL3_exception')">java.lang.AssertionError: 
                     unexpected alert open: {Alert text : Sorry, An error has occurred while refreshing your shopping list.}
                     (Session info: chrome=52.0.2743.116)
                     (Driver info: chromedriver=2.22.397933 (1cab651507b88dec79b2b2a22d1943c01833cc1b),platform=Windows NT 6.1.7601 SP1 x86_64)
                     (WARNING: The server did not provide any stacktrace information)
                     Command duration or timeout: 61 milliseconds: null
                     Build info: version: '2.53.0', revision: '35ae25b1534ae328c771e0856c93e187490ca824', time: '2016-03-15 10:43:46'
                     System info: host: 'SDEVPCSVU7112', ip: '10.15.142.48', os.name: 'Windows 7', os.arch: 'amd64', os.version: '6.1', java.version:
                     '1.8.0_73'
                     Driver info: org.openqa.selenium.chrome.ChromeDriver
                     Capabilities [{applicationCacheEnabled=false, rotatable=false, mobileEmulationEnabled=false, chrome={chromedriverVersion=2.22.397933
                     (1cab651507b88dec79b2b2a22d1943c01833cc1b), userDataDir=C:\Users\jrag00m\AppData\Local\Temp\scoped_dir73936_5070}, takesHeapSnapshot=true,
                     databaseEnabled=false, handlesAlerts=true, hasTouchScreen=false, version=52.0.2743.116, platform=XP, browserConnectionEnabled=false,
                     nativeEvents=true, acceptSslCerts=true, locationContextEnabled=true, webStorageEnabled=true, browserName=chrome, takesScreenshot=true,
                     javascriptEnabled=true, cssSelectorsEnabled=true}]
                     Session ID: a13af3b1c1af19d466ec171b0263131e
                     *** Element info: {Using=id, value=confirm-rewards-no-yes}
                     
                  </a>
                   
                  
               </td>
            </tr>
            <tr>
               <td colspan="4" class="detailsBox">
                  <div id="com.test.regression.cub.testscripts.SignUp_validSignUp_noCardButWantOne_byStatus_failed_FAIL3_details"
                       class="testMethodDetails">
                     <div>
                        <b>Name: </b>validSignUp_noCardButWantOne
                     </div>
                     <div>
                        <b>Signature: </b>validSignUp_noCardButWantOne()[pri:0, instance:com.test.regression.cub.testscripts.SignUp@4678c730]
                     </div>
                     <div>
                        <b>Start time: </b>13:17:37
                     </div>
                     <div>
                        <b>End time: </b>13:18:10
                     </div>
                     <div>
                        <b>Duration: </b>32s
                        
                     </div>
                  </div>
               </td>
            </tr>
            <tr>
               <td colspan="4" class="detailsBox">
                  <div id="com.test.regression.cub.testscripts.SignUp_validSignUp_noCardButWantOne_byStatus_failed_FAIL3_exception"
                       class="testMethodDetails">
                     <pre style="padding: 5px; margin: 0;">java.lang.AssertionError: unexpected alert open: {Alert text : Sorry, An error has occurred while refreshing your shopping
                        list.}
                        (Session info: chrome=52.0.2743.116)
                        (Driver info: chromedriver=2.22.397933 (1cab651507b88dec79b2b2a22d1943c01833cc1b),platform=Windows NT 6.1.7601 SP1 x86_64)
                        (WARNING: The server did not provide any stacktrace information)
                        Command duration or timeout: 61 milliseconds: null
                        Build info: version: '2.53.0', revision: '35ae25b1534ae328c771e0856c93e187490ca824', time: '2016-03-15 10:43:46'
                        System info: host: 'SDEVPCSVU7112', ip: '10.15.142.48', os.name: 'Windows 7', os.arch: 'amd64', os.version: '6.1', java.version:
                        '1.8.0_73'
                        Driver info: org.openqa.selenium.chrome.ChromeDriver
                        Capabilities [{applicationCacheEnabled=false, rotatable=false, mobileEmulationEnabled=false, chrome={chromedriverVersion=2.22.397933
                        (1cab651507b88dec79b2b2a22d1943c01833cc1b), userDataDir=C:\Users\jrag00m\AppData\Local\Temp\scoped_dir73936_5070}, takesHeapSnapshot=true,
                        databaseEnabled=false, handlesAlerts=true, hasTouchScreen=false, version=52.0.2743.116, platform=XP, browserConnectionEnabled=false,
                        nativeEvents=true, acceptSslCerts=true, locationContextEnabled=true, webStorageEnabled=true, browserName=chrome, takesScreenshot=true,
                        javascriptEnabled=true, cssSelectorsEnabled=true}]
                        Session ID: a13af3b1c1af19d466ec171b0263131e
                        *** Element info: {Using=id, value=confirm-rewards-no-yes}
                        	at org.testng.Assert.fail(Assert.java:94)
                        	at com.test.regression.cub.testscripts.SignUp.validSignUp_noCardButWantOne(SignUp.java:213)
                        	at sun.reflect.NativeMethodAccessorImpl.invoke0(Native Method)
                        	at sun.reflect.NativeMethodAccessorImpl.invoke(NativeMethodAccessorImpl.java:62)
                        	at sun.reflect.DelegatingMethodAccessorImpl.invoke(DelegatingMethodAccessorImpl.java:43)
                        	at java.lang.reflect.Method.invoke(Method.java:497)
                        	at org.testng.internal.MethodInvocationHelper.invokeMethod(MethodInvocationHelper.java:80)
                        	at org.testng.internal.Invoker.invokeMethod(Invoker.java:714)
                        	at org.testng.internal.Invoker.invokeTestMethod(Invoker.java:901)
                        	at org.testng.internal.Invoker.invokeTestMethods(Invoker.java:1231)
                        	at org.testng.internal.TestMethodWorker.invokeTestMethods(TestMethodWorker.java:127)
                        	at org.testng.internal.TestMethodWorker.run(TestMethodWorker.java:111)
                        	at org.testng.TestRunner.privateRun(TestRunner.java:767)
                        	at org.testng.TestRunner.run(TestRunner.java:617)
                        	at org.testng.SuiteRunner.runTest(SuiteRunner.java:334)
                        	at org.testng.SuiteRunner.runSequentially(SuiteRunner.java:329)
                        	at org.testng.SuiteRunner.privateRun(SuiteRunner.java:291)
                        	at org.testng.SuiteRunner.run(SuiteRunner.java:240)
                        	at org.testng.SuiteRunnerWorker.runSuite(SuiteRunnerWorker.java:52)
                        	at org.testng.SuiteRunnerWorker.run(SuiteRunnerWorker.java:86)
                        	at org.testng.TestNG.runSuitesSequentially(TestNG.java:1198)
                        	at org.testng.TestNG.runSuitesLocally(TestNG.java:1123)
                        	at org.testng.TestNG.run(TestNG.java:1031)
                        	at org.apache.maven.surefire.testng.TestNGExecutor.run(TestNGExecutor.java:178)
                        	at org.apache.maven.surefire.testng.TestNGXmlTestSuite.execute(TestNGXmlTestSuite.java:92)
                        	at org.apache.maven.surefire.testng.TestNGProvider.invoke(TestNGProvider.java:96)
                        	at sun.reflect.NativeMethodAccessorImpl.invoke0(Native Method)
                        	at sun.reflect.NativeMethodAccessorImpl.invoke(NativeMethodAccessorImpl.java:62)
                        	at sun.reflect.DelegatingMethodAccessorImpl.invoke(DelegatingMethodAccessorImpl.java:43)
                        	at java.lang.reflect.Method.invoke(Method.java:497)
                        	at org.apache.maven.surefire.util.ReflectionUtils.invokeMethodWithArray2(ReflectionUtils.java:208)
                        	at org.apache.maven.surefire.booter.ProviderFactory$ProviderProxy.invoke(ProviderFactory.java:159)
                        	at org.apache.maven.surefire.booter.ProviderFactory.invokeProvider(ProviderFactory.java:87)
                        	at org.apache.maven.surefire.booter.ForkedBooter.runSuitesInProcess(ForkedBooter.java:153)
                        	at org.apache.maven.surefire.booter.ForkedBooter.main(ForkedBooter.java:95)
                     </pre>
                  </div>
               </td>
            </tr>
            <tr id="com.test.regression.cub.testscripts.SignUp_initialization_byStatus_passed_PASS1_row"
                class="testMethodStatusPASS testMethodStatusCONF">
               <td width="100%" class="firstMethodCell">
                  <a onclick="toggleDetailsVisibility('com.test.regression.cub.testscripts.SignUp_initialization_byStatus_passed_PASS1_details')">initialization(public void com.test.regression.cub.testscripts.SignUp.validSignUp4mSL())</a>
               </td>
               <td nowrap="true">13:07:10</td>
               <td nowrap="true" align="right">16s
                  
               </td>
               <td nowrap="true">
                   
                  
               </td>
            </tr>
            <tr>
               <td colspan="4" class="detailsBox">
                  <div id="com.test.regression.cub.testscripts.SignUp_initialization_byStatus_passed_PASS1_details"
                       class="testMethodDetails">
                     <div>
                        <b>Name: </b>initialization
                     </div>
                     <div>
                        <b>Signature: </b>initialization(java.lang.reflect.Method)[pri:0, instance:com.test.regression.cub.testscripts.SignUp@4678c730]
                     </div>
                     <div>
                        <b>Parameters: </b>
                        
                        public void com.test.regression.cub.testscripts.SignUp.validSignUp4mSL()
                        
                        
                     </div>
                     <div>
                        <b>Start time: </b>13:07:10
                     </div>
                     <div>
                        <b>End time: </b>13:07:26
                     </div>
                     <div>
                        <b>Duration: </b>16s
                        
                     </div>
                  </div>
               </td>
            </tr>
            <tr></tr>
            <tr id="com.test.regression.cub.testscripts.SignUp_validSignUp4mSL_byStatus_passed_PASS2_row"
                class="testMethodStatusPASS">
               <td width="100%" class="firstMethodCell">
                  <a onclick="toggleDetailsVisibility('com.test.regression.cub.testscripts.SignUp_validSignUp4mSL_byStatus_passed_PASS2_details')">validSignUp4mSL()</a>
               </td>
               <td nowrap="true">13:07:26</td>
               <td nowrap="true" align="right">1m
                  17s
                  
               </td>
               <td nowrap="true">
                   
                  
               </td>
            </tr>
            <tr>
               <td colspan="4" class="detailsBox">
                  <div id="com.test.regression.cub.testscripts.SignUp_validSignUp4mSL_byStatus_passed_PASS2_details"
                       class="testMethodDetails">
                     <div>
                        <b>Name: </b>validSignUp4mSL
                     </div>
                     <div>
                        <b>Signature: </b>validSignUp4mSL()[pri:0, instance:com.test.regression.cub.testscripts.SignUp@4678c730]
                     </div>
                     <div>
                        <b>Start time: </b>13:07:26
                     </div>
                     <div>
                        <b>End time: </b>13:08:44
                     </div>
                     <div>
                        <b>Duration: </b>1m
                        17s
                        
                     </div>
                  </div>
               </td>
            </tr>
            <tr></tr>
            <tr id="com.test.regression.cub.testscripts.SignUp_breakDown_byStatus_passed_PASS3_row"
                class="testMethodStatusPASS testMethodStatusCONF">
               <td width="100%" class="firstMethodCell">
                  <a onclick="toggleDetailsVisibility('com.test.regression.cub.testscripts.SignUp_breakDown_byStatus_passed_PASS3_details')">breakDown([TestResult name=validSignUp4mSL status=SUCCESS method=SignUp.validSignUp4mSL()[pri:0, instance:com.test.regression.cub.testscripts.SignUp@4678c730]
                     output={null}])
                  </a>
               </td>
               <td nowrap="true">13:08:44</td>
               <td nowrap="true" align="right">0 ms
                  
               </td>
               <td nowrap="true">
                   
                  
               </td>
            </tr>
            <tr>
               <td colspan="4" class="detailsBox">
                  <div id="com.test.regression.cub.testscripts.SignUp_breakDown_byStatus_passed_PASS3_details"
                       class="testMethodDetails">
                     <div>
                        <b>Name: </b>breakDown
                     </div>
                     <div>
                        <b>Signature: </b>breakDown(org.testng.ITestResult)[pri:0, instance:com.test.regression.cub.testscripts.SignUp@4678c730]
                     </div>
                     <div>
                        <b>Parameters: </b>
                        
                        [TestResult name=validSignUp4mSL status=SUCCESS method=SignUp.validSignUp4mSL()[pri:0, instance:com.test.regression.cub.testscripts.SignUp@4678c730]
                        output={null}]
                        
                        
                     </div>
                     <div>
                        <b>Start time: </b>13:08:44
                     </div>
                     <div>
                        <b>End time: </b>13:08:44
                     </div>
                     <div>
                        <b>Duration: </b>0 ms
                        
                     </div>
                  </div>
               </td>
            </tr>
            <tr></tr>
            <tr id="com.test.regression.cub.testscripts.SignUp_closeDriver_byStatus_passed_PASS4_row"
                class="testMethodStatusPASS testMethodStatusCONF">
               <td width="100%" class="firstMethodCell">
                  <a onclick="toggleDetailsVisibility('com.test.regression.cub.testscripts.SignUp_closeDriver_byStatus_passed_PASS4_details')">closeDriver(public void com.test.regression.cub.testscripts.SignUp.validSignUp4mSL())</a>
               </td>
               <td nowrap="true">13:08:44</td>
               <td nowrap="true" align="right">6s
                  
               </td>
               <td nowrap="true">
                   
                  
               </td>
            </tr>
            <tr>
               <td colspan="4" class="detailsBox">
                  <div id="com.test.regression.cub.testscripts.SignUp_closeDriver_byStatus_passed_PASS4_details"
                       class="testMethodDetails">
                     <div>
                        <b>Name: </b>closeDriver
                     </div>
                     <div>
                        <b>Signature: </b>closeDriver(java.lang.reflect.Method)[pri:0, instance:com.test.regression.cub.testscripts.SignUp@4678c730]
                     </div>
                     <div>
                        <b>Parameters: </b>
                        
                        public void com.test.regression.cub.testscripts.SignUp.validSignUp4mSL()
                        
                        
                     </div>
                     <div>
                        <b>Start time: </b>13:08:44
                     </div>
                     <div>
                        <b>End time: </b>13:08:50
                     </div>
                     <div>
                        <b>Duration: </b>6s
                        
                     </div>
                  </div>
               </td>
            </tr>
            <tr></tr>
            <tr id="com.test.regression.cub.testscripts.SignUp_initialization_byStatus_passed_PASS5_row"
                class="testMethodStatusPASS testMethodStatusCONF">
               <td width="100%" class="firstMethodCell">
                  <a onclick="toggleDetailsVisibility('com.test.regression.cub.testscripts.SignUp_initialization_byStatus_passed_PASS5_details')">initialization(public void com.test.regression.cub.testscripts.SignUp.validSignUp_noCard())</a>
               </td>
               <td nowrap="true">13:08:50</td>
               <td nowrap="true" align="right">37s
                  
               </td>
               <td nowrap="true">
                   
                  
               </td>
            </tr>
            <tr>
               <td colspan="4" class="detailsBox">
                  <div id="com.test.regression.cub.testscripts.SignUp_initialization_byStatus_passed_PASS5_details"
                       class="testMethodDetails">
                     <div>
                        <b>Name: </b>initialization
                     </div>
                     <div>
                        <b>Signature: </b>initialization(java.lang.reflect.Method)[pri:0, instance:com.test.regression.cub.testscripts.SignUp@4678c730]
                     </div>
                     <div>
                        <b>Parameters: </b>
                        
                        public void com.test.regression.cub.testscripts.SignUp.validSignUp_noCard()
                        
                        
                     </div>
                     <div>
                        <b>Start time: </b>13:08:50
                     </div>
                     <div>
                        <b>End time: </b>13:09:27
                     </div>
                     <div>
                        <b>Duration: </b>37s
                        
                     </div>
                  </div>
               </td>
            </tr>
            <tr></tr>
            <tr id="com.test.regression.cub.testscripts.SignUp_validSignUp_noCard_byStatus_passed_PASS6_row"
                class="testMethodStatusPASS">
               <td width="100%" class="firstMethodCell">
                  <a onclick="toggleDetailsVisibility('com.test.regression.cub.testscripts.SignUp_validSignUp_noCard_byStatus_passed_PASS6_details')">validSignUp_noCard()</a>
               </td>
               <td nowrap="true">13:09:27</td>
               <td nowrap="true" align="right">1m
                  17s
                  
               </td>
               <td nowrap="true">
                   
                  
               </td>
            </tr>
            <tr>
               <td colspan="4" class="detailsBox">
                  <div id="com.test.regression.cub.testscripts.SignUp_validSignUp_noCard_byStatus_passed_PASS6_details"
                       class="testMethodDetails">
                     <div>
                        <b>Name: </b>validSignUp_noCard
                     </div>
                     <div>
                        <b>Signature: </b>validSignUp_noCard()[pri:0, instance:com.test.regression.cub.testscripts.SignUp@4678c730]
                     </div>
                     <div>
                        <b>Start time: </b>13:09:27
                     </div>
                     <div>
                        <b>End time: </b>13:10:45
                     </div>
                     <div>
                        <b>Duration: </b>1m
                        17s
                        
                     </div>
                  </div>
               </td>
            </tr>
            <tr></tr>
            <tr id="com.test.regression.cub.testscripts.SignUp_breakDown_byStatus_passed_PASS7_row"
                class="testMethodStatusPASS testMethodStatusCONF">
               <td width="100%" class="firstMethodCell">
                  <a onclick="toggleDetailsVisibility('com.test.regression.cub.testscripts.SignUp_breakDown_byStatus_passed_PASS7_details')">breakDown([TestResult name=validSignUp_noCard status=SUCCESS method=SignUp.validSignUp_noCard()[pri:0, instance:com.test.regression.cub.testscripts.SignUp@4678c730]
                     output={null}])
                  </a>
               </td>
               <td nowrap="true">13:10:45</td>
               <td nowrap="true" align="right">0 ms
                  
               </td>
               <td nowrap="true">
                   
                  
               </td>
            </tr>
            <tr>
               <td colspan="4" class="detailsBox">
                  <div id="com.test.regression.cub.testscripts.SignUp_breakDown_byStatus_passed_PASS7_details"
                       class="testMethodDetails">
                     <div>
                        <b>Name: </b>breakDown
                     </div>
                     <div>
                        <b>Signature: </b>breakDown(org.testng.ITestResult)[pri:0, instance:com.test.regression.cub.testscripts.SignUp@4678c730]
                     </div>
                     <div>
                        <b>Parameters: </b>
                        
                        [TestResult name=validSignUp_noCard status=SUCCESS method=SignUp.validSignUp_noCard()[pri:0, instance:com.test.regression.cub.testscripts.SignUp@4678c730]
                        output={null}]
                        
                        
                     </div>
                     <div>
                        <b>Start time: </b>13:10:45
                     </div>
                     <div>
                        <b>End time: </b>13:10:45
                     </div>
                     <div>
                        <b>Duration: </b>0 ms
                        
                     </div>
                  </div>
               </td>
            </tr>
            <tr></tr>
            <tr id="com.test.regression.cub.testscripts.SignUp_closeDriver_byStatus_passed_PASS8_row"
                class="testMethodStatusPASS testMethodStatusCONF">
               <td width="100%" class="firstMethodCell">
                  <a onclick="toggleDetailsVisibility('com.test.regression.cub.testscripts.SignUp_closeDriver_byStatus_passed_PASS8_details')">closeDriver(public void com.test.regression.cub.testscripts.SignUp.validSignUp_noCard())</a>
               </td>
               <td nowrap="true">13:10:45</td>
               <td nowrap="true" align="right">5s
                  
               </td>
               <td nowrap="true">
                   
                  
               </td>
            </tr>
            <tr>
               <td colspan="4" class="detailsBox">
                  <div id="com.test.regression.cub.testscripts.SignUp_closeDriver_byStatus_passed_PASS8_details"
                       class="testMethodDetails">
                     <div>
                        <b>Name: </b>closeDriver
                     </div>
                     <div>
                        <b>Signature: </b>closeDriver(java.lang.reflect.Method)[pri:0, instance:com.test.regression.cub.testscripts.SignUp@4678c730]
                     </div>
                     <div>
                        <b>Parameters: </b>
                        
                        public void com.test.regression.cub.testscripts.SignUp.validSignUp_noCard()
                        
                        
                     </div>
                     <div>
                        <b>Start time: </b>13:10:45
                     </div>
                     <div>
                        <b>End time: </b>13:10:51
                     </div>
                     <div>
                        <b>Duration: </b>5s
                        
                     </div>
                  </div>
               </td>
            </tr>
            <tr></tr>
            <tr id="com.test.regression.cub.testscripts.SignUp_initialization_byStatus_passed_PASS9_row"
                class="testMethodStatusPASS testMethodStatusCONF">
               <td width="100%" class="firstMethodCell">
                  <a onclick="toggleDetailsVisibility('com.test.regression.cub.testscripts.SignUp_initialization_byStatus_passed_PASS9_details')">initialization(public void com.test.regression.cub.testscripts.SignUp.validSignUp_yesIHaveOne())</a>
               </td>
               <td nowrap="true">13:10:51</td>
               <td nowrap="true" align="right">9s
                  
               </td>
               <td nowrap="true">
                   
                  
               </td>
            </tr>
            <tr>
               <td colspan="4" class="detailsBox">
                  <div id="com.test.regression.cub.testscripts.SignUp_initialization_byStatus_passed_PASS9_details"
                       class="testMethodDetails">
                     <div>
                        <b>Name: </b>initialization
                     </div>
                     <div>
                        <b>Signature: </b>initialization(java.lang.reflect.Method)[pri:0, instance:com.test.regression.cub.testscripts.SignUp@4678c730]
                     </div>
                     <div>
                        <b>Parameters: </b>
                        
                        public void com.test.regression.cub.testscripts.SignUp.validSignUp_yesIHaveOne()
                        
                        
                     </div>
                     <div>
                        <b>Start time: </b>13:10:51
                     </div>
                     <div>
                        <b>End time: </b>13:11:00
                     </div>
                     <div>
                        <b>Duration: </b>9s
                        
                     </div>
                  </div>
               </td>
            </tr>
            <tr></tr>
            <tr id="com.test.regression.cub.testscripts.SignUp_validSignUp_yesIHaveOne_byStatus_passed_PASS10_row"
                class="testMethodStatusPASS">
               <td width="100%" class="firstMethodCell">
                  <a onclick="toggleDetailsVisibility('com.test.regression.cub.testscripts.SignUp_validSignUp_yesIHaveOne_byStatus_passed_PASS10_details')">validSignUp_yesIHaveOne()</a>
               </td>
               <td nowrap="true">13:11:00</td>
               <td nowrap="true" align="right">1m
                  10s
                  
               </td>
               <td nowrap="true">
                   
                  
               </td>
            </tr>
            <tr>
               <td colspan="4" class="detailsBox">
                  <div id="com.test.regression.cub.testscripts.SignUp_validSignUp_yesIHaveOne_byStatus_passed_PASS10_details"
                       class="testMethodDetails">
                     <div>
                        <b>Name: </b>validSignUp_yesIHaveOne
                     </div>
                     <div>
                        <b>Signature: </b>validSignUp_yesIHaveOne()[pri:0, instance:com.test.regression.cub.testscripts.SignUp@4678c730]
                     </div>
                     <div>
                        <b>Start time: </b>13:11:00
                     </div>
                     <div>
                        <b>End time: </b>13:12:11
                     </div>
                     <div>
                        <b>Duration: </b>1m
                        10s
                        
                     </div>
                  </div>
               </td>
            </tr>
            <tr></tr>
            <tr id="com.test.regression.cub.testscripts.SignUp_closeDriver_byStatus_passed_PASS11_row"
                class="testMethodStatusPASS testMethodStatusCONF">
               <td width="100%" class="firstMethodCell">
                  <a onclick="toggleDetailsVisibility('com.test.regression.cub.testscripts.SignUp_closeDriver_byStatus_passed_PASS11_details')">closeDriver(public void com.test.regression.cub.testscripts.SignUp.validSignUp_yesIHaveOne())</a>
               </td>
               <td nowrap="true">13:12:11</td>
               <td nowrap="true" align="right">7s
                  
               </td>
               <td nowrap="true">
                   
                  
               </td>
            </tr>
            <tr>
               <td colspan="4" class="detailsBox">
                  <div id="com.test.regression.cub.testscripts.SignUp_closeDriver_byStatus_passed_PASS11_details"
                       class="testMethodDetails">
                     <div>
                        <b>Name: </b>closeDriver
                     </div>
                     <div>
                        <b>Signature: </b>closeDriver(java.lang.reflect.Method)[pri:0, instance:com.test.regression.cub.testscripts.SignUp@4678c730]
                     </div>
                     <div>
                        <b>Parameters: </b>
                        
                        public void com.test.regression.cub.testscripts.SignUp.validSignUp_yesIHaveOne()
                        
                        
                     </div>
                     <div>
                        <b>Start time: </b>13:12:11
                     </div>
                     <div>
                        <b>End time: </b>13:12:18
                     </div>
                     <div>
                        <b>Duration: </b>7s
                        
                     </div>
                  </div>
               </td>
            </tr>
            <tr></tr>
            <tr id="com.test.regression.cub.testscripts.SignUp_breakDown_byStatus_passed_PASS12_row"
                class="testMethodStatusPASS testMethodStatusCONF">
               <td width="100%" class="firstMethodCell">
                  <a onclick="toggleDetailsVisibility('com.test.regression.cub.testscripts.SignUp_breakDown_byStatus_passed_PASS12_details')">breakDown([TestResult name=validSignUp_yesIHaveOne status=SUCCESS method=SignUp.validSignUp_yesIHaveOne()[pri:0, instance:com.test.regression.cub.testscripts.SignUp@4678c730]
                     output={null}])
                  </a>
               </td>
               <td nowrap="true">13:12:11</td>
               <td nowrap="true" align="right">0 ms
                  
               </td>
               <td nowrap="true">
                   
                  
               </td>
            </tr>
            <tr>
               <td colspan="4" class="detailsBox">
                  <div id="com.test.regression.cub.testscripts.SignUp_breakDown_byStatus_passed_PASS12_details"
                       class="testMethodDetails">
                     <div>
                        <b>Name: </b>breakDown
                     </div>
                     <div>
                        <b>Signature: </b>breakDown(org.testng.ITestResult)[pri:0, instance:com.test.regression.cub.testscripts.SignUp@4678c730]
                     </div>
                     <div>
                        <b>Parameters: </b>
                        
                        [TestResult name=validSignUp_yesIHaveOne status=SUCCESS method=SignUp.validSignUp_yesIHaveOne()[pri:0, instance:com.test.regression.cub.testscripts.SignUp@4678c730]
                        output={null}]
                        
                        
                     </div>
                     <div>
                        <b>Start time: </b>13:12:11
                     </div>
                     <div>
                        <b>End time: </b>13:12:11
                     </div>
                     <div>
                        <b>Duration: </b>0 ms
                        
                     </div>
                  </div>
               </td>
            </tr>
            <tr></tr>
            <tr id="com.test.regression.cub.testscripts.SignUp_initialization_byStatus_passed_PASS13_row"
                class="testMethodStatusPASS testMethodStatusCONF">
               <td width="100%" class="firstMethodCell">
                  <a onclick="toggleDetailsVisibility('com.test.regression.cub.testscripts.SignUp_initialization_byStatus_passed_PASS13_details')">initialization(public void com.test.regression.cub.testscripts.SignUp.validSignUp_yesIHaveOne_validateRewardsPopup())</a>
               </td>
               <td nowrap="true">13:12:18</td>
               <td nowrap="true" align="right">23s
                  
               </td>
               <td nowrap="true">
                   
                  
               </td>
            </tr>
            <tr>
               <td colspan="4" class="detailsBox">
                  <div id="com.test.regression.cub.testscripts.SignUp_initialization_byStatus_passed_PASS13_details"
                       class="testMethodDetails">
                     <div>
                        <b>Name: </b>initialization
                     </div>
                     <div>
                        <b>Signature: </b>initialization(java.lang.reflect.Method)[pri:0, instance:com.test.regression.cub.testscripts.SignUp@4678c730]
                     </div>
                     <div>
                        <b>Parameters: </b>
                        
                        public void com.test.regression.cub.testscripts.SignUp.validSignUp_yesIHaveOne_validateRewardsPopup()
                        
                        
                     </div>
                     <div>
                        <b>Start time: </b>13:12:18
                     </div>
                     <div>
                        <b>End time: </b>13:12:42
                     </div>
                     <div>
                        <b>Duration: </b>23s
                        
                     </div>
                  </div>
               </td>
            </tr>
            <tr></tr>
            <tr id="com.test.regression.cub.testscripts.SignUp_breakDown_byStatus_passed_PASS14_row"
                class="testMethodStatusPASS testMethodStatusCONF">
               <td width="100%" class="firstMethodCell">
                  <a onclick="toggleDetailsVisibility('com.test.regression.cub.testscripts.SignUp_breakDown_byStatus_passed_PASS14_details')">breakDown([TestResult name=validSignUp_yesIHaveOne_validateRewardsPopup status=FAILURE method=SignUp.validSignUp_yesIHaveOne_validateRewardsPopup()[pri:0,
                     instance:com.test.regression.cub.testscripts.SignUp@4678c730] output={null}])
                  </a>
               </td>
               <td nowrap="true">13:16:38</td>
               <td nowrap="true" align="right">465 ms
                  
               </td>
               <td nowrap="true">
                   
                  
               </td>
            </tr>
            <tr>
               <td colspan="4" class="detailsBox">
                  <div id="com.test.regression.cub.testscripts.SignUp_breakDown_byStatus_passed_PASS14_details"
                       class="testMethodDetails">
                     <div>
                        <b>Name: </b>breakDown
                     </div>
                     <div>
                        <b>Signature: </b>breakDown(org.testng.ITestResult)[pri:0, instance:com.test.regression.cub.testscripts.SignUp@4678c730]
                     </div>
                     <div>
                        <b>Parameters: </b>
                        
                        [TestResult name=validSignUp_yesIHaveOne_validateRewardsPopup status=FAILURE method=SignUp.validSignUp_yesIHaveOne_validateRewardsPopup()[pri:0,
                        instance:com.test.regression.cub.testscripts.SignUp@4678c730] output={null}]
                        
                        
                     </div>
                     <div>
                        <b>Start time: </b>13:16:38
                     </div>
                     <div>
                        <b>End time: </b>13:16:39
                     </div>
                     <div>
                        <b>Duration: </b>465 ms
                        
                     </div>
                  </div>
               </td>
            </tr>
            <tr></tr>
            <tr id="com.test.regression.cub.testscripts.SignUp_closeDriver_byStatus_passed_PASS15_row"
                class="testMethodStatusPASS testMethodStatusCONF">
               <td width="100%" class="firstMethodCell">
                  <a onclick="toggleDetailsVisibility('com.test.regression.cub.testscripts.SignUp_closeDriver_byStatus_passed_PASS15_details')">closeDriver(public void com.test.regression.cub.testscripts.SignUp.validSignUp_yesIHaveOne_validateRewardsPopup())</a>
               </td>
               <td nowrap="true">13:16:39</td>
               <td nowrap="true" align="right">1s
                  
               </td>
               <td nowrap="true">
                   
                  
               </td>
            </tr>
            <tr>
               <td colspan="4" class="detailsBox">
                  <div id="com.test.regression.cub.testscripts.SignUp_closeDriver_byStatus_passed_PASS15_details"
                       class="testMethodDetails">
                     <div>
                        <b>Name: </b>closeDriver
                     </div>
                     <div>
                        <b>Signature: </b>closeDriver(java.lang.reflect.Method)[pri:0, instance:com.test.regression.cub.testscripts.SignUp@4678c730]
                     </div>
                     <div>
                        <b>Parameters: </b>
                        
                        public void com.test.regression.cub.testscripts.SignUp.validSignUp_yesIHaveOne_validateRewardsPopup()
                        
                        
                     </div>
                     <div>
                        <b>Start time: </b>13:16:39
                     </div>
                     <div>
                        <b>End time: </b>13:16:41
                     </div>
                     <div>
                        <b>Duration: </b>1s
                        
                     </div>
                  </div>
               </td>
            </tr>
            <tr></tr>
            <tr id="com.test.regression.cub.testscripts.SignUp_initialization_byStatus_passed_PASS16_row"
                class="testMethodStatusPASS testMethodStatusCONF">
               <td width="100%" class="firstMethodCell">
                  <a onclick="toggleDetailsVisibility('com.test.regression.cub.testscripts.SignUp_initialization_byStatus_passed_PASS16_details')">initialization(public void com.test.regression.cub.testscripts.SignUp.signUp_validateContactInfoPopup())</a>
               </td>
               <td nowrap="true">13:16:41</td>
               <td nowrap="true" align="right">11s
                  
               </td>
               <td nowrap="true">
                   
                  
               </td>
            </tr>
            <tr>
               <td colspan="4" class="detailsBox">
                  <div id="com.test.regression.cub.testscripts.SignUp_initialization_byStatus_passed_PASS16_details"
                       class="testMethodDetails">
                     <div>
                        <b>Name: </b>initialization
                     </div>
                     <div>
                        <b>Signature: </b>initialization(java.lang.reflect.Method)[pri:0, instance:com.test.regression.cub.testscripts.SignUp@4678c730]
                     </div>
                     <div>
                        <b>Parameters: </b>
                        
                        public void com.test.regression.cub.testscripts.SignUp.signUp_validateContactInfoPopup()
                        
                        
                     </div>
                     <div>
                        <b>Start time: </b>13:16:41
                     </div>
                     <div>
                        <b>End time: </b>13:16:52
                     </div>
                     <div>
                        <b>Duration: </b>11s
                        
                     </div>
                  </div>
               </td>
            </tr>
            <tr></tr>
            <tr id="com.test.regression.cub.testscripts.SignUp_breakDown_byStatus_passed_PASS17_row"
                class="testMethodStatusPASS testMethodStatusCONF">
               <td width="100%" class="firstMethodCell">
                  <a onclick="toggleDetailsVisibility('com.test.regression.cub.testscripts.SignUp_breakDown_byStatus_passed_PASS17_details')">breakDown([TestResult name=signUp_validateContactInfoPopup status=FAILURE method=SignUp.signUp_validateContactInfoPopup()[pri:0,
                     instance:com.test.regression.cub.testscripts.SignUp@4678c730] output={null}])
                  </a>
               </td>
               <td nowrap="true">13:17:24</td>
               <td nowrap="true" align="right">17 ms
                  
               </td>
               <td nowrap="true">
                   
                  
               </td>
            </tr>
            <tr>
               <td colspan="4" class="detailsBox">
                  <div id="com.test.regression.cub.testscripts.SignUp_breakDown_byStatus_passed_PASS17_details"
                       class="testMethodDetails">
                     <div>
                        <b>Name: </b>breakDown
                     </div>
                     <div>
                        <b>Signature: </b>breakDown(org.testng.ITestResult)[pri:0, instance:com.test.regression.cub.testscripts.SignUp@4678c730]
                     </div>
                     <div>
                        <b>Parameters: </b>
                        
                        [TestResult name=signUp_validateContactInfoPopup status=FAILURE method=SignUp.signUp_validateContactInfoPopup()[pri:0, instance:com.test.regression.cub.testscripts.SignUp@4678c730]
                        output={null}]
                        
                        
                     </div>
                     <div>
                        <b>Start time: </b>13:17:24
                     </div>
                     <div>
                        <b>End time: </b>13:17:24
                     </div>
                     <div>
                        <b>Duration: </b>17 ms
                        
                     </div>
                  </div>
               </td>
            </tr>
            <tr></tr>
            <tr id="com.test.regression.cub.testscripts.SignUp_closeDriver_byStatus_passed_PASS18_row"
                class="testMethodStatusPASS testMethodStatusCONF">
               <td width="100%" class="firstMethodCell">
                  <a onclick="toggleDetailsVisibility('com.test.regression.cub.testscripts.SignUp_closeDriver_byStatus_passed_PASS18_details')">closeDriver(public void com.test.regression.cub.testscripts.SignUp.signUp_validateContactInfoPopup())</a>
               </td>
               <td nowrap="true">13:17:24</td>
               <td nowrap="true" align="right">5s
                  
               </td>
               <td nowrap="true">
                   
                  
               </td>
            </tr>
            <tr>
               <td colspan="4" class="detailsBox">
                  <div id="com.test.regression.cub.testscripts.SignUp_closeDriver_byStatus_passed_PASS18_details"
                       class="testMethodDetails">
                     <div>
                        <b>Name: </b>closeDriver
                     </div>
                     <div>
                        <b>Signature: </b>closeDriver(java.lang.reflect.Method)[pri:0, instance:com.test.regression.cub.testscripts.SignUp@4678c730]
                     </div>
                     <div>
                        <b>Parameters: </b>
                        
                        public void com.test.regression.cub.testscripts.SignUp.signUp_validateContactInfoPopup()
                        
                        
                     </div>
                     <div>
                        <b>Start time: </b>13:17:24
                     </div>
                     <div>
                        <b>End time: </b>13:17:29
                     </div>
                     <div>
                        <b>Duration: </b>5s
                        
                     </div>
                  </div>
               </td>
            </tr>
            <tr></tr>
            <tr id="com.test.regression.cub.testscripts.SignUp_initialization_byStatus_passed_PASS19_row"
                class="testMethodStatusPASS testMethodStatusCONF">
               <td width="100%" class="firstMethodCell">
                  <a onclick="toggleDetailsVisibility('com.test.regression.cub.testscripts.SignUp_initialization_byStatus_passed_PASS19_details')">initialization(public void com.test.regression.cub.testscripts.SignUp.validSignUp_noCardButWantOne())</a>
               </td>
               <td nowrap="true">13:17:29</td>
               <td nowrap="true" align="right">8s
                  
               </td>
               <td nowrap="true">
                   
                  
               </td>
            </tr>
            <tr>
               <td colspan="4" class="detailsBox">
                  <div id="com.test.regression.cub.testscripts.SignUp_initialization_byStatus_passed_PASS19_details"
                       class="testMethodDetails">
                     <div>
                        <b>Name: </b>initialization
                     </div>
                     <div>
                        <b>Signature: </b>initialization(java.lang.reflect.Method)[pri:0, instance:com.test.regression.cub.testscripts.SignUp@4678c730]
                     </div>
                     <div>
                        <b>Parameters: </b>
                        
                        public void com.test.regression.cub.testscripts.SignUp.validSignUp_noCardButWantOne()
                        
                        
                     </div>
                     <div>
                        <b>Start time: </b>13:17:29
                     </div>
                     <div>
                        <b>End time: </b>13:17:37
                     </div>
                     <div>
                        <b>Duration: </b>8s
                        
                     </div>
                  </div>
               </td>
            </tr>
            <tr></tr>
            <tr id="com.test.regression.cub.testscripts.SignUp_breakDown_byStatus_passed_PASS20_row"
                class="testMethodStatusPASS testMethodStatusCONF">
               <td width="100%" class="firstMethodCell">
                  <a onclick="toggleDetailsVisibility('com.test.regression.cub.testscripts.SignUp_breakDown_byStatus_passed_PASS20_details')">breakDown([TestResult name=validSignUp_noCardButWantOne status=FAILURE method=SignUp.validSignUp_noCardButWantOne()[pri:0,
                     instance:com.test.regression.cub.testscripts.SignUp@4678c730] output={null}])
                  </a>
               </td>
               <td nowrap="true">13:18:10</td>
               <td nowrap="true" align="right">28 ms
                  
               </td>
               <td nowrap="true">
                   
                  
               </td>
            </tr>
            <tr>
               <td colspan="4" class="detailsBox">
                  <div id="com.test.regression.cub.testscripts.SignUp_breakDown_byStatus_passed_PASS20_details"
                       class="testMethodDetails">
                     <div>
                        <b>Name: </b>breakDown
                     </div>
                     <div>
                        <b>Signature: </b>breakDown(org.testng.ITestResult)[pri:0, instance:com.test.regression.cub.testscripts.SignUp@4678c730]
                     </div>
                     <div>
                        <b>Parameters: </b>
                        
                        [TestResult name=validSignUp_noCardButWantOne status=FAILURE method=SignUp.validSignUp_noCardButWantOne()[pri:0, instance:com.test.regression.cub.testscripts.SignUp@4678c730]
                        output={null}]
                        
                        
                     </div>
                     <div>
                        <b>Start time: </b>13:18:10
                     </div>
                     <div>
                        <b>End time: </b>13:18:10
                     </div>
                     <div>
                        <b>Duration: </b>28 ms
                        
                     </div>
                  </div>
               </td>
            </tr>
            <tr></tr>
            <tr id="com.test.regression.cub.testscripts.SignUp_closeDriver_byStatus_passed_PASS21_row"
                class="testMethodStatusPASS testMethodStatusCONF">
               <td width="100%" class="firstMethodCell">
                  <a onclick="toggleDetailsVisibility('com.test.regression.cub.testscripts.SignUp_closeDriver_byStatus_passed_PASS21_details')">closeDriver(public void com.test.regression.cub.testscripts.SignUp.validSignUp_noCardButWantOne())</a>
               </td>
               <td nowrap="true">13:18:10</td>
               <td nowrap="true" align="right">2s
                  
               </td>
               <td nowrap="true">
                   
                  
               </td>
            </tr>
            <tr>
               <td colspan="4" class="detailsBox">
                  <div id="com.test.regression.cub.testscripts.SignUp_closeDriver_byStatus_passed_PASS21_details"
                       class="testMethodDetails">
                     <div>
                        <b>Name: </b>closeDriver
                     </div>
                     <div>
                        <b>Signature: </b>closeDriver(java.lang.reflect.Method)[pri:0, instance:com.test.regression.cub.testscripts.SignUp@4678c730]
                     </div>
                     <div>
                        <b>Parameters: </b>
                        
                        public void com.test.regression.cub.testscripts.SignUp.validSignUp_noCardButWantOne()
                        
                        
                     </div>
                     <div>
                        <b>Start time: </b>13:18:10
                     </div>
                     <div>
                        <b>End time: </b>13:18:12
                     </div>
                     <div>
                        <b>Duration: </b>2s
                        
                     </div>
                  </div>
               </td>
            </tr>
            <tr></tr>
            <tr id="com.test.regression.cub.testscripts.SignUp_initialization_byStatus_passed_PASS22_row"
                class="testMethodStatusPASS testMethodStatusCONF">
               <td width="100%" class="firstMethodCell">
                  <a onclick="toggleDetailsVisibility('com.test.regression.cub.testscripts.SignUp_initialization_byStatus_passed_PASS22_details')">initialization(public void com.test.regression.cub.testscripts.SignUp.validateSignInLinkInSignUpPopup())</a>
               </td>
               <td nowrap="true">13:18:12</td>
               <td nowrap="true" align="right">8s
                  
               </td>
               <td nowrap="true">
                   
                  
               </td>
            </tr>
            <tr>
               <td colspan="4" class="detailsBox">
                  <div id="com.test.regression.cub.testscripts.SignUp_initialization_byStatus_passed_PASS22_details"
                       class="testMethodDetails">
                     <div>
                        <b>Name: </b>initialization
                     </div>
                     <div>
                        <b>Signature: </b>initialization(java.lang.reflect.Method)[pri:0, instance:com.test.regression.cub.testscripts.SignUp@4678c730]
                     </div>
                     <div>
                        <b>Parameters: </b>
                        
                        public void com.test.regression.cub.testscripts.SignUp.validateSignInLinkInSignUpPopup()
                        
                        
                     </div>
                     <div>
                        <b>Start time: </b>13:18:12
                     </div>
                     <div>
                        <b>End time: </b>13:18:21
                     </div>
                     <div>
                        <b>Duration: </b>8s
                        
                     </div>
                  </div>
               </td>
            </tr>
            <tr></tr>
            <tr id="com.test.regression.cub.testscripts.SignUp_validateSignInLinkInSignUpPopup_byStatus_passed_PASS23_row"
                class="testMethodStatusPASS">
               <td width="100%" class="firstMethodCell">
                  <a onclick="toggleDetailsVisibility('com.test.regression.cub.testscripts.SignUp_validateSignInLinkInSignUpPopup_byStatus_passed_PASS23_details')">validateSignInLinkInSignUpPopup()</a>
               </td>
               <td nowrap="true">13:18:21</td>
               <td nowrap="true" align="right">1s
                  
               </td>
               <td nowrap="true">
                   
                  
               </td>
            </tr>
            <tr>
               <td colspan="4" class="detailsBox">
                  <div id="com.test.regression.cub.testscripts.SignUp_validateSignInLinkInSignUpPopup_byStatus_passed_PASS23_details"
                       class="testMethodDetails">
                     <div>
                        <b>Name: </b>validateSignInLinkInSignUpPopup
                     </div>
                     <div>
                        <b>Signature: </b>validateSignInLinkInSignUpPopup()[pri:0, instance:com.test.regression.cub.testscripts.SignUp@4678c730]
                     </div>
                     <div>
                        <b>Start time: </b>13:18:21
                     </div>
                     <div>
                        <b>End time: </b>13:18:22
                     </div>
                     <div>
                        <b>Duration: </b>1s
                        
                     </div>
                  </div>
               </td>
            </tr>
            <tr></tr>
            <tr id="com.test.regression.cub.testscripts.SignUp_breakDown_byStatus_passed_PASS24_row"
                class="testMethodStatusPASS testMethodStatusCONF">
               <td width="100%" class="firstMethodCell">
                  <a onclick="toggleDetailsVisibility('com.test.regression.cub.testscripts.SignUp_breakDown_byStatus_passed_PASS24_details')">breakDown([TestResult name=validateSignInLinkInSignUpPopup status=SUCCESS method=SignUp.validateSignInLinkInSignUpPopup()[pri:0,
                     instance:com.test.regression.cub.testscripts.SignUp@4678c730] output={null}])
                  </a>
               </td>
               <td nowrap="true">13:18:22</td>
               <td nowrap="true" align="right">0 ms
                  
               </td>
               <td nowrap="true">
                   
                  
               </td>
            </tr>
            <tr>
               <td colspan="4" class="detailsBox">
                  <div id="com.test.regression.cub.testscripts.SignUp_breakDown_byStatus_passed_PASS24_details"
                       class="testMethodDetails">
                     <div>
                        <b>Name: </b>breakDown
                     </div>
                     <div>
                        <b>Signature: </b>breakDown(org.testng.ITestResult)[pri:0, instance:com.test.regression.cub.testscripts.SignUp@4678c730]
                     </div>
                     <div>
                        <b>Parameters: </b>
                        
                        [TestResult name=validateSignInLinkInSignUpPopup status=SUCCESS method=SignUp.validateSignInLinkInSignUpPopup()[pri:0, instance:com.test.regression.cub.testscripts.SignUp@4678c730]
                        output={null}]
                        
                        
                     </div>
                     <div>
                        <b>Start time: </b>13:18:22
                     </div>
                     <div>
                        <b>End time: </b>13:18:22
                     </div>
                     <div>
                        <b>Duration: </b>0 ms
                        
                     </div>
                  </div>
               </td>
            </tr>
            <tr></tr>
            <tr id="com.test.regression.cub.testscripts.SignUp_closeDriver_byStatus_passed_PASS25_row"
                class="testMethodStatusPASS testMethodStatusCONF">
               <td width="100%" class="firstMethodCell">
                  <a onclick="toggleDetailsVisibility('com.test.regression.cub.testscripts.SignUp_closeDriver_byStatus_passed_PASS25_details')">closeDriver(public void com.test.regression.cub.testscripts.SignUp.validateSignInLinkInSignUpPopup())</a>
               </td>
               <td nowrap="true">13:18:22</td>
               <td nowrap="true" align="right">1s
                  
               </td>
               <td nowrap="true">
                   
                  
               </td>
            </tr>
            <tr>
               <td colspan="4" class="detailsBox">
                  <div id="com.test.regression.cub.testscripts.SignUp_closeDriver_byStatus_passed_PASS25_details"
                       class="testMethodDetails">
                     <div>
                        <b>Name: </b>closeDriver
                     </div>
                     <div>
                        <b>Signature: </b>closeDriver(java.lang.reflect.Method)[pri:0, instance:com.test.regression.cub.testscripts.SignUp@4678c730]
                     </div>
                     <div>
                        <b>Parameters: </b>
                        
                        public void com.test.regression.cub.testscripts.SignUp.validateSignInLinkInSignUpPopup()
                        
                        
                     </div>
                     <div>
                        <b>Start time: </b>13:18:22
                     </div>
                     <div>
                        <b>End time: </b>13:18:24
                     </div>
                     <div>
                        <b>Duration: </b>1s
                        
                     </div>
                  </div>
               </td>
            </tr>
            <tr></tr>
            <tr id="com.test.regression.cub.testscripts.SignUp_initialization_byStatus_passed_PASS26_row"
                class="testMethodStatusPASS testMethodStatusCONF">
               <td width="100%" class="firstMethodCell">
                  <a onclick="toggleDetailsVisibility('com.test.regression.cub.testscripts.SignUp_initialization_byStatus_passed_PASS26_details')">initialization(public void com.test.regression.cub.testscripts.SignUp.userNameNPasswordFieldValidationSignUp())</a>
               </td>
               <td nowrap="true">13:18:24</td>
               <td nowrap="true" align="right">8s
                  
               </td>
               <td nowrap="true">
                   
                  
               </td>
            </tr>
            <tr>
               <td colspan="4" class="detailsBox">
                  <div id="com.test.regression.cub.testscripts.SignUp_initialization_byStatus_passed_PASS26_details"
                       class="testMethodDetails">
                     <div>
                        <b>Name: </b>initialization
                     </div>
                     <div>
                        <b>Signature: </b>initialization(java.lang.reflect.Method)[pri:0, instance:com.test.regression.cub.testscripts.SignUp@4678c730]
                     </div>
                     <div>
                        <b>Parameters: </b>
                        
                        public void com.test.regression.cub.testscripts.SignUp.userNameNPasswordFieldValidationSignUp()
                        
                        
                     </div>
                     <div>
                        <b>Start time: </b>13:18:24
                     </div>
                     <div>
                        <b>End time: </b>13:18:33
                     </div>
                     <div>
                        <b>Duration: </b>8s
                        
                     </div>
                  </div>
               </td>
            </tr>
            <tr></tr>
            <tr id="com.test.regression.cub.testscripts.SignUp_userNameNPasswordFieldValidationSignUp_byStatus_passed_PASS27_row"
                class="testMethodStatusPASS">
               <td width="100%" class="firstMethodCell">
                  <a onclick="toggleDetailsVisibility('com.test.regression.cub.testscripts.SignUp_userNameNPasswordFieldValidationSignUp_byStatus_passed_PASS27_details')">userNameNPasswordFieldValidationSignUp()</a>
               </td>
               <td nowrap="true">13:18:33</td>
               <td nowrap="true" align="right">28s
                  
               </td>
               <td nowrap="true">
                   
                  
               </td>
            </tr>
            <tr>
               <td colspan="4" class="detailsBox">
                  <div id="com.test.regression.cub.testscripts.SignUp_userNameNPasswordFieldValidationSignUp_byStatus_passed_PASS27_details"
                       class="testMethodDetails">
                     <div>
                        <b>Name: </b>userNameNPasswordFieldValidationSignUp
                     </div>
                     <div>
                        <b>Signature: </b>userNameNPasswordFieldValidationSignUp()[pri:0, instance:com.test.regression.cub.testscripts.SignUp@4678c730]
                     </div>
                     <div>
                        <b>Start time: </b>13:18:33
                     </div>
                     <div>
                        <b>End time: </b>13:19:02
                     </div>
                     <div>
                        <b>Duration: </b>28s
                        
                     </div>
                  </div>
               </td>
            </tr>
            <tr></tr>
            <tr id="com.test.regression.cub.testscripts.SignUp_breakDown_byStatus_passed_PASS28_row"
                class="testMethodStatusPASS testMethodStatusCONF">
               <td width="100%" class="firstMethodCell">
                  <a onclick="toggleDetailsVisibility('com.test.regression.cub.testscripts.SignUp_breakDown_byStatus_passed_PASS28_details')">breakDown([TestResult name=userNameNPasswordFieldValidationSignUp status=SUCCESS method=SignUp.userNameNPasswordFieldValidationSignUp()[pri:0,
                     instance:com.test.regression.cub.testscripts.SignUp@4678c730] output={null}])
                  </a>
               </td>
               <td nowrap="true">13:19:02</td>
               <td nowrap="true" align="right">0 ms
                  
               </td>
               <td nowrap="true">
                   
                  
               </td>
            </tr>
            <tr>
               <td colspan="4" class="detailsBox">
                  <div id="com.test.regression.cub.testscripts.SignUp_breakDown_byStatus_passed_PASS28_details"
                       class="testMethodDetails">
                     <div>
                        <b>Name: </b>breakDown
                     </div>
                     <div>
                        <b>Signature: </b>breakDown(org.testng.ITestResult)[pri:0, instance:com.test.regression.cub.testscripts.SignUp@4678c730]
                     </div>
                     <div>
                        <b>Parameters: </b>
                        
                        [TestResult name=userNameNPasswordFieldValidationSignUp status=SUCCESS method=SignUp.userNameNPasswordFieldValidationSignUp()[pri:0,
                        instance:com.test.regression.cub.testscripts.SignUp@4678c730] output={null}]
                        
                        
                     </div>
                     <div>
                        <b>Start time: </b>13:19:02
                     </div>
                     <div>
                        <b>End time: </b>13:19:02
                     </div>
                     <div>
                        <b>Duration: </b>0 ms
                        
                     </div>
                  </div>
               </td>
            </tr>
            <tr></tr>
            <tr id="com.test.regression.cub.testscripts.SignUp_closeDriver_byStatus_passed_PASS29_row"
                class="testMethodStatusPASS testMethodStatusCONF">
               <td width="100%" class="firstMethodCell">
                  <a onclick="toggleDetailsVisibility('com.test.regression.cub.testscripts.SignUp_closeDriver_byStatus_passed_PASS29_details')">closeDriver(public void com.test.regression.cub.testscripts.SignUp.userNameNPasswordFieldValidationSignUp())</a>
               </td>
               <td nowrap="true">13:19:02</td>
               <td nowrap="true" align="right">2s
                  
               </td>
               <td nowrap="true">
                   
                  
               </td>
            </tr>
            <tr>
               <td colspan="4" class="detailsBox">
                  <div id="com.test.regression.cub.testscripts.SignUp_closeDriver_byStatus_passed_PASS29_details"
                       class="testMethodDetails">
                     <div>
                        <b>Name: </b>closeDriver
                     </div>
                     <div>
                        <b>Signature: </b>closeDriver(java.lang.reflect.Method)[pri:0, instance:com.test.regression.cub.testscripts.SignUp@4678c730]
                     </div>
                     <div>
                        <b>Parameters: </b>
                        
                        public void com.test.regression.cub.testscripts.SignUp.userNameNPasswordFieldValidationSignUp()
                        
                        
                     </div>
                     <div>
                        <b>Start time: </b>13:19:02
                     </div>
                     <div>
                        <b>End time: </b>13:19:04
                     </div>
                     <div>
                        <b>Duration: </b>2s
                        
                     </div>
                  </div>
               </td>
            </tr>
            <tr></tr>
         </table>
      </div>
      <div id="testMethodsByClass">
         <table class="testMethodsTable" cellpadding="0" cellspacing="0">
            <tr>
               <td colspan="4">
                  <h3 style="display: inline;">com.test.regression.cub.testscripts.SignUp</h3>
               </td>
            </tr>
            <tr class="methodsTableHeader">
               <td width="100%">Name</td>
               <td nowrap="true">Started</td>
               <td nowrap="true">Duration</td>
               <td>Exception</td>
            </tr>
            <tr id="com.test.regression.cub.testscripts.SignUp_initialization_byClass_PASS1_row"
                class="testMethodStatusPASS testMethodStatusCONF">
               <td width="100%" class="firstMethodCell">
                  <a onclick="toggleDetailsVisibility('com.test.regression.cub.testscripts.SignUp_initialization_byClass_PASS1_details')">initialization(public void com.test.regression.cub.testscripts.SignUp.validSignUp4mSL())</a>
               </td>
               <td nowrap="true">13:07:10</td>
               <td nowrap="true" align="right">16s
                  
               </td>
               <td nowrap="true">
                   
                  
               </td>
            </tr>
            <tr>
               <td colspan="4" class="detailsBox">
                  <div id="com.test.regression.cub.testscripts.SignUp_initialization_byClass_PASS1_details"
                       class="testMethodDetails">
                     <div>
                        <b>Name: </b>initialization
                     </div>
                     <div>
                        <b>Signature: </b>initialization(java.lang.reflect.Method)[pri:0, instance:com.test.regression.cub.testscripts.SignUp@4678c730]
                     </div>
                     <div>
                        <b>Parameters: </b>
                        
                        public void com.test.regression.cub.testscripts.SignUp.validSignUp4mSL()
                        
                        
                     </div>
                     <div>
                        <b>Start time: </b>13:07:10
                     </div>
                     <div>
                        <b>End time: </b>13:07:26
                     </div>
                     <div>
                        <b>Duration: </b>16s
                        
                     </div>
                  </div>
               </td>
            </tr>
            <tr></tr>
            <tr id="com.test.regression.cub.testscripts.SignUp_validSignUp4mSL_byClass_PASS2_row"
                class="testMethodStatusPASS">
               <td width="100%" class="firstMethodCell">
                  <a onclick="toggleDetailsVisibility('com.test.regression.cub.testscripts.SignUp_validSignUp4mSL_byClass_PASS2_details')">validSignUp4mSL()</a>
               </td>
               <td nowrap="true">13:07:26</td>
               <td nowrap="true" align="right">1m
                  17s
                  
               </td>
               <td nowrap="true">
                   
                  
               </td>
            </tr>
            <tr>
               <td colspan="4" class="detailsBox">
                  <div id="com.test.regression.cub.testscripts.SignUp_validSignUp4mSL_byClass_PASS2_details"
                       class="testMethodDetails">
                     <div>
                        <b>Name: </b>validSignUp4mSL
                     </div>
                     <div>
                        <b>Signature: </b>validSignUp4mSL()[pri:0, instance:com.test.regression.cub.testscripts.SignUp@4678c730]
                     </div>
                     <div>
                        <b>Start time: </b>13:07:26
                     </div>
                     <div>
                        <b>End time: </b>13:08:44
                     </div>
                     <div>
                        <b>Duration: </b>1m
                        17s
                        
                     </div>
                  </div>
               </td>
            </tr>
            <tr></tr>
            <tr id="com.test.regression.cub.testscripts.SignUp_breakDown_byClass_PASS3_row"
                class="testMethodStatusPASS testMethodStatusCONF">
               <td width="100%" class="firstMethodCell">
                  <a onclick="toggleDetailsVisibility('com.test.regression.cub.testscripts.SignUp_breakDown_byClass_PASS3_details')">breakDown([TestResult name=validSignUp4mSL status=SUCCESS method=SignUp.validSignUp4mSL()[pri:0, instance:com.test.regression.cub.testscripts.SignUp@4678c730]
                     output={null}])
                  </a>
               </td>
               <td nowrap="true">13:08:44</td>
               <td nowrap="true" align="right">0 ms
                  
               </td>
               <td nowrap="true">
                   
                  
               </td>
            </tr>
            <tr>
               <td colspan="4" class="detailsBox">
                  <div id="com.test.regression.cub.testscripts.SignUp_breakDown_byClass_PASS3_details"
                       class="testMethodDetails">
                     <div>
                        <b>Name: </b>breakDown
                     </div>
                     <div>
                        <b>Signature: </b>breakDown(org.testng.ITestResult)[pri:0, instance:com.test.regression.cub.testscripts.SignUp@4678c730]
                     </div>
                     <div>
                        <b>Parameters: </b>
                        
                        [TestResult name=validSignUp4mSL status=SUCCESS method=SignUp.validSignUp4mSL()[pri:0, instance:com.test.regression.cub.testscripts.SignUp@4678c730]
                        output={null}]
                        
                        
                     </div>
                     <div>
                        <b>Start time: </b>13:08:44
                     </div>
                     <div>
                        <b>End time: </b>13:08:44
                     </div>
                     <div>
                        <b>Duration: </b>0 ms
                        
                     </div>
                  </div>
               </td>
            </tr>
            <tr></tr>
            <tr id="com.test.regression.cub.testscripts.SignUp_closeDriver_byClass_PASS4_row"
                class="testMethodStatusPASS testMethodStatusCONF">
               <td width="100%" class="firstMethodCell">
                  <a onclick="toggleDetailsVisibility('com.test.regression.cub.testscripts.SignUp_closeDriver_byClass_PASS4_details')">closeDriver(public void com.test.regression.cub.testscripts.SignUp.validSignUp4mSL())</a>
               </td>
               <td nowrap="true">13:08:44</td>
               <td nowrap="true" align="right">6s
                  
               </td>
               <td nowrap="true">
                   
                  
               </td>
            </tr>
            <tr>
               <td colspan="4" class="detailsBox">
                  <div id="com.test.regression.cub.testscripts.SignUp_closeDriver_byClass_PASS4_details"
                       class="testMethodDetails">
                     <div>
                        <b>Name: </b>closeDriver
                     </div>
                     <div>
                        <b>Signature: </b>closeDriver(java.lang.reflect.Method)[pri:0, instance:com.test.regression.cub.testscripts.SignUp@4678c730]
                     </div>
                     <div>
                        <b>Parameters: </b>
                        
                        public void com.test.regression.cub.testscripts.SignUp.validSignUp4mSL()
                        
                        
                     </div>
                     <div>
                        <b>Start time: </b>13:08:44
                     </div>
                     <div>
                        <b>End time: </b>13:08:50
                     </div>
                     <div>
                        <b>Duration: </b>6s
                        
                     </div>
                  </div>
               </td>
            </tr>
            <tr></tr>
            <tr id="com.test.regression.cub.testscripts.SignUp_initialization_byClass_PASS5_row"
                class="testMethodStatusPASS testMethodStatusCONF">
               <td width="100%" class="firstMethodCell">
                  <a onclick="toggleDetailsVisibility('com.test.regression.cub.testscripts.SignUp_initialization_byClass_PASS5_details')">initialization(public void com.test.regression.cub.testscripts.SignUp.validSignUp_noCard())</a>
               </td>
               <td nowrap="true">13:08:50</td>
               <td nowrap="true" align="right">37s
                  
               </td>
               <td nowrap="true">
                   
                  
               </td>
            </tr>
            <tr>
               <td colspan="4" class="detailsBox">
                  <div id="com.test.regression.cub.testscripts.SignUp_initialization_byClass_PASS5_details"
                       class="testMethodDetails">
                     <div>
                        <b>Name: </b>initialization
                     </div>
                     <div>
                        <b>Signature: </b>initialization(java.lang.reflect.Method)[pri:0, instance:com.test.regression.cub.testscripts.SignUp@4678c730]
                     </div>
                     <div>
                        <b>Parameters: </b>
                        
                        public void com.test.regression.cub.testscripts.SignUp.validSignUp_noCard()
                        
                        
                     </div>
                     <div>
                        <b>Start time: </b>13:08:50
                     </div>
                     <div>
                        <b>End time: </b>13:09:27
                     </div>
                     <div>
                        <b>Duration: </b>37s
                        
                     </div>
                  </div>
               </td>
            </tr>
            <tr></tr>
            <tr id="com.test.regression.cub.testscripts.SignUp_validSignUp_noCard_byClass_PASS6_row"
                class="testMethodStatusPASS">
               <td width="100%" class="firstMethodCell">
                  <a onclick="toggleDetailsVisibility('com.test.regression.cub.testscripts.SignUp_validSignUp_noCard_byClass_PASS6_details')">validSignUp_noCard()</a>
               </td>
               <td nowrap="true">13:09:27</td>
               <td nowrap="true" align="right">1m
                  17s
                  
               </td>
               <td nowrap="true">
                   
                  
               </td>
            </tr>
            <tr>
               <td colspan="4" class="detailsBox">
                  <div id="com.test.regression.cub.testscripts.SignUp_validSignUp_noCard_byClass_PASS6_details"
                       class="testMethodDetails">
                     <div>
                        <b>Name: </b>validSignUp_noCard
                     </div>
                     <div>
                        <b>Signature: </b>validSignUp_noCard()[pri:0, instance:com.test.regression.cub.testscripts.SignUp@4678c730]
                     </div>
                     <div>
                        <b>Start time: </b>13:09:27
                     </div>
                     <div>
                        <b>End time: </b>13:10:45
                     </div>
                     <div>
                        <b>Duration: </b>1m
                        17s
                        
                     </div>
                  </div>
               </td>
            </tr>
            <tr></tr>
            <tr id="com.test.regression.cub.testscripts.SignUp_breakDown_byClass_PASS7_row"
                class="testMethodStatusPASS testMethodStatusCONF">
               <td width="100%" class="firstMethodCell">
                  <a onclick="toggleDetailsVisibility('com.test.regression.cub.testscripts.SignUp_breakDown_byClass_PASS7_details')">breakDown([TestResult name=validSignUp_noCard status=SUCCESS method=SignUp.validSignUp_noCard()[pri:0, instance:com.test.regression.cub.testscripts.SignUp@4678c730]
                     output={null}])
                  </a>
               </td>
               <td nowrap="true">13:10:45</td>
               <td nowrap="true" align="right">0 ms
                  
               </td>
               <td nowrap="true">
                   
                  
               </td>
            </tr>
            <tr>
               <td colspan="4" class="detailsBox">
                  <div id="com.test.regression.cub.testscripts.SignUp_breakDown_byClass_PASS7_details"
                       class="testMethodDetails">
                     <div>
                        <b>Name: </b>breakDown
                     </div>
                     <div>
                        <b>Signature: </b>breakDown(org.testng.ITestResult)[pri:0, instance:com.test.regression.cub.testscripts.SignUp@4678c730]
                     </div>
                     <div>
                        <b>Parameters: </b>
                        
                        [TestResult name=validSignUp_noCard status=SUCCESS method=SignUp.validSignUp_noCard()[pri:0, instance:com.test.regression.cub.testscripts.SignUp@4678c730]
                        output={null}]
                        
                        
                     </div>
                     <div>
                        <b>Start time: </b>13:10:45
                     </div>
                     <div>
                        <b>End time: </b>13:10:45
                     </div>
                     <div>
                        <b>Duration: </b>0 ms
                        
                     </div>
                  </div>
               </td>
            </tr>
            <tr></tr>
            <tr id="com.test.regression.cub.testscripts.SignUp_closeDriver_byClass_PASS8_row"
                class="testMethodStatusPASS testMethodStatusCONF">
               <td width="100%" class="firstMethodCell">
                  <a onclick="toggleDetailsVisibility('com.test.regression.cub.testscripts.SignUp_closeDriver_byClass_PASS8_details')">closeDriver(public void com.test.regression.cub.testscripts.SignUp.validSignUp_noCard())</a>
               </td>
               <td nowrap="true">13:10:45</td>
               <td nowrap="true" align="right">5s
                  
               </td>
               <td nowrap="true">
                   
                  
               </td>
            </tr>
            <tr>
               <td colspan="4" class="detailsBox">
                  <div id="com.test.regression.cub.testscripts.SignUp_closeDriver_byClass_PASS8_details"
                       class="testMethodDetails">
                     <div>
                        <b>Name: </b>closeDriver
                     </div>
                     <div>
                        <b>Signature: </b>closeDriver(java.lang.reflect.Method)[pri:0, instance:com.test.regression.cub.testscripts.SignUp@4678c730]
                     </div>
                     <div>
                        <b>Parameters: </b>
                        
                        public void com.test.regression.cub.testscripts.SignUp.validSignUp_noCard()
                        
                        
                     </div>
                     <div>
                        <b>Start time: </b>13:10:45
                     </div>
                     <div>
                        <b>End time: </b>13:10:51
                     </div>
                     <div>
                        <b>Duration: </b>5s
                        
                     </div>
                  </div>
               </td>
            </tr>
            <tr></tr>
            <tr id="com.test.regression.cub.testscripts.SignUp_initialization_byClass_PASS9_row"
                class="testMethodStatusPASS testMethodStatusCONF">
               <td width="100%" class="firstMethodCell">
                  <a onclick="toggleDetailsVisibility('com.test.regression.cub.testscripts.SignUp_initialization_byClass_PASS9_details')">initialization(public void com.test.regression.cub.testscripts.SignUp.validSignUp_yesIHaveOne())</a>
               </td>
               <td nowrap="true">13:10:51</td>
               <td nowrap="true" align="right">9s
                  
               </td>
               <td nowrap="true">
                   
                  
               </td>
            </tr>
            <tr>
               <td colspan="4" class="detailsBox">
                  <div id="com.test.regression.cub.testscripts.SignUp_initialization_byClass_PASS9_details"
                       class="testMethodDetails">
                     <div>
                        <b>Name: </b>initialization
                     </div>
                     <div>
                        <b>Signature: </b>initialization(java.lang.reflect.Method)[pri:0, instance:com.test.regression.cub.testscripts.SignUp@4678c730]
                     </div>
                     <div>
                        <b>Parameters: </b>
                        
                        public void com.test.regression.cub.testscripts.SignUp.validSignUp_yesIHaveOne()
                        
                        
                     </div>
                     <div>
                        <b>Start time: </b>13:10:51
                     </div>
                     <div>
                        <b>End time: </b>13:11:00
                     </div>
                     <div>
                        <b>Duration: </b>9s
                        
                     </div>
                  </div>
               </td>
            </tr>
            <tr></tr>
            <tr id="com.test.regression.cub.testscripts.SignUp_validSignUp_yesIHaveOne_byClass_PASS10_row"
                class="testMethodStatusPASS">
               <td width="100%" class="firstMethodCell">
                  <a onclick="toggleDetailsVisibility('com.test.regression.cub.testscripts.SignUp_validSignUp_yesIHaveOne_byClass_PASS10_details')">validSignUp_yesIHaveOne()</a>
               </td>
               <td nowrap="true">13:11:00</td>
               <td nowrap="true" align="right">1m
                  10s
                  
               </td>
               <td nowrap="true">
                   
                  
               </td>
            </tr>
            <tr>
               <td colspan="4" class="detailsBox">
                  <div id="com.test.regression.cub.testscripts.SignUp_validSignUp_yesIHaveOne_byClass_PASS10_details"
                       class="testMethodDetails">
                     <div>
                        <b>Name: </b>validSignUp_yesIHaveOne
                     </div>
                     <div>
                        <b>Signature: </b>validSignUp_yesIHaveOne()[pri:0, instance:com.test.regression.cub.testscripts.SignUp@4678c730]
                     </div>
                     <div>
                        <b>Start time: </b>13:11:00
                     </div>
                     <div>
                        <b>End time: </b>13:12:11
                     </div>
                     <div>
                        <b>Duration: </b>1m
                        10s
                        
                     </div>
                  </div>
               </td>
            </tr>
            <tr></tr>
            <tr id="com.test.regression.cub.testscripts.SignUp_closeDriver_byClass_PASS11_row"
                class="testMethodStatusPASS testMethodStatusCONF">
               <td width="100%" class="firstMethodCell">
                  <a onclick="toggleDetailsVisibility('com.test.regression.cub.testscripts.SignUp_closeDriver_byClass_PASS11_details')">closeDriver(public void com.test.regression.cub.testscripts.SignUp.validSignUp_yesIHaveOne())</a>
               </td>
               <td nowrap="true">13:12:11</td>
               <td nowrap="true" align="right">7s
                  
               </td>
               <td nowrap="true">
                   
                  
               </td>
            </tr>
            <tr>
               <td colspan="4" class="detailsBox">
                  <div id="com.test.regression.cub.testscripts.SignUp_closeDriver_byClass_PASS11_details"
                       class="testMethodDetails">
                     <div>
                        <b>Name: </b>closeDriver
                     </div>
                     <div>
                        <b>Signature: </b>closeDriver(java.lang.reflect.Method)[pri:0, instance:com.test.regression.cub.testscripts.SignUp@4678c730]
                     </div>
                     <div>
                        <b>Parameters: </b>
                        
                        public void com.test.regression.cub.testscripts.SignUp.validSignUp_yesIHaveOne()
                        
                        
                     </div>
                     <div>
                        <b>Start time: </b>13:12:11
                     </div>
                     <div>
                        <b>End time: </b>13:12:18
                     </div>
                     <div>
                        <b>Duration: </b>7s
                        
                     </div>
                  </div>
               </td>
            </tr>
            <tr></tr>
            <tr id="com.test.regression.cub.testscripts.SignUp_breakDown_byClass_PASS12_row"
                class="testMethodStatusPASS testMethodStatusCONF">
               <td width="100%" class="firstMethodCell">
                  <a onclick="toggleDetailsVisibility('com.test.regression.cub.testscripts.SignUp_breakDown_byClass_PASS12_details')">breakDown([TestResult name=validSignUp_yesIHaveOne status=SUCCESS method=SignUp.validSignUp_yesIHaveOne()[pri:0, instance:com.test.regression.cub.testscripts.SignUp@4678c730]
                     output={null}])
                  </a>
               </td>
               <td nowrap="true">13:12:11</td>
               <td nowrap="true" align="right">0 ms
                  
               </td>
               <td nowrap="true">
                   
                  
               </td>
            </tr>
            <tr>
               <td colspan="4" class="detailsBox">
                  <div id="com.test.regression.cub.testscripts.SignUp_breakDown_byClass_PASS12_details"
                       class="testMethodDetails">
                     <div>
                        <b>Name: </b>breakDown
                     </div>
                     <div>
                        <b>Signature: </b>breakDown(org.testng.ITestResult)[pri:0, instance:com.test.regression.cub.testscripts.SignUp@4678c730]
                     </div>
                     <div>
                        <b>Parameters: </b>
                        
                        [TestResult name=validSignUp_yesIHaveOne status=SUCCESS method=SignUp.validSignUp_yesIHaveOne()[pri:0, instance:com.test.regression.cub.testscripts.SignUp@4678c730]
                        output={null}]
                        
                        
                     </div>
                     <div>
                        <b>Start time: </b>13:12:11
                     </div>
                     <div>
                        <b>End time: </b>13:12:11
                     </div>
                     <div>
                        <b>Duration: </b>0 ms
                        
                     </div>
                  </div>
               </td>
            </tr>
            <tr></tr>
            <tr id="com.test.regression.cub.testscripts.SignUp_initialization_byClass_PASS13_row"
                class="testMethodStatusPASS testMethodStatusCONF">
               <td width="100%" class="firstMethodCell">
                  <a onclick="toggleDetailsVisibility('com.test.regression.cub.testscripts.SignUp_initialization_byClass_PASS13_details')">initialization(public void com.test.regression.cub.testscripts.SignUp.validSignUp_yesIHaveOne_validateRewardsPopup())</a>
               </td>
               <td nowrap="true">13:12:18</td>
               <td nowrap="true" align="right">23s
                  
               </td>
               <td nowrap="true">
                   
                  
               </td>
            </tr>
            <tr>
               <td colspan="4" class="detailsBox">
                  <div id="com.test.regression.cub.testscripts.SignUp_initialization_byClass_PASS13_details"
                       class="testMethodDetails">
                     <div>
                        <b>Name: </b>initialization
                     </div>
                     <div>
                        <b>Signature: </b>initialization(java.lang.reflect.Method)[pri:0, instance:com.test.regression.cub.testscripts.SignUp@4678c730]
                     </div>
                     <div>
                        <b>Parameters: </b>
                        
                        public void com.test.regression.cub.testscripts.SignUp.validSignUp_yesIHaveOne_validateRewardsPopup()
                        
                        
                     </div>
                     <div>
                        <b>Start time: </b>13:12:18
                     </div>
                     <div>
                        <b>End time: </b>13:12:42
                     </div>
                     <div>
                        <b>Duration: </b>23s
                        
                     </div>
                  </div>
               </td>
            </tr>
            <tr></tr>
            <tr id="com.test.regression.cub.testscripts.SignUp_validSignUp_yesIHaveOne_validateRewardsPopup_byClass_FAIL14_row"
                class="testMethodStatusFAIL">
               <td width="100%" class="firstMethodCell">
                  <a onclick="toggleDetailsVisibility('com.test.regression.cub.testscripts.SignUp_validSignUp_yesIHaveOne_validateRewardsPopup_byClass_FAIL14_details')">validSignUp_yesIHaveOne_validateRewardsPopup()</a>
               </td>
               <td nowrap="true">13:12:42</td>
               <td nowrap="true" align="right">3m
                  56s
                  
               </td>
               <td nowrap="true">
                  <a onclick="toggleDetailsVisibility('com.test.regression.cub.testscripts.SignUp_validSignUp_yesIHaveOne_validateRewardsPopup_byClass_FAIL14_exception')">java.lang.AssertionError: 
                     The following asserts failed:
                     
                     Failed: No error displayed when user enters invalid cardless id and valid lastname.., 
                     Failed: No error displayed when user enters invalid last name and valid  card number.., 
                     Failed: No error displayed when user enters invalid Cardles id and valid  card number.., 
                     Failed: No error displayed when user enters valid Cardles id and invalid card number.., 
                     Failed: No error displayed when user enters valid cardless id and invalid lastname.., 
                     Failed: Continue button is enabled  when user enters alphabets in Cardles id feild while adding existing card.., 
                     Failed: Continue button is enabled  when user enters Special Characters in Cardles id feild while adding existing card..,
                     
                     Failed: Continue button is enabled  when user enters Space in Cardles id feild while adding existing card.., 
                     Failed: No error displayed when user enters invalid card number and valid lastname..
                     
                  </a>
                   
                  
               </td>
            </tr>
            <tr>
               <td colspan="4" class="detailsBox">
                  <div id="com.test.regression.cub.testscripts.SignUp_validSignUp_yesIHaveOne_validateRewardsPopup_byClass_FAIL14_details"
                       class="testMethodDetails">
                     <div>
                        <b>Name: </b>validSignUp_yesIHaveOne_validateRewardsPopup
                     </div>
                     <div>
                        <b>Signature: </b>validSignUp_yesIHaveOne_validateRewardsPopup()[pri:0, instance:com.test.regression.cub.testscripts.SignUp@4678c730]
                     </div>
                     <div>
                        <b>Start time: </b>13:12:42
                     </div>
                     <div>
                        <b>End time: </b>13:16:38
                     </div>
                     <div>
                        <b>Duration: </b>3m
                        56s
                        
                     </div>
                  </div>
               </td>
            </tr>
            <tr>
               <td colspan="4" class="detailsBox">
                  <div id="com.test.regression.cub.testscripts.SignUp_validSignUp_yesIHaveOne_validateRewardsPopup_byClass_FAIL14_exception"
                       class="testMethodDetails">
                     <pre style="padding: 5px; margin: 0;">java.lang.AssertionError: The following asserts failed:
                        
                        Failed: No error displayed when user enters invalid cardless id and valid lastname.., 
                        Failed: No error displayed when user enters invalid last name and valid  card number.., 
                        Failed: No error displayed when user enters invalid Cardles id and valid  card number.., 
                        Failed: No error displayed when user enters valid Cardles id and invalid card number.., 
                        Failed: No error displayed when user enters valid cardless id and invalid lastname.., 
                        Failed: Continue button is enabled  when user enters alphabets in Cardles id feild while adding existing card.., 
                        Failed: Continue button is enabled  when user enters Special Characters in Cardles id feild while adding existing card..,
                        
                        Failed: Continue button is enabled  when user enters Space in Cardles id feild while adding existing card.., 
                        Failed: No error displayed when user enters invalid card number and valid lastname..
                        	at org.testng.asserts.SoftAssert.assertAll(SoftAssert.java:37)
                        	at com.test.regression.cub.testscripts.SignUp.validSignUp_yesIHaveOne_validateRewardsPopup(SignUp.java:829)
                        	at sun.reflect.NativeMethodAccessorImpl.invoke0(Native Method)
                        	at sun.reflect.NativeMethodAccessorImpl.invoke(NativeMethodAccessorImpl.java:62)
                        	at sun.reflect.DelegatingMethodAccessorImpl.invoke(DelegatingMethodAccessorImpl.java:43)
                        	at java.lang.reflect.Method.invoke(Method.java:497)
                        	at org.testng.internal.MethodInvocationHelper.invokeMethod(MethodInvocationHelper.java:80)
                        	at org.testng.internal.Invoker.invokeMethod(Invoker.java:714)
                        	at org.testng.internal.Invoker.invokeTestMethod(Invoker.java:901)
                        	at org.testng.internal.Invoker.invokeTestMethods(Invoker.java:1231)
                        	at org.testng.internal.TestMethodWorker.invokeTestMethods(TestMethodWorker.java:127)
                        	at org.testng.internal.TestMethodWorker.run(TestMethodWorker.java:111)
                        	at org.testng.TestRunner.privateRun(TestRunner.java:767)
                        	at org.testng.TestRunner.run(TestRunner.java:617)
                        	at org.testng.SuiteRunner.runTest(SuiteRunner.java:334)
                        	at org.testng.SuiteRunner.runSequentially(SuiteRunner.java:329)
                        	at org.testng.SuiteRunner.privateRun(SuiteRunner.java:291)
                        	at org.testng.SuiteRunner.run(SuiteRunner.java:240)
                        	at org.testng.SuiteRunnerWorker.runSuite(SuiteRunnerWorker.java:52)
                        	at org.testng.SuiteRunnerWorker.run(SuiteRunnerWorker.java:86)
                        	at org.testng.TestNG.runSuitesSequentially(TestNG.java:1198)
                        	at org.testng.TestNG.runSuitesLocally(TestNG.java:1123)
                        	at org.testng.TestNG.run(TestNG.java:1031)
                        	at org.apache.maven.surefire.testng.TestNGExecutor.run(TestNGExecutor.java:178)
                        	at org.apache.maven.surefire.testng.TestNGXmlTestSuite.execute(TestNGXmlTestSuite.java:92)
                        	at org.apache.maven.surefire.testng.TestNGProvider.invoke(TestNGProvider.java:96)
                        	at sun.reflect.NativeMethodAccessorImpl.invoke0(Native Method)
                        	at sun.reflect.NativeMethodAccessorImpl.invoke(NativeMethodAccessorImpl.java:62)
                        	at sun.reflect.DelegatingMethodAccessorImpl.invoke(DelegatingMethodAccessorImpl.java:43)
                        	at java.lang.reflect.Method.invoke(Method.java:497)
                        	at org.apache.maven.surefire.util.ReflectionUtils.invokeMethodWithArray2(ReflectionUtils.java:208)
                        	at org.apache.maven.surefire.booter.ProviderFactory$ProviderProxy.invoke(ProviderFactory.java:159)
                        	at org.apache.maven.surefire.booter.ProviderFactory.invokeProvider(ProviderFactory.java:87)
                        	at org.apache.maven.surefire.booter.ForkedBooter.runSuitesInProcess(ForkedBooter.java:153)
                        	at org.apache.maven.surefire.booter.ForkedBooter.main(ForkedBooter.java:95)
                     </pre>
                  </div>
               </td>
            </tr>
            <tr id="com.test.regression.cub.testscripts.SignUp_breakDown_byClass_PASS15_row"
                class="testMethodStatusPASS testMethodStatusCONF">
               <td width="100%" class="firstMethodCell">
                  <a onclick="toggleDetailsVisibility('com.test.regression.cub.testscripts.SignUp_breakDown_byClass_PASS15_details')">breakDown([TestResult name=validSignUp_yesIHaveOne_validateRewardsPopup status=FAILURE method=SignUp.validSignUp_yesIHaveOne_validateRewardsPopup()[pri:0,
                     instance:com.test.regression.cub.testscripts.SignUp@4678c730] output={null}])
                  </a>
               </td>
               <td nowrap="true">13:16:38</td>
               <td nowrap="true" align="right">465 ms
                  
               </td>
               <td nowrap="true">
                   
                  
               </td>
            </tr>
            <tr>
               <td colspan="4" class="detailsBox">
                  <div id="com.test.regression.cub.testscripts.SignUp_breakDown_byClass_PASS15_details"
                       class="testMethodDetails">
                     <div>
                        <b>Name: </b>breakDown
                     </div>
                     <div>
                        <b>Signature: </b>breakDown(org.testng.ITestResult)[pri:0, instance:com.test.regression.cub.testscripts.SignUp@4678c730]
                     </div>
                     <div>
                        <b>Parameters: </b>
                        
                        [TestResult name=validSignUp_yesIHaveOne_validateRewardsPopup status=FAILURE method=SignUp.validSignUp_yesIHaveOne_validateRewardsPopup()[pri:0,
                        instance:com.test.regression.cub.testscripts.SignUp@4678c730] output={null}]
                        
                        
                     </div>
                     <div>
                        <b>Start time: </b>13:16:38
                     </div>
                     <div>
                        <b>End time: </b>13:16:39
                     </div>
                     <div>
                        <b>Duration: </b>465 ms
                        
                     </div>
                  </div>
               </td>
            </tr>
            <tr></tr>
            <tr id="com.test.regression.cub.testscripts.SignUp_closeDriver_byClass_PASS16_row"
                class="testMethodStatusPASS testMethodStatusCONF">
               <td width="100%" class="firstMethodCell">
                  <a onclick="toggleDetailsVisibility('com.test.regression.cub.testscripts.SignUp_closeDriver_byClass_PASS16_details')">closeDriver(public void com.test.regression.cub.testscripts.SignUp.validSignUp_yesIHaveOne_validateRewardsPopup())</a>
               </td>
               <td nowrap="true">13:16:39</td>
               <td nowrap="true" align="right">1s
                  
               </td>
               <td nowrap="true">
                   
                  
               </td>
            </tr>
            <tr>
               <td colspan="4" class="detailsBox">
                  <div id="com.test.regression.cub.testscripts.SignUp_closeDriver_byClass_PASS16_details"
                       class="testMethodDetails">
                     <div>
                        <b>Name: </b>closeDriver
                     </div>
                     <div>
                        <b>Signature: </b>closeDriver(java.lang.reflect.Method)[pri:0, instance:com.test.regression.cub.testscripts.SignUp@4678c730]
                     </div>
                     <div>
                        <b>Parameters: </b>
                        
                        public void com.test.regression.cub.testscripts.SignUp.validSignUp_yesIHaveOne_validateRewardsPopup()
                        
                        
                     </div>
                     <div>
                        <b>Start time: </b>13:16:39
                     </div>
                     <div>
                        <b>End time: </b>13:16:41
                     </div>
                     <div>
                        <b>Duration: </b>1s
                        
                     </div>
                  </div>
               </td>
            </tr>
            <tr></tr>
            <tr id="com.test.regression.cub.testscripts.SignUp_initialization_byClass_PASS17_row"
                class="testMethodStatusPASS testMethodStatusCONF">
               <td width="100%" class="firstMethodCell">
                  <a onclick="toggleDetailsVisibility('com.test.regression.cub.testscripts.SignUp_initialization_byClass_PASS17_details')">initialization(public void com.test.regression.cub.testscripts.SignUp.signUp_validateContactInfoPopup())</a>
               </td>
               <td nowrap="true">13:16:41</td>
               <td nowrap="true" align="right">11s
                  
               </td>
               <td nowrap="true">
                   
                  
               </td>
            </tr>
            <tr>
               <td colspan="4" class="detailsBox">
                  <div id="com.test.regression.cub.testscripts.SignUp_initialization_byClass_PASS17_details"
                       class="testMethodDetails">
                     <div>
                        <b>Name: </b>initialization
                     </div>
                     <div>
                        <b>Signature: </b>initialization(java.lang.reflect.Method)[pri:0, instance:com.test.regression.cub.testscripts.SignUp@4678c730]
                     </div>
                     <div>
                        <b>Parameters: </b>
                        
                        public void com.test.regression.cub.testscripts.SignUp.signUp_validateContactInfoPopup()
                        
                        
                     </div>
                     <div>
                        <b>Start time: </b>13:16:41
                     </div>
                     <div>
                        <b>End time: </b>13:16:52
                     </div>
                     <div>
                        <b>Duration: </b>11s
                        
                     </div>
                  </div>
               </td>
            </tr>
            <tr></tr>
            <tr id="com.test.regression.cub.testscripts.SignUp_signUp_validateContactInfoPopup_byClass_FAIL18_row"
                class="testMethodStatusFAIL">
               <td width="100%" class="firstMethodCell">
                  <a onclick="toggleDetailsVisibility('com.test.regression.cub.testscripts.SignUp_signUp_validateContactInfoPopup_byClass_FAIL18_details')">signUp_validateContactInfoPopup()</a>
               </td>
               <td nowrap="true">13:16:52</td>
               <td nowrap="true" align="right">31s
                  
               </td>
               <td nowrap="true">
                  <a onclick="toggleDetailsVisibility('com.test.regression.cub.testscripts.SignUp_signUp_validateContactInfoPopup_byClass_FAIL18_exception')">java.lang.AssertionError: 
                     unexpected alert open: {Alert text : Sorry, An error has occurred while refreshing your shopping list.}
                     (Session info: chrome=52.0.2743.116)
                     (Driver info: chromedriver=2.22.397933 (1cab651507b88dec79b2b2a22d1943c01833cc1b),platform=Windows NT 6.1.7601 SP1 x86_64)
                     (WARNING: The server did not provide any stacktrace information)
                     Command duration or timeout: 2 milliseconds: null
                     Build info: version: '2.53.0', revision: '35ae25b1534ae328c771e0856c93e187490ca824', time: '2016-03-15 10:43:46'
                     System info: host: 'SDEVPCSVU7112', ip: '10.15.142.48', os.name: 'Windows 7', os.arch: 'amd64', os.version: '6.1', java.version:
                     '1.8.0_73'
                     Driver info: org.openqa.selenium.chrome.ChromeDriver
                     Capabilities [{applicationCacheEnabled=false, rotatable=false, mobileEmulationEnabled=false, chrome={chromedriverVersion=2.22.397933
                     (1cab651507b88dec79b2b2a22d1943c01833cc1b), userDataDir=C:\Users\jrag00m\AppData\Local\Temp\scoped_dir71340_28702}, takesHeapSnapshot=true,
                     databaseEnabled=false, handlesAlerts=true, hasTouchScreen=false, version=52.0.2743.116, platform=XP, browserConnectionEnabled=false,
                     nativeEvents=true, acceptSslCerts=true, locationContextEnabled=true, webStorageEnabled=true, browserName=chrome, takesScreenshot=true,
                     javascriptEnabled=true, cssSelectorsEnabled=true}]
                     Session ID: ab0ef4205c73720a5f222b381422a199
                     *** Element info: {Using=id, value=confirm-rewards-no-yes}
                     
                  </a>
                   
                  
               </td>
            </tr>
            <tr>
               <td colspan="4" class="detailsBox">
                  <div id="com.test.regression.cub.testscripts.SignUp_signUp_validateContactInfoPopup_byClass_FAIL18_details"
                       class="testMethodDetails">
                     <div>
                        <b>Name: </b>signUp_validateContactInfoPopup
                     </div>
                     <div>
                        <b>Signature: </b>signUp_validateContactInfoPopup()[pri:0, instance:com.test.regression.cub.testscripts.SignUp@4678c730]
                     </div>
                     <div>
                        <b>Start time: </b>13:16:52
                     </div>
                     <div>
                        <b>End time: </b>13:17:24
                     </div>
                     <div>
                        <b>Duration: </b>31s
                        
                     </div>
                  </div>
               </td>
            </tr>
            <tr>
               <td colspan="4" class="detailsBox">
                  <div id="com.test.regression.cub.testscripts.SignUp_signUp_validateContactInfoPopup_byClass_FAIL18_exception"
                       class="testMethodDetails">
                     <pre style="padding: 5px; margin: 0;">java.lang.AssertionError: unexpected alert open: {Alert text : Sorry, An error has occurred while refreshing your shopping
                        list.}
                        (Session info: chrome=52.0.2743.116)
                        (Driver info: chromedriver=2.22.397933 (1cab651507b88dec79b2b2a22d1943c01833cc1b),platform=Windows NT 6.1.7601 SP1 x86_64)
                        (WARNING: The server did not provide any stacktrace information)
                        Command duration or timeout: 2 milliseconds: null
                        Build info: version: '2.53.0', revision: '35ae25b1534ae328c771e0856c93e187490ca824', time: '2016-03-15 10:43:46'
                        System info: host: 'SDEVPCSVU7112', ip: '10.15.142.48', os.name: 'Windows 7', os.arch: 'amd64', os.version: '6.1', java.version:
                        '1.8.0_73'
                        Driver info: org.openqa.selenium.chrome.ChromeDriver
                        Capabilities [{applicationCacheEnabled=false, rotatable=false, mobileEmulationEnabled=false, chrome={chromedriverVersion=2.22.397933
                        (1cab651507b88dec79b2b2a22d1943c01833cc1b), userDataDir=C:\Users\jrag00m\AppData\Local\Temp\scoped_dir71340_28702}, takesHeapSnapshot=true,
                        databaseEnabled=false, handlesAlerts=true, hasTouchScreen=false, version=52.0.2743.116, platform=XP, browserConnectionEnabled=false,
                        nativeEvents=true, acceptSslCerts=true, locationContextEnabled=true, webStorageEnabled=true, browserName=chrome, takesScreenshot=true,
                        javascriptEnabled=true, cssSelectorsEnabled=true}]
                        Session ID: ab0ef4205c73720a5f222b381422a199
                        *** Element info: {Using=id, value=confirm-rewards-no-yes}
                        	at org.testng.Assert.fail(Assert.java:94)
                        	at com.test.regression.cub.testscripts.SignUp.signUp_validateContactInfoPopup(SignUp.java:703)
                        	at sun.reflect.NativeMethodAccessorImpl.invoke0(Native Method)
                        	at sun.reflect.NativeMethodAccessorImpl.invoke(NativeMethodAccessorImpl.java:62)
                        	at sun.reflect.DelegatingMethodAccessorImpl.invoke(DelegatingMethodAccessorImpl.java:43)
                        	at java.lang.reflect.Method.invoke(Method.java:497)
                        	at org.testng.internal.MethodInvocationHelper.invokeMethod(MethodInvocationHelper.java:80)
                        	at org.testng.internal.Invoker.invokeMethod(Invoker.java:714)
                        	at org.testng.internal.Invoker.invokeTestMethod(Invoker.java:901)
                        	at org.testng.internal.Invoker.invokeTestMethods(Invoker.java:1231)
                        	at org.testng.internal.TestMethodWorker.invokeTestMethods(TestMethodWorker.java:127)
                        	at org.testng.internal.TestMethodWorker.run(TestMethodWorker.java:111)
                        	at org.testng.TestRunner.privateRun(TestRunner.java:767)
                        	at org.testng.TestRunner.run(TestRunner.java:617)
                        	at org.testng.SuiteRunner.runTest(SuiteRunner.java:334)
                        	at org.testng.SuiteRunner.runSequentially(SuiteRunner.java:329)
                        	at org.testng.SuiteRunner.privateRun(SuiteRunner.java:291)
                        	at org.testng.SuiteRunner.run(SuiteRunner.java:240)
                        	at org.testng.SuiteRunnerWorker.runSuite(SuiteRunnerWorker.java:52)
                        	at org.testng.SuiteRunnerWorker.run(SuiteRunnerWorker.java:86)
                        	at org.testng.TestNG.runSuitesSequentially(TestNG.java:1198)
                        	at org.testng.TestNG.runSuitesLocally(TestNG.java:1123)
                        	at org.testng.TestNG.run(TestNG.java:1031)
                        	at org.apache.maven.surefire.testng.TestNGExecutor.run(TestNGExecutor.java:178)
                        	at org.apache.maven.surefire.testng.TestNGXmlTestSuite.execute(TestNGXmlTestSuite.java:92)
                        	at org.apache.maven.surefire.testng.TestNGProvider.invoke(TestNGProvider.java:96)
                        	at sun.reflect.NativeMethodAccessorImpl.invoke0(Native Method)
                        	at sun.reflect.NativeMethodAccessorImpl.invoke(NativeMethodAccessorImpl.java:62)
                        	at sun.reflect.DelegatingMethodAccessorImpl.invoke(DelegatingMethodAccessorImpl.java:43)
                        	at java.lang.reflect.Method.invoke(Method.java:497)
                        	at org.apache.maven.surefire.util.ReflectionUtils.invokeMethodWithArray2(ReflectionUtils.java:208)
                        	at org.apache.maven.surefire.booter.ProviderFactory$ProviderProxy.invoke(ProviderFactory.java:159)
                        	at org.apache.maven.surefire.booter.ProviderFactory.invokeProvider(ProviderFactory.java:87)
                        	at org.apache.maven.surefire.booter.ForkedBooter.runSuitesInProcess(ForkedBooter.java:153)
                        	at org.apache.maven.surefire.booter.ForkedBooter.main(ForkedBooter.java:95)
                     </pre>
                  </div>
               </td>
            </tr>
            <tr id="com.test.regression.cub.testscripts.SignUp_breakDown_byClass_PASS19_row"
                class="testMethodStatusPASS testMethodStatusCONF">
               <td width="100%" class="firstMethodCell">
                  <a onclick="toggleDetailsVisibility('com.test.regression.cub.testscripts.SignUp_breakDown_byClass_PASS19_details')">breakDown([TestResult name=signUp_validateContactInfoPopup status=FAILURE method=SignUp.signUp_validateContactInfoPopup()[pri:0,
                     instance:com.test.regression.cub.testscripts.SignUp@4678c730] output={null}])
                  </a>
               </td>
               <td nowrap="true">13:17:24</td>
               <td nowrap="true" align="right">17 ms
                  
               </td>
               <td nowrap="true">
                   
                  
               </td>
            </tr>
            <tr>
               <td colspan="4" class="detailsBox">
                  <div id="com.test.regression.cub.testscripts.SignUp_breakDown_byClass_PASS19_details"
                       class="testMethodDetails">
                     <div>
                        <b>Name: </b>breakDown
                     </div>
                     <div>
                        <b>Signature: </b>breakDown(org.testng.ITestResult)[pri:0, instance:com.test.regression.cub.testscripts.SignUp@4678c730]
                     </div>
                     <div>
                        <b>Parameters: </b>
                        
                        [TestResult name=signUp_validateContactInfoPopup status=FAILURE method=SignUp.signUp_validateContactInfoPopup()[pri:0, instance:com.test.regression.cub.testscripts.SignUp@4678c730]
                        output={null}]
                        
                        
                     </div>
                     <div>
                        <b>Start time: </b>13:17:24
                     </div>
                     <div>
                        <b>End time: </b>13:17:24
                     </div>
                     <div>
                        <b>Duration: </b>17 ms
                        
                     </div>
                  </div>
               </td>
            </tr>
            <tr></tr>
            <tr id="com.test.regression.cub.testscripts.SignUp_closeDriver_byClass_PASS20_row"
                class="testMethodStatusPASS testMethodStatusCONF">
               <td width="100%" class="firstMethodCell">
                  <a onclick="toggleDetailsVisibility('com.test.regression.cub.testscripts.SignUp_closeDriver_byClass_PASS20_details')">closeDriver(public void com.test.regression.cub.testscripts.SignUp.signUp_validateContactInfoPopup())</a>
               </td>
               <td nowrap="true">13:17:24</td>
               <td nowrap="true" align="right">5s
                  
               </td>
               <td nowrap="true">
                   
                  
               </td>
            </tr>
            <tr>
               <td colspan="4" class="detailsBox">
                  <div id="com.test.regression.cub.testscripts.SignUp_closeDriver_byClass_PASS20_details"
                       class="testMethodDetails">
                     <div>
                        <b>Name: </b>closeDriver
                     </div>
                     <div>
                        <b>Signature: </b>closeDriver(java.lang.reflect.Method)[pri:0, instance:com.test.regression.cub.testscripts.SignUp@4678c730]
                     </div>
                     <div>
                        <b>Parameters: </b>
                        
                        public void com.test.regression.cub.testscripts.SignUp.signUp_validateContactInfoPopup()
                        
                        
                     </div>
                     <div>
                        <b>Start time: </b>13:17:24
                     </div>
                     <div>
                        <b>End time: </b>13:17:29
                     </div>
                     <div>
                        <b>Duration: </b>5s
                        
                     </div>
                  </div>
               </td>
            </tr>
            <tr></tr>
            <tr id="com.test.regression.cub.testscripts.SignUp_initialization_byClass_PASS21_row"
                class="testMethodStatusPASS testMethodStatusCONF">
               <td width="100%" class="firstMethodCell">
                  <a onclick="toggleDetailsVisibility('com.test.regression.cub.testscripts.SignUp_initialization_byClass_PASS21_details')">initialization(public void com.test.regression.cub.testscripts.SignUp.validSignUp_noCardButWantOne())</a>
               </td>
               <td nowrap="true">13:17:29</td>
               <td nowrap="true" align="right">8s
                  
               </td>
               <td nowrap="true">
                   
                  
               </td>
            </tr>
            <tr>
               <td colspan="4" class="detailsBox">
                  <div id="com.test.regression.cub.testscripts.SignUp_initialization_byClass_PASS21_details"
                       class="testMethodDetails">
                     <div>
                        <b>Name: </b>initialization
                     </div>
                     <div>
                        <b>Signature: </b>initialization(java.lang.reflect.Method)[pri:0, instance:com.test.regression.cub.testscripts.SignUp@4678c730]
                     </div>
                     <div>
                        <b>Parameters: </b>
                        
                        public void com.test.regression.cub.testscripts.SignUp.validSignUp_noCardButWantOne()
                        
                        
                     </div>
                     <div>
                        <b>Start time: </b>13:17:29
                     </div>
                     <div>
                        <b>End time: </b>13:17:37
                     </div>
                     <div>
                        <b>Duration: </b>8s
                        
                     </div>
                  </div>
               </td>
            </tr>
            <tr></tr>
            <tr id="com.test.regression.cub.testscripts.SignUp_validSignUp_noCardButWantOne_byClass_FAIL22_row"
                class="testMethodStatusFAIL">
               <td width="100%" class="firstMethodCell">
                  <a onclick="toggleDetailsVisibility('com.test.regression.cub.testscripts.SignUp_validSignUp_noCardButWantOne_byClass_FAIL22_details')">validSignUp_noCardButWantOne()</a>
               </td>
               <td nowrap="true">13:17:37</td>
               <td nowrap="true" align="right">32s
                  
               </td>
               <td nowrap="true">
                  <a onclick="toggleDetailsVisibility('com.test.regression.cub.testscripts.SignUp_validSignUp_noCardButWantOne_byClass_FAIL22_exception')">java.lang.AssertionError: 
                     unexpected alert open: {Alert text : Sorry, An error has occurred while refreshing your shopping list.}
                     (Session info: chrome=52.0.2743.116)
                     (Driver info: chromedriver=2.22.397933 (1cab651507b88dec79b2b2a22d1943c01833cc1b),platform=Windows NT 6.1.7601 SP1 x86_64)
                     (WARNING: The server did not provide any stacktrace information)
                     Command duration or timeout: 61 milliseconds: null
                     Build info: version: '2.53.0', revision: '35ae25b1534ae328c771e0856c93e187490ca824', time: '2016-03-15 10:43:46'
                     System info: host: 'SDEVPCSVU7112', ip: '10.15.142.48', os.name: 'Windows 7', os.arch: 'amd64', os.version: '6.1', java.version:
                     '1.8.0_73'
                     Driver info: org.openqa.selenium.chrome.ChromeDriver
                     Capabilities [{applicationCacheEnabled=false, rotatable=false, mobileEmulationEnabled=false, chrome={chromedriverVersion=2.22.397933
                     (1cab651507b88dec79b2b2a22d1943c01833cc1b), userDataDir=C:\Users\jrag00m\AppData\Local\Temp\scoped_dir73936_5070}, takesHeapSnapshot=true,
                     databaseEnabled=false, handlesAlerts=true, hasTouchScreen=false, version=52.0.2743.116, platform=XP, browserConnectionEnabled=false,
                     nativeEvents=true, acceptSslCerts=true, locationContextEnabled=true, webStorageEnabled=true, browserName=chrome, takesScreenshot=true,
                     javascriptEnabled=true, cssSelectorsEnabled=true}]
                     Session ID: a13af3b1c1af19d466ec171b0263131e
                     *** Element info: {Using=id, value=confirm-rewards-no-yes}
                     
                  </a>
                   
                  
               </td>
            </tr>
            <tr>
               <td colspan="4" class="detailsBox">
                  <div id="com.test.regression.cub.testscripts.SignUp_validSignUp_noCardButWantOne_byClass_FAIL22_details"
                       class="testMethodDetails">
                     <div>
                        <b>Name: </b>validSignUp_noCardButWantOne
                     </div>
                     <div>
                        <b>Signature: </b>validSignUp_noCardButWantOne()[pri:0, instance:com.test.regression.cub.testscripts.SignUp@4678c730]
                     </div>
                     <div>
                        <b>Start time: </b>13:17:37
                     </div>
                     <div>
                        <b>End time: </b>13:18:10
                     </div>
                     <div>
                        <b>Duration: </b>32s
                        
                     </div>
                  </div>
               </td>
            </tr>
            <tr>
               <td colspan="4" class="detailsBox">
                  <div id="com.test.regression.cub.testscripts.SignUp_validSignUp_noCardButWantOne_byClass_FAIL22_exception"
                       class="testMethodDetails">
                     <pre style="padding: 5px; margin: 0;">java.lang.AssertionError: unexpected alert open: {Alert text : Sorry, An error has occurred while refreshing your shopping
                        list.}
                        (Session info: chrome=52.0.2743.116)
                        (Driver info: chromedriver=2.22.397933 (1cab651507b88dec79b2b2a22d1943c01833cc1b),platform=Windows NT 6.1.7601 SP1 x86_64)
                        (WARNING: The server did not provide any stacktrace information)
                        Command duration or timeout: 61 milliseconds: null
                        Build info: version: '2.53.0', revision: '35ae25b1534ae328c771e0856c93e187490ca824', time: '2016-03-15 10:43:46'
                        System info: host: 'SDEVPCSVU7112', ip: '10.15.142.48', os.name: 'Windows 7', os.arch: 'amd64', os.version: '6.1', java.version:
                        '1.8.0_73'
                        Driver info: org.openqa.selenium.chrome.ChromeDriver
                        Capabilities [{applicationCacheEnabled=false, rotatable=false, mobileEmulationEnabled=false, chrome={chromedriverVersion=2.22.397933
                        (1cab651507b88dec79b2b2a22d1943c01833cc1b), userDataDir=C:\Users\jrag00m\AppData\Local\Temp\scoped_dir73936_5070}, takesHeapSnapshot=true,
                        databaseEnabled=false, handlesAlerts=true, hasTouchScreen=false, version=52.0.2743.116, platform=XP, browserConnectionEnabled=false,
                        nativeEvents=true, acceptSslCerts=true, locationContextEnabled=true, webStorageEnabled=true, browserName=chrome, takesScreenshot=true,
                        javascriptEnabled=true, cssSelectorsEnabled=true}]
                        Session ID: a13af3b1c1af19d466ec171b0263131e
                        *** Element info: {Using=id, value=confirm-rewards-no-yes}
                        	at org.testng.Assert.fail(Assert.java:94)
                        	at com.test.regression.cub.testscripts.SignUp.validSignUp_noCardButWantOne(SignUp.java:213)
                        	at sun.reflect.NativeMethodAccessorImpl.invoke0(Native Method)
                        	at sun.reflect.NativeMethodAccessorImpl.invoke(NativeMethodAccessorImpl.java:62)
                        	at sun.reflect.DelegatingMethodAccessorImpl.invoke(DelegatingMethodAccessorImpl.java:43)
                        	at java.lang.reflect.Method.invoke(Method.java:497)
                        	at org.testng.internal.MethodInvocationHelper.invokeMethod(MethodInvocationHelper.java:80)
                        	at org.testng.internal.Invoker.invokeMethod(Invoker.java:714)
                        	at org.testng.internal.Invoker.invokeTestMethod(Invoker.java:901)
                        	at org.testng.internal.Invoker.invokeTestMethods(Invoker.java:1231)
                        	at org.testng.internal.TestMethodWorker.invokeTestMethods(TestMethodWorker.java:127)
                        	at org.testng.internal.TestMethodWorker.run(TestMethodWorker.java:111)
                        	at org.testng.TestRunner.privateRun(TestRunner.java:767)
                        	at org.testng.TestRunner.run(TestRunner.java:617)
                        	at org.testng.SuiteRunner.runTest(SuiteRunner.java:334)
                        	at org.testng.SuiteRunner.runSequentially(SuiteRunner.java:329)
                        	at org.testng.SuiteRunner.privateRun(SuiteRunner.java:291)
                        	at org.testng.SuiteRunner.run(SuiteRunner.java:240)
                        	at org.testng.SuiteRunnerWorker.runSuite(SuiteRunnerWorker.java:52)
                        	at org.testng.SuiteRunnerWorker.run(SuiteRunnerWorker.java:86)
                        	at org.testng.TestNG.runSuitesSequentially(TestNG.java:1198)
                        	at org.testng.TestNG.runSuitesLocally(TestNG.java:1123)
                        	at org.testng.TestNG.run(TestNG.java:1031)
                        	at org.apache.maven.surefire.testng.TestNGExecutor.run(TestNGExecutor.java:178)
                        	at org.apache.maven.surefire.testng.TestNGXmlTestSuite.execute(TestNGXmlTestSuite.java:92)
                        	at org.apache.maven.surefire.testng.TestNGProvider.invoke(TestNGProvider.java:96)
                        	at sun.reflect.NativeMethodAccessorImpl.invoke0(Native Method)
                        	at sun.reflect.NativeMethodAccessorImpl.invoke(NativeMethodAccessorImpl.java:62)
                        	at sun.reflect.DelegatingMethodAccessorImpl.invoke(DelegatingMethodAccessorImpl.java:43)
                        	at java.lang.reflect.Method.invoke(Method.java:497)
                        	at org.apache.maven.surefire.util.ReflectionUtils.invokeMethodWithArray2(ReflectionUtils.java:208)
                        	at org.apache.maven.surefire.booter.ProviderFactory$ProviderProxy.invoke(ProviderFactory.java:159)
                        	at org.apache.maven.surefire.booter.ProviderFactory.invokeProvider(ProviderFactory.java:87)
                        	at org.apache.maven.surefire.booter.ForkedBooter.runSuitesInProcess(ForkedBooter.java:153)
                        	at org.apache.maven.surefire.booter.ForkedBooter.main(ForkedBooter.java:95)
                     </pre>
                  </div>
               </td>
            </tr>
            <tr id="com.test.regression.cub.testscripts.SignUp_breakDown_byClass_PASS23_row"
                class="testMethodStatusPASS testMethodStatusCONF">
               <td width="100%" class="firstMethodCell">
                  <a onclick="toggleDetailsVisibility('com.test.regression.cub.testscripts.SignUp_breakDown_byClass_PASS23_details')">breakDown([TestResult name=validSignUp_noCardButWantOne status=FAILURE method=SignUp.validSignUp_noCardButWantOne()[pri:0,
                     instance:com.test.regression.cub.testscripts.SignUp@4678c730] output={null}])
                  </a>
               </td>
               <td nowrap="true">13:18:10</td>
               <td nowrap="true" align="right">28 ms
                  
               </td>
               <td nowrap="true">
                   
                  
               </td>
            </tr>
            <tr>
               <td colspan="4" class="detailsBox">
                  <div id="com.test.regression.cub.testscripts.SignUp_breakDown_byClass_PASS23_details"
                       class="testMethodDetails">
                     <div>
                        <b>Name: </b>breakDown
                     </div>
                     <div>
                        <b>Signature: </b>breakDown(org.testng.ITestResult)[pri:0, instance:com.test.regression.cub.testscripts.SignUp@4678c730]
                     </div>
                     <div>
                        <b>Parameters: </b>
                        
                        [TestResult name=validSignUp_noCardButWantOne status=FAILURE method=SignUp.validSignUp_noCardButWantOne()[pri:0, instance:com.test.regression.cub.testscripts.SignUp@4678c730]
                        output={null}]
                        
                        
                     </div>
                     <div>
                        <b>Start time: </b>13:18:10
                     </div>
                     <div>
                        <b>End time: </b>13:18:10
                     </div>
                     <div>
                        <b>Duration: </b>28 ms
                        
                     </div>
                  </div>
               </td>
            </tr>
            <tr></tr>
            <tr id="com.test.regression.cub.testscripts.SignUp_closeDriver_byClass_PASS24_row"
                class="testMethodStatusPASS testMethodStatusCONF">
               <td width="100%" class="firstMethodCell">
                  <a onclick="toggleDetailsVisibility('com.test.regression.cub.testscripts.SignUp_closeDriver_byClass_PASS24_details')">closeDriver(public void com.test.regression.cub.testscripts.SignUp.validSignUp_noCardButWantOne())</a>
               </td>
               <td nowrap="true">13:18:10</td>
               <td nowrap="true" align="right">2s
                  
               </td>
               <td nowrap="true">
                   
                  
               </td>
            </tr>
            <tr>
               <td colspan="4" class="detailsBox">
                  <div id="com.test.regression.cub.testscripts.SignUp_closeDriver_byClass_PASS24_details"
                       class="testMethodDetails">
                     <div>
                        <b>Name: </b>closeDriver
                     </div>
                     <div>
                        <b>Signature: </b>closeDriver(java.lang.reflect.Method)[pri:0, instance:com.test.regression.cub.testscripts.SignUp@4678c730]
                     </div>
                     <div>
                        <b>Parameters: </b>
                        
                        public void com.test.regression.cub.testscripts.SignUp.validSignUp_noCardButWantOne()
                        
                        
                     </div>
                     <div>
                        <b>Start time: </b>13:18:10
                     </div>
                     <div>
                        <b>End time: </b>13:18:12
                     </div>
                     <div>
                        <b>Duration: </b>2s
                        
                     </div>
                  </div>
               </td>
            </tr>
            <tr></tr>
            <tr id="com.test.regression.cub.testscripts.SignUp_initialization_byClass_PASS25_row"
                class="testMethodStatusPASS testMethodStatusCONF">
               <td width="100%" class="firstMethodCell">
                  <a onclick="toggleDetailsVisibility('com.test.regression.cub.testscripts.SignUp_initialization_byClass_PASS25_details')">initialization(public void com.test.regression.cub.testscripts.SignUp.validateSignInLinkInSignUpPopup())</a>
               </td>
               <td nowrap="true">13:18:12</td>
               <td nowrap="true" align="right">8s
                  
               </td>
               <td nowrap="true">
                   
                  
               </td>
            </tr>
            <tr>
               <td colspan="4" class="detailsBox">
                  <div id="com.test.regression.cub.testscripts.SignUp_initialization_byClass_PASS25_details"
                       class="testMethodDetails">
                     <div>
                        <b>Name: </b>initialization
                     </div>
                     <div>
                        <b>Signature: </b>initialization(java.lang.reflect.Method)[pri:0, instance:com.test.regression.cub.testscripts.SignUp@4678c730]
                     </div>
                     <div>
                        <b>Parameters: </b>
                        
                        public void com.test.regression.cub.testscripts.SignUp.validateSignInLinkInSignUpPopup()
                        
                        
                     </div>
                     <div>
                        <b>Start time: </b>13:18:12
                     </div>
                     <div>
                        <b>End time: </b>13:18:21
                     </div>
                     <div>
                        <b>Duration: </b>8s
                        
                     </div>
                  </div>
               </td>
            </tr>
            <tr></tr>
            <tr id="com.test.regression.cub.testscripts.SignUp_validateSignInLinkInSignUpPopup_byClass_PASS26_row"
                class="testMethodStatusPASS">
               <td width="100%" class="firstMethodCell">
                  <a onclick="toggleDetailsVisibility('com.test.regression.cub.testscripts.SignUp_validateSignInLinkInSignUpPopup_byClass_PASS26_details')">validateSignInLinkInSignUpPopup()</a>
               </td>
               <td nowrap="true">13:18:21</td>
               <td nowrap="true" align="right">1s
                  
               </td>
               <td nowrap="true">
                   
                  
               </td>
            </tr>
            <tr>
               <td colspan="4" class="detailsBox">
                  <div id="com.test.regression.cub.testscripts.SignUp_validateSignInLinkInSignUpPopup_byClass_PASS26_details"
                       class="testMethodDetails">
                     <div>
                        <b>Name: </b>validateSignInLinkInSignUpPopup
                     </div>
                     <div>
                        <b>Signature: </b>validateSignInLinkInSignUpPopup()[pri:0, instance:com.test.regression.cub.testscripts.SignUp@4678c730]
                     </div>
                     <div>
                        <b>Start time: </b>13:18:21
                     </div>
                     <div>
                        <b>End time: </b>13:18:22
                     </div>
                     <div>
                        <b>Duration: </b>1s
                        
                     </div>
                  </div>
               </td>
            </tr>
            <tr></tr>
            <tr id="com.test.regression.cub.testscripts.SignUp_breakDown_byClass_PASS27_row"
                class="testMethodStatusPASS testMethodStatusCONF">
               <td width="100%" class="firstMethodCell">
                  <a onclick="toggleDetailsVisibility('com.test.regression.cub.testscripts.SignUp_breakDown_byClass_PASS27_details')">breakDown([TestResult name=validateSignInLinkInSignUpPopup status=SUCCESS method=SignUp.validateSignInLinkInSignUpPopup()[pri:0,
                     instance:com.test.regression.cub.testscripts.SignUp@4678c730] output={null}])
                  </a>
               </td>
               <td nowrap="true">13:18:22</td>
               <td nowrap="true" align="right">0 ms
                  
               </td>
               <td nowrap="true">
                   
                  
               </td>
            </tr>
            <tr>
               <td colspan="4" class="detailsBox">
                  <div id="com.test.regression.cub.testscripts.SignUp_breakDown_byClass_PASS27_details"
                       class="testMethodDetails">
                     <div>
                        <b>Name: </b>breakDown
                     </div>
                     <div>
                        <b>Signature: </b>breakDown(org.testng.ITestResult)[pri:0, instance:com.test.regression.cub.testscripts.SignUp@4678c730]
                     </div>
                     <div>
                        <b>Parameters: </b>
                        
                        [TestResult name=validateSignInLinkInSignUpPopup status=SUCCESS method=SignUp.validateSignInLinkInSignUpPopup()[pri:0, instance:com.test.regression.cub.testscripts.SignUp@4678c730]
                        output={null}]
                        
                        
                     </div>
                     <div>
                        <b>Start time: </b>13:18:22
                     </div>
                     <div>
                        <b>End time: </b>13:18:22
                     </div>
                     <div>
                        <b>Duration: </b>0 ms
                        
                     </div>
                  </div>
               </td>
            </tr>
            <tr></tr>
            <tr id="com.test.regression.cub.testscripts.SignUp_closeDriver_byClass_PASS28_row"
                class="testMethodStatusPASS testMethodStatusCONF">
               <td width="100%" class="firstMethodCell">
                  <a onclick="toggleDetailsVisibility('com.test.regression.cub.testscripts.SignUp_closeDriver_byClass_PASS28_details')">closeDriver(public void com.test.regression.cub.testscripts.SignUp.validateSignInLinkInSignUpPopup())</a>
               </td>
               <td nowrap="true">13:18:22</td>
               <td nowrap="true" align="right">1s
                  
               </td>
               <td nowrap="true">
                   
                  
               </td>
            </tr>
            <tr>
               <td colspan="4" class="detailsBox">
                  <div id="com.test.regression.cub.testscripts.SignUp_closeDriver_byClass_PASS28_details"
                       class="testMethodDetails">
                     <div>
                        <b>Name: </b>closeDriver
                     </div>
                     <div>
                        <b>Signature: </b>closeDriver(java.lang.reflect.Method)[pri:0, instance:com.test.regression.cub.testscripts.SignUp@4678c730]
                     </div>
                     <div>
                        <b>Parameters: </b>
                        
                        public void com.test.regression.cub.testscripts.SignUp.validateSignInLinkInSignUpPopup()
                        
                        
                     </div>
                     <div>
                        <b>Start time: </b>13:18:22
                     </div>
                     <div>
                        <b>End time: </b>13:18:24
                     </div>
                     <div>
                        <b>Duration: </b>1s
                        
                     </div>
                  </div>
               </td>
            </tr>
            <tr></tr>
            <tr id="com.test.regression.cub.testscripts.SignUp_initialization_byClass_PASS29_row"
                class="testMethodStatusPASS testMethodStatusCONF">
               <td width="100%" class="firstMethodCell">
                  <a onclick="toggleDetailsVisibility('com.test.regression.cub.testscripts.SignUp_initialization_byClass_PASS29_details')">initialization(public void com.test.regression.cub.testscripts.SignUp.userNameNPasswordFieldValidationSignUp())</a>
               </td>
               <td nowrap="true">13:18:24</td>
               <td nowrap="true" align="right">8s
                  
               </td>
               <td nowrap="true">
                   
                  
               </td>
            </tr>
            <tr>
               <td colspan="4" class="detailsBox">
                  <div id="com.test.regression.cub.testscripts.SignUp_initialization_byClass_PASS29_details"
                       class="testMethodDetails">
                     <div>
                        <b>Name: </b>initialization
                     </div>
                     <div>
                        <b>Signature: </b>initialization(java.lang.reflect.Method)[pri:0, instance:com.test.regression.cub.testscripts.SignUp@4678c730]
                     </div>
                     <div>
                        <b>Parameters: </b>
                        
                        public void com.test.regression.cub.testscripts.SignUp.userNameNPasswordFieldValidationSignUp()
                        
                        
                     </div>
                     <div>
                        <b>Start time: </b>13:18:24
                     </div>
                     <div>
                        <b>End time: </b>13:18:33
                     </div>
                     <div>
                        <b>Duration: </b>8s
                        
                     </div>
                  </div>
               </td>
            </tr>
            <tr></tr>
            <tr id="com.test.regression.cub.testscripts.SignUp_userNameNPasswordFieldValidationSignUp_byClass_PASS30_row"
                class="testMethodStatusPASS">
               <td width="100%" class="firstMethodCell">
                  <a onclick="toggleDetailsVisibility('com.test.regression.cub.testscripts.SignUp_userNameNPasswordFieldValidationSignUp_byClass_PASS30_details')">userNameNPasswordFieldValidationSignUp()</a>
               </td>
               <td nowrap="true">13:18:33</td>
               <td nowrap="true" align="right">28s
                  
               </td>
               <td nowrap="true">
                   
                  
               </td>
            </tr>
            <tr>
               <td colspan="4" class="detailsBox">
                  <div id="com.test.regression.cub.testscripts.SignUp_userNameNPasswordFieldValidationSignUp_byClass_PASS30_details"
                       class="testMethodDetails">
                     <div>
                        <b>Name: </b>userNameNPasswordFieldValidationSignUp
                     </div>
                     <div>
                        <b>Signature: </b>userNameNPasswordFieldValidationSignUp()[pri:0, instance:com.test.regression.cub.testscripts.SignUp@4678c730]
                     </div>
                     <div>
                        <b>Start time: </b>13:18:33
                     </div>
                     <div>
                        <b>End time: </b>13:19:02
                     </div>
                     <div>
                        <b>Duration: </b>28s
                        
                     </div>
                  </div>
               </td>
            </tr>
            <tr></tr>
            <tr id="com.test.regression.cub.testscripts.SignUp_breakDown_byClass_PASS31_row"
                class="testMethodStatusPASS testMethodStatusCONF">
               <td width="100%" class="firstMethodCell">
                  <a onclick="toggleDetailsVisibility('com.test.regression.cub.testscripts.SignUp_breakDown_byClass_PASS31_details')">breakDown([TestResult name=userNameNPasswordFieldValidationSignUp status=SUCCESS method=SignUp.userNameNPasswordFieldValidationSignUp()[pri:0,
                     instance:com.test.regression.cub.testscripts.SignUp@4678c730] output={null}])
                  </a>
               </td>
               <td nowrap="true">13:19:02</td>
               <td nowrap="true" align="right">0 ms
                  
               </td>
               <td nowrap="true">
                   
                  
               </td>
            </tr>
            <tr>
               <td colspan="4" class="detailsBox">
                  <div id="com.test.regression.cub.testscripts.SignUp_breakDown_byClass_PASS31_details"
                       class="testMethodDetails">
                     <div>
                        <b>Name: </b>breakDown
                     </div>
                     <div>
                        <b>Signature: </b>breakDown(org.testng.ITestResult)[pri:0, instance:com.test.regression.cub.testscripts.SignUp@4678c730]
                     </div>
                     <div>
                        <b>Parameters: </b>
                        
                        [TestResult name=userNameNPasswordFieldValidationSignUp status=SUCCESS method=SignUp.userNameNPasswordFieldValidationSignUp()[pri:0,
                        instance:com.test.regression.cub.testscripts.SignUp@4678c730] output={null}]
                        
                        
                     </div>
                     <div>
                        <b>Start time: </b>13:19:02
                     </div>
                     <div>
                        <b>End time: </b>13:19:02
                     </div>
                     <div>
                        <b>Duration: </b>0 ms
                        
                     </div>
                  </div>
               </td>
            </tr>
            <tr></tr>
            <tr id="com.test.regression.cub.testscripts.SignUp_closeDriver_byClass_PASS32_row"
                class="testMethodStatusPASS testMethodStatusCONF">
               <td width="100%" class="firstMethodCell">
                  <a onclick="toggleDetailsVisibility('com.test.regression.cub.testscripts.SignUp_closeDriver_byClass_PASS32_details')">closeDriver(public void com.test.regression.cub.testscripts.SignUp.userNameNPasswordFieldValidationSignUp())</a>
               </td>
               <td nowrap="true">13:19:02</td>
               <td nowrap="true" align="right">2s
                  
               </td>
               <td nowrap="true">
                   
                  
               </td>
            </tr>
            <tr>
               <td colspan="4" class="detailsBox">
                  <div id="com.test.regression.cub.testscripts.SignUp_closeDriver_byClass_PASS32_details"
                       class="testMethodDetails">
                     <div>
                        <b>Name: </b>closeDriver
                     </div>
                     <div>
                        <b>Signature: </b>closeDriver(java.lang.reflect.Method)[pri:0, instance:com.test.regression.cub.testscripts.SignUp@4678c730]
                     </div>
                     <div>
                        <b>Parameters: </b>
                        
                        public void com.test.regression.cub.testscripts.SignUp.userNameNPasswordFieldValidationSignUp()
                        
                        
                     </div>
                     <div>
                        <b>Start time: </b>13:19:02
                     </div>
                     <div>
                        <b>End time: </b>13:19:04
                     </div>
                     <div>
                        <b>Duration: </b>2s
                        
                     </div>
                  </div>
               </td>
            </tr>
            <tr></tr>
         </table>
         <br></br>
      </div>
      <div style="margin-top: 15px; color: gray; text-align: center; font-size: 9px;">
         Generated with
         
         <a href="http://code.google.com/p/testng-xslt/" style="color: #8888aa;"
            target="_blank">
            TestNG XSLT
            
         </a>
      </div>
   </body>
</html>